#
# A fatal error has been detected by the Java Runtime Environment:
#
#  SIGSEGV (0xb) at pc=0x000000788b3ca040, pid=15746, tid=0x000000788ab591f0
#
# JRE version: Java(TM) SE Runtime Environment (8.0_212-b10) (build 1.8.0_212-b10)
# Java VM: Java HotSpot(TM) 64-Bit Server VM (25.212-b10 mixed mode linux-aarch64 compressed oops)
# Problematic frame:
# V  [libjvm.so+0x7b6040]  SharedRuntime::resolve_sub_helper(JavaThread*, bool, bool, Thread*)+0x3a8
#
# Failed to write core dump. Core dumps have been disabled. To enable core dumping, try "ulimit -c unlimited" before starting Java again
#
# If you would like to submit a bug report, please visit:
#   http://bugreport.java.com/bugreport/crash.jsp
#

---------------  T H R E A D  ---------------

Current thread (0x000000788400b800):  JavaThread "main" [_thread_in_vm, id=15748, stack(0x000000788aa5a000,0x000000788ab5a000)]

siginfo: si_signo: 11 (SIGSEGV), si_code: 1 (SEGV_MAPERR), si_addr: 0x0000000000000000

Registers:
  x0  = 0x000000788b60647e
  x1  = 0x0000000000000007
  x2  = 0x0000000000000000
  x3  = 0x0000000000000001
  x4  = 0x0000000000000001
  x5  = 0x00000078630cbcf8
  x6  = 0x0000000000000007
  x7  = 0x000000788400c6e0
  x8  = 0x00000078630cbcf8
  x9  = 0x0000007863139c50
  x10 = 0xfefefefefefefeff
  x11 = 0x7f7f7f7f7f7f7f7f
  x12 = 0x676e616c2f617661
  x13 = 0x3b7463656a624f2f
  x14 = 0x0000000000000011
  x15 = 0x000000000000000a
  x16 = 0x000000788b5c7250
  x17 = 0x000000788b7e93b0
  x18 = 0x000000788ab53517
  x19 = 0x000000788ab533f0
  x20 = 0x000000788400c180
  x21 = 0x00000078812a1890
  x22 = 0x000000788ab53400
  x23 = 0x000000788ab53590
  x24 = 0x000000788400c1c0
  x25 = 0x000000788400b800
  x26 = 0x00000000000003d8
  x27 = 0x000000788400c1d0
  x28 = 0x000000788400c5a8
  fp  = 0x000000788ab52d20
  lr  = 0x000000788b3ca024
  sp  = 0x000000788ab52d20
  pc  = 0x000000788b3ca040
  pstate = 0x0000000080001000

Top of Stack: (sp=0x000000788ab52d20)
0x000000788ab52d20:   000000788ab53530 000000788b3ca1dc
0x000000788ab52d30:   000000788ab53850 000000788ab53600
0x000000788ab52d40:   000000788ab53610 0000000000000001
0x000000788ab52d50:   0000000000000001 00000078631139e7
0x000000788ab52d60:   000000788400b800 000000788400b800
0x000000788ab52d70:   0000000000000000 000000788400b800
0x000000788ab52d80:   00000000ffffff80 00000000ffffffd0
0x000000788ab52d90:   000000788ab530e0 000000788ab530e0
0x000000788ab52da0:   000000788ab530b0 ffffff80ffffffd0
0x000000788ab52db0:   000000788ab53530 00000078fbad8001
0x000000788ab52dc0:   00000078840072f8 00000078840072f8
0x000000788ab52dd0:   00000078840072f8 00000078840072f8
0x000000788ab52de0:   00000078840073c9 00000078840073f7
0x000000788ab52df0:   00000078840072f8 00000078840073f7
0x000000788ab52e00:   0000000000000000 0000000000000000
0x000000788ab52e10:   0000000000000000 0000000000000000
0x000000788ab52e20:   0000000000000000 000000808b3cb738
0x000000788ab52e30:   000000788ab52f60 000000788b3d8f0c
0x000000788ab52e40:   000000788ab52fa0 000000788b626be0
0x000000788ab52e50:   000000788ab53a68 ffffffffffffffff
0x000000788ab52e60:   000000788ab52eb0 000000788b6aa930
0x000000788ab52e70:   0000000000000006 000000788b797330
0x000000788ab52e80:   000000788b76a6b0 0000000000000000
0x000000788ab52e90:   000000788ab53588 0000000000000020
0x000000788ab52ea0:   000000788b799000 000000788ab538f0
0x000000788ab52eb0:   000000788ab52fd0 000000788b108010
0x000000788ab52ec0:   000000788b799000 000000788b4e6350
0x000000788ab52ed0:   000000788ab52f40 000000788b68dd70
0x000000788ab52ee0:   000000788b799000 000000788b4e6350
0x000000788ab52ef0:   0000000000000041 000000788b796bf8
0x000000788ab52f00:   000000788ab598e0 0000000000000020
0x000000788ab52f10:   000000788ab53560 437dec26f0c58500 

Instructions: (pc=0x000000788b3ca040)
0x000000788b3ca020:   97ec24d0 b947aba0 f94403a2 7103a41f
0x000000788b3ca030:   f943ffa3 54000600 90000fe0 f9405400
0x000000788b3ca040:   f9400041 39400000 340004c0 d0000fc0
0x000000788b3ca050:   f9407800 b9400822 b9400801 f9400000 

Register to memory mapping:

  x0  = 0x000000788b60647e
0x000000788b60647e: <offset 0x9f247e> in /opt/java/jdk1.8.0_212/jre/lib/aarch64/server/libjvm.so at 0x000000788ac14000

  x1  = 0x0000000000000007
0x0000000000000007 is an unknown value

  x2  = 0x0000000000000000
0x0000000000000000 is an unknown value

  x3  = 0x0000000000000001
0x0000000000000001 is an unknown value

  x4  = 0x0000000000000001
0x0000000000000001 is an unknown value

  x5  = 0x00000078630cbcf8
{method} {0x00000078630cbcf8} 'linkToSpecial' '(Ljava/lang/Object;Ljava/lang/Object;JLjava/lang/invoke/MemberName;)Ljava/lang/Object;' in 'java/lang/invoke/MethodHandle'

  x6  = 0x0000000000000007
0x0000000000000007 is an unknown value

  x7  = 0x000000788400c6e0
0x000000788400c6e0 is an unknown value

  x8  = 0x00000078630cbcf8
{method} {0x00000078630cbcf8} 'linkToSpecial' '(Ljava/lang/Object;Ljava/lang/Object;JLjava/lang/invoke/MemberName;)Ljava/lang/Object;' in 'java/lang/invoke/MethodHandle'

  x9  = 0x0000007863139c50
0x0000007863139c50 is pointing into metadata

  x10 = 0xfefefefefefefeff
0xfefefefefefefeff is an unknown value

  x11 = 0x7f7f7f7f7f7f7f7f
0x7f7f7f7f7f7f7f7f is an unknown value

  x12 = 0x676e616c2f617661
0x676e616c2f617661 is an unknown value

  x13 = 0x3b7463656a624f2f
0x3b7463656a624f2f is an unknown value

  x14 = 0x0000000000000011
0x0000000000000011 is an unknown value

  x15 = 0x000000000000000a
0x000000000000000a is an unknown value

  x16 = 0x000000788b5c7250
0x000000788b5c7250: <offset 0x9b3250> in /opt/java/jdk1.8.0_212/jre/lib/aarch64/server/libjvm.so at 0x000000788ac14000

  x17 = 0x000000788b7e93b0
0x000000788b7e93b0: pthread_getspecific+0 in /lib/aarch64-linux-gnu/libpthread.so.0 at 0x000000788b7db000

  x18 = 0x000000788ab53517
0x000000788ab53517 is pointing into the stack for thread: 0x000000788400b800

  x19 = 0x000000788ab533f0
0x000000788ab533f0 is pointing into the stack for thread: 0x000000788400b800

  x20 = 0x000000788400c180
0x000000788400c180 is an unknown value

  x21 = 0x00000078812a1890
0x00000078812a1890 is at entry_point+-320 in (nmethod*)0x00000078812a1890

  x22 = 0x000000788ab53400
0x000000788ab53400 is pointing into the stack for thread: 0x000000788400b800

  x23 = 0x000000788ab53590
0x000000788ab53590 is pointing into the stack for thread: 0x000000788400b800

  x24 = 0x000000788400c1c0
0x000000788400c1c0 is an unknown value

  x25 = 0x000000788400b800
0x000000788400b800 is a thread

  x26 = 0x00000000000003d8
0x00000000000003d8 is an unknown value

  x27 = 0x000000788400c1d0
0x000000788400c1d0 is an unknown value

  x28 = 0x000000788400c5a8
0x000000788400c5a8 is an unknown value

  fp  = 0x000000788ab52d20
0x000000788ab52d20 is pointing into the stack for thread: 0x000000788400b800

  lr  = 0x000000788b3ca024
0x000000788b3ca024: <offset 0x7b6024> in /opt/java/jdk1.8.0_212/jre/lib/aarch64/server/libjvm.so at 0x000000788ac14000

  pc  = 0x000000788b3ca040
0x000000788b3ca040: <offset 0x7b6040> in /opt/java/jdk1.8.0_212/jre/lib/aarch64/server/libjvm.so at 0x000000788ac14000



Stack: [0x000000788aa5a000,0x000000788ab5a000],  sp=0x000000788ab52d20,  free space=995k
Native frames: (J=compiled Java code, j=interpreted, Vv=VM code, C=native code)
V  [libjvm.so+0x7b6040]  SharedRuntime::resolve_sub_helper(JavaThread*, bool, bool, Thread*)+0x3a8
V  [libjvm.so+0x7b61dc]  SharedRuntime::resolve_helper(JavaThread*, bool, bool, Thread*)+0x48
V  [libjvm.so+0x7b68a0]  SharedRuntime::resolve_opt_virtual_call_C(JavaThread*)+0x44
v  ~RuntimeStub::resolve_opt_virtual_call
C  0x0000000000000240

Java frames: (J=compiled Java code, j=interpreted, Vv=VM code)
v  ~RuntimeStub::resolve_opt_virtual_call
J 1370 C2 org.jetbrains.kotlin.com.intellij.util.containers.ConcurrentIntObjectHashMap.tabAt([Lorg/jetbrains/kotlin/com/intellij/util/containers/ConcurrentIntObjectHashMap$Node;I)Lorg/jetbrains/kotlin/com/intellij/util/containers/ConcurrentIntObjectHashMap$Node; (33 bytes) @ 0x00000078812a19fc [0x00000078812a19d0+0x2c]
j  org.jetbrains.kotlin.com.intellij.util.containers.ConcurrentIntObjectHashMap.get(I)Ljava/lang/Object;+31
j  org.jetbrains.kotlin.com.intellij.util.containers.ConcurrentIntKeyRefValueHashMap.get(I)Ljava/lang/Object;+5
j  org.jetbrains.kotlin.com.intellij.openapi.util.Key.getKeyByIndex(I)Lorg/jetbrains/kotlin/com/intellij/openapi/util/Key;+4
j  org.jetbrains.kotlin.com.intellij.util.keyFMap.ArrayBackedFMap.getKeysByIndices([I)[Lorg/jetbrains/kotlin/com/intellij/openapi/util/Key;+19
j  org.jetbrains.kotlin.com.intellij.util.keyFMap.ArrayBackedFMap.getKeys()[Lorg/jetbrains/kotlin/com/intellij/openapi/util/Key;+4
j  org.jetbrains.kotlin.util.slicedMap.SlicedMapImpl.lambda$forEach$0(Lkotlin/jvm/functions/Function3;Ljava/lang/Object;Lorg/jetbrains/kotlin/com/intellij/util/keyFMap/KeyFMap;)V+6
J 1213 C2 org.jetbrains.kotlin.util.slicedMap.OpenAddressLinearProbingHashTable.forEach(Ljava/util/function/BiConsumer;)V (74 bytes) @ 0x00000078811b91f8 [0x00000078811b9170+0x88]
j  org.jetbrains.kotlin.util.slicedMap.SlicedMapImpl.forEach(Lkotlin/jvm/functions/Function3;)V+26
j  org.jetbrains.kotlin.resolve.BindingContextUtils.addOwnDataTo(Lorg/jetbrains/kotlin/resolve/BindingTrace;Lorg/jetbrains/kotlin/resolve/TraceEntryFilter;ZLorg/jetbrains/kotlin/util/slicedMap/MutableSlicedMap;Lorg/jetbrains/kotlin/resolve/diagnostics/MutableDiagnosticsWithSuppression;)V+26
j  org.jetbrains.kotlin.resolve.DelegatingBindingTrace.addOwnDataTo(Lorg/jetbrains/kotlin/resolve/BindingTrace;Lorg/jetbrains/kotlin/resolve/TraceEntryFilter;Z)V+21
j  org.jetbrains.kotlin.resolve.DelegatingBindingTrace.addOwnDataTo$default(Lorg/jetbrains/kotlin/resolve/DelegatingBindingTrace;Lorg/jetbrains/kotlin/resolve/BindingTrace;Lorg/jetbrains/kotlin/resolve/TraceEntryFilter;ZILjava/lang/Object;)V+38
j  org.jetbrains.kotlin.resolve.DelegatingBindingTrace.addOwnDataTo(Lorg/jetbrains/kotlin/resolve/BindingTrace;)V+14
j  org.jetbrains.kotlin.resolve.TemporaryBindingTrace.commit()V+5
j  org.jetbrains.kotlin.resolve.calls.context.TemporaryTraceAndCache.commit()V+4
j  org.jetbrains.kotlin.resolve.calls.CallExpressionResolver.getCallExpressionTypeInfoWithoutFinalTypeCheck(Lorg/jetbrains/kotlin/psi/KtCallExpression;Lorg/jetbrains/kotlin/resolve/scopes/receivers/Receiver;Lorg/jetbrains/kotlin/com/intellij/lang/ASTNode;Lorg/jetbrains/kotlin/types/expressions/ExpressionTypingContext;Lorg/jetbrains/kotlin/resolve/calls/smartcasts/DataFlowInfo;)Lorg/jetbrains/kotlin/types/expressions/KotlinTypeInfo;+127
j  org.jetbrains.kotlin.resolve.calls.CallExpressionResolver.getUnsafeSelectorTypeInfo(Lorg/jetbrains/kotlin/resolve/scopes/receivers/Receiver;Lorg/jetbrains/kotlin/com/intellij/lang/ASTNode;Lorg/jetbrains/kotlin/psi/KtExpression;Lorg/jetbrains/kotlin/types/expressions/ExpressionTypingContext;Lorg/jetbrains/kotlin/resolve/calls/smartcasts/DataFlowInfo;)Lorg/jetbrains/kotlin/types/expressions/KotlinTypeInfo;+22
j  org.jetbrains.kotlin.resolve.calls.CallExpressionResolver.getSafeOrUnsafeSelectorTypeInfo(Lorg/jetbrains/kotlin/resolve/scopes/receivers/Receiver;Lorg/jetbrains/kotlin/resolve/calls/CallExpressionElement;Lorg/jetbrains/kotlin/types/expressions/ExpressionTypingContext;)Lorg/jetbrains/kotlin/types/expressions/KotlinTypeInfo;+266
j  org.jetbrains.kotlin.resolve.calls.CallExpressionResolver.getQualifiedExpressionTypeInfo(Lorg/jetbrains/kotlin/psi/KtQualifiedExpression;Lorg/jetbrains/kotlin/types/expressions/ExpressionTypingContext;)Lorg/jetbrains/kotlin/types/expressions/KotlinTypeInfo;+483
j  org.jetbrains.kotlin.types.expressions.BasicExpressionTypingVisitor.visitQualifiedExpression(Lorg/jetbrains/kotlin/psi/KtQualifiedExpression;Lorg/jetbrains/kotlin/types/expressions/ExpressionTypingContext;)Lorg/jetbrains/kotlin/types/expressions/KotlinTypeInfo;+20
j  org.jetbrains.kotlin.types.expressions.ExpressionTypingVisitorDispatcher.visitQualifiedExpression(Lorg/jetbrains/kotlin/psi/KtQualifiedExpression;Lorg/jetbrains/kotlin/types/expressions/ExpressionTypingContext;)Lorg/jetbrains/kotlin/types/expressions/KotlinTypeInfo;+15
j  org.jetbrains.kotlin.types.expressions.ExpressionTypingVisitorDispatcher$ForBlock.visitQualifiedExpression(Lorg/jetbrains/kotlin/psi/KtQualifiedExpression;Ljava/lang/Object;)Ljava/lang/Object;+6
j  org.jetbrains.kotlin.psi.KtVisitor.visitDotQualifiedExpression(Lorg/jetbrains/kotlin/psi/KtDotQualifiedExpression;Ljava/lang/Object;)Ljava/lang/Object;+12
j  org.jetbrains.kotlin.psi.KtDotQualifiedExpression.accept(Lorg/jetbrains/kotlin/psi/KtVisitor;Ljava/lang/Object;)Ljava/lang/Object;+9
j  org.jetbrains.kotlin.types.expressions.ExpressionTypingVisitorDispatcher.lambda$getTypeInfo$0(Lorg/jetbrains/kotlin/psi/KtExpression;Lorg/jetbrains/kotlin/types/expressions/ExpressionTypingContext;Lorg/jetbrains/kotlin/psi/KtVisitor;)Lorg/jetbrains/kotlin/types/expressions/KotlinTypeInfo;+43
j  org.jetbrains.kotlin.types.expressions.ExpressionTypingVisitorDispatcher$$Lambda$144.invoke()Ljava/lang/Object;+16
j  org.jetbrains.kotlin.util.PerformanceCounter.time(Lkotlin/jvm/functions/Function0;)Ljava/lang/Object;+27
j  org.jetbrains.kotlin.types.expressions.ExpressionTypingVisitorDispatcher.getTypeInfo(Lorg/jetbrains/kotlin/psi/KtExpression;Lorg/jetbrains/kotlin/types/expressions/ExpressionTypingContext;Lorg/jetbrains/kotlin/psi/KtVisitor;)Lorg/jetbrains/kotlin/types/expressions/KotlinTypeInfo;+24
j  org.jetbrains.kotlin.types.expressions.ExpressionTypingVisitorDispatcher.getTypeInfo(Lorg/jetbrains/kotlin/psi/KtExpression;Lorg/jetbrains/kotlin/types/expressions/ExpressionTypingContext;)Lorg/jetbrains/kotlin/types/expressions/KotlinTypeInfo;+13
j  org.jetbrains.kotlin.types.expressions.ExpressionTypingVisitorForStatements.visitExpression(Lorg/jetbrains/kotlin/psi/KtExpression;Lorg/jetbrains/kotlin/types/expressions/ExpressionTypingContext;)Lorg/jetbrains/kotlin/types/expressions/KotlinTypeInfo;+15
j  org.jetbrains.kotlin.types.expressions.ExpressionTypingVisitorForStatements.visitExpression(Lorg/jetbrains/kotlin/psi/KtExpression;Ljava/lang/Object;)Ljava/lang/Object;+6
j  org.jetbrains.kotlin.psi.KtVisitor.visitQualifiedExpression(Lorg/jetbrains/kotlin/psi/KtQualifiedExpression;Ljava/lang/Object;)Ljava/lang/Object;+12
j  org.jetbrains.kotlin.psi.KtVisitor.visitDotQualifiedExpression(Lorg/jetbrains/kotlin/psi/KtDotQualifiedExpression;Ljava/lang/Object;)Ljava/lang/Object;+12
j  org.jetbrains.kotlin.psi.KtDotQualifiedExpression.accept(Lorg/jetbrains/kotlin/psi/KtVisitor;Ljava/lang/Object;)Ljava/lang/Object;+9
j  org.jetbrains.kotlin.types.expressions.ExpressionTypingVisitorDispatcher.lambda$getTypeInfo$0(Lorg/jetbrains/kotlin/psi/KtExpression;Lorg/jetbrains/kotlin/types/expressions/ExpressionTypingContext;Lorg/jetbrains/kotlin/psi/KtVisitor;)Lorg/jetbrains/kotlin/types/expressions/KotlinTypeInfo;+43
j  org.jetbrains.kotlin.types.expressions.ExpressionTypingVisitorDispatcher$$Lambda$144.invoke()Ljava/lang/Object;+16
j  org.jetbrains.kotlin.util.PerformanceCounter.time(Lkotlin/jvm/functions/Function0;)Ljava/lang/Object;+27
j  org.jetbrains.kotlin.types.expressions.ExpressionTypingVisitorDispatcher.getTypeInfo(Lorg/jetbrains/kotlin/psi/KtExpression;Lorg/jetbrains/kotlin/types/expressions/ExpressionTypingContext;Lorg/jetbrains/kotlin/psi/KtVisitor;)Lorg/jetbrains/kotlin/types/expressions/KotlinTypeInfo;+24
j  org.jetbrains.kotlin.types.expressions.ExpressionTypingVisitorDispatcher.getTypeInfo(Lorg/jetbrains/kotlin/psi/KtExpression;Lorg/jetbrains/kotlin/types/expressions/ExpressionTypingContext;Z)Lorg/jetbrains/kotlin/types/expressions/KotlinTypeInfo;+48
j  org.jetbrains.kotlin.types.expressions.ExpressionTypingServices.getTypeOfLastExpressionInBlock(Lorg/jetbrains/kotlin/psi/KtExpression;Lorg/jetbrains/kotlin/types/expressions/ExpressionTypingContext;Lorg/jetbrains/kotlin/types/expressions/CoercionStrategy;Lorg/jetbrains/kotlin/types/expressions/ExpressionTypingInternals;)Lorg/jetbrains/kotlin/types/expressions/KotlinTypeInfo;+196
j  org.jetbrains.kotlin.types.expressions.ExpressionTypingServices.getBlockReturnedTypeWithWritableScope(Lorg/jetbrains/kotlin/resolve/scopes/LexicalWritableScope;Ljava/util/List;Lorg/jetbrains/kotlin/types/expressions/CoercionStrategy;Lorg/jetbrains/kotlin/types/expressions/ExpressionTypingContext;)Lorg/jetbrains/kotlin/types/expressions/KotlinTypeInfo;+226
j  org.jetbrains.kotlin.types.expressions.ExpressionTypingServices.getBlockReturnedType(Lorg/jetbrains/kotlin/psi/KtBlockExpression;Lorg/jetbrains/kotlin/types/expressions/CoercionStrategy;Lorg/jetbrains/kotlin/types/expressions/ExpressionTypingContext;)Lorg/jetbrains/kotlin/types/expressions/KotlinTypeInfo;+143
j  org.jetbrains.kotlin.types.expressions.ExpressionTypingServices.getBlockReturnedType(Lorg/jetbrains/kotlin/psi/KtBlockExpression;Lorg/jetbrains/kotlin/types/expressions/ExpressionTypingContext;Z)Lorg/jetbrains/kotlin/types/expressions/KotlinTypeInfo;+16
j  org.jetbrains.kotlin.types.expressions.BasicExpressionTypingVisitor.visitBlockExpression(Lorg/jetbrains/kotlin/psi/KtBlockExpression;Lorg/jetbrains/kotlin/types/expressions/ExpressionTypingContext;)Lorg/jetbrains/kotlin/types/expressions/KotlinTypeInfo;+19
j  org.jetbrains.kotlin.types.expressions.ExpressionTypingVisitorDispatcher.visitBlockExpression(Lorg/jetbrains/kotlin/psi/KtBlockExpression;Lorg/jetbrains/kotlin/types/expressions/ExpressionTypingContext;)Lorg/jetbrains/kotlin/types/expressions/KotlinTypeInfo;+15
j  org.jetbrains.kotlin.types.expressions.ExpressionTypingVisitorDispatcher$ForDeclarations.visitBlockExpression(Lorg/jetbrains/kotlin/psi/KtBlockExpression;Ljava/lang/Object;)Ljava/lang/Object;+6
j  org.jetbrains.kotlin.psi.KtBlockExpression.accept(Lorg/jetbrains/kotlin/psi/KtVisitor;Ljava/lang/Object;)Ljava/lang/Object;+11
j  org.jetbrains.kotlin.types.expressions.ExpressionTypingVisitorDispatcher.lambda$getTypeInfo$0(Lorg/jetbrains/kotlin/psi/KtExpression;Lorg/jetbrains/kotlin/types/expressions/ExpressionTypingContext;Lorg/jetbrains/kotlin/psi/KtVisitor;)Lorg/jetbrains/kotlin/types/expressions/KotlinTypeInfo;+43
j  org.jetbrains.kotlin.types.expressions.ExpressionTypingVisitorDispatcher$$Lambda$144.invoke()Ljava/lang/Object;+16
j  org.jetbrains.kotlin.util.PerformanceCounter.time(Lkotlin/jvm/functions/Function0;)Ljava/lang/Object;+27
j  org.jetbrains.kotlin.types.expressions.ExpressionTypingVisitorDispatcher.getTypeInfo(Lorg/jetbrains/kotlin/psi/KtExpression;Lorg/jetbrains/kotlin/types/expressions/ExpressionTypingContext;Lorg/jetbrains/kotlin/psi/KtVisitor;)Lorg/jetbrains/kotlin/types/expressions/KotlinTypeInfo;+24
j  org.jetbrains.kotlin.types.expressions.ExpressionTypingVisitorDispatcher.getTypeInfo(Lorg/jetbrains/kotlin/psi/KtExpression;Lorg/jetbrains/kotlin/types/expressions/ExpressionTypingContext;)Lorg/jetbrains/kotlin/types/expressions/KotlinTypeInfo;+13
j  org.jetbrains.kotlin.types.expressions.ExpressionTypingServices.getTypeInfo(Lorg/jetbrains/kotlin/psi/KtExpression;Lorg/jetbrains/kotlin/resolve/calls/context/ResolutionContext;)Lorg/jetbrains/kotlin/types/expressions/KotlinTypeInfo;+27
j  org.jetbrains.kotlin.resolve.calls.tower.PSICallResolver.resolveValueArgument(Lorg/jetbrains/kotlin/resolve/calls/context/BasicCallResolutionContext;Lorg/jetbrains/kotlin/resolve/calls/smartcasts/DataFlowInfo;Lorg/jetbrains/kotlin/psi/ValueArgument;Z)Lorg/jetbrains/kotlin/resolve/calls/tower/PSIKotlinCallArgument;+299
j  org.jetbrains.kotlin.resolve.calls.tower.PSICallResolver.resolveArgumentsInParenthesis(Lorg/jetbrains/kotlin/resolve/calls/context/BasicCallResolutionContext;Ljava/util/List;Z)Ljava/util/List;+119
j  org.jetbrains.kotlin.resolve.calls.tower.PSICallResolver.toKotlinCall(Lorg/jetbrains/kotlin/resolve/calls/context/BasicCallResolutionContext;Lorg/jetbrains/kotlin/resolve/calls/model/KotlinCallKind;Lorg/jetbrains/kotlin/psi/Call;Lorg/jetbrains/kotlin/name/Name;Lorg/jetbrains/kotlin/resolve/calls/tasks/TracingStrategy;ZLorg/jetbrains/kotlin/resolve/scopes/receivers/Receiver;)Lorg/jetbrains/kotlin/resolve/calls/tower/PSIKotlinCallImpl;+164
j  org.jetbrains.kotlin.resolve.calls.tower.PSICallResolver.runResolutionAndInferenceForGivenCandidates(Lorg/jetbrains/kotlin/resolve/calls/context/BasicCallResolutionContext;Ljava/util/Collection;Lorg/jetbrains/kotlin/resolve/calls/tasks/TracingStrategy;)Lorg/jetbrains/kotlin/resolve/calls/results/OverloadResolutionResults;+210
j  org.jetbrains.kotlin.resolve.calls.CallResolver.doResolveCallOrGetCachedResults(Lorg/jetbrains/kotlin/resolve/calls/context/BasicCallResolutionContext;Lorg/jetbrains/kotlin/resolve/calls/CallResolver$ResolutionTask;Lorg/jetbrains/kotlin/resolve/calls/tasks/TracingStrategy;)Lorg/jetbrains/kotlin/resolve/calls/results/OverloadResolutionResults;+208
j  org.jetbrains.kotlin.resolve.calls.CallResolver.lambda$resolveCallWithKnownCandidate$4(Lorg/jetbrains/kotlin/resolve/calls/context/ResolutionContext;Lorg/jetbrains/kotlin/psi/Call;Lorg/jetbrains/kotlin/resolve/calls/model/MutableDataFlowInfoForArguments;Lorg/jetbrains/kotlin/resolve/calls/tasks/ResolutionCandidate;Lorg/jetbrains/kotlin/resolve/calls/tasks/TracingStrategy;)Lorg/jetbrains/kotlin/resolve/calls/results/OverloadResolutionResults;+45
j  org.jetbrains.kotlin.resolve.calls.CallResolver$$Lambda$179.invoke()Ljava/lang/Object;+24
j  org.jetbrains.kotlin.util.PerformanceCounter.time(Lkotlin/jvm/functions/Function0;)Ljava/lang/Object;+27
j  org.jetbrains.kotlin.resolve.calls.CallResolver.resolveCallWithKnownCandidate(Lorg/jetbrains/kotlin/psi/Call;Lorg/jetbrains/kotlin/resolve/calls/tasks/TracingStrategy;Lorg/jetbrains/kotlin/resolve/calls/context/ResolutionContext;Lorg/jetbrains/kotlin/resolve/calls/tasks/ResolutionCandidate;Lorg/jetbrains/kotlin/resolve/calls/model/MutableDataFlowInfoForArguments;)Lorg/jetbrains/kotlin/resolve/calls/results/OverloadResolutionResults;+53
j  org.jetbrains.kotlin.types.expressions.ControlStructureTypingUtils.resolveSpecialConstructionAsCall(Lorg/jetbrains/kotlin/psi/Call;Lorg/jetbrains/kotlin/descriptors/impl/SimpleFunctionDescriptorImpl;Lorg/jetbrains/kotlin/types/expressions/ControlStructureTypingUtils$ResolveConstruct;Lorg/jetbrains/kotlin/types/expressions/ExpressionTypingContext;Lorg/jetbrains/kotlin/resolve/calls/model/MutableDataFlowInfoForArguments;)Lorg/jetbrains/kotlin/resolve/calls/model/ResolvedCall;+89
j  org.jetbrains.kotlin.types.expressions.ControlStructureTypingUtils.resolveTryAsCall(Lorg/jetbrains/kotlin/psi/Call;Ljava/util/List;Lorg/jetbrains/kotlin/types/expressions/ExpressionTypingContext;Lorg/jetbrains/kotlin/resolve/calls/model/MutableDataFlowInfoForArguments;)Lorg/jetbrains/kotlin/resolve/calls/model/ResolvedCall;+198
j  org.jetbrains.kotlin.types.expressions.ControlStructureTypingVisitor.resolveTryExpressionWithNewInference(Lorg/jetbrains/kotlin/psi/KtTryExpression;Lorg/jetbrains/kotlin/types/expressions/ExpressionTypingContext;)Lorg/jetbrains/kotlin/types/expressions/KotlinTypeInfo;+278
j  org.jetbrains.kotlin.types.expressions.ControlStructureTypingVisitor.visitTryExpression(Lorg/jetbrains/kotlin/psi/KtTryExpression;Lorg/jetbrains/kotlin/types/expressions/ExpressionTypingContext;)Lorg/jetbrains/kotlin/types/expressions/KotlinTypeInfo;+42
j  org.jetbrains.kotlin.types.expressions.ExpressionTypingVisitorDispatcher.visitTryExpression(Lorg/jetbrains/kotlin/psi/KtTryExpression;Lorg/jetbrains/kotlin/types/expressions/ExpressionTypingContext;)Lorg/jetbrains/kotlin/types/expressions/KotlinTypeInfo;+15
j  org.jetbrains.kotlin.types.expressions.ExpressionTypingVisitorDispatcher$ForBlock.visitTryExpression(Lorg/jetbrains/kotlin/psi/KtTryExpression;Ljava/lang/Object;)Ljava/lang/Object;+6
j  org.jetbrains.kotlin.psi.KtTryExpression.accept(Lorg/jetbrains/kotlin/psi/KtVisitor;Ljava/lang/Object;)Ljava/lang/Object;+11
j  org.jetbrains.kotlin.types.expressions.ExpressionTypingVisitorDispatcher.lambda$getTypeInfo$0(Lorg/jetbrains/kotlin/psi/KtExpression;Lorg/jetbrains/kotlin/types/expressions/ExpressionTypingContext;Lorg/jetbrains/kotlin/psi/KtVisitor;)Lorg/jetbrains/kotlin/types/expressions/KotlinTypeInfo;+43
j  org.jetbrains.kotlin.types.expressions.ExpressionTypingVisitorDispatcher$$Lambda$144.invoke()Ljava/lang/Object;+16
j  org.jetbrains.kotlin.util.PerformanceCounter.time(Lkotlin/jvm/functions/Function0;)Ljava/lang/Object;+27
j  org.jetbrains.kotlin.types.expressions.ExpressionTypingVisitorDispatcher.getTypeInfo(Lorg/jetbrains/kotlin/psi/KtExpression;Lorg/jetbrains/kotlin/types/expressions/ExpressionTypingContext;Lorg/jetbrains/kotlin/psi/KtVisitor;)Lorg/jetbrains/kotlin/types/expressions/KotlinTypeInfo;+24
j  org.jetbrains.kotlin.types.expressions.ExpressionTypingVisitorDispatcher.getTypeInfo(Lorg/jetbrains/kotlin/psi/KtExpression;Lorg/jetbrains/kotlin/types/expressions/ExpressionTypingContext;)Lorg/jetbrains/kotlin/types/expressions/KotlinTypeInfo;+13
j  org.jetbrains.kotlin.types.expressions.ExpressionTypingVisitorForStatements.visitExpression(Lorg/jetbrains/kotlin/psi/KtExpression;Lorg/jetbrains/kotlin/types/expressions/ExpressionTypingContext;)Lorg/jetbrains/kotlin/types/expressions/KotlinTypeInfo;+15
j  org.jetbrains.kotlin.types.expressions.ExpressionTypingVisitorForStatements.visitExpression(Lorg/jetbrains/kotlin/psi/KtExpression;Ljava/lang/Object;)Ljava/lang/Object;+6
j  org.jetbrains.kotlin.psi.KtVisitor.visitTryExpression(Lorg/jetbrains/kotlin/psi/KtTryExpression;Ljava/lang/Object;)Ljava/lang/Object;+12
j  org.jetbrains.kotlin.psi.KtTryExpression.accept(Lorg/jetbrains/kotlin/psi/KtVisitor;Ljava/lang/Object;)Ljava/lang/Object;+11
j  org.jetbrains.kotlin.types.expressions.ExpressionTypingVisitorDispatcher.lambda$getTypeInfo$0(Lorg/jetbrains/kotlin/psi/KtExpression;Lorg/jetbrains/kotlin/types/expressions/ExpressionTypingContext;Lorg/jetbrains/kotlin/psi/KtVisitor;)Lorg/jetbrains/kotlin/types/expressions/KotlinTypeInfo;+43
j  org.jetbrains.kotlin.types.expressions.ExpressionTypingVisitorDispatcher$$Lambda$144.invoke()Ljava/lang/Object;+16
j  org.jetbrains.kotlin.util.PerformanceCounter.time(Lkotlin/jvm/functions/Function0;)Ljava/lang/Object;+27
j  org.jetbrains.kotlin.types.expressions.ExpressionTypingVisitorDispatcher.getTypeInfo(Lorg/jetbrains/kotlin/psi/KtExpression;Lorg/jetbrains/kotlin/types/expressions/ExpressionTypingContext;Lorg/jetbrains/kotlin/psi/KtVisitor;)Lorg/jetbrains/kotlin/types/expressions/KotlinTypeInfo;+24
j  org.jetbrains.kotlin.types.expressions.ExpressionTypingVisitorDispatcher.getTypeInfo(Lorg/jetbrains/kotlin/psi/KtExpression;Lorg/jetbrains/kotlin/types/expressions/ExpressionTypingContext;Z)Lorg/jetbrains/kotlin/types/expressions/KotlinTypeInfo;+48
j  org.jetbrains.kotlin.types.expressions.ExpressionTypingServices.getTypeOfLastExpressionInBlock(Lorg/jetbrains/kotlin/psi/KtExpression;Lorg/jetbrains/kotlin/types/expressions/ExpressionTypingContext;Lorg/jetbrains/kotlin/types/expressions/CoercionStrategy;Lorg/jetbrains/kotlin/types/expressions/ExpressionTypingInternals;)Lorg/jetbrains/kotlin/types/expressions/KotlinTypeInfo;+196
j  org.jetbrains.kotlin.types.expressions.ExpressionTypingServices.getBlockReturnedTypeWithWritableScope(Lorg/jetbrains/kotlin/resolve/scopes/LexicalWritableScope;Ljava/util/List;Lorg/jetbrains/kotlin/types/expressions/CoercionStrategy;Lorg/jetbrains/kotlin/types/expressions/ExpressionTypingContext;)Lorg/jetbrains/kotlin/types/expressions/KotlinTypeInfo;+226
j  org.jetbrains.kotlin.types.expressions.ExpressionTypingServices.getBlockReturnedType(Lorg/jetbrains/kotlin/psi/KtBlockExpression;Lorg/jetbrains/kotlin/types/expressions/CoercionStrategy;Lorg/jetbrains/kotlin/types/expressions/ExpressionTypingContext;)Lorg/jetbrains/kotlin/types/expressions/KotlinTypeInfo;+143
j  org.jetbrains.kotlin.types.expressions.ExpressionTypingServices.getBlockReturnedType(Lorg/jetbrains/kotlin/psi/KtBlockExpression;Lorg/jetbrains/kotlin/types/expressions/ExpressionTypingContext;Z)Lorg/jetbrains/kotlin/types/expressions/KotlinTypeInfo;+16
j  org.jetbrains.kotlin.types.expressions.ExpressionTypingVisitorForStatements.visitBlockExpression(Lorg/jetbrains/kotlin/psi/KtBlockExpression;Lorg/jetbrains/kotlin/types/expressions/ExpressionTypingContext;)Lorg/jetbrains/kotlin/types/expressions/KotlinTypeInfo;+19
j  org.jetbrains.kotlin.types.expressions.ExpressionTypingVisitorForStatements.visitBlockExpression(Lorg/jetbrains/kotlin/psi/KtBlockExpression;Ljava/lang/Object;)Ljava/lang/Object;+6
j  org.jetbrains.kotlin.psi.KtBlockExpression.accept(Lorg/jetbrains/kotlin/psi/KtVisitor;Ljava/lang/Object;)Ljava/lang/Object;+11
j  org.jetbrains.kotlin.types.expressions.ExpressionTypingVisitorDispatcher.lambda$getTypeInfo$0(Lorg/jetbrains/kotlin/psi/KtExpression;Lorg/jetbrains/kotlin/types/expressions/ExpressionTypingContext;Lorg/jetbrains/kotlin/psi/KtVisitor;)Lorg/jetbrains/kotlin/types/expressions/KotlinTypeInfo;+43
j  org.jetbrains.kotlin.types.expressions.ExpressionTypingVisitorDispatcher$$Lambda$144.invoke()Ljava/lang/Object;+16
j  org.jetbrains.kotlin.util.PerformanceCounter.time(Lkotlin/jvm/functions/Function0;)Ljava/lang/Object;+27
j  org.jetbrains.kotlin.types.expressions.ExpressionTypingVisitorDispatcher.getTypeInfo(Lorg/jetbrains/kotlin/psi/KtExpression;Lorg/jetbrains/kotlin/types/expressions/ExpressionTypingContext;Lorg/jetbrains/kotlin/psi/KtVisitor;)Lorg/jetbrains/kotlin/types/expressions/KotlinTypeInfo;+24
j  org.jetbrains.kotlin.types.expressions.ExpressionTypingVisitorDispatcher.getTypeInfo(Lorg/jetbrains/kotlin/psi/KtExpression;Lorg/jetbrains/kotlin/types/expressions/ExpressionTypingContext;Z)Lorg/jetbrains/kotlin/types/expressions/KotlinTypeInfo;+48
j  org.jetbrains.kotlin.types.expressions.ExpressionTypingServices.checkFunctionReturnType(Lorg/jetbrains/kotlin/psi/KtDeclarationWithBody;Lorg/jetbrains/kotlin/types/expressions/ExpressionTypingContext;)V+50
j  org.jetbrains.kotlin.types.expressions.ExpressionTypingServices.checkFunctionReturnType(Lorg/jetbrains/kotlin/resolve/scopes/LexicalScope;Lorg/jetbrains/kotlin/psi/KtDeclarationWithBody;Lorg/jetbrains/kotlin/descriptors/FunctionDescriptor;Lorg/jetbrains/kotlin/resolve/calls/smartcasts/DataFlowInfo;Lorg/jetbrains/kotlin/types/KotlinType;Lorg/jetbrains/kotlin/resolve/BindingTrace;Lorg/jetbrains/kotlin/types/expressions/ExpressionTypingContext;)V+130
j  org.jetbrains.kotlin.resolve.BodyResolver.resolveFunctionBody(Lorg/jetbrains/kotlin/resolve/calls/smartcasts/DataFlowInfo;Lorg/jetbrains/kotlin/resolve/BindingTrace;Lorg/jetbrains/kotlin/psi/KtDeclarationWithBody;Lorg/jetbrains/kotlin/descriptors/FunctionDescriptor;Lorg/jetbrains/kotlin/resolve/scopes/LexicalScope;Lkotlin/jvm/functions/Function1;Lkotlin/jvm/functions/Function1;Lorg/jetbrains/kotlin/types/expressions/ExpressionTypingContext;)V+344
j  org.jetbrains.kotlin.resolve.BodyResolver.resolveFunctionBody(Lorg/jetbrains/kotlin/resolve/calls/smartcasts/DataFlowInfo;Lorg/jetbrains/kotlin/resolve/BindingTrace;Lorg/jetbrains/kotlin/psi/KtDeclarationWithBody;Lorg/jetbrains/kotlin/descriptors/FunctionDescriptor;Lorg/jetbrains/kotlin/resolve/scopes/LexicalScope;Lorg/jetbrains/kotlin/types/expressions/ExpressionTypingContext;)V+69
j  org.jetbrains.kotlin.resolve.BodyResolver.resolveFunctionBodies(Lorg/jetbrains/kotlin/resolve/BodiesResolveContext;)V+198
j  org.jetbrains.kotlin.resolve.BodyResolver.resolveBehaviorDeclarationBodies(Lorg/jetbrains/kotlin/resolve/BodiesResolveContext;)V+36
j  org.jetbrains.kotlin.resolve.BodyResolver.resolveBodies(Lorg/jetbrains/kotlin/resolve/BodiesResolveContext;)V+11
j  org.jetbrains.kotlin.resolve.LazyTopDownAnalyzer.analyzeDeclarations(Lorg/jetbrains/kotlin/resolve/TopDownAnalysisMode;Ljava/util/Collection;Lorg/jetbrains/kotlin/resolve/calls/smartcasts/DataFlowInfo;Lorg/jetbrains/kotlin/types/expressions/ExpressionTypingContext;)Lorg/jetbrains/kotlin/resolve/TopDownAnalysisContext;+319
j  org.jetbrains.kotlin.resolve.LazyTopDownAnalyzer.analyzeDeclarations$default(Lorg/jetbrains/kotlin/resolve/LazyTopDownAnalyzer;Lorg/jetbrains/kotlin/resolve/TopDownAnalysisMode;Ljava/util/Collection;Lorg/jetbrains/kotlin/resolve/calls/smartcasts/DataFlowInfo;Lorg/jetbrains/kotlin/types/expressions/ExpressionTypingContext;ILjava/lang/Object;)Lorg/jetbrains/kotlin/resolve/TopDownAnalysisContext;+31
j  org.jetbrains.kotlin.cli.jvm.compiler.TopDownAnalyzerFacadeForJVM.analyzeFilesWithJavaIntegration(Lorg/jetbrains/kotlin/com/intellij/openapi/project/Project;Ljava/util/Collection;Lorg/jetbrains/kotlin/resolve/BindingTrace;Lorg/jetbrains/kotlin/config/CompilerConfiguration;Lkotlin/jvm/functions/Function1;Lkotlin/jvm/functions/Function2;Lorg/jetbrains/kotlin/com/intellij/psi/search/GlobalSearchScope;Ljava/util/List;Ljava/util/List;Ljava/util/List;)Lorg/jetbrains/kotlin/analyzer/AnalysisResult;+278
j  org.jetbrains.kotlin.cli.jvm.compiler.TopDownAnalyzerFacadeForJVM.analyzeFilesWithJavaIntegration$default(Lorg/jetbrains/kotlin/com/intellij/openapi/project/Project;Ljava/util/Collection;Lorg/jetbrains/kotlin/resolve/BindingTrace;Lorg/jetbrains/kotlin/config/CompilerConfiguration;Lkotlin/jvm/functions/Function1;Lkotlin/jvm/functions/Function2;Lorg/jetbrains/kotlin/com/intellij/psi/search/GlobalSearchScope;Ljava/util/List;Ljava/util/List;Ljava/util/List;ILjava/lang/Object;)Lorg/jetbrains/kotlin/analyzer/AnalysisResult;+92
j  org.jetbrains.kotlin.cli.jvm.compiler.KotlinToJVMBytecodeCompiler$analyze$1.invoke()Lorg/jetbrains/kotlin/analyzer/AnalysisResult;+285
j  org.jetbrains.kotlin.cli.jvm.compiler.KotlinToJVMBytecodeCompiler$analyze$1.invoke()Ljava/lang/Object;+1
j  org.jetbrains.kotlin.cli.common.messages.AnalyzerWithCompilerReport.analyzeAndReport(Ljava/util/Collection;Lkotlin/jvm/functions/Function0;)V+16
j  org.jetbrains.kotlin.cli.jvm.compiler.KotlinToJVMBytecodeCompiler.analyze(Lorg/jetbrains/kotlin/cli/jvm/compiler/KotlinCoreEnvironment;)Lorg/jetbrains/kotlin/analyzer/AnalysisResult;+146
j  org.jetbrains.kotlin.cli.jvm.compiler.KotlinToJVMBytecodeCompiler.compileModules$cli(Lorg/jetbrains/kotlin/cli/jvm/compiler/KotlinCoreEnvironment;Ljava/io/File;Ljava/util/List;Z)Z+420
j  org.jetbrains.kotlin.cli.jvm.compiler.KotlinToJVMBytecodeCompiler.compileModules$cli$default(Lorg/jetbrains/kotlin/cli/jvm/compiler/KotlinToJVMBytecodeCompiler;Lorg/jetbrains/kotlin/cli/jvm/compiler/KotlinCoreEnvironment;Ljava/io/File;Ljava/util/List;ZILjava/lang/Object;)Z+17
j  org.jetbrains.kotlin.cli.jvm.K2JVMCompiler.doExecute(Lorg/jetbrains/kotlin/cli/common/arguments/K2JVMCompilerArguments;Lorg/jetbrains/kotlin/config/CompilerConfiguration;Lorg/jetbrains/kotlin/com/intellij/openapi/Disposable;Lorg/jetbrains/kotlin/utils/KotlinPaths;)Lorg/jetbrains/kotlin/cli/common/ExitCode;+1235
j  org.jetbrains.kotlin.cli.jvm.K2JVMCompiler.doExecute(Lorg/jetbrains/kotlin/cli/common/arguments/CommonCompilerArguments;Lorg/jetbrains/kotlin/config/CompilerConfiguration;Lorg/jetbrains/kotlin/com/intellij/openapi/Disposable;Lorg/jetbrains/kotlin/utils/KotlinPaths;)Lorg/jetbrains/kotlin/cli/common/ExitCode;+9
j  org.jetbrains.kotlin.cli.common.CLICompiler.execImpl(Lorg/jetbrains/kotlin/cli/common/messages/MessageCollector;Lorg/jetbrains/kotlin/config/Services;Lorg/jetbrains/kotlin/cli/common/arguments/CommonCompilerArguments;)Lorg/jetbrains/kotlin/cli/common/ExitCode;+219
j  org.jetbrains.kotlin.cli.common.CLICompiler.execImpl(Lorg/jetbrains/kotlin/cli/common/messages/MessageCollector;Lorg/jetbrains/kotlin/config/Services;Lorg/jetbrains/kotlin/cli/common/arguments/CommonToolArguments;)Lorg/jetbrains/kotlin/cli/common/ExitCode;+7
j  org.jetbrains.kotlin.cli.common.CLITool.exec(Lorg/jetbrains/kotlin/cli/common/messages/MessageCollector;Lorg/jetbrains/kotlin/config/Services;Lorg/jetbrains/kotlin/cli/common/arguments/CommonToolArguments;)Lorg/jetbrains/kotlin/cli/common/ExitCode;+76
j  org.jetbrains.kotlin.cli.common.CLITool.exec(Ljava/io/PrintStream;Lorg/jetbrains/kotlin/config/Services;Lorg/jetbrains/kotlin/cli/common/messages/MessageRenderer;[Ljava/lang/String;)Lorg/jetbrains/kotlin/cli/common/ExitCode;+209
j  org.jetbrains.kotlin.cli.common.CLITool.exec(Ljava/io/PrintStream;Lorg/jetbrains/kotlin/cli/common/messages/MessageRenderer;[Ljava/lang/String;)Lorg/jetbrains/kotlin/cli/common/ExitCode;+25
j  org.jetbrains.kotlin.cli.common.CLITool$Companion.doMainNoExit(Lorg/jetbrains/kotlin/cli/common/CLITool;[Ljava/lang/String;Lorg/jetbrains/kotlin/cli/common/messages/MessageRenderer;)Lorg/jetbrains/kotlin/cli/common/ExitCode;+39
j  org.jetbrains.kotlin.cli.common.CLITool$Companion.doMainNoExit$default(Lorg/jetbrains/kotlin/cli/common/CLITool$Companion;Lorg/jetbrains/kotlin/cli/common/CLITool;[Ljava/lang/String;Lorg/jetbrains/kotlin/cli/common/messages/MessageRenderer;ILjava/lang/Object;)Lorg/jetbrains/kotlin/cli/common/ExitCode;+16
j  org.jetbrains.kotlin.cli.common.CLITool$Companion.doMain(Lorg/jetbrains/kotlin/cli/common/CLITool;[Ljava/lang/String;)V+57
j  org.jetbrains.kotlin.cli.jvm.K2JVMCompiler$Companion.main([Ljava/lang/String;)V+20
j  org.jetbrains.kotlin.cli.jvm.K2JVMCompiler.main([Ljava/lang/String;)V+4
v  ~StubRoutines::call_stub

---------------  P R O C E S S  ---------------

Java Threads: ( => current thread )
  0x00000078840d8800 JavaThread "Service Thread" daemon [_thread_blocked, id=15764, stack(0x00000078639fe000,0x0000007863afe000)]
  0x00000078840c4000 JavaThread "C2 CompilerThread1" daemon [_thread_in_native, id=15763, stack(0x0000007863aff000,0x0000007863bff000)]
  0x00000078840c1000 JavaThread "C2 CompilerThread0" daemon [_thread_blocked, id=15762, stack(0x0000007863c00000,0x0000007863d00000)]
  0x00000078840bf000 JavaThread "Signal Dispatcher" daemon [_thread_blocked, id=15761, stack(0x0000007863d00000,0x0000007863e00000)]
  0x000000788408d800 JavaThread "Finalizer" daemon [_thread_blocked, id=15759, stack(0x0000007863e00000,0x0000007863f00000)]
  0x000000788408b000 JavaThread "Reference Handler" daemon [_thread_blocked, id=15758, stack(0x0000007863f00000,0x0000007864000000)]
=>0x000000788400b800 JavaThread "main" [_thread_in_vm, id=15748, stack(0x000000788aa5a000,0x000000788ab5a000)]

Other Threads:
  0x0000007884081800 VMThread [stack: 0x00000078680ee000,0x00000078681ee000] [id=15757]
  0x00000078840db000 WatcherThread [stack: 0x00000078638fe000,0x00000078639fe000] [id=15765]

VM state:not at safepoint (normal execution)

VM Mutex/Monitor currently owned by a thread: None

heap address: 0x0000000087e00000, size: 1922 MB, Compressed Oops mode: 32-bit
Narrow klass base: 0x0000000000000000, Narrow klass shift: 3
Compressed class space size: 1073741824 Address: 0x0000000100000000

Heap:
 PSYoungGen      total 160256K, used 28743K [0x00000000d7f80000, 0x00000000e7480000, 0x0000000100000000)
  eden space 134144K, 1% used [0x00000000d7f80000,0x00000000d8215010,0x00000000e0280000)
  from space 26112K, 99% used [0x00000000e0280000,0x00000000e1bfcf68,0x00000000e1c00000)
  to   space 34816K, 0% used [0x00000000e5280000,0x00000000e5280000,0x00000000e7480000)
 ParOldGen       total 118784K, used 44211K [0x0000000087e00000, 0x000000008f200000, 0x00000000d7f80000)
  object space 118784K, 37% used [0x0000000087e00000,0x000000008a92cf00,0x000000008f200000)
 Metaspace       used 48255K, capacity 49156K, committed 49408K, reserved 1091584K
  class space    used 6286K, capacity 6560K, committed 6656K, reserved 1048576K

Card table byte_map: [0x000000788a4b8000,0x000000788a87a000] byte_map_base: 0x000000788a079000

Marking Bits: (ParMarkBitMap*) 0x000000788b614ff8
 Begin Bits: [0x00000078683f0000, 0x000000786a1f8000)
 End Bits:   [0x000000786a1f8000, 0x000000786c000000)

Polling page: 0x000000788b80d000

CodeCache: size=49152Kb used=2948Kb max_used=2963Kb free=46203Kb
 bounds [0x0000007881000000, 0x00000078812f0000, 0x0000007884000000]
 total_blobs=1877 nmethods=1382 adapters=444
 compilation: enabled

Compilation events (10 events):
Event: 22.965 Thread 0x00000078840c1000 1545             org.jetbrains.kotlin.util.slicedMap.AbstractWritableSlice::getSlice (5 bytes)
Event: 22.965 Thread 0x00000078840c1000 nmethod 1545 0x00000078811e6dd0 code [0x00000078811e6f00, 0x00000078811e6f68]
Event: 22.965 Thread 0x00000078840c1000 1546             org.jetbrains.kotlin.psi.psiUtil.PsiUtilsKt$parentsWithSelf$1::invoke (9 bytes)
Event: 22.968 Thread 0x00000078840c1000 nmethod 1546 0x00000078811e6a50 code [0x00000078811e6b90, 0x00000078811e6ca8]
Event: 22.968 Thread 0x00000078840c1000 1547             org.jetbrains.kotlin.psi.psiUtil.PsiUtilsKt$parentsWithSelf$1::invoke (24 bytes)
Event: 22.970 Thread 0x00000078840c1000 nmethod 1547 0x00000078811e6750 code [0x00000078811e6890, 0x00000078811e6968]
Event: 22.970 Thread 0x00000078840c1000 1548             org.jetbrains.kotlin.types.checker.ClassicTypeCheckerStateKt::createClassicTypeCheckerState$default (64 bytes)
Event: 22.976 Thread 0x00000078840c1000 nmethod 1548 0x00000078812de390 code [0x00000078812de4e0, 0x00000078812de6f8]
Event: 22.980 Thread 0x00000078840c1000 1549             org.jetbrains.kotlin.types.checker.ClassicTypeCheckerStateKt::createClassicTypeCheckerState (43 bytes)
Event: 22.984 Thread 0x00000078840c1000 nmethod 1549 0x00000078812dded0 code [0x00000078812de020, 0x00000078812de1e8]

GC Heap History (10 events):
Event: 6.190 GC heap before
{Heap before GC invocations=5 (full 1):
 PSYoungGen      total 67584K, used 62464K [0x00000000d7f80000, 0x00000000e0380000, 0x0000000100000000)
  eden space 62464K, 100% used [0x00000000d7f80000,0x00000000dbc80000,0x00000000dbc80000)
  from space 5120K, 0% used [0x00000000dbc80000,0x00000000dbc80000,0x00000000dc180000)
  to   space 5120K, 0% used [0x00000000dfe80000,0x00000000dfe80000,0x00000000e0380000)
 ParOldGen       total 77312K, used 16408K [0x0000000087e00000, 0x000000008c980000, 0x00000000d7f80000)
  object space 77312K, 21% used [0x0000000087e00000,0x0000000088e06118,0x000000008c980000)
 Metaspace       used 29149K, capacity 29650K, committed 29952K, reserved 1075200K
  class space    used 4086K, capacity 4251K, committed 4352K, reserved 1048576K
Event: 6.243 GC heap after
Heap after GC invocations=5 (full 1):
 PSYoungGen      total 97792K, used 5116K [0x00000000d7f80000, 0x00000000e0380000, 0x0000000100000000)
  eden space 92672K, 0% used [0x00000000d7f80000,0x00000000d7f80000,0x00000000dda00000)
  from space 5120K, 99% used [0x00000000dfe80000,0x00000000e037f0d0,0x00000000e0380000)
  to   space 5120K, 0% used [0x00000000df980000,0x00000000df980000,0x00000000dfe80000)
 ParOldGen       total 77312K, used 25639K [0x0000000087e00000, 0x000000008c980000, 0x00000000d7f80000)
  object space 77312K, 33% used [0x0000000087e00000,0x0000000089709fa8,0x000000008c980000)
 Metaspace       used 29149K, capacity 29650K, committed 29952K, reserved 1075200K
  class space    used 4086K, capacity 4251K, committed 4352K, reserved 1048576K
}
Event: 7.317 GC heap before
{Heap before GC invocations=6 (full 1):
 PSYoungGen      total 97792K, used 43928K [0x00000000d7f80000, 0x00000000e0380000, 0x0000000100000000)
  eden space 92672K, 41% used [0x00000000d7f80000,0x00000000da5671d8,0x00000000dda00000)
  from space 5120K, 99% used [0x00000000dfe80000,0x00000000e037f0d0,0x00000000e0380000)
  to   space 5120K, 0% used [0x00000000df980000,0x00000000df980000,0x00000000dfe80000)
 ParOldGen       total 77312K, used 25639K [0x0000000087e00000, 0x000000008c980000, 0x00000000d7f80000)
  object space 77312K, 33% used [0x0000000087e00000,0x0000000089709fa8,0x000000008c980000)
 Metaspace       used 34686K, capacity 35218K, committed 35416K, reserved 1079296K
  class space    used 4634K, capacity 4801K, committed 4864K, reserved 1048576K
Event: 7.351 GC heap after
Heap after GC invocations=6 (full 1):
 PSYoungGen      total 130048K, used 5092K [0x00000000d7f80000, 0x00000000e2f00000, 0x0000000100000000)
  eden space 124928K, 0% used [0x00000000d7f80000,0x00000000d7f80000,0x00000000df980000)
  from space 5120K, 99% used [0x00000000df980000,0x00000000dfe790f0,0x00000000dfe80000)
  to   space 19456K, 0% used [0x00000000e1c00000,0x00000000e1c00000,0x00000000e2f00000)
 ParOldGen       total 77312K, used 35600K [0x0000000087e00000, 0x000000008c980000, 0x00000000d7f80000)
  object space 77312K, 46% used [0x0000000087e00000,0x000000008a0c4050,0x000000008c980000)
 Metaspace       used 34686K, capacity 35218K, committed 35416K, reserved 1079296K
  class space    used 4634K, capacity 4801K, committed 4864K, reserved 1048576K
}
Event: 7.351 GC heap before
{Heap before GC invocations=7 (full 2):
 PSYoungGen      total 130048K, used 5092K [0x00000000d7f80000, 0x00000000e2f00000, 0x0000000100000000)
  eden space 124928K, 0% used [0x00000000d7f80000,0x00000000d7f80000,0x00000000df980000)
  from space 5120K, 99% used [0x00000000df980000,0x00000000dfe790f0,0x00000000dfe80000)
  to   space 19456K, 0% used [0x00000000e1c00000,0x00000000e1c00000,0x00000000e2f00000)
 ParOldGen       total 77312K, used 35600K [0x0000000087e00000, 0x000000008c980000, 0x00000000d7f80000)
  object space 77312K, 46% used [0x0000000087e00000,0x000000008a0c4050,0x000000008c980000)
 Metaspace       used 34686K, capacity 35218K, committed 35416K, reserved 1079296K
  class space    used 4634K, capacity 4801K, committed 4864K, reserved 1048576K
Event: 7.486 GC heap after
Heap after GC invocations=7 (full 2):
 PSYoungGen      total 130048K, used 0K [0x00000000d7f80000, 0x00000000e2f00000, 0x0000000100000000)
  eden space 124928K, 0% used [0x00000000d7f80000,0x00000000d7f80000,0x00000000df980000)
  from space 5120K, 0% used [0x00000000df980000,0x00000000df980000,0x00000000dfe80000)
  to   space 19456K, 0% used [0x00000000e1c00000,0x00000000e1c00000,0x00000000e2f00000)
 ParOldGen       total 118784K, used 28736K [0x0000000087e00000, 0x000000008f200000, 0x00000000d7f80000)
  object space 118784K, 24% used [0x0000000087e00000,0x0000000089a10230,0x000000008f200000)
 Metaspace       used 34686K, capacity 35218K, committed 35416K, reserved 1079296K
  class space    used 4634K, capacity 4801K, committed 4864K, reserved 1048576K
}
Event: 14.338 GC heap before
{Heap before GC invocations=8 (full 2):
 PSYoungGen      total 130048K, used 124928K [0x00000000d7f80000, 0x00000000e2f00000, 0x0000000100000000)
  eden space 124928K, 100% used [0x00000000d7f80000,0x00000000df980000,0x00000000df980000)
  from space 5120K, 0% used [0x00000000df980000,0x00000000df980000,0x00000000dfe80000)
  to   space 19456K, 0% used [0x00000000e1c00000,0x00000000e1c00000,0x00000000e2f00000)
 ParOldGen       total 118784K, used 28736K [0x0000000087e00000, 0x000000008f200000, 0x00000000d7f80000)
  object space 118784K, 24% used [0x0000000087e00000,0x0000000089a10230,0x000000008f200000)
 Metaspace       used 42891K, capacity 43612K, committed 44032K, reserved 1087488K
  class space    used 5616K, capacity 5836K, committed 5888K, reserved 1048576K
Event: 14.378 GC heap after
Heap after GC invocations=8 (full 2):
 PSYoungGen      total 153600K, used 19444K [0x00000000d7f80000, 0x00000000e5b80000, 0x0000000100000000)
  eden space 134144K, 0% used [0x00000000d7f80000,0x00000000d7f80000,0x00000000e0280000)
  from space 19456K, 99% used [0x00000000e1c00000,0x00000000e2efd1c0,0x00000000e2f00000)
  to   space 26112K, 0% used [0x00000000e0280000,0x00000000e0280000,0x00000000e1c00000)
 ParOldGen       total 118784K, used 34944K [0x0000000087e00000, 0x000000008f200000, 0x00000000d7f80000)
  object space 118784K, 29% used [0x0000000087e00000,0x000000008a0201a0,0x000000008f200000)
 Metaspace       used 42891K, capacity 43612K, committed 44032K, reserved 1087488K
  class space    used 5616K, capacity 5836K, committed 5888K, reserved 1048576K
}
Event: 22.789 GC heap before
{Heap before GC invocations=9 (full 2):
 PSYoungGen      total 153600K, used 153588K [0x00000000d7f80000, 0x00000000e5b80000, 0x0000000100000000)
  eden space 134144K, 100% used [0x00000000d7f80000,0x00000000e0280000,0x00000000e0280000)
  from space 19456K, 99% used [0x00000000e1c00000,0x00000000e2efd1c0,0x00000000e2f00000)
  to   space 26112K, 0% used [0x00000000e0280000,0x00000000e0280000,0x00000000e1c00000)
 ParOldGen       total 118784K, used 34944K [0x0000000087e00000, 0x000000008f200000, 0x00000000d7f80000)
  object space 118784K, 29% used [0x0000000087e00000,0x000000008a0201a0,0x000000008f200000)
 Metaspace       used 48231K, capacity 49156K, committed 49408K, reserved 1091584K
  class space    used 6284K, capacity 6560K, committed 6656K, reserved 1048576K
Event: 22.859 GC heap after
Heap after GC invocations=9 (full 2):
 PSYoungGen      total 160256K, used 26099K [0x00000000d7f80000, 0x00000000e7480000, 0x0000000100000000)
  eden space 134144K, 0% used [0x00000000d7f80000,0x00000000d7f80000,0x00000000e0280000)
  from space 26112K, 99% used [0x00000000e0280000,0x00000000e1bfcf68,0x00000000e1c00000)
  to   space 34816K, 0% used [0x00000000e5280000,0x00000000e5280000,0x00000000e7480000)
 ParOldGen       total 118784K, used 44211K [0x0000000087e00000, 0x000000008f200000, 0x00000000d7f80000)
  object space 118784K, 37% used [0x0000000087e00000,0x000000008a92cf00,0x000000008f200000)
 Metaspace       used 48231K, capacity 49156K, committed 49408K, reserved 1091584K
  class space    used 6284K, capacity 6560K, committed 6656K, reserved 1048576K
}

Deoptimization events (10 events):
Event: 22.048 Thread 0x000000788400b800 Uncommon trap: reason=class_check action=maybe_recompile pc=0x0000007881097538 method=java.util.concurrent.ConcurrentHashMap.putVal(Ljava/lang/Object;Ljava/lang/Object;Z)Ljava/lang/Object; @ 192
Event: 22.050 Thread 0x000000788400b800 Uncommon trap: reason=class_check action=maybe_recompile pc=0x000000788127e8d0 method=org.jetbrains.kotlin.resolve.calls.tower.PSIKotlinCallsKt.getPsiKotlinCall(Lorg/jetbrains/kotlin/resolve/calls/model/KotlinCall;)Lorg/jetbrains/kotlin/resolve/calls/towe
Event: 22.066 Thread 0x000000788400b800 Uncommon trap: reason=bimorphic action=maybe_recompile pc=0x00000078811e3a78 method=org.jetbrains.org.objectweb.asm.ClassReader.readField(Lorg/jetbrains/org/objectweb/asm/ClassVisitor;Lorg/jetbrains/org/objectweb/asm/Context;I)I @ 332
Event: 22.067 Thread 0x000000788400b800 Uncommon trap: reason=class_check action=maybe_recompile pc=0x000000788127e8d0 method=org.jetbrains.kotlin.resolve.calls.tower.PSIKotlinCallsKt.getPsiKotlinCall(Lorg/jetbrains/kotlin/resolve/calls/model/KotlinCall;)Lorg/jetbrains/kotlin/resolve/calls/towe
Event: 22.120 Thread 0x000000788400b800 Uncommon trap: reason=unstable_if action=reinterpret pc=0x0000007881295d0c method=java.util.concurrent.ConcurrentHashMap.clear()V @ 32
Event: 22.129 Thread 0x000000788400b800 Uncommon trap: reason=class_check action=maybe_recompile pc=0x000000788127e8d0 method=org.jetbrains.kotlin.resolve.calls.tower.PSIKotlinCallsKt.getPsiKotlinCall(Lorg/jetbrains/kotlin/resolve/calls/model/KotlinCall;)Lorg/jetbrains/kotlin/resolve/calls/towe
Event: 22.131 Thread 0x000000788400b800 Uncommon trap: reason=class_check action=maybe_recompile pc=0x000000788127e8d0 method=org.jetbrains.kotlin.resolve.calls.tower.PSIKotlinCallsKt.getPsiKotlinCall(Lorg/jetbrains/kotlin/resolve/calls/model/KotlinCall;)Lorg/jetbrains/kotlin/resolve/calls/towe
Event: 22.192 Thread 0x000000788400b800 Uncommon trap: reason=unstable_if action=reinterpret pc=0x00000078812c417c method=org.jetbrains.kotlin.types.AbstractStrictEqualityTypeChecker.strictEqualSimpleTypes(Lorg/jetbrains/kotlin/types/model/TypeSystemContext;Lorg/jetbrains/kotlin/types/model/Sim
Event: 22.725 Thread 0x000000788400b800 Uncommon trap: reason=unstable_if action=reinterpret pc=0x0000007881221dc4 method=java.util.HashMap.hash(Ljava/lang/Object;)I @ 1
Event: 22.984 Thread 0x000000788400b800 Uncommon trap: reason=class_check action=maybe_recompile pc=0x000000788129e8a0 method=org.jetbrains.kotlin.com.intellij.openapi.util.Key.getKeyByIndex(I)Lorg/jetbrains/kotlin/com/intellij/openapi/util/Key; @ 9

Classes redefined (0 events):
No events

Internal exceptions (10 events):
Event: 15.506 Thread 0x000000788400b800 Implicit null exception at 0x0000007881136b70 to 0x0000007881136c1c
Event: 15.553 Thread 0x000000788400b800 Implicit null exception at 0x00000078810a781c to 0x00000078810a78a4
Event: 15.553 Thread 0x000000788400b800 Implicit null exception at 0x000000788107bcf4 to 0x000000788107bd64
Event: 15.739 Thread 0x000000788400b800 Exception <a 'java/lang/IncompatibleClassChangeError': Found class java.lang.Object, but interface was expected> (0x00000000da47de48) thrown at [/HUDSON/workspace/8-2-build-glinux-arm64/jdk8u212/12974/hotspot/src/share/vm/interpreter/linkResolver.cpp, lin
Event: 17.833 Thread 0x000000788400b800 Implicit null exception at 0x0000007881087de8 to 0x0000007881087fe8
Event: 19.038 Thread 0x000000788400b800 Implicit null exception at 0x00000078811ea0e0 to 0x00000078811ea484
Event: 20.338 Thread 0x000000788400b800 Implicit null exception at 0x000000788107c06c to 0x000000788107c3f0
Event: 20.385 Thread 0x000000788400b800 Implicit null exception at 0x0000007881079aac to 0x0000007881079e30
Event: 21.010 Thread 0x000000788400b800 Implicit null exception at 0x00000078812b6d38 to 0x00000078812b726c
Event: 22.725 Thread 0x000000788400b800 Implicit null exception at 0x0000007881221c48 to 0x0000007881221da8

Events (10 events):
Event: 22.968 Executing VM operation: ForceSafepoint done
Event: 22.971 Executing VM operation: ForceSafepoint
Event: 22.972 Executing VM operation: ForceSafepoint done
Event: 22.976 Executing VM operation: ForceSafepoint
Event: 22.976 Executing VM operation: ForceSafepoint done
Event: 22.981 Executing VM operation: ForceSafepoint
Event: 22.982 Executing VM operation: ForceSafepoint done
Event: 22.984 Thread 0x000000788400b800 Uncommon trap: trap_request=0xffffffde fr.pc=0x000000788129e8a0
Event: 22.984 Thread 0x000000788400b800 DEOPT PACKING pc=0x000000788129e8a0 sp=0x000000788ab53a10
Event: 22.984 Thread 0x000000788400b800 DEOPT UNPACKING pc=0x0000007881002684 sp=0x000000788ab53960 mode 2


Dynamic libraries:
00400000-00401000 r-xp 00000000 fe:4c 3133056                            /data/data/com.m4coding.ide/files/0/opt/java/jdk1.8.0_212/jre/bin/java
00410000-00411000 r--p 00000000 fe:4c 3133056                            /data/data/com.m4coding.ide/files/0/opt/java/jdk1.8.0_212/jre/bin/java
00411000-00412000 rw-p 00001000 fe:4c 3133056                            /data/data/com.m4coding.ide/files/0/opt/java/jdk1.8.0_212/jre/bin/java
00412000-00434000 rw-p 00000000 00:00 0 
87e00000-8f200000 rw-p 00000000 00:00 0 
8f200000-d7f80000 ---p 00000000 00:00 0 
d7f80000-e7480000 rw-p 00000000 00:00 0 
e7480000-100000000 ---p 00000000 00:00 0 
100000000-100680000 rw-p 00000000 00:00 0 
100680000-140000000 ---p 00000000 00:00 0 
2000000000-2000001000 r-xp 00000000 fe:4c 3017506                        /data/app/~~JG6KgFjXDiiLCmJp5un9-Q==/com.m4coding.ide-1pAfsPGveDDrg1ANQg8CIA==/lib/arm64/lib_loader.so
3f00000000-3f0001d000 r-xp 00000000 fe:4c 3132303                        /data/data/com.m4coding.ide/files/0/lib/aarch64-linux-gnu/ld-2.27.so
3f0002c000-3f0002d000 r--p 0001c000 fe:4c 3132303                        /data/data/com.m4coding.ide/files/0/lib/aarch64-linux-gnu/ld-2.27.so
3f0002d000-3f0002f000 rw-p 0001d000 fe:4c 3132303                        /data/data/com.m4coding.ide/files/0/lib/aarch64-linux-gnu/ld-2.27.so
7834000000-7834021000 rw-p 00000000 00:00 0 
7834021000-7838000000 ---p 00000000 00:00 0 
783c000000-783c919000 rw-p 00000000 00:00 0 
783c919000-7840000000 ---p 00000000 00:00 0 
7840000000-7840021000 rw-p 00000000 00:00 0 
7840021000-7844000000 ---p 00000000 00:00 0 
7844000000-7844021000 rw-p 00000000 00:00 0 
7844021000-7848000000 ---p 00000000 00:00 0 
7848000000-7848a45000 rw-p 00000000 00:00 0 
7848a45000-784c000000 ---p 00000000 00:00 0 
784c000000-784c021000 rw-p 00000000 00:00 0 
784c021000-7850000000 ---p 00000000 00:00 0 
7850000000-7850021000 rw-p 00000000 00:00 0 
7850021000-7854000000 ---p 00000000 00:00 0 
7854000000-7854021000 rw-p 00000000 00:00 0 
7854021000-7858000000 ---p 00000000 00:00 0 
7858000000-7858021000 rw-p 00000000 00:00 0 
7858021000-785c000000 ---p 00000000 00:00 0 
785c000000-785c021000 rw-p 00000000 00:00 0 
785c021000-7860000000 ---p 00000000 00:00 0 
7860b7b000-7860df2000 rw-p 00000000 00:00 0 
7860df2000-7860df5000 r--s 00014000 fe:4c 3271982                        /data/data/com.m4coding.ide/files/0/home/test/.gradle/caches/transforms-2/files-2.1/4fdb3b6ad72d7a7ac05c6bfe3d6d6f89/jetified-play-services-tasks-18.0.2-api.jar
7860df5000-7860e02000 r--s 00107000 fe:4c 3271979                        /data/data/com.m4coding.ide/files/0/home/test/.gradle/caches/transforms-2/files-2.1/fa9f661bf8b1f21cb2fe9d8c4370d1d0/jetified-play-services-base-18.1.0-api.jar
7860e02000-7860e03000 r--s 00000000 fe:4c 3271985                        /data/data/com.m4coding.ide/files/0/home/test/.gradle/caches/transforms-2/files-2.1/9b805a824f5ea767b3ec262726e81282/jetified-vision-interfaces-16.2.0-api.jar
7860e03000-7860e04000 r--s 00001000 fe:4c 3272010                        /data/data/com.m4coding.ide/files/0/home/test/.gradle/caches/transforms-2/files-2.1/e2ee6faf8ce4d3fcc60ee2098366d21d/jetified-play-services-mlkit-text-recognition-19.0.0-api.jar
7860e04000-7860e15000 r--s 000d2000 fe:4c 3271972                        /data/data/com.m4coding.ide/files/0/home/test/.gradle/caches/transforms-2/files-2.1/97561afadd614658e2c8390755893dcc/jetified-play-services-mlkit-text-recognition-common-19.0.0-api.jar
7860e15000-7860e1f000 r--s 000a6000 fe:4c 3271989                        /data/data/com.m4coding.ide/files/0/home/test/.gradle/caches/transforms-2/files-2.1/65b5ed3691a9b859e4b8bd56ad885bb1/jetified-play-services-basement-18.1.0-api.jar
7860e1f000-7860e2f000 r--s 000d0000 fe:4c 3271973                        /data/data/com.m4coding.ide/files/0/home/test/.gradle/caches/transforms-2/files-2.1/7b2ad31fd77e09335e7f519ddca4e667/jetified-common-18.8.0-api.jar
7860e2f000-7860e3b000 r--s 0008b000 fe:4c 3271970                        /data/data/com.m4coding.ide/files/0/home/test/.gradle/caches/transforms-2/files-2.1/c09517c0842ddcfe060c80097cbd8568/jetified-vision-common-17.3.0-api.jar
7860e3b000-7860e41000 r--s 0010b000 fe:4c 2840397                        /data/data/com.m4coding.ide/files/storage/project/TranslateKomik/app/build/intermediates/compile_and_runtime_not_namespaced_r_class_jar/debug/R.jar
7860e41000-7861001000 rw-p 00000000 00:00 0 
7861001000-7861041000 ---p 00000000 00:00 0 
7861041000-7861241000 rw-p 00000000 00:00 0 
7861241000-7861242000 r--s 0000a000 fe:4c 3183532                        /data/data/com.m4coding.ide/files/0/home/test/.gradle/caches/modules-2/files-2.1/androidx.collection/collection/1.1.0/1f27220b47669781457de0d600849a5de0e89909/collection-1.1.0.jar
7861242000-7861442000 rw-p 00000000 00:00 0 
7861442000-7861444000 r--s 00013000 fe:4c 3259045                        /data/data/com.m4coding.ide/files/0/home/test/.gradle/caches/transforms-2/files-2.1/c025d4ce8b983e5e58b31a5e9ccd7e66/customview-1.1.0-api.jar
7861444000-7861456000 r--s 00207000 fe:4c 3259008                        /data/data/com.m4coding.ide/files/0/home/test/.gradle/caches/transforms-2/files-2.1/57d8d68d59a1f317a26c7c2d5d3fc418/core-1.7.0-api.jar
7861456000-7861461000 r--s 00194000 fe:4c 3258977                        /data/data/com.m4coding.ide/files/0/home/test/.gradle/caches/transforms-2/files-2.1/d06fc1aedfd9f32c4ea1d8b81a11f56e/appcompat-1.4.1-api.jar
7861461000-7861661000 rw-p 00000000 00:00 0 
7861661000-7861861000 rw-p 00000000 00:00 0 
7861861000-7861a61000 rw-p 00000000 00:00 0 
7861a61000-7861c61000 rw-p 00000000 00:00 0 
7861c61000-7861e61000 rw-p 00000000 00:00 0 
7861e61000-7862061000 rw-p 00000000 00:00 0 
7862061000-7862261000 rw-p 00000000 00:00 0 
7862261000-786238e000 r--s 018b5000 fe:4c 1292906                        /data/data/com.m4coding.ide/files/0/opt/android_sdk/platforms/android-33/android.jar
786238e000-786258e000 rw-p 00000000 00:00 0 
786258e000-786278e000 rw-p 00000000 00:00 0 
786278e000-7862c65000 rw-p 00000000 00:00 0 
7862c65000-7862e65000 rw-p 00000000 00:00 0 
7862e65000-7863065000 rw-p 00000000 00:00 0 
7863065000-7863265000 rw-p 00000000 00:00 0 
7863265000-7863465000 rw-p 00000000 00:00 0 
7863465000-7863626000 rw-p 00000000 00:00 0 
7863626000-78638fd000 r--s 02cd5000 fe:4c 3150451                        /data/data/com.m4coding.ide/files/0/home/test/.gradle/caches/modules-2/files-2.1/org.jetbrains.kotlin/kotlin-compiler-embeddable/1.6.10/88f2073f4020cdb83132cfe940ceb9a60aba54ea/kotlin-compiler-embeddable-1.6.10.jar
78638fd000-78638fe000 ---p 00000000 00:00 0 
78638fe000-78639fe000 rw-p 00000000 00:00 0 
78639fe000-7863a01000 ---p 00000000 00:00 0 
7863a01000-7863afe000 rw-p 00000000 00:00 0 
7863afe000-7863aff000 ---p 00000000 00:00 0 
7863aff000-7863b02000 ---p 00000000 00:00 0 
7863b02000-7863bff000 rw-p 00000000 00:00 0 
7863bff000-7863c00000 ---p 00000000 00:00 0 
7863c00000-7863c03000 ---p 00000000 00:00 0 
7863c03000-7863d00000 rw-p 00000000 00:00 0 
7863d00000-7863d03000 ---p 00000000 00:00 0 
7863d03000-7863e00000 rw-p 00000000 00:00 0 
7863e00000-7863e03000 ---p 00000000 00:00 0 
7863e03000-7863f00000 rw-p 00000000 00:00 0 
7863f00000-7863f03000 ---p 00000000 00:00 0 
7863f03000-7864000000 rw-p 00000000 00:00 0 
7864000000-7864021000 rw-p 00000000 00:00 0 
7864021000-7868000000 ---p 00000000 00:00 0 
7868000000-7868001000 r--s 00005000 fe:4c 3259023                        /data/data/com.m4coding.ide/files/0/home/test/.gradle/caches/transforms-2/files-2.1/66ed65fbc7eec6756f401a33cbdcf9f8/lifecycle-runtime-2.4.0-api.jar
7868001000-7868003000 r--s 00012000 fe:4c 3258966                        /data/data/com.m4coding.ide/files/0/home/test/.gradle/caches/transforms-2/files-2.1/eacacf83e429a7b01e630f41c24036c4/drawerlayout-1.1.1-api.jar
7868003000-7868005000 r--s 00006000 fe:4c 3214485                        /data/data/com.m4coding.ide/files/0/home/test/.gradle/caches/modules-2/files-2.1/androidx.annotation/annotation/1.3.0/21f49f5f9b85fc49de712539f79123119740595/annotation-1.3.0.jar
7868005000-786800a000 r--s 00099000 fe:4c 3258969                        /data/data/com.m4coding.ide/files/0/home/test/.gradle/caches/transforms-2/files-2.1/8640f39bad4866853a0c151268275a41/fragment-1.3.6-api.jar
786800a000-7868012000 r--s 00029000 fe:4c 3257457                        /data/data/com.m4coding.ide/files/0/home/test/.gradle/caches/transforms-2/files-2.1/c4930067e1f52a10ace1fdcba3988286/jetified-kotlin-stdlib-common-1.6.10.jar
7868012000-7868027000 r--s 0015c000 fe:4c 3257501                        /data/data/com.m4coding.ide/files/0/home/test/.gradle/caches/transforms-2/files-2.1/d2a4578cba051b18813322e279371552/jetified-kotlin-stdlib-1.6.10.jar
7868027000-786802b000 r--s 0005f000 fe:4c 3258975                        /data/data/com.m4coding.ide/files/0/home/test/.gradle/caches/transforms-2/files-2.1/f983677aba979e4b0f500ff66928db6a/jetified-core-ktx-1.7.0-api.jar
786802b000-786802c000 r--s 00014000 fe:4c 3259002                        /data/data/com.m4coding.ide/files/0/home/test/.gradle/caches/transforms-2/files-2.1/43706e0c3452950fe6e8ffdc4594125b/loader-1.0.0-api.jar
786802c000-786802e000 r--s 00004000 fe:4c 3259017                        /data/data/com.m4coding.ide/files/0/home/test/.gradle/caches/transforms-2/files-2.1/04747761ee1b58791064a66dd8d90d79/jetified-savedstate-1.1.0-api.jar
786802e000-7868042000 r-xp 00000000 fe:4c 3132982                        /data/data/com.m4coding.ide/files/0/opt/java/jdk1.8.0_212/jre/lib/aarch64/libnet.so
7868042000-7868051000 ---p 00014000 fe:4c 3132982                        /data/data/com.m4coding.ide/files/0/opt/java/jdk1.8.0_212/jre/lib/aarch64/libnet.so
7868051000-7868052000 r--p 00013000 fe:4c 3132982                        /data/data/com.m4coding.ide/files/0/opt/java/jdk1.8.0_212/jre/lib/aarch64/libnet.so
7868052000-7868053000 rw-p 00014000 fe:4c 3132982                        /data/data/com.m4coding.ide/files/0/opt/java/jdk1.8.0_212/jre/lib/aarch64/libnet.so
7868053000-7868061000 r-xp 00000000 fe:4c 3132994                        /data/data/com.m4coding.ide/files/0/opt/java/jdk1.8.0_212/jre/lib/aarch64/libnio.so
7868061000-7868071000 ---p 0000e000 fe:4c 3132994                        /data/data/com.m4coding.ide/files/0/opt/java/jdk1.8.0_212/jre/lib/aarch64/libnio.so
7868071000-7868072000 r--p 0000e000 fe:4c 3132994                        /data/data/com.m4coding.ide/files/0/opt/java/jdk1.8.0_212/jre/lib/aarch64/libnio.so
7868072000-7868073000 rw-p 0000f000 fe:4c 3132994                        /data/data/com.m4coding.ide/files/0/opt/java/jdk1.8.0_212/jre/lib/aarch64/libnio.so
7868073000-78680ed000 r--s 010fd000 fe:4c 3133072                        /data/data/com.m4coding.ide/files/0/opt/java/jdk1.8.0_212/lib/tools.jar
78680ed000-78680ee000 ---p 00000000 00:00 0 
78680ee000-786c000000 rw-p 00000000 00:00 0 
786c000000-786c021000 rw-p 00000000 00:00 0 
786c021000-7870000000 ---p 00000000 00:00 0 
7870000000-7870021000 rw-p 00000000 00:00 0 
7870021000-7874000000 ---p 00000000 00:00 0 
7874000000-7874021000 rw-p 00000000 00:00 0 
7874021000-7878000000 ---p 00000000 00:00 0 
7878000000-7878021000 rw-p 00000000 00:00 0 
7878021000-787c000000 ---p 00000000 00:00 0 
787c000000-787c021000 rw-p 00000000 00:00 0 
787c021000-7880000000 ---p 00000000 00:00 0 
7880000000-7880002000 r--s 00005000 fe:4c 3272007                        /data/data/com.m4coding.ide/files/0/home/test/.gradle/caches/transforms-2/files-2.1/3ef137d8441a332f7c8b9bef38c528f2/jetified-image-1.0.0-beta1-api.jar
7880002000-7880003000 r--s 00005000 fe:4c 3259030                        /data/data/com.m4coding.ide/files/0/home/test/.gradle/caches/transforms-2/files-2.1/f11ecf4727875866808d5afa2e1dddc5/lifecycle-viewmodel-2.3.1-api.jar
7880003000-7880006000 r--s 00024000 fe:4c 3258971                        /data/data/com.m4coding.ide/files/0/home/test/.gradle/caches/transforms-2/files-2.1/ec2d28095094cf428abf485fcc436ec3/jetified-activity-1.2.4-api.jar
7880006000-7880007000 r--s 00002000 fe:4c 3259034                        /data/data/com.m4coding.ide/files/0/home/test/.gradle/caches/transforms-2/files-2.1/9841b258e7386adc54537f8f54aa6067/jetified-annotation-experimental-1.1.0-api.jar
7880007000-7880008000 r--s 00005000 fe:4c 3257470                        /data/data/com.m4coding.ide/files/0/home/test/.gradle/caches/transforms-2/files-2.1/49174759b7d01aab624e86fe4528b17b/jetified-kotlin-stdlib-jdk7-1.6.10.jar
7880008000-7880009000 r--s 00003000 fe:4c 3257454                        /data/data/com.m4coding.ide/files/0/home/test/.gradle/caches/transforms-2/files-2.1/a3dc0f9925757dea6e590cd02ad837bc/jetified-kotlin-stdlib-jdk8-1.6.10.jar
788000b000-7880013000 r--s 00029000 fe:4c 3257142                        /data/data/com.m4coding.ide/files/0/home/test/.gradle/caches/modules-2/files-2.1/org.jetbrains.kotlin/kotlin-stdlib-common/1.6.10/c118700e3a33c8a0d9adc920e9dec0831171925/kotlin-stdlib-common-1.6.10.jar
7880013000-788001e000 r--s 00081000 fe:4c 3149391                        /data/data/com.m4coding.ide/files/0/home/test/.gradle/caches/modules-2/files-2.1/org.jetbrains.intellij.deps/trove4j/1.0.20181211/216c2e14b070f334479d800987affe4054cd563f/trove4j-1.0.20181211.jar
788001e000-7880033000 r--s 0015c000 fe:4c 3257143                        /data/data/com.m4coding.ide/files/0/home/test/.gradle/caches/modules-2/files-2.1/org.jetbrains.kotlin/kotlin-stdlib/1.6.10/b8af3fe6f1ca88526914929add63cf5e7c5049af/kotlin-stdlib-1.6.10.jar
7880033000-7880070000 r--s 002a9000 fe:4c 3259089                        /data/data/com.m4coding.ide/files/0/home/test/.gradle/caches/modules-2/files-2.1/org.jetbrains.kotlin/kotlin-reflect/1.6.10/1cbe9c92c12a94eea200d23c2bbaedaf3daf5132/kotlin-reflect-1.6.10.jar
7880070000-7881000000 rw-p 00000000 00:00 0 
7881000000-7881300000 rwxp 00000000 00:00 0 
7881300000-7884000000 ---p 00000000 00:00 0 
7884000000-78853ae000 rw-p 00000000 00:00 0 
78853ae000-7888000000 ---p 00000000 00:00 0 
7888001000-7888002000 r--s 00005000 fe:4c 3214516                        /data/data/com.m4coding.ide/files/0/home/test/.gradle/caches/modules-2/files-2.1/androidx.lifecycle/lifecycle-common/2.4.0/1fdb7349701e9cf2f0a69fc10642b6fef6bb3e12/lifecycle-common-2.4.0.jar
7888002000-7888007000 r--s 000a3000 fe:4c 3133017                        /data/data/com.m4coding.ide/files/0/opt/java/jdk1.8.0_212/jre/lib/jsse.jar
7888007000-7888014000 r--s 000a5000 fe:4c 3105238                        /data/data/com.m4coding.ide/files/0/home/test/.gradle/caches/modules-2/files-2.1/org.jetbrains.kotlin/kotlin-daemon-embeddable/1.6.10/a56d79bcbea411fa6058e4ecffc2de73e742bd2a/kotlin-daemon-embeddable-1.6.10.jar
7888014000-7888b75000 rw-p 00000000 00:00 0 
7888b75000-7888d4f000 r--s 03d6d000 fe:4c 3133022                        /data/data/com.m4coding.ide/files/0/opt/java/jdk1.8.0_212/jre/lib/rt.jar
7888d4f000-7889a2f000 rw-p 00000000 00:00 0 
7889a2f000-7889a30000 ---p 00000000 00:00 0 
7889a30000-7889b30000 rw-p 00000000 00:00 0 
7889b30000-7889b31000 ---p 00000000 00:00 0 
7889b31000-7889c31000 rw-p 00000000 00:00 0 
7889c31000-7889c32000 ---p 00000000 00:00 0 
7889c32000-7889d32000 rw-p 00000000 00:00 0 
7889d32000-7889d33000 ---p 00000000 00:00 0 
7889d33000-7889e33000 rw-p 00000000 00:00 0 
7889e33000-7889e34000 ---p 00000000 00:00 0 
7889e34000-7889f34000 rw-p 00000000 00:00 0 
7889f34000-7889f35000 ---p 00000000 00:00 0 
7889f35000-788a035000 rw-p 00000000 00:00 0 
788a035000-788a036000 ---p 00000000 00:00 0 
788a036000-788a136000 rw-p 00000000 00:00 0 
788a136000-788a137000 ---p 00000000 00:00 0 
788a137000-788a271000 rw-p 00000000 00:00 0 
788a271000-788a4b8000 ---p 00000000 00:00 0 
788a4b8000-788a4f2000 rw-p 00000000 00:00 0 
788a4f2000-788a738000 ---p 00000000 00:00 0 
788a738000-788a7b4000 rw-p 00000000 00:00 0 
788a7b4000-788a879000 ---p 00000000 00:00 0 
788a879000-788a886000 rw-p 00000000 00:00 0 
788a886000-788a93a000 ---p 00000000 00:00 0 
788a93a000-788a951000 r-xp 00000000 fe:4c 3133000                        /data/data/com.m4coding.ide/files/0/opt/java/jdk1.8.0_212/jre/lib/aarch64/libzip.so
788a951000-788a960000 ---p 00017000 fe:4c 3133000                        /data/data/com.m4coding.ide/files/0/opt/java/jdk1.8.0_212/jre/lib/aarch64/libzip.so
788a960000-788a961000 r--p 00016000 fe:4c 3133000                        /data/data/com.m4coding.ide/files/0/opt/java/jdk1.8.0_212/jre/lib/aarch64/libzip.so
788a961000-788a962000 rw-p 00017000 fe:4c 3133000                        /data/data/com.m4coding.ide/files/0/opt/java/jdk1.8.0_212/jre/lib/aarch64/libzip.so
788a962000-788a96a000 rw-s 00000000 fe:4c 2998569                        /data/data/com.m4coding.ide/files/0/tmp/hsperfdata_test/15746
788a96a000-788a974000 r-xp 00000000 fe:4c 3132263                        /data/data/com.m4coding.ide/files/0/lib/aarch64-linux-gnu/libnss_files-2.27.so
788a974000-788a983000 ---p 0000a000 fe:4c 3132263                        /data/data/com.m4coding.ide/files/0/lib/aarch64-linux-gnu/libnss_files-2.27.so
788a983000-788a984000 r--p 00009000 fe:4c 3132263                        /data/data/com.m4coding.ide/files/0/lib/aarch64-linux-gnu/libnss_files-2.27.so
788a984000-788a985000 rw-p 0000a000 fe:4c 3132263                        /data/data/com.m4coding.ide/files/0/lib/aarch64-linux-gnu/libnss_files-2.27.so
788a985000-788a98b000 rw-p 00000000 00:00 0 
788a98b000-788a99d000 r-xp 00000000 fe:4c 3132292                        /data/data/com.m4coding.ide/files/0/lib/aarch64-linux-gnu/libnsl-2.27.so
788a99d000-788a9ac000 ---p 00012000 fe:4c 3132292                        /data/data/com.m4coding.ide/files/0/lib/aarch64-linux-gnu/libnsl-2.27.so
788a9ac000-788a9ad000 r--p 00011000 fe:4c 3132292                        /data/data/com.m4coding.ide/files/0/lib/aarch64-linux-gnu/libnsl-2.27.so
788a9ad000-788a9ae000 rw-p 00012000 fe:4c 3132292                        /data/data/com.m4coding.ide/files/0/lib/aarch64-linux-gnu/libnsl-2.27.so
788a9ae000-788a9b0000 rw-p 00000000 00:00 0 
788a9b0000-788a9ba000 r-xp 00000000 fe:4c 3132370                        /data/data/com.m4coding.ide/files/0/lib/aarch64-linux-gnu/libnss_nis-2.27.so
788a9ba000-788a9c9000 ---p 0000a000 fe:4c 3132370                        /data/data/com.m4coding.ide/files/0/lib/aarch64-linux-gnu/libnss_nis-2.27.so
788a9c9000-788a9ca000 r--p 00009000 fe:4c 3132370                        /data/data/com.m4coding.ide/files/0/lib/aarch64-linux-gnu/libnss_nis-2.27.so
788a9ca000-788a9cb000 rw-p 0000a000 fe:4c 3132370                        /data/data/com.m4coding.ide/files/0/lib/aarch64-linux-gnu/libnss_nis-2.27.so
788a9cb000-788a9d2000 r-xp 00000000 fe:4c 3132366                        /data/data/com.m4coding.ide/files/0/lib/aarch64-linux-gnu/libnss_compat-2.27.so
788a9d2000-788a9e1000 ---p 00007000 fe:4c 3132366                        /data/data/com.m4coding.ide/files/0/lib/aarch64-linux-gnu/libnss_compat-2.27.so
788a9e1000-788a9e2000 r--p 00006000 fe:4c 3132366                        /data/data/com.m4coding.ide/files/0/lib/aarch64-linux-gnu/libnss_compat-2.27.so
788a9e2000-788a9e3000 rw-p 00007000 fe:4c 3132366                        /data/data/com.m4coding.ide/files/0/lib/aarch64-linux-gnu/libnss_compat-2.27.so
788a9e3000-788a9e4000 r--s 00010000 fe:4c 3132924                        /data/data/com.m4coding.ide/files/0/opt/java/jdk1.8.0_212/jre/lib/ext/zipfs.jar
788a9e4000-788a9e8000 r--s 0016d000 fe:4c 3126599                        /data/data/com.m4coding.ide/files/0/home/test/.gradle/caches/modules-2/files-2.1/net.java.dev.jna/jna/5.6.0/330f2244e9030119ab3030fc3fededc86713d9cc/jna-5.6.0.jar
788a9e8000-788aa11000 r-xp 00000000 fe:4c 3132983                        /data/data/com.m4coding.ide/files/0/opt/java/jdk1.8.0_212/jre/lib/aarch64/libjava.so
788aa11000-788aa21000 ---p 00029000 fe:4c 3132983                        /data/data/com.m4coding.ide/files/0/opt/java/jdk1.8.0_212/jre/lib/aarch64/libjava.so
788aa21000-788aa22000 r--p 00029000 fe:4c 3132983                        /data/data/com.m4coding.ide/files/0/opt/java/jdk1.8.0_212/jre/lib/aarch64/libjava.so
788aa22000-788aa24000 rw-p 0002a000 fe:4c 3132983                        /data/data/com.m4coding.ide/files/0/opt/java/jdk1.8.0_212/jre/lib/aarch64/libjava.so
788aa24000-788aa30000 r-xp 00000000 fe:4c 3132962                        /data/data/com.m4coding.ide/files/0/opt/java/jdk1.8.0_212/jre/lib/aarch64/libverify.so
788aa30000-788aa3f000 ---p 0000c000 fe:4c 3132962                        /data/data/com.m4coding.ide/files/0/opt/java/jdk1.8.0_212/jre/lib/aarch64/libverify.so
788aa3f000-788aa41000 r--p 0000b000 fe:4c 3132962                        /data/data/com.m4coding.ide/files/0/opt/java/jdk1.8.0_212/jre/lib/aarch64/libverify.so
788aa41000-788aa42000 rw-p 0000d000 fe:4c 3132962                        /data/data/com.m4coding.ide/files/0/opt/java/jdk1.8.0_212/jre/lib/aarch64/libverify.so
788aa42000-788aa48000 r-xp 00000000 fe:4c 3132258                        /data/data/com.m4coding.ide/files/0/lib/aarch64-linux-gnu/librt-2.27.so
788aa48000-788aa57000 ---p 00006000 fe:4c 3132258                        /data/data/com.m4coding.ide/files/0/lib/aarch64-linux-gnu/librt-2.27.so
788aa57000-788aa58000 r--p 00005000 fe:4c 3132258                        /data/data/com.m4coding.ide/files/0/lib/aarch64-linux-gnu/librt-2.27.so
788aa58000-788aa59000 rw-p 00006000 fe:4c 3132258                        /data/data/com.m4coding.ide/files/0/lib/aarch64-linux-gnu/librt-2.27.so
788aa59000-788aa5a000 ---p 00000000 00:00 0 
788aa5a000-788aa5d000 ---p 00000000 00:00 0 
788aa5d000-788ab5a000 rw-p 00000000 00:00 0 
788ab5a000-788ac03000 r-xp 00000000 fe:4c 3132362                        /data/data/com.m4coding.ide/files/0/lib/aarch64-linux-gnu/libm-2.27.so
788ac03000-788ac12000 ---p 000a9000 fe:4c 3132362                        /data/data/com.m4coding.ide/files/0/lib/aarch64-linux-gnu/libm-2.27.so
788ac12000-788ac13000 r--p 000a8000 fe:4c 3132362                        /data/data/com.m4coding.ide/files/0/lib/aarch64-linux-gnu/libm-2.27.so
788ac13000-788ac14000 rw-p 000a9000 fe:4c 3132362                        /data/data/com.m4coding.ide/files/0/lib/aarch64-linux-gnu/libm-2.27.so
788ac14000-788b541000 r-xp 00000000 fe:4c 3132972                        /data/data/com.m4coding.ide/files/0/opt/java/jdk1.8.0_212/jre/lib/aarch64/server/libjvm.so
788b541000-788b551000 ---p 0092d000 fe:4c 3132972                        /data/data/com.m4coding.ide/files/0/opt/java/jdk1.8.0_212/jre/lib/aarch64/server/libjvm.so
788b551000-788b5c7000 r--p 0092d000 fe:4c 3132972                        /data/data/com.m4coding.ide/files/0/opt/java/jdk1.8.0_212/jre/lib/aarch64/server/libjvm.so
788b5c7000-788b5f7000 rw-p 009a3000 fe:4c 3132972                        /data/data/com.m4coding.ide/files/0/opt/java/jdk1.8.0_212/jre/lib/aarch64/server/libjvm.so
788b5f7000-788b647000 rw-p 00000000 00:00 0 
788b647000-788b787000 r-xp 00000000 fe:4c 3132371                        /data/data/com.m4coding.ide/files/0/lib/aarch64-linux-gnu/libc-2.27.so
788b787000-788b796000 ---p 00140000 fe:4c 3132371                        /data/data/com.m4coding.ide/files/0/lib/aarch64-linux-gnu/libc-2.27.so
788b796000-788b79a000 r--p 0013f000 fe:4c 3132371                        /data/data/com.m4coding.ide/files/0/lib/aarch64-linux-gnu/libc-2.27.so
788b79a000-788b79c000 rw-p 00143000 fe:4c 3132371                        /data/data/com.m4coding.ide/files/0/lib/aarch64-linux-gnu/libc-2.27.so
788b79c000-788b7a0000 rw-p 00000000 00:00 0 
788b7a0000-788b7a3000 r-xp 00000000 fe:4c 3132241                        /data/data/com.m4coding.ide/files/0/lib/aarch64-linux-gnu/libdl-2.27.so
788b7a3000-788b7b3000 ---p 00003000 fe:4c 3132241                        /data/data/com.m4coding.ide/files/0/lib/aarch64-linux-gnu/libdl-2.27.so
788b7b3000-788b7b4000 r--p 00003000 fe:4c 3132241                        /data/data/com.m4coding.ide/files/0/lib/aarch64-linux-gnu/libdl-2.27.so
788b7b4000-788b7b5000 rw-p 00004000 fe:4c 3132241                        /data/data/com.m4coding.ide/files/0/lib/aarch64-linux-gnu/libdl-2.27.so
788b7b5000-788b7ca000 r-xp 00000000 fe:4c 3132966                        /data/data/com.m4coding.ide/files/0/opt/java/jdk1.8.0_212/jre/lib/aarch64/jli/libjli.so
788b7ca000-788b7d9000 ---p 00015000 fe:4c 3132966                        /data/data/com.m4coding.ide/files/0/opt/java/jdk1.8.0_212/jre/lib/aarch64/jli/libjli.so
788b7d9000-788b7da000 r--p 00014000 fe:4c 3132966                        /data/data/com.m4coding.ide/files/0/opt/java/jdk1.8.0_212/jre/lib/aarch64/jli/libjli.so
788b7da000-788b7db000 rw-p 00015000 fe:4c 3132966                        /data/data/com.m4coding.ide/files/0/opt/java/jdk1.8.0_212/jre/lib/aarch64/jli/libjli.so
788b7db000-788b7f2000 r-xp 00000000 fe:4c 3132280                        /data/data/com.m4coding.ide/files/0/lib/aarch64-linux-gnu/libpthread-2.27.so
788b7f2000-788b801000 ---p 00017000 fe:4c 3132280                        /data/data/com.m4coding.ide/files/0/lib/aarch64-linux-gnu/libpthread-2.27.so
788b801000-788b802000 r--p 00016000 fe:4c 3132280                        /data/data/com.m4coding.ide/files/0/lib/aarch64-linux-gnu/libpthread-2.27.so
788b802000-788b803000 rw-p 00017000 fe:4c 3132280                        /data/data/com.m4coding.ide/files/0/lib/aarch64-linux-gnu/libpthread-2.27.so
788b803000-788b809000 rw-p 00000000 00:00 0 
788b809000-788b80b000 r--s 00003000 fe:4c 3149406                        /data/data/com.m4coding.ide/files/0/home/test/.gradle/caches/modules-2/files-2.1/org.jetbrains/annotations/13.0/919f0dfe192fb4e063e7dacadee7f8bb9a2672a9/annotations-13.0.jar
788b80b000-788b80d000 r--s 00009000 fe:4c 3259090                        /data/data/com.m4coding.ide/files/0/home/test/.gradle/caches/modules-2/files-2.1/org.jetbrains.kotlin/kotlin-script-runtime/1.6.10/d0a7ff2e2500ef497ed0214ae40ad3c8387a6164/kotlin-script-runtime-1.6.10.jar
788b80d000-788b80e000 r--p 00000000 00:00 0 
788b80e000-788b810000 r--p 00000000 00:00 0                              [vvar]
788b810000-788b811000 r-xp 00000000 00:00 0                              [vdso]
7fdcb9c000-7fdcbbd000 rw-p 00000000 00:00 0                              [stack]

VM Arguments:
java_command: org.jetbrains.kotlin.cli.jvm.K2JVMCompiler @/storage/internal_new/project/TranslateKomik/app/build/20260524_4978513152345657557.compiler.options
java_class_path (initial): /home/test/.gradle/caches/modules-2/files-2.1/org.jetbrains.kotlin/kotlin-compiler-embeddable/1.6.10/88f2073f4020cdb83132cfe940ceb9a60aba54ea/kotlin-compiler-embeddable-1.6.10.jar:/home/test/.gradle/caches/modules-2/files-2.1/org.jetbrains.kotlin/kotlin-reflect/1.6.10/1cbe9c92c12a94eea200d23c2bbaedaf3daf5132/kotlin-reflect-1.6.10.jar:/home/test/.gradle/caches/modules-2/files-2.1/org.jetbrains.kotlin/kotlin-stdlib/1.6.10/b8af3fe6f1ca88526914929add63cf5e7c5049af/kotlin-stdlib-1.6.10.jar:/home/test/.gradle/caches/modules-2/files-2.1/org.jetbrains.kotlin/kotlin-script-runtime/1.6.10/d0a7ff2e2500ef497ed0214ae40ad3c8387a6164/kotlin-script-runtime-1.6.10.jar:/home/test/.gradle/caches/modules-2/files-2.1/org.jetbrains.kotlin/kotlin-daemon-embeddable/1.6.10/a56d79bcbea411fa6058e4ecffc2de73e742bd2a/kotlin-daemon-embeddable-1.6.10.jar:/home/test/.gradle/caches/modules-2/files-2.1/org.jetbrains.intellij.deps/trove4j/1.0.20181211/216c2e14b070f334479d800987affe4054cd563f/trove4j-1.0.20181211.jar:/home/test/.gradle/caches/modules-2/files-2.1/net.java.dev.jna/jna/5.6.0/330f2244e9030119ab3030fc3fededc86713d9cc/jna-5.6.0.jar:/home/test/.gradle/caches/modules-2/files-2.1/org.jetbrains/annotations/13.0/919f0dfe192fb4e063e7dacadee7f8bb9a2672a9/annotations-13.0.jar:/home/test/.gradle/caches/modules-2/files-2.1/org.jetbrains.kotlin/kotlin-stdlib-common/1.6.10/c118700e3a33c8a0d9adc920e9dec0831171925/kotlin-stdlib-common-1.6.10.jar:/opt/java/jdk1.8.0_212/lib/tools.jar
Launcher Type: SUN_STANDARD

Environment Variables:
JAVA_HOME=/opt/java/jdk1.8.0_212
PATH=/opt/android_sdk/platform-tools:/opt/android_sdk/tools/bin:/opt/android_sdk/tools:/opt/java/jdk1.8.0_212/bin:/opt/gradle/gradle-6.1.1/bin:/usr/local/sbin:/usr/local/bin:/usr/sbin:/usr/bin:/sbin:/bin:/usr/games:/usr/local/games
SHELL=/bin/bash

Signal Handlers:
SIGSEGV: [libjvm.so+0x88d8b8], sa_mask[0]=11111111011111111101111111111110, sa_flags=SA_RESTART|SA_SIGINFO
SIGBUS: [libjvm.so+0x88d8b8], sa_mask[0]=11111111011111111101111111111110, sa_flags=SA_RESTART|SA_SIGINFO
SIGFPE: [libjvm.so+0x715108], sa_mask[0]=11111111011111111101111111111110, sa_flags=SA_RESTART|SA_SIGINFO
SIGPIPE: [libjvm.so+0x715108], sa_mask[0]=11111111011111111101111111111110, sa_flags=SA_RESTART|SA_SIGINFO
SIGXFSZ: [libjvm.so+0x715108], sa_mask[0]=11111111011111111101111111111110, sa_flags=SA_RESTART|SA_SIGINFO
SIGILL: [libjvm.so+0x715108], sa_mask[0]=11111111011111111101111111111110, sa_flags=SA_RESTART|SA_SIGINFO
SIGUSR1: SIG_DFL, sa_mask[0]=00000000000000000000000000000000, sa_flags=none
SIGUSR2: [libjvm.so+0x714fe4], sa_mask[0]=00100000010010000000000000000000, sa_flags=SA_RESTART|SA_SIGINFO
SIGHUP: [libjvm.so+0x7151d0], sa_mask[0]=11111111011111111101111111111110, sa_flags=SA_RESTART|SA_SIGINFO
SIGINT: [libjvm.so+0x7151d0], sa_mask[0]=11111111011111111101111111111110, sa_flags=SA_RESTART|SA_SIGINFO
SIGTERM: [libjvm.so+0x7151d0], sa_mask[0]=11111111011111111101111111111110, sa_flags=SA_RESTART|SA_SIGINFO
SIGQUIT: [libjvm.so+0x7151d0], sa_mask[0]=11111111011111111101111111111110, sa_flags=SA_RESTART|SA_SIGINFO


---------------  S Y S T E M  ---------------

OS:DISTRIB_ID=Ubuntu
DISTRIB_RELEASE=18.04
DISTRIB_CODENAME=bionic
DISTRIB_DESCRIPTION="Ubuntu 18.04.2 LTS"

uname:Linux 5.10.237-android12-9-00014-gf82f7360927e-ab14119954 #1 SMP PREEMPT Wed Sep 17 09:13:52 UTC 2025 aarch64
libc:glibc 2.27 NPTL 2.27 
rlimit: STACK 8192k, CORE 0k, NPROC 27984, NOFILE 32768, AS infinity
load average:0.00 0.00 -nan

/proc/meminfo:
MemTotal:        7866536 kB
MemFree:          113628 kB
MemAvailable:    2172132 kB
Buffers:            1968 kB
Cached:          2232656 kB
SwapCached:       195580 kB
Active:          1302040 kB
Inactive:        3456328 kB
Active(anon):     610660 kB
Inactive(anon):  2130292 kB
Active(file):     691380 kB
Inactive(file):  1326036 kB
Unevictable:      202496 kB
Mlocked:          202496 kB
SwapTotal:       7866532 kB
SwapFree:        5293920 kB
Dirty:              1796 kB
Writeback:             0 kB
AnonPages:       2674756 kB
Mapped:          1200616 kB
Shmem:             22684 kB
KReclaimable:     288324 kB
Slab:             626788 kB
SReclaimable:     260036 kB
SUnreclaim:       366752 kB
KernelStack:      119504 kB
ShadowCallStack:   29908 kB
PageTables:       209300 kB
NFS_Unstable:          0 kB
Bounce:                0 kB
WritebackTmp:          0 kB
CommitLimit:    11799800 kB
Committed_AS:   347466096 kB
VmallocTotal:   263061440 kB
VmallocUsed:      382700 kB
VmallocChunk:          0 kB
Percpu:            17696 kB
AnonHugePages:         0 kB
ShmemHugePages:        0 kB
ShmemPmdMapped:        0 kB
FileHugePages:         0 kB
FilePmdMapped:         0 kB
CmaTotal:         638976 kB
CmaFree:            3592 kB


CPU:total 8 (initial active 8) AArch64

/proc/cpuinfo:
processor	: 0
BogoMIPS	: 26.00
Features	: fp asimd evtstrm aes pmull sha1 sha2 crc32 atomics fphp asimdhp cpuid asimdrdm lrcpc dcpop asimddp
CPU implementer	: 0x41
CPU architecture: 8
CPU variant	: 0x2
CPU part	: 0xd05
CPU revision	: 0

processor	: 1
BogoMIPS	: 26.00
Features	: fp asimd evtstrm aes pmull sha1 sha2 crc32 atomics fphp asimdhp cpuid asimdrdm lrcpc dcpop asimddp
CPU implementer	: 0x41
CPU architecture: 8
CPU variant	: 0x2
CPU part	: 0xd05
CPU revision	: 0

processor	: 2
BogoMIPS	: 26.00
Features	: fp asimd evtstrm aes pmull sha1 sha2 crc32 atomics fphp asimdhp cpuid asimdrdm lrcpc dcpop asimddp
CPU implementer	: 0x41
CPU architecture: 8
CPU variant	: 0x2
CPU part	: 0xd05
CPU revision	: 0

processor	: 3
BogoMIPS	: 26.00
Features	: fp asimd evtstrm aes pmull sha1 sha2 crc32 atomics fphp asimdhp cpuid asimdrdm lrcpc dcpop asimddp
CPU implementer	: 0x41
CPU architecture: 8
CPU variant	: 0x2
CPU part	: 0xd05
CPU revision	: 0

processor	: 4
BogoMIPS	: 26.00
Features	: fp asimd evtstrm aes pmull sha1 sha2 crc32 atomics fphp asimdhp cpuid asimdrdm lrcpc dcpop asimddp
CPU implementer	: 0x41
CPU architecture: 8
CPU variant	: 0x2
CPU part	: 0xd05
CPU revision	: 0

processor	: 5
BogoMIPS	: 26.00
Features	: fp asimd evtstrm aes pmull sha1 sha2 crc32 atomics fphp asimdhp cpuid asimdrdm lrcpc dcpop asimddp
CPU implementer	: 0x41
CPU architecture: 8
CPU variant	: 0x2
CPU part	: 0xd05
CPU revision	: 0

processor	: 6
BogoMIPS	: 26.00
Features	: fp asimd evtstrm aes pmull sha1 sha2 crc32 atomics fphp asimdhp cpuid asimdrdm lrcpc dcpop asimddp
CPU implementer	: 0x41
CPU architecture: 8
CPU variant	: 0x4
CPU part	: 0xd0b
CPU revision	: 0

processor	: 7
BogoMIPS	: 26.00
Features	: fp asimd evtstrm aes pmull sha1 sha2 crc32 atomics fphp asimdhp cpuid asimdrdm lrcpc dcpop asimddp
CPU implementer	: 0x41
CPU architecture: 8
CPU variant	: 0x4
CPU part	: 0xd0b
CPU revision	: 0



Memory: 4k page, physical 7866536k(113628k free), swap 7866532k(5293408k free)

vm_info: Java HotSpot(TM) 64-Bit Server VM (25.212-b10) for linux-aarch64 JRE (1.8.0_212-b10), built on Apr  1 2019 22:39:45 by "fedora" with gcc 4.8.3 20131111 (prerelease)

time: Sun May 24 06:54:19 2026
timezone: UTC
elapsed time: 23 seconds (0d 0h 0m 23s)

