#
# A fatal error has been detected by the Java Runtime Environment:
#
#  SIGSEGV (0xb) at pc=0x000000748a52e040, pid=16819, tid=0x0000007489cbd1f0
#
# JRE version: Java(TM) SE Runtime Environment (8.0_212-b10) (build 1.8.0_212-b10)
# Java VM: Java HotSpot(TM) 64-Bit Server VM (25.212-b10 mixed mode linux-aarch64 compressed oops)
# Problematic frame:
# V  [libjvm.so+0x7b6040]  SharedRuntime::resolve_sub_helper(JavaThread*, bool, bool, Thread*)+0x3a8
#
# Failed to write core dump. Core dumps have been disabled. To enable core dumping, try "ulimit -c unlimited" before starting Java again
#
# If you would like to submit a bug report, please visit:
#   http://bugreport.java.com/bugreport/crash.jsp
#

---------------  T H R E A D  ---------------

Current thread (0x000000748400b800):  JavaThread "main" [_thread_in_vm, id=16821, stack(0x0000007489bbe000,0x0000007489cbe000)]

siginfo: si_signo: 11 (SIGSEGV), si_code: 1 (SEGV_MAPERR), si_addr: 0x0000000000000000

Registers:
  x0  = 0x000000748a76a47e
  x1  = 0x0000000000000007
  x2  = 0x0000000000000000
  x3  = 0x0000000000000001
  x4  = 0x0000000000000001
  x5  = 0x0000007462243cf8
  x6  = 0x0000000000000007
  x7  = 0x000000748400c6e0
  x8  = 0x0000007462243cf8
  x9  = 0x00000074622b1c50
  x10 = 0xfefefefefefefeff
  x11 = 0x7f7f7f7f7f7f7f7f
  x12 = 0x676e616c2f617661
  x13 = 0x3b7463656a624f2f
  x14 = 0x0000000000000011
  x15 = 0x000000000000000a
  x16 = 0x000000748a72b250
  x17 = 0x000000748a94d3b0
  x18 = 0x0000007489cb7517
  x19 = 0x0000007489cb7300
  x20 = 0x000000748400c180
  x21 = 0x0000007481297810
  x22 = 0x0000007489cb7310
  x23 = 0x0000007489cb74a0
  x24 = 0x000000748400c1c0
  x25 = 0x000000748400b800
  x26 = 0x00000000000003d8
  x27 = 0x000000748400c1d0
  x28 = 0x000000748400c5a8
  fp  = 0x0000007489cb6c30
  lr  = 0x000000748a52e024
  sp  = 0x0000007489cb6c30
  pc  = 0x000000748a52e040
  pstate = 0x0000000080001000

Top of Stack: (sp=0x0000007489cb6c30)
0x0000007489cb6c30:   0000007489cb7440 000000748a52e1dc
0x0000007489cb6c40:   0000007489cb77b0 0000007489cb7510
0x0000007489cb6c50:   0000007489cb7520 0000000000000001
0x0000007489cb6c60:   0000000000000001 000000746228b446
0x0000007489cb6c70:   000000748400b800 000000748400b800
0x0000007489cb6c80:   0000000000000000 000000748400b800
0x0000007489cb6c90:   0000007489cb6cc0 000000748a4555d4
0x0000007489cb6ca0:   0000007489cb6cc0 000000748a455664
0x0000007489cb6cb0:   0000007489cb6ce0 000000748a45324c
0x0000007489cb6cc0:   0000007484004bd0 000000748400b800
0x0000007489cb6cd0:   0000000000000000 0000007481277f40
0x0000007489cb6ce0:   0000007489cb6d20 000000748a81d074
0x0000007489cb6cf0:   0000007489cb6db8 000000748a0ed62c
0x0000007489cb6d00:   0000007489cb6d40 000000748a0eda00
0x0000007489cb6d10:   0000007489cb7500 0000000000000001
0x0000007489cb6d20:   0000007489cb6d50 000000748a816790
0x0000007489cb6d30:   0000007489cb6db8 343700748a8fd000
0x0000007489cb6d40:   3961633539323138 6bd97d8bf968d300
0x0000007489cb6d50:   0000007489cb6ef0 000000748a49c284
0x0000007489cb6d60:   0000000000000100 00000074840070c8
0x0000007489cb6d70:   00000074840046a0 00000074840046b0
0x0000007489cb6d80:   00000000ffffff80 00000000ffffffd0
0x0000007489cb6d90:   0000007489cb70e0 0000007489cb70e0
0x0000007489cb6da0:   0000007489cb70b0 ffffff80ffffffd0
0x0000007489cb6db0:   0000007489cb79c0 00000074fbad8001
0x0000007489cb6dc0:   00000074840070c8 00000074840070c8
0x0000007489cb6dd0:   00000074840070c8 00000074840070c8
0x0000007489cb6de0:   0000007484007199 00000074840071c7
0x0000007489cb6df0:   00000074840070c8 00000074840071c7
0x0000007489cb6e00:   0000000000000000 0000000000000000
0x0000007489cb6e10:   0000000000000000 0000000000000000
0x0000007489cb6e20:   0000000000000000 000000808a52f738 

Instructions: (pc=0x000000748a52e040)
0x000000748a52e020:   97ec24d0 b947aba0 f94403a2 7103a41f
0x000000748a52e030:   f943ffa3 54000600 90000fe0 f9405400
0x000000748a52e040:   f9400041 39400000 340004c0 d0000fc0
0x000000748a52e050:   f9407800 b9400822 b9400801 f9400000 

Register to memory mapping:

  x0  = 0x000000748a76a47e
0x000000748a76a47e: <offset 0x9f247e> in /opt/java/jdk1.8.0_212/jre/lib/aarch64/server/libjvm.so at 0x0000007489d78000

  x1  = 0x0000000000000007
0x0000000000000007 is an unknown value

  x2  = 0x0000000000000000
0x0000000000000000 is an unknown value

  x3  = 0x0000000000000001
0x0000000000000001 is an unknown value

  x4  = 0x0000000000000001
0x0000000000000001 is an unknown value

  x5  = 0x0000007462243cf8
{method} {0x0000007462243cf8} 'linkToSpecial' '(Ljava/lang/Object;Ljava/lang/Object;JLjava/lang/invoke/MemberName;)Ljava/lang/Object;' in 'java/lang/invoke/MethodHandle'

  x6  = 0x0000000000000007
0x0000000000000007 is an unknown value

  x7  = 0x000000748400c6e0
0x000000748400c6e0 is an unknown value

  x8  = 0x0000007462243cf8
{method} {0x0000007462243cf8} 'linkToSpecial' '(Ljava/lang/Object;Ljava/lang/Object;JLjava/lang/invoke/MemberName;)Ljava/lang/Object;' in 'java/lang/invoke/MethodHandle'

  x9  = 0x00000074622b1c50
0x00000074622b1c50 is pointing into metadata

  x10 = 0xfefefefefefefeff
0xfefefefefefefeff is an unknown value

  x11 = 0x7f7f7f7f7f7f7f7f
0x7f7f7f7f7f7f7f7f is an unknown value

  x12 = 0x676e616c2f617661
0x676e616c2f617661 is an unknown value

  x13 = 0x3b7463656a624f2f
0x3b7463656a624f2f is an unknown value

  x14 = 0x0000000000000011
0x0000000000000011 is an unknown value

  x15 = 0x000000000000000a
0x000000000000000a is an unknown value

  x16 = 0x000000748a72b250
0x000000748a72b250: <offset 0x9b3250> in /opt/java/jdk1.8.0_212/jre/lib/aarch64/server/libjvm.so at 0x0000007489d78000

  x17 = 0x000000748a94d3b0
0x000000748a94d3b0: pthread_getspecific+0 in /lib/aarch64-linux-gnu/libpthread.so.0 at 0x000000748a93f000

  x18 = 0x0000007489cb7517
0x0000007489cb7517 is pointing into the stack for thread: 0x000000748400b800

  x19 = 0x0000007489cb7300
0x0000007489cb7300 is pointing into the stack for thread: 0x000000748400b800

  x20 = 0x000000748400c180
0x000000748400c180 is an unknown value

  x21 = 0x0000007481297810
0x0000007481297810 is at entry_point+-320 in (nmethod*)0x0000007481297810

  x22 = 0x0000007489cb7310
0x0000007489cb7310 is pointing into the stack for thread: 0x000000748400b800

  x23 = 0x0000007489cb74a0
0x0000007489cb74a0 is pointing into the stack for thread: 0x000000748400b800

  x24 = 0x000000748400c1c0
0x000000748400c1c0 is an unknown value

  x25 = 0x000000748400b800
0x000000748400b800 is a thread

  x26 = 0x00000000000003d8
0x00000000000003d8 is an unknown value

  x27 = 0x000000748400c1d0
0x000000748400c1d0 is an unknown value

  x28 = 0x000000748400c5a8
0x000000748400c5a8 is an unknown value

  fp  = 0x0000007489cb6c30
0x0000007489cb6c30 is pointing into the stack for thread: 0x000000748400b800

  lr  = 0x000000748a52e024
0x000000748a52e024: <offset 0x7b6024> in /opt/java/jdk1.8.0_212/jre/lib/aarch64/server/libjvm.so at 0x0000007489d78000

  pc  = 0x000000748a52e040
0x000000748a52e040: <offset 0x7b6040> in /opt/java/jdk1.8.0_212/jre/lib/aarch64/server/libjvm.so at 0x0000007489d78000



Stack: [0x0000007489bbe000,0x0000007489cbe000],  sp=0x0000007489cb6c30,  free space=995k
Native frames: (J=compiled Java code, j=interpreted, Vv=VM code, C=native code)
V  [libjvm.so+0x7b6040]  SharedRuntime::resolve_sub_helper(JavaThread*, bool, bool, Thread*)+0x3a8
V  [libjvm.so+0x7b61dc]  SharedRuntime::resolve_helper(JavaThread*, bool, bool, Thread*)+0x48
V  [libjvm.so+0x7b68a0]  SharedRuntime::resolve_opt_virtual_call_C(JavaThread*)+0x44
v  ~RuntimeStub::resolve_opt_virtual_call
C  0x0000000000000240

Java frames: (J=compiled Java code, j=interpreted, Vv=VM code)
v  ~RuntimeStub::resolve_opt_virtual_call
J 1359 C2 java.lang.invoke.LambdaForm$BMH.reinvoke(Ljava/lang/Object;Ljava/lang/Object;J)Ljava/lang/Object; (36 bytes) @ 0x000000748129796c [0x0000007481297950+0x1c]
J 1355 C2 java.lang.invoke.LambdaForm$MH.invokeExact_MT(Ljava/lang/Object;Ljava/lang/Object;JLjava/lang/Object;)Ljava/lang/Object; (22 bytes) @ 0x000000748128fb7c [0x000000748128faf0+0x8c]
j  org.jetbrains.kotlin.com.intellij.util.containers.ConcurrentIntObjectHashMap.tabAt([Lorg/jetbrains/kotlin/com/intellij/util/containers/ConcurrentIntObjectHashMap$Node;I)Lorg/jetbrains/kotlin/com/intellij/util/containers/ConcurrentIntObjectHashMap$Node;+14
j  org.jetbrains.kotlin.com.intellij.util.containers.ConcurrentIntObjectHashMap.get(I)Ljava/lang/Object;+31
j  org.jetbrains.kotlin.com.intellij.util.containers.ConcurrentIntKeyRefValueHashMap.get(I)Ljava/lang/Object;+5
j  org.jetbrains.kotlin.com.intellij.openapi.util.Key.getKeyByIndex(I)Lorg/jetbrains/kotlin/com/intellij/openapi/util/Key;+4
j  org.jetbrains.kotlin.com.intellij.util.keyFMap.ArrayBackedFMap.getKeysByIndices([I)[Lorg/jetbrains/kotlin/com/intellij/openapi/util/Key;+19
j  org.jetbrains.kotlin.com.intellij.util.keyFMap.ArrayBackedFMap.getKeys()[Lorg/jetbrains/kotlin/com/intellij/openapi/util/Key;+4
j  org.jetbrains.kotlin.util.slicedMap.SlicedMapImpl.lambda$forEach$0(Lkotlin/jvm/functions/Function3;Ljava/lang/Object;Lorg/jetbrains/kotlin/com/intellij/util/keyFMap/KeyFMap;)V+6
J 1195 C2 org.jetbrains.kotlin.util.slicedMap.OpenAddressLinearProbingHashTable.forEach(Ljava/util/function/BiConsumer;)V (74 bytes) @ 0x00000074811e2a38 [0x00000074811e29b0+0x88]
j  org.jetbrains.kotlin.util.slicedMap.SlicedMapImpl.forEach(Lkotlin/jvm/functions/Function3;)V+26
j  org.jetbrains.kotlin.resolve.BindingContextUtils.addOwnDataTo(Lorg/jetbrains/kotlin/resolve/BindingTrace;Lorg/jetbrains/kotlin/resolve/TraceEntryFilter;ZLorg/jetbrains/kotlin/util/slicedMap/MutableSlicedMap;Lorg/jetbrains/kotlin/resolve/diagnostics/MutableDiagnosticsWithSuppression;)V+26
j  org.jetbrains.kotlin.resolve.DelegatingBindingTrace.addOwnDataTo(Lorg/jetbrains/kotlin/resolve/BindingTrace;Lorg/jetbrains/kotlin/resolve/TraceEntryFilter;Z)V+21
j  org.jetbrains.kotlin.resolve.DelegatingBindingTrace.addOwnDataTo$default(Lorg/jetbrains/kotlin/resolve/DelegatingBindingTrace;Lorg/jetbrains/kotlin/resolve/BindingTrace;Lorg/jetbrains/kotlin/resolve/TraceEntryFilter;ZILjava/lang/Object;)V+38
j  org.jetbrains.kotlin.resolve.DelegatingBindingTrace.addOwnDataTo(Lorg/jetbrains/kotlin/resolve/BindingTrace;)V+14
j  org.jetbrains.kotlin.resolve.TemporaryBindingTrace.commit()V+5
j  org.jetbrains.kotlin.resolve.calls.context.TemporaryTraceAndCache.commit()V+4
j  org.jetbrains.kotlin.resolve.calls.CallExpressionResolver.getCallExpressionTypeInfoWithoutFinalTypeCheck(Lorg/jetbrains/kotlin/psi/KtCallExpression;Lorg/jetbrains/kotlin/resolve/scopes/receivers/Receiver;Lorg/jetbrains/kotlin/com/intellij/lang/ASTNode;Lorg/jetbrains/kotlin/types/expressions/ExpressionTypingContext;Lorg/jetbrains/kotlin/resolve/calls/smartcasts/DataFlowInfo;)Lorg/jetbrains/kotlin/types/expressions/KotlinTypeInfo;+127
j  org.jetbrains.kotlin.resolve.calls.CallExpressionResolver.getUnsafeSelectorTypeInfo(Lorg/jetbrains/kotlin/resolve/scopes/receivers/Receiver;Lorg/jetbrains/kotlin/com/intellij/lang/ASTNode;Lorg/jetbrains/kotlin/psi/KtExpression;Lorg/jetbrains/kotlin/types/expressions/ExpressionTypingContext;Lorg/jetbrains/kotlin/resolve/calls/smartcasts/DataFlowInfo;)Lorg/jetbrains/kotlin/types/expressions/KotlinTypeInfo;+22
j  org.jetbrains.kotlin.resolve.calls.CallExpressionResolver.getSafeOrUnsafeSelectorTypeInfo(Lorg/jetbrains/kotlin/resolve/scopes/receivers/Receiver;Lorg/jetbrains/kotlin/resolve/calls/CallExpressionElement;Lorg/jetbrains/kotlin/types/expressions/ExpressionTypingContext;)Lorg/jetbrains/kotlin/types/expressions/KotlinTypeInfo;+266
j  org.jetbrains.kotlin.resolve.calls.CallExpressionResolver.getQualifiedExpressionTypeInfo(Lorg/jetbrains/kotlin/psi/KtQualifiedExpression;Lorg/jetbrains/kotlin/types/expressions/ExpressionTypingContext;)Lorg/jetbrains/kotlin/types/expressions/KotlinTypeInfo;+483
j  org.jetbrains.kotlin.types.expressions.BasicExpressionTypingVisitor.visitQualifiedExpression(Lorg/jetbrains/kotlin/psi/KtQualifiedExpression;Lorg/jetbrains/kotlin/types/expressions/ExpressionTypingContext;)Lorg/jetbrains/kotlin/types/expressions/KotlinTypeInfo;+20
j  org.jetbrains.kotlin.types.expressions.ExpressionTypingVisitorDispatcher.visitQualifiedExpression(Lorg/jetbrains/kotlin/psi/KtQualifiedExpression;Lorg/jetbrains/kotlin/types/expressions/ExpressionTypingContext;)Lorg/jetbrains/kotlin/types/expressions/KotlinTypeInfo;+15
j  org.jetbrains.kotlin.types.expressions.ExpressionTypingVisitorDispatcher$ForBlock.visitQualifiedExpression(Lorg/jetbrains/kotlin/psi/KtQualifiedExpression;Ljava/lang/Object;)Ljava/lang/Object;+6
j  org.jetbrains.kotlin.psi.KtVisitor.visitDotQualifiedExpression(Lorg/jetbrains/kotlin/psi/KtDotQualifiedExpression;Ljava/lang/Object;)Ljava/lang/Object;+12
j  org.jetbrains.kotlin.psi.KtDotQualifiedExpression.accept(Lorg/jetbrains/kotlin/psi/KtVisitor;Ljava/lang/Object;)Ljava/lang/Object;+9
j  org.jetbrains.kotlin.types.expressions.ExpressionTypingVisitorDispatcher.lambda$getTypeInfo$0(Lorg/jetbrains/kotlin/psi/KtExpression;Lorg/jetbrains/kotlin/types/expressions/ExpressionTypingContext;Lorg/jetbrains/kotlin/psi/KtVisitor;)Lorg/jetbrains/kotlin/types/expressions/KotlinTypeInfo;+43
j  org.jetbrains.kotlin.types.expressions.ExpressionTypingVisitorDispatcher$$Lambda$144.invoke()Ljava/lang/Object;+16
j  org.jetbrains.kotlin.util.PerformanceCounter.time(Lkotlin/jvm/functions/Function0;)Ljava/lang/Object;+27
j  org.jetbrains.kotlin.types.expressions.ExpressionTypingVisitorDispatcher.getTypeInfo(Lorg/jetbrains/kotlin/psi/KtExpression;Lorg/jetbrains/kotlin/types/expressions/ExpressionTypingContext;Lorg/jetbrains/kotlin/psi/KtVisitor;)Lorg/jetbrains/kotlin/types/expressions/KotlinTypeInfo;+24
j  org.jetbrains.kotlin.types.expressions.ExpressionTypingVisitorDispatcher.getTypeInfo(Lorg/jetbrains/kotlin/psi/KtExpression;Lorg/jetbrains/kotlin/types/expressions/ExpressionTypingContext;)Lorg/jetbrains/kotlin/types/expressions/KotlinTypeInfo;+13
j  org.jetbrains.kotlin.types.expressions.ExpressionTypingVisitorForStatements.visitExpression(Lorg/jetbrains/kotlin/psi/KtExpression;Lorg/jetbrains/kotlin/types/expressions/ExpressionTypingContext;)Lorg/jetbrains/kotlin/types/expressions/KotlinTypeInfo;+15
j  org.jetbrains.kotlin.types.expressions.ExpressionTypingVisitorForStatements.visitExpression(Lorg/jetbrains/kotlin/psi/KtExpression;Ljava/lang/Object;)Ljava/lang/Object;+6
j  org.jetbrains.kotlin.psi.KtVisitor.visitQualifiedExpression(Lorg/jetbrains/kotlin/psi/KtQualifiedExpression;Ljava/lang/Object;)Ljava/lang/Object;+12
j  org.jetbrains.kotlin.psi.KtVisitor.visitDotQualifiedExpression(Lorg/jetbrains/kotlin/psi/KtDotQualifiedExpression;Ljava/lang/Object;)Ljava/lang/Object;+12
j  org.jetbrains.kotlin.psi.KtDotQualifiedExpression.accept(Lorg/jetbrains/kotlin/psi/KtVisitor;Ljava/lang/Object;)Ljava/lang/Object;+9
j  org.jetbrains.kotlin.types.expressions.ExpressionTypingVisitorDispatcher.lambda$getTypeInfo$0(Lorg/jetbrains/kotlin/psi/KtExpression;Lorg/jetbrains/kotlin/types/expressions/ExpressionTypingContext;Lorg/jetbrains/kotlin/psi/KtVisitor;)Lorg/jetbrains/kotlin/types/expressions/KotlinTypeInfo;+43
j  org.jetbrains.kotlin.types.expressions.ExpressionTypingVisitorDispatcher$$Lambda$144.invoke()Ljava/lang/Object;+16
j  org.jetbrains.kotlin.util.PerformanceCounter.time(Lkotlin/jvm/functions/Function0;)Ljava/lang/Object;+27
j  org.jetbrains.kotlin.types.expressions.ExpressionTypingVisitorDispatcher.getTypeInfo(Lorg/jetbrains/kotlin/psi/KtExpression;Lorg/jetbrains/kotlin/types/expressions/ExpressionTypingContext;Lorg/jetbrains/kotlin/psi/KtVisitor;)Lorg/jetbrains/kotlin/types/expressions/KotlinTypeInfo;+24
j  org.jetbrains.kotlin.types.expressions.ExpressionTypingVisitorDispatcher.getTypeInfo(Lorg/jetbrains/kotlin/psi/KtExpression;Lorg/jetbrains/kotlin/types/expressions/ExpressionTypingContext;Z)Lorg/jetbrains/kotlin/types/expressions/KotlinTypeInfo;+48
j  org.jetbrains.kotlin.types.expressions.ExpressionTypingServices.getTypeOfLastExpressionInBlock(Lorg/jetbrains/kotlin/psi/KtExpression;Lorg/jetbrains/kotlin/types/expressions/ExpressionTypingContext;Lorg/jetbrains/kotlin/types/expressions/CoercionStrategy;Lorg/jetbrains/kotlin/types/expressions/ExpressionTypingInternals;)Lorg/jetbrains/kotlin/types/expressions/KotlinTypeInfo;+196
j  org.jetbrains.kotlin.types.expressions.ExpressionTypingServices.getBlockReturnedTypeWithWritableScope(Lorg/jetbrains/kotlin/resolve/scopes/LexicalWritableScope;Ljava/util/List;Lorg/jetbrains/kotlin/types/expressions/CoercionStrategy;Lorg/jetbrains/kotlin/types/expressions/ExpressionTypingContext;)Lorg/jetbrains/kotlin/types/expressions/KotlinTypeInfo;+226
j  org.jetbrains.kotlin.types.expressions.ExpressionTypingServices.getBlockReturnedType(Lorg/jetbrains/kotlin/psi/KtBlockExpression;Lorg/jetbrains/kotlin/types/expressions/CoercionStrategy;Lorg/jetbrains/kotlin/types/expressions/ExpressionTypingContext;)Lorg/jetbrains/kotlin/types/expressions/KotlinTypeInfo;+143
j  org.jetbrains.kotlin.types.expressions.ExpressionTypingServices.getBlockReturnedType(Lorg/jetbrains/kotlin/psi/KtBlockExpression;Lorg/jetbrains/kotlin/types/expressions/ExpressionTypingContext;Z)Lorg/jetbrains/kotlin/types/expressions/KotlinTypeInfo;+16
j  org.jetbrains.kotlin.types.expressions.BasicExpressionTypingVisitor.visitBlockExpression(Lorg/jetbrains/kotlin/psi/KtBlockExpression;Lorg/jetbrains/kotlin/types/expressions/ExpressionTypingContext;)Lorg/jetbrains/kotlin/types/expressions/KotlinTypeInfo;+19
j  org.jetbrains.kotlin.types.expressions.ExpressionTypingVisitorDispatcher.visitBlockExpression(Lorg/jetbrains/kotlin/psi/KtBlockExpression;Lorg/jetbrains/kotlin/types/expressions/ExpressionTypingContext;)Lorg/jetbrains/kotlin/types/expressions/KotlinTypeInfo;+15
j  org.jetbrains.kotlin.types.expressions.ExpressionTypingVisitorDispatcher$ForDeclarations.visitBlockExpression(Lorg/jetbrains/kotlin/psi/KtBlockExpression;Ljava/lang/Object;)Ljava/lang/Object;+6
j  org.jetbrains.kotlin.psi.KtBlockExpression.accept(Lorg/jetbrains/kotlin/psi/KtVisitor;Ljava/lang/Object;)Ljava/lang/Object;+11
j  org.jetbrains.kotlin.types.expressions.ExpressionTypingVisitorDispatcher.lambda$getTypeInfo$0(Lorg/jetbrains/kotlin/psi/KtExpression;Lorg/jetbrains/kotlin/types/expressions/ExpressionTypingContext;Lorg/jetbrains/kotlin/psi/KtVisitor;)Lorg/jetbrains/kotlin/types/expressions/KotlinTypeInfo;+43
j  org.jetbrains.kotlin.types.expressions.ExpressionTypingVisitorDispatcher$$Lambda$144.invoke()Ljava/lang/Object;+16
j  org.jetbrains.kotlin.util.PerformanceCounter.time(Lkotlin/jvm/functions/Function0;)Ljava/lang/Object;+27
j  org.jetbrains.kotlin.types.expressions.ExpressionTypingVisitorDispatcher.getTypeInfo(Lorg/jetbrains/kotlin/psi/KtExpression;Lorg/jetbrains/kotlin/types/expressions/ExpressionTypingContext;Lorg/jetbrains/kotlin/psi/KtVisitor;)Lorg/jetbrains/kotlin/types/expressions/KotlinTypeInfo;+24
j  org.jetbrains.kotlin.types.expressions.ExpressionTypingVisitorDispatcher.getTypeInfo(Lorg/jetbrains/kotlin/psi/KtExpression;Lorg/jetbrains/kotlin/types/expressions/ExpressionTypingContext;)Lorg/jetbrains/kotlin/types/expressions/KotlinTypeInfo;+13
j  org.jetbrains.kotlin.types.expressions.ExpressionTypingServices.getTypeInfo(Lorg/jetbrains/kotlin/psi/KtExpression;Lorg/jetbrains/kotlin/resolve/calls/context/ResolutionContext;)Lorg/jetbrains/kotlin/types/expressions/KotlinTypeInfo;+27
j  org.jetbrains.kotlin.resolve.calls.tower.PSICallResolver.resolveValueArgument(Lorg/jetbrains/kotlin/resolve/calls/context/BasicCallResolutionContext;Lorg/jetbrains/kotlin/resolve/calls/smartcasts/DataFlowInfo;Lorg/jetbrains/kotlin/psi/ValueArgument;Z)Lorg/jetbrains/kotlin/resolve/calls/tower/PSIKotlinCallArgument;+299
j  org.jetbrains.kotlin.resolve.calls.tower.PSICallResolver.resolveArgumentsInParenthesis(Lorg/jetbrains/kotlin/resolve/calls/context/BasicCallResolutionContext;Ljava/util/List;Z)Ljava/util/List;+119
j  org.jetbrains.kotlin.resolve.calls.tower.PSICallResolver.toKotlinCall(Lorg/jetbrains/kotlin/resolve/calls/context/BasicCallResolutionContext;Lorg/jetbrains/kotlin/resolve/calls/model/KotlinCallKind;Lorg/jetbrains/kotlin/psi/Call;Lorg/jetbrains/kotlin/name/Name;Lorg/jetbrains/kotlin/resolve/calls/tasks/TracingStrategy;ZLorg/jetbrains/kotlin/resolve/scopes/receivers/Receiver;)Lorg/jetbrains/kotlin/resolve/calls/tower/PSIKotlinCallImpl;+164
j  org.jetbrains.kotlin.resolve.calls.tower.PSICallResolver.runResolutionAndInferenceForGivenCandidates(Lorg/jetbrains/kotlin/resolve/calls/context/BasicCallResolutionContext;Ljava/util/Collection;Lorg/jetbrains/kotlin/resolve/calls/tasks/TracingStrategy;)Lorg/jetbrains/kotlin/resolve/calls/results/OverloadResolutionResults;+210
j  org.jetbrains.kotlin.resolve.calls.CallResolver.doResolveCallOrGetCachedResults(Lorg/jetbrains/kotlin/resolve/calls/context/BasicCallResolutionContext;Lorg/jetbrains/kotlin/resolve/calls/CallResolver$ResolutionTask;Lorg/jetbrains/kotlin/resolve/calls/tasks/TracingStrategy;)Lorg/jetbrains/kotlin/resolve/calls/results/OverloadResolutionResults;+208
j  org.jetbrains.kotlin.resolve.calls.CallResolver.lambda$resolveCallWithKnownCandidate$4(Lorg/jetbrains/kotlin/resolve/calls/context/ResolutionContext;Lorg/jetbrains/kotlin/psi/Call;Lorg/jetbrains/kotlin/resolve/calls/model/MutableDataFlowInfoForArguments;Lorg/jetbrains/kotlin/resolve/calls/tasks/ResolutionCandidate;Lorg/jetbrains/kotlin/resolve/calls/tasks/TracingStrategy;)Lorg/jetbrains/kotlin/resolve/calls/results/OverloadResolutionResults;+45
j  org.jetbrains.kotlin.resolve.calls.CallResolver$$Lambda$179.invoke()Ljava/lang/Object;+24
j  org.jetbrains.kotlin.util.PerformanceCounter.time(Lkotlin/jvm/functions/Function0;)Ljava/lang/Object;+27
j  org.jetbrains.kotlin.resolve.calls.CallResolver.resolveCallWithKnownCandidate(Lorg/jetbrains/kotlin/psi/Call;Lorg/jetbrains/kotlin/resolve/calls/tasks/TracingStrategy;Lorg/jetbrains/kotlin/resolve/calls/context/ResolutionContext;Lorg/jetbrains/kotlin/resolve/calls/tasks/ResolutionCandidate;Lorg/jetbrains/kotlin/resolve/calls/model/MutableDataFlowInfoForArguments;)Lorg/jetbrains/kotlin/resolve/calls/results/OverloadResolutionResults;+53
j  org.jetbrains.kotlin.types.expressions.ControlStructureTypingUtils.resolveSpecialConstructionAsCall(Lorg/jetbrains/kotlin/psi/Call;Lorg/jetbrains/kotlin/descriptors/impl/SimpleFunctionDescriptorImpl;Lorg/jetbrains/kotlin/types/expressions/ControlStructureTypingUtils$ResolveConstruct;Lorg/jetbrains/kotlin/types/expressions/ExpressionTypingContext;Lorg/jetbrains/kotlin/resolve/calls/model/MutableDataFlowInfoForArguments;)Lorg/jetbrains/kotlin/resolve/calls/model/ResolvedCall;+89
j  org.jetbrains.kotlin.types.expressions.ControlStructureTypingUtils.resolveTryAsCall(Lorg/jetbrains/kotlin/psi/Call;Ljava/util/List;Lorg/jetbrains/kotlin/types/expressions/ExpressionTypingContext;Lorg/jetbrains/kotlin/resolve/calls/model/MutableDataFlowInfoForArguments;)Lorg/jetbrains/kotlin/resolve/calls/model/ResolvedCall;+198
j  org.jetbrains.kotlin.types.expressions.ControlStructureTypingVisitor.resolveTryExpressionWithNewInference(Lorg/jetbrains/kotlin/psi/KtTryExpression;Lorg/jetbrains/kotlin/types/expressions/ExpressionTypingContext;)Lorg/jetbrains/kotlin/types/expressions/KotlinTypeInfo;+278
j  org.jetbrains.kotlin.types.expressions.ControlStructureTypingVisitor.visitTryExpression(Lorg/jetbrains/kotlin/psi/KtTryExpression;Lorg/jetbrains/kotlin/types/expressions/ExpressionTypingContext;)Lorg/jetbrains/kotlin/types/expressions/KotlinTypeInfo;+42
j  org.jetbrains.kotlin.types.expressions.ExpressionTypingVisitorDispatcher.visitTryExpression(Lorg/jetbrains/kotlin/psi/KtTryExpression;Lorg/jetbrains/kotlin/types/expressions/ExpressionTypingContext;)Lorg/jetbrains/kotlin/types/expressions/KotlinTypeInfo;+15
j  org.jetbrains.kotlin.types.expressions.ExpressionTypingVisitorDispatcher$ForBlock.visitTryExpression(Lorg/jetbrains/kotlin/psi/KtTryExpression;Ljava/lang/Object;)Ljava/lang/Object;+6
j  org.jetbrains.kotlin.psi.KtTryExpression.accept(Lorg/jetbrains/kotlin/psi/KtVisitor;Ljava/lang/Object;)Ljava/lang/Object;+11
j  org.jetbrains.kotlin.types.expressions.ExpressionTypingVisitorDispatcher.lambda$getTypeInfo$0(Lorg/jetbrains/kotlin/psi/KtExpression;Lorg/jetbrains/kotlin/types/expressions/ExpressionTypingContext;Lorg/jetbrains/kotlin/psi/KtVisitor;)Lorg/jetbrains/kotlin/types/expressions/KotlinTypeInfo;+43
j  org.jetbrains.kotlin.types.expressions.ExpressionTypingVisitorDispatcher$$Lambda$144.invoke()Ljava/lang/Object;+16
j  org.jetbrains.kotlin.util.PerformanceCounter.time(Lkotlin/jvm/functions/Function0;)Ljava/lang/Object;+27
j  org.jetbrains.kotlin.types.expressions.ExpressionTypingVisitorDispatcher.getTypeInfo(Lorg/jetbrains/kotlin/psi/KtExpression;Lorg/jetbrains/kotlin/types/expressions/ExpressionTypingContext;Lorg/jetbrains/kotlin/psi/KtVisitor;)Lorg/jetbrains/kotlin/types/expressions/KotlinTypeInfo;+24
j  org.jetbrains.kotlin.types.expressions.ExpressionTypingVisitorDispatcher.getTypeInfo(Lorg/jetbrains/kotlin/psi/KtExpression;Lorg/jetbrains/kotlin/types/expressions/ExpressionTypingContext;)Lorg/jetbrains/kotlin/types/expressions/KotlinTypeInfo;+13
j  org.jetbrains.kotlin.types.expressions.ExpressionTypingVisitorForStatements.visitExpression(Lorg/jetbrains/kotlin/psi/KtExpression;Lorg/jetbrains/kotlin/types/expressions/ExpressionTypingContext;)Lorg/jetbrains/kotlin/types/expressions/KotlinTypeInfo;+15
j  org.jetbrains.kotlin.types.expressions.ExpressionTypingVisitorForStatements.visitExpression(Lorg/jetbrains/kotlin/psi/KtExpression;Ljava/lang/Object;)Ljava/lang/Object;+6
j  org.jetbrains.kotlin.psi.KtVisitor.visitTryExpression(Lorg/jetbrains/kotlin/psi/KtTryExpression;Ljava/lang/Object;)Ljava/lang/Object;+12
j  org.jetbrains.kotlin.psi.KtTryExpression.accept(Lorg/jetbrains/kotlin/psi/KtVisitor;Ljava/lang/Object;)Ljava/lang/Object;+11
j  org.jetbrains.kotlin.types.expressions.ExpressionTypingVisitorDispatcher.lambda$getTypeInfo$0(Lorg/jetbrains/kotlin/psi/KtExpression;Lorg/jetbrains/kotlin/types/expressions/ExpressionTypingContext;Lorg/jetbrains/kotlin/psi/KtVisitor;)Lorg/jetbrains/kotlin/types/expressions/KotlinTypeInfo;+43
j  org.jetbrains.kotlin.types.expressions.ExpressionTypingVisitorDispatcher$$Lambda$144.invoke()Ljava/lang/Object;+16
j  org.jetbrains.kotlin.util.PerformanceCounter.time(Lkotlin/jvm/functions/Function0;)Ljava/lang/Object;+27
j  org.jetbrains.kotlin.types.expressions.ExpressionTypingVisitorDispatcher.getTypeInfo(Lorg/jetbrains/kotlin/psi/KtExpression;Lorg/jetbrains/kotlin/types/expressions/ExpressionTypingContext;Lorg/jetbrains/kotlin/psi/KtVisitor;)Lorg/jetbrains/kotlin/types/expressions/KotlinTypeInfo;+24
j  org.jetbrains.kotlin.types.expressions.ExpressionTypingVisitorDispatcher.getTypeInfo(Lorg/jetbrains/kotlin/psi/KtExpression;Lorg/jetbrains/kotlin/types/expressions/ExpressionTypingContext;Z)Lorg/jetbrains/kotlin/types/expressions/KotlinTypeInfo;+48
j  org.jetbrains.kotlin.types.expressions.ExpressionTypingServices.getTypeOfLastExpressionInBlock(Lorg/jetbrains/kotlin/psi/KtExpression;Lorg/jetbrains/kotlin/types/expressions/ExpressionTypingContext;Lorg/jetbrains/kotlin/types/expressions/CoercionStrategy;Lorg/jetbrains/kotlin/types/expressions/ExpressionTypingInternals;)Lorg/jetbrains/kotlin/types/expressions/KotlinTypeInfo;+196
j  org.jetbrains.kotlin.types.expressions.ExpressionTypingServices.getBlockReturnedTypeWithWritableScope(Lorg/jetbrains/kotlin/resolve/scopes/LexicalWritableScope;Ljava/util/List;Lorg/jetbrains/kotlin/types/expressions/CoercionStrategy;Lorg/jetbrains/kotlin/types/expressions/ExpressionTypingContext;)Lorg/jetbrains/kotlin/types/expressions/KotlinTypeInfo;+226
j  org.jetbrains.kotlin.types.expressions.ExpressionTypingServices.getBlockReturnedType(Lorg/jetbrains/kotlin/psi/KtBlockExpression;Lorg/jetbrains/kotlin/types/expressions/CoercionStrategy;Lorg/jetbrains/kotlin/types/expressions/ExpressionTypingContext;)Lorg/jetbrains/kotlin/types/expressions/KotlinTypeInfo;+143
j  org.jetbrains.kotlin.types.expressions.ExpressionTypingServices.getBlockReturnedType(Lorg/jetbrains/kotlin/psi/KtBlockExpression;Lorg/jetbrains/kotlin/types/expressions/ExpressionTypingContext;Z)Lorg/jetbrains/kotlin/types/expressions/KotlinTypeInfo;+16
j  org.jetbrains.kotlin.types.expressions.ExpressionTypingVisitorForStatements.visitBlockExpression(Lorg/jetbrains/kotlin/psi/KtBlockExpression;Lorg/jetbrains/kotlin/types/expressions/ExpressionTypingContext;)Lorg/jetbrains/kotlin/types/expressions/KotlinTypeInfo;+19
j  org.jetbrains.kotlin.types.expressions.ExpressionTypingVisitorForStatements.visitBlockExpression(Lorg/jetbrains/kotlin/psi/KtBlockExpression;Ljava/lang/Object;)Ljava/lang/Object;+6
j  org.jetbrains.kotlin.psi.KtBlockExpression.accept(Lorg/jetbrains/kotlin/psi/KtVisitor;Ljava/lang/Object;)Ljava/lang/Object;+11
j  org.jetbrains.kotlin.types.expressions.ExpressionTypingVisitorDispatcher.lambda$getTypeInfo$0(Lorg/jetbrains/kotlin/psi/KtExpression;Lorg/jetbrains/kotlin/types/expressions/ExpressionTypingContext;Lorg/jetbrains/kotlin/psi/KtVisitor;)Lorg/jetbrains/kotlin/types/expressions/KotlinTypeInfo;+43
j  org.jetbrains.kotlin.types.expressions.ExpressionTypingVisitorDispatcher$$Lambda$144.invoke()Ljava/lang/Object;+16
j  org.jetbrains.kotlin.util.PerformanceCounter.time(Lkotlin/jvm/functions/Function0;)Ljava/lang/Object;+27
j  org.jetbrains.kotlin.types.expressions.ExpressionTypingVisitorDispatcher.getTypeInfo(Lorg/jetbrains/kotlin/psi/KtExpression;Lorg/jetbrains/kotlin/types/expressions/ExpressionTypingContext;Lorg/jetbrains/kotlin/psi/KtVisitor;)Lorg/jetbrains/kotlin/types/expressions/KotlinTypeInfo;+24
j  org.jetbrains.kotlin.types.expressions.ExpressionTypingVisitorDispatcher.getTypeInfo(Lorg/jetbrains/kotlin/psi/KtExpression;Lorg/jetbrains/kotlin/types/expressions/ExpressionTypingContext;Z)Lorg/jetbrains/kotlin/types/expressions/KotlinTypeInfo;+48
j  org.jetbrains.kotlin.types.expressions.ExpressionTypingServices.checkFunctionReturnType(Lorg/jetbrains/kotlin/psi/KtDeclarationWithBody;Lorg/jetbrains/kotlin/types/expressions/ExpressionTypingContext;)V+50
j  org.jetbrains.kotlin.types.expressions.ExpressionTypingServices.checkFunctionReturnType(Lorg/jetbrains/kotlin/resolve/scopes/LexicalScope;Lorg/jetbrains/kotlin/psi/KtDeclarationWithBody;Lorg/jetbrains/kotlin/descriptors/FunctionDescriptor;Lorg/jetbrains/kotlin/resolve/calls/smartcasts/DataFlowInfo;Lorg/jetbrains/kotlin/types/KotlinType;Lorg/jetbrains/kotlin/resolve/BindingTrace;Lorg/jetbrains/kotlin/types/expressions/ExpressionTypingContext;)V+130
j  org.jetbrains.kotlin.resolve.BodyResolver.resolveFunctionBody(Lorg/jetbrains/kotlin/resolve/calls/smartcasts/DataFlowInfo;Lorg/jetbrains/kotlin/resolve/BindingTrace;Lorg/jetbrains/kotlin/psi/KtDeclarationWithBody;Lorg/jetbrains/kotlin/descriptors/FunctionDescriptor;Lorg/jetbrains/kotlin/resolve/scopes/LexicalScope;Lkotlin/jvm/functions/Function1;Lkotlin/jvm/functions/Function1;Lorg/jetbrains/kotlin/types/expressions/ExpressionTypingContext;)V+344
j  org.jetbrains.kotlin.resolve.BodyResolver.resolveFunctionBody(Lorg/jetbrains/kotlin/resolve/calls/smartcasts/DataFlowInfo;Lorg/jetbrains/kotlin/resolve/BindingTrace;Lorg/jetbrains/kotlin/psi/KtDeclarationWithBody;Lorg/jetbrains/kotlin/descriptors/FunctionDescriptor;Lorg/jetbrains/kotlin/resolve/scopes/LexicalScope;Lorg/jetbrains/kotlin/types/expressions/ExpressionTypingContext;)V+69
j  org.jetbrains.kotlin.resolve.BodyResolver.resolveFunctionBodies(Lorg/jetbrains/kotlin/resolve/BodiesResolveContext;)V+198
j  org.jetbrains.kotlin.resolve.BodyResolver.resolveBehaviorDeclarationBodies(Lorg/jetbrains/kotlin/resolve/BodiesResolveContext;)V+36
j  org.jetbrains.kotlin.resolve.BodyResolver.resolveBodies(Lorg/jetbrains/kotlin/resolve/BodiesResolveContext;)V+11
j  org.jetbrains.kotlin.resolve.LazyTopDownAnalyzer.analyzeDeclarations(Lorg/jetbrains/kotlin/resolve/TopDownAnalysisMode;Ljava/util/Collection;Lorg/jetbrains/kotlin/resolve/calls/smartcasts/DataFlowInfo;Lorg/jetbrains/kotlin/types/expressions/ExpressionTypingContext;)Lorg/jetbrains/kotlin/resolve/TopDownAnalysisContext;+319
j  org.jetbrains.kotlin.resolve.LazyTopDownAnalyzer.analyzeDeclarations$default(Lorg/jetbrains/kotlin/resolve/LazyTopDownAnalyzer;Lorg/jetbrains/kotlin/resolve/TopDownAnalysisMode;Ljava/util/Collection;Lorg/jetbrains/kotlin/resolve/calls/smartcasts/DataFlowInfo;Lorg/jetbrains/kotlin/types/expressions/ExpressionTypingContext;ILjava/lang/Object;)Lorg/jetbrains/kotlin/resolve/TopDownAnalysisContext;+31
j  org.jetbrains.kotlin.cli.jvm.compiler.TopDownAnalyzerFacadeForJVM.analyzeFilesWithJavaIntegration(Lorg/jetbrains/kotlin/com/intellij/openapi/project/Project;Ljava/util/Collection;Lorg/jetbrains/kotlin/resolve/BindingTrace;Lorg/jetbrains/kotlin/config/CompilerConfiguration;Lkotlin/jvm/functions/Function1;Lkotlin/jvm/functions/Function2;Lorg/jetbrains/kotlin/com/intellij/psi/search/GlobalSearchScope;Ljava/util/List;Ljava/util/List;Ljava/util/List;)Lorg/jetbrains/kotlin/analyzer/AnalysisResult;+278
j  org.jetbrains.kotlin.cli.jvm.compiler.TopDownAnalyzerFacadeForJVM.analyzeFilesWithJavaIntegration$default(Lorg/jetbrains/kotlin/com/intellij/openapi/project/Project;Ljava/util/Collection;Lorg/jetbrains/kotlin/resolve/BindingTrace;Lorg/jetbrains/kotlin/config/CompilerConfiguration;Lkotlin/jvm/functions/Function1;Lkotlin/jvm/functions/Function2;Lorg/jetbrains/kotlin/com/intellij/psi/search/GlobalSearchScope;Ljava/util/List;Ljava/util/List;Ljava/util/List;ILjava/lang/Object;)Lorg/jetbrains/kotlin/analyzer/AnalysisResult;+92
j  org.jetbrains.kotlin.cli.jvm.compiler.KotlinToJVMBytecodeCompiler$analyze$1.invoke()Lorg/jetbrains/kotlin/analyzer/AnalysisResult;+285
j  org.jetbrains.kotlin.cli.jvm.compiler.KotlinToJVMBytecodeCompiler$analyze$1.invoke()Ljava/lang/Object;+1
j  org.jetbrains.kotlin.cli.common.messages.AnalyzerWithCompilerReport.analyzeAndReport(Ljava/util/Collection;Lkotlin/jvm/functions/Function0;)V+16
j  org.jetbrains.kotlin.cli.jvm.compiler.KotlinToJVMBytecodeCompiler.analyze(Lorg/jetbrains/kotlin/cli/jvm/compiler/KotlinCoreEnvironment;)Lorg/jetbrains/kotlin/analyzer/AnalysisResult;+146
j  org.jetbrains.kotlin.cli.jvm.compiler.KotlinToJVMBytecodeCompiler.compileModules$cli(Lorg/jetbrains/kotlin/cli/jvm/compiler/KotlinCoreEnvironment;Ljava/io/File;Ljava/util/List;Z)Z+420
j  org.jetbrains.kotlin.cli.jvm.compiler.KotlinToJVMBytecodeCompiler.compileModules$cli$default(Lorg/jetbrains/kotlin/cli/jvm/compiler/KotlinToJVMBytecodeCompiler;Lorg/jetbrains/kotlin/cli/jvm/compiler/KotlinCoreEnvironment;Ljava/io/File;Ljava/util/List;ZILjava/lang/Object;)Z+17
j  org.jetbrains.kotlin.cli.jvm.K2JVMCompiler.doExecute(Lorg/jetbrains/kotlin/cli/common/arguments/K2JVMCompilerArguments;Lorg/jetbrains/kotlin/config/CompilerConfiguration;Lorg/jetbrains/kotlin/com/intellij/openapi/Disposable;Lorg/jetbrains/kotlin/utils/KotlinPaths;)Lorg/jetbrains/kotlin/cli/common/ExitCode;+1235
j  org.jetbrains.kotlin.cli.jvm.K2JVMCompiler.doExecute(Lorg/jetbrains/kotlin/cli/common/arguments/CommonCompilerArguments;Lorg/jetbrains/kotlin/config/CompilerConfiguration;Lorg/jetbrains/kotlin/com/intellij/openapi/Disposable;Lorg/jetbrains/kotlin/utils/KotlinPaths;)Lorg/jetbrains/kotlin/cli/common/ExitCode;+9
j  org.jetbrains.kotlin.cli.common.CLICompiler.execImpl(Lorg/jetbrains/kotlin/cli/common/messages/MessageCollector;Lorg/jetbrains/kotlin/config/Services;Lorg/jetbrains/kotlin/cli/common/arguments/CommonCompilerArguments;)Lorg/jetbrains/kotlin/cli/common/ExitCode;+219
j  org.jetbrains.kotlin.cli.common.CLICompiler.execImpl(Lorg/jetbrains/kotlin/cli/common/messages/MessageCollector;Lorg/jetbrains/kotlin/config/Services;Lorg/jetbrains/kotlin/cli/common/arguments/CommonToolArguments;)Lorg/jetbrains/kotlin/cli/common/ExitCode;+7
j  org.jetbrains.kotlin.cli.common.CLITool.exec(Lorg/jetbrains/kotlin/cli/common/messages/MessageCollector;Lorg/jetbrains/kotlin/config/Services;Lorg/jetbrains/kotlin/cli/common/arguments/CommonToolArguments;)Lorg/jetbrains/kotlin/cli/common/ExitCode;+76
j  org.jetbrains.kotlin.cli.common.CLITool.exec(Ljava/io/PrintStream;Lorg/jetbrains/kotlin/config/Services;Lorg/jetbrains/kotlin/cli/common/messages/MessageRenderer;[Ljava/lang/String;)Lorg/jetbrains/kotlin/cli/common/ExitCode;+209
j  org.jetbrains.kotlin.cli.common.CLITool.exec(Ljava/io/PrintStream;Lorg/jetbrains/kotlin/cli/common/messages/MessageRenderer;[Ljava/lang/String;)Lorg/jetbrains/kotlin/cli/common/ExitCode;+25
j  org.jetbrains.kotlin.cli.common.CLITool$Companion.doMainNoExit(Lorg/jetbrains/kotlin/cli/common/CLITool;[Ljava/lang/String;Lorg/jetbrains/kotlin/cli/common/messages/MessageRenderer;)Lorg/jetbrains/kotlin/cli/common/ExitCode;+39
j  org.jetbrains.kotlin.cli.common.CLITool$Companion.doMainNoExit$default(Lorg/jetbrains/kotlin/cli/common/CLITool$Companion;Lorg/jetbrains/kotlin/cli/common/CLITool;[Ljava/lang/String;Lorg/jetbrains/kotlin/cli/common/messages/MessageRenderer;ILjava/lang/Object;)Lorg/jetbrains/kotlin/cli/common/ExitCode;+16
j  org.jetbrains.kotlin.cli.common.CLITool$Companion.doMain(Lorg/jetbrains/kotlin/cli/common/CLITool;[Ljava/lang/String;)V+57
j  org.jetbrains.kotlin.cli.jvm.K2JVMCompiler$Companion.main([Ljava/lang/String;)V+20
j  org.jetbrains.kotlin.cli.jvm.K2JVMCompiler.main([Ljava/lang/String;)V+4
v  ~StubRoutines::call_stub

---------------  P R O C E S S  ---------------

Java Threads: ( => current thread )
  0x00000074840e0800 JavaThread "Service Thread" daemon [_thread_blocked, id=16838, stack(0x0000007462bf0000,0x0000007462cf0000)]
  0x00000074840c4000 JavaThread "C2 CompilerThread1" daemon [_thread_blocked, id=16837, stack(0x0000007462cf1000,0x0000007462df1000)]
  0x00000074840c1000 JavaThread "C2 CompilerThread0" daemon [_thread_in_native, id=16835, stack(0x0000007462df2000,0x0000007462ef2000)]
  0x00000074840bf000 JavaThread "Signal Dispatcher" daemon [_thread_blocked, id=16834, stack(0x0000007462ef2000,0x0000007462ff2000)]
  0x000000748408d800 JavaThread "Finalizer" daemon [_thread_blocked, id=16833, stack(0x0000007462ff2000,0x00000074630f2000)]
  0x000000748408b000 JavaThread "Reference Handler" daemon [_thread_blocked, id=16832, stack(0x00000074630f2000,0x00000074631f2000)]
=>0x000000748400b800 JavaThread "main" [_thread_in_vm, id=16821, stack(0x0000007489bbe000,0x0000007489cbe000)]

Other Threads:
  0x0000007484081800 VMThread [stack: 0x00000074631f3000,0x00000074632f3000] [id=16830]
  0x00000074840e3000 WatcherThread [stack: 0x0000007462af0000,0x0000007462bf0000] [id=16839]

VM state:not at safepoint (normal execution)

VM Mutex/Monitor currently owned by a thread: None

heap address: 0x0000000087e00000, size: 1922 MB, Compressed Oops mode: 32-bit
Narrow klass base: 0x0000000000000000, Narrow klass shift: 3
Compressed class space size: 1073741824 Address: 0x0000000100000000

Heap:
 PSYoungGen      total 164352K, used 156206K [0x00000000d7f80000, 0x00000000e6280000, 0x0000000100000000)
  eden space 144384K, 94% used [0x00000000d7f80000,0x00000000e0492bd0,0x00000000e0c80000)
  from space 19968K, 99% used [0x00000000e2600000,0x00000000e3978c70,0x00000000e3980000)
  to   space 26112K, 0% used [0x00000000e0c80000,0x00000000e0c80000,0x00000000e2600000)
 ParOldGen       total 113664K, used 34735K [0x0000000087e00000, 0x000000008ed00000, 0x00000000d7f80000)
  object space 113664K, 30% used [0x0000000087e00000,0x0000000089febfd0,0x000000008ed00000)
 Metaspace       used 48268K, capacity 49220K, committed 49408K, reserved 1091584K
  class space    used 6286K, capacity 6560K, committed 6656K, reserved 1048576K

Card table byte_map: [0x000000748961c000,0x00000074899de000] byte_map_base: 0x00000074891dd000

Marking Bits: (ParMarkBitMap*) 0x000000748a778ff8
 Begin Bits: [0x00000074703f0000, 0x00000074721f8000)
 End Bits:   [0x00000074721f8000, 0x0000007474000000)

Polling page: 0x000000748a971000

CodeCache: size=49152Kb used=2887Kb max_used=2913Kb free=46264Kb
 bounds [0x0000007481000000, 0x00000074812f0000, 0x0000007484000000]
 total_blobs=1888 nmethods=1394 adapters=444
 compilation: enabled

Compilation events (10 events):
Event: 23.937 Thread 0x00000074840c4000 1551             org.jetbrains.kotlin.resolve.calls.inference.model.MutableConstraintStorage::getAllTypeVariables (5 bytes)
Event: 23.938 Thread 0x00000074840c4000 nmethod 1551 0x00000074812dc150 code [0x00000074812dc280, 0x00000074812dc2e8]
Event: 23.949 Thread 0x00000074840c4000 1552             kotlin.collections.EmptySet::isEmpty (2 bytes)
Event: 23.950 Thread 0x00000074840c4000 nmethod 1552 0x00000074812dbf50 code [0x00000074812dc080, 0x00000074812dc0e8]
Event: 23.979 Thread 0x00000074840c4000 1553             org.jetbrains.kotlin.psi.psiUtil.PsiUtilsKt$parentsWithSelf$1::invoke (9 bytes)
Event: 23.982 Thread 0x00000074840c4000 nmethod 1553 0x0000007481247cd0 code [0x0000007481247e10, 0x0000007481247f28]
Event: 23.982 Thread 0x00000074840c4000 1554             org.jetbrains.kotlin.psi.psiUtil.PsiUtilsKt$parentsWithSelf$1::invoke (24 bytes)
Event: 23.984 Thread 0x00000074840c4000 nmethod 1554 0x000000748109de10 code [0x000000748109df50, 0x000000748109e028]
Event: 23.986 Thread 0x00000074840c4000 1555             org.jetbrains.kotlin.cli.jvm.compiler.NoScopeRecordCliBindingTrace::record (35 bytes)
Event: 23.989 Thread 0x00000074840c4000 nmethod 1555 0x000000748109d950 code [0x000000748109daa0, 0x000000748109dc08]

GC Heap History (10 events):
Event: 3.897 GC heap before
{Heap before GC invocations=4 (full 1):
 PSYoungGen      total 67584K, used 5098K [0x00000000d7f80000, 0x00000000e0380000, 0x0000000100000000)
  eden space 62464K, 0% used [0x00000000d7f80000,0x00000000d7f80000,0x00000000dbc80000)
  from space 5120K, 99% used [0x00000000dbc80000,0x00000000dc17aac8,0x00000000dc180000)
  to   space 5120K, 0% used [0x00000000dfe80000,0x00000000dfe80000,0x00000000e0380000)
 ParOldGen       total 83456K, used 18183K [0x0000000087e00000, 0x000000008cf80000, 0x00000000d7f80000)
  object space 83456K, 21% used [0x0000000087e00000,0x0000000088fc1cc8,0x000000008cf80000)
 Metaspace       used 20617K, capacity 21088K, committed 21248K, reserved 1067008K
  class space    used 2543K, capacity 2722K, committed 2816K, reserved 1048576K
Event: 3.966 GC heap after
Heap after GC invocations=4 (full 1):
 PSYoungGen      total 67584K, used 0K [0x00000000d7f80000, 0x00000000e0380000, 0x0000000100000000)
  eden space 62464K, 0% used [0x00000000d7f80000,0x00000000d7f80000,0x00000000dbc80000)
  from space 5120K, 0% used [0x00000000dbc80000,0x00000000dbc80000,0x00000000dc180000)
  to   space 5120K, 0% used [0x00000000dfe80000,0x00000000dfe80000,0x00000000e0380000)
 ParOldGen       total 74752K, used 16408K [0x0000000087e00000, 0x000000008c700000, 0x00000000d7f80000)
  object space 74752K, 21% used [0x0000000087e00000,0x0000000088e06118,0x000000008c700000)
 Metaspace       used 20617K, capacity 21088K, committed 21248K, reserved 1067008K
  class space    used 2543K, capacity 2722K, committed 2816K, reserved 1048576K
}
Event: 6.203 GC heap before
{Heap before GC invocations=5 (full 1):
 PSYoungGen      total 67584K, used 62464K [0x00000000d7f80000, 0x00000000e0380000, 0x0000000100000000)
  eden space 62464K, 100% used [0x00000000d7f80000,0x00000000dbc80000,0x00000000dbc80000)
  from space 5120K, 0% used [0x00000000dbc80000,0x00000000dbc80000,0x00000000dc180000)
  to   space 5120K, 0% used [0x00000000dfe80000,0x00000000dfe80000,0x00000000e0380000)
 ParOldGen       total 74752K, used 16408K [0x0000000087e00000, 0x000000008c700000, 0x00000000d7f80000)
  object space 74752K, 21% used [0x0000000087e00000,0x0000000088e06118,0x000000008c700000)
 Metaspace       used 29037K, capacity 29522K, committed 29952K, reserved 1075200K
  class space    used 4074K, capacity 4251K, committed 4352K, reserved 1048576K
Event: 6.237 GC heap after
Heap after GC invocations=5 (full 1):
 PSYoungGen      total 100352K, used 5092K [0x00000000d7f80000, 0x00000000e0380000, 0x0000000100000000)
  eden space 95232K, 0% used [0x00000000d7f80000,0x00000000d7f80000,0x00000000ddc80000)
  from space 5120K, 99% used [0x00000000dfe80000,0x00000000e0379100,0x00000000e0380000)
  to   space 5120K, 0% used [0x00000000df980000,0x00000000df980000,0x00000000dfe80000)
 ParOldGen       total 74752K, used 25489K [0x0000000087e00000, 0x000000008c700000, 0x00000000d7f80000)
  object space 74752K, 34% used [0x0000000087e00000,0x00000000896e46e8,0x000000008c700000)
 Metaspace       used 29037K, capacity 29522K, committed 29952K, reserved 1075200K
  class space    used 4074K, capacity 4251K, committed 4352K, reserved 1048576K
}
Event: 7.307 GC heap before
{Heap before GC invocations=6 (full 1):
 PSYoungGen      total 100352K, used 44830K [0x00000000d7f80000, 0x00000000e0380000, 0x0000000100000000)
  eden space 95232K, 41% used [0x00000000d7f80000,0x00000000da64e7b0,0x00000000ddc80000)
  from space 5120K, 99% used [0x00000000dfe80000,0x00000000e0379100,0x00000000e0380000)
  to   space 5120K, 0% used [0x00000000df980000,0x00000000df980000,0x00000000dfe80000)
 ParOldGen       total 74752K, used 25489K [0x0000000087e00000, 0x000000008c700000, 0x00000000d7f80000)
  object space 74752K, 34% used [0x0000000087e00000,0x00000000896e46e8,0x000000008c700000)
 Metaspace       used 34742K, capacity 35220K, committed 35416K, reserved 1079296K
  class space    used 4645K, capacity 4802K, committed 4864K, reserved 1048576K
Event: 7.350 GC heap after
Heap after GC invocations=6 (full 1):
 PSYoungGen      total 130048K, used 5092K [0x00000000d7f80000, 0x00000000e3980000, 0x0000000100000000)
  eden space 124928K, 0% used [0x00000000d7f80000,0x00000000d7f80000,0x00000000df980000)
  from space 5120K, 99% used [0x00000000df980000,0x00000000dfe790f0,0x00000000dfe80000)
  to   space 19968K, 0% used [0x00000000e2600000,0x00000000e2600000,0x00000000e3980000)
 ParOldGen       total 74752K, used 35856K [0x0000000087e00000, 0x000000008c700000, 0x00000000d7f80000)
  object space 74752K, 47% used [0x0000000087e00000,0x000000008a104208,0x000000008c700000)
 Metaspace       used 34742K, capacity 35220K, committed 35416K, reserved 1079296K
  class space    used 4645K, capacity 4802K, committed 4864K, reserved 1048576K
}
Event: 7.350 GC heap before
{Heap before GC invocations=7 (full 2):
 PSYoungGen      total 130048K, used 5092K [0x00000000d7f80000, 0x00000000e3980000, 0x0000000100000000)
  eden space 124928K, 0% used [0x00000000d7f80000,0x00000000d7f80000,0x00000000df980000)
  from space 5120K, 99% used [0x00000000df980000,0x00000000dfe790f0,0x00000000dfe80000)
  to   space 19968K, 0% used [0x00000000e2600000,0x00000000e2600000,0x00000000e3980000)
 ParOldGen       total 74752K, used 35856K [0x0000000087e00000, 0x000000008c700000, 0x00000000d7f80000)
  object space 74752K, 47% used [0x0000000087e00000,0x000000008a104208,0x000000008c700000)
 Metaspace       used 34742K, capacity 35220K, committed 35416K, reserved 1079296K
  class space    used 4645K, capacity 4802K, committed 4864K, reserved 1048576K
Event: 7.471 GC heap after
Heap after GC invocations=7 (full 2):
 PSYoungGen      total 130048K, used 0K [0x00000000d7f80000, 0x00000000e3980000, 0x0000000100000000)
  eden space 124928K, 0% used [0x00000000d7f80000,0x00000000d7f80000,0x00000000df980000)
  from space 5120K, 0% used [0x00000000df980000,0x00000000df980000,0x00000000dfe80000)
  to   space 19968K, 0% used [0x00000000e2600000,0x00000000e2600000,0x00000000e3980000)
 ParOldGen       total 113664K, used 29124K [0x0000000087e00000, 0x000000008ed00000, 0x00000000d7f80000)
  object space 113664K, 25% used [0x0000000087e00000,0x0000000089a711f8,0x000000008ed00000)
 Metaspace       used 34742K, capacity 35220K, committed 35416K, reserved 1079296K
  class space    used 4645K, capacity 4802K, committed 4864K, reserved 1048576K
}
Event: 15.308 GC heap before
{Heap before GC invocations=8 (full 2):
 PSYoungGen      total 130048K, used 124928K [0x00000000d7f80000, 0x00000000e3980000, 0x0000000100000000)
  eden space 124928K, 100% used [0x00000000d7f80000,0x00000000df980000,0x00000000df980000)
  from space 5120K, 0% used [0x00000000df980000,0x00000000df980000,0x00000000dfe80000)
  to   space 19968K, 0% used [0x00000000e2600000,0x00000000e2600000,0x00000000e3980000)
 ParOldGen       total 113664K, used 29124K [0x0000000087e00000, 0x000000008ed00000, 0x00000000d7f80000)
  object space 113664K, 25% used [0x0000000087e00000,0x0000000089a711f8,0x000000008ed00000)
 Metaspace       used 42887K, capacity 43612K, committed 44032K, reserved 1087488K
  class space    used 5615K, capacity 5836K, committed 5888K, reserved 1048576K
Event: 15.387 GC heap after
Heap after GC invocations=8 (full 2):
 PSYoungGen      total 164352K, used 19939K [0x00000000d7f80000, 0x00000000e6280000, 0x0000000100000000)
  eden space 144384K, 0% used [0x00000000d7f80000,0x00000000d7f80000,0x00000000e0c80000)
  from space 19968K, 99% used [0x00000000e2600000,0x00000000e3978c70,0x00000000e3980000)
  to   space 26112K, 0% used [0x00000000e0c80000,0x00000000e0c80000,0x00000000e2600000)
 ParOldGen       total 113664K, used 34735K [0x0000000087e00000, 0x000000008ed00000, 0x00000000d7f80000)
  object space 113664K, 30% used [0x0000000087e00000,0x0000000089febfd0,0x000000008ed00000)
 Metaspace       used 42887K, capacity 43612K, committed 44032K, reserved 1087488K
  class space    used 5615K, capacity 5836K, committed 5888K, reserved 1048576K
}

Deoptimization events (10 events):
Event: 23.151 Thread 0x000000748400b800 Uncommon trap: reason=class_check action=maybe_recompile pc=0x000000748109e2c0 method=java.util.concurrent.ConcurrentHashMap.putVal(Ljava/lang/Object;Ljava/lang/Object;Z)Ljava/lang/Object; @ 192
Event: 23.152 Thread 0x000000748400b800 Uncommon trap: reason=class_check action=maybe_recompile pc=0x0000007481277390 method=org.jetbrains.kotlin.resolve.calls.tower.PSIKotlinCallsKt.getPsiKotlinCall(Lorg/jetbrains/kotlin/resolve/calls/model/KotlinCall;)Lorg/jetbrains/kotlin/resolve/calls/towe
Event: 23.168 Thread 0x000000748400b800 Uncommon trap: reason=bimorphic action=maybe_recompile pc=0x0000007481197200 method=org.jetbrains.org.objectweb.asm.ClassReader.readField(Lorg/jetbrains/org/objectweb/asm/ClassVisitor;Lorg/jetbrains/org/objectweb/asm/Context;I)I @ 332
Event: 23.170 Thread 0x000000748400b800 Uncommon trap: reason=class_check action=maybe_recompile pc=0x0000007481277390 method=org.jetbrains.kotlin.resolve.calls.tower.PSIKotlinCallsKt.getPsiKotlinCall(Lorg/jetbrains/kotlin/resolve/calls/model/KotlinCall;)Lorg/jetbrains/kotlin/resolve/calls/towe
Event: 23.233 Thread 0x000000748400b800 Uncommon trap: reason=class_check action=maybe_recompile pc=0x0000007481277390 method=org.jetbrains.kotlin.resolve.calls.tower.PSIKotlinCallsKt.getPsiKotlinCall(Lorg/jetbrains/kotlin/resolve/calls/model/KotlinCall;)Lorg/jetbrains/kotlin/resolve/calls/towe
Event: 23.235 Thread 0x000000748400b800 Uncommon trap: reason=class_check action=maybe_recompile pc=0x0000007481277390 method=org.jetbrains.kotlin.resolve.calls.tower.PSIKotlinCallsKt.getPsiKotlinCall(Lorg/jetbrains/kotlin/resolve/calls/model/KotlinCall;)Lorg/jetbrains/kotlin/resolve/calls/towe
Event: 23.299 Thread 0x000000748400b800 Uncommon trap: reason=unstable_if action=reinterpret pc=0x000000748124857c method=org.jetbrains.kotlin.types.AbstractStrictEqualityTypeChecker.strictEqualSimpleTypes(Lorg/jetbrains/kotlin/types/model/TypeSystemContext;Lorg/jetbrains/kotlin/types/model/Sim
Event: 23.804 Thread 0x000000748400b800 Uncommon trap: reason=predicate action=maybe_recompile pc=0x000000748120b684 method=org.jetbrains.kotlin.types.checker.NewCapturedTypeKt.captureArguments(Lorg/jetbrains/kotlin/types/UnwrappedType;Lorg/jetbrains/kotlin/types/model/CaptureStatus;)Ljava/util
Event: 23.845 Thread 0x000000748400b800 Uncommon trap: reason=unstable_if action=reinterpret pc=0x0000007481223f84 method=java.util.HashMap.hash(Ljava/lang/Object;)I @ 1
Event: 23.992 Thread 0x000000748400b800 Uncommon trap: reason=class_check action=maybe_recompile pc=0x0000007481295ca0 method=org.jetbrains.kotlin.com.intellij.openapi.util.Key.getKeyByIndex(I)Lorg/jetbrains/kotlin/com/intellij/openapi/util/Key; @ 9

Classes redefined (0 events):
No events

Internal exceptions (10 events):
Event: 16.670 Thread 0x000000748400b800 Implicit null exception at 0x000000748106e5b0 to 0x000000748106e65c
Event: 16.713 Thread 0x000000748400b800 Implicit null exception at 0x00000074810a4d1c to 0x00000074810a4da4
Event: 16.713 Thread 0x000000748400b800 Implicit null exception at 0x00000074810775f4 to 0x0000007481077664
Event: 16.921 Thread 0x000000748400b800 Exception <a 'java/lang/IncompatibleClassChangeError': Found class java.lang.Object, but interface was expected> (0x00000000da41d108) thrown at [/HUDSON/workspace/8-2-build-glinux-arm64/jdk8u212/12974/hotspot/src/share/vm/interpreter/linkResolver.cpp, lin
Event: 18.922 Thread 0x000000748400b800 Implicit null exception at 0x000000748108bda8 to 0x000000748108bfa8
Event: 19.506 Thread 0x000000748400b800 Implicit null exception at 0x0000007481259054 to 0x0000007481259528
Event: 20.154 Thread 0x000000748400b800 Implicit null exception at 0x00000074811f0720 to 0x00000074811f0ac4
Event: 21.422 Thread 0x000000748400b800 Implicit null exception at 0x000000748108256c to 0x00000074810828e4
Event: 21.467 Thread 0x000000748400b800 Implicit null exception at 0x000000748107ec2c to 0x000000748107efa4
Event: 23.845 Thread 0x000000748400b800 Implicit null exception at 0x0000007481223e08 to 0x0000007481223f68

Events (10 events):
Event: 23.968 loading class org/jetbrains/kotlin/com/intellij/openapi/util/TextRange done
Event: 23.969 loading class org/jetbrains/kotlin/com/intellij/openapi/util/Segment
Event: 23.969 loading class org/jetbrains/kotlin/com/intellij/openapi/util/Segment done
Event: 23.985 Executing VM operation: ForceSafepoint
Event: 23.985 Executing VM operation: ForceSafepoint done
Event: 23.987 Executing VM operation: ForceSafepoint
Event: 23.987 Executing VM operation: ForceSafepoint done
Event: 23.992 Thread 0x000000748400b800 Uncommon trap: trap_request=0xffffffde fr.pc=0x0000007481295ca0
Event: 23.992 Thread 0x000000748400b800 DEOPT PACKING pc=0x0000007481295ca0 sp=0x0000007489cb7a10
Event: 23.992 Thread 0x000000748400b800 DEOPT UNPACKING pc=0x0000007481002684 sp=0x0000007489cb7960 mode 2


Dynamic libraries:
00400000-00401000 r-xp 00000000 fe:4c 3133056                            /data/data/com.m4coding.ide/files/0/opt/java/jdk1.8.0_212/jre/bin/java
00410000-00411000 r--p 00000000 fe:4c 3133056                            /data/data/com.m4coding.ide/files/0/opt/java/jdk1.8.0_212/jre/bin/java
00411000-00412000 rw-p 00001000 fe:4c 3133056                            /data/data/com.m4coding.ide/files/0/opt/java/jdk1.8.0_212/jre/bin/java
00412000-00434000 rw-p 00000000 00:00 0 
87e00000-8ed00000 rw-p 00000000 00:00 0 
8ed00000-d7f80000 ---p 00000000 00:00 0 
d7f80000-e6280000 rw-p 00000000 00:00 0 
e6280000-100000000 ---p 00000000 00:00 0 
100000000-100680000 rw-p 00000000 00:00 0 
100680000-140000000 ---p 00000000 00:00 0 
2000000000-2000001000 r-xp 00000000 fe:4c 3017506                        /data/app/~~JG6KgFjXDiiLCmJp5un9-Q==/com.m4coding.ide-1pAfsPGveDDrg1ANQg8CIA==/lib/arm64/lib_loader.so
3f00000000-3f0001d000 r-xp 00000000 fe:4c 3132303                        /data/data/com.m4coding.ide/files/0/lib/aarch64-linux-gnu/ld-2.27.so
3f0002c000-3f0002d000 r--p 0001c000 fe:4c 3132303                        /data/data/com.m4coding.ide/files/0/lib/aarch64-linux-gnu/ld-2.27.so
3f0002d000-3f0002f000 rw-p 0001d000 fe:4c 3132303                        /data/data/com.m4coding.ide/files/0/lib/aarch64-linux-gnu/ld-2.27.so
7434000000-7434021000 rw-p 00000000 00:00 0 
7434021000-7438000000 ---p 00000000 00:00 0 
743bca0000-743bfc0000 rw-p 00000000 00:00 0 
743bfc0000-743c000000 ---p 00000000 00:00 0 
743c000000-743c8e0000 rw-p 00000000 00:00 0 
743c8e0000-7440000000 ---p 00000000 00:00 0 
7440000000-7440021000 rw-p 00000000 00:00 0 
7440021000-7444000000 ---p 00000000 00:00 0 
7444000000-7444021000 rw-p 00000000 00:00 0 
7444021000-7448000000 ---p 00000000 00:00 0 
7448000000-7448a00000 rw-p 00000000 00:00 0 
7448a00000-744c000000 ---p 00000000 00:00 0 
744c000000-744c021000 rw-p 00000000 00:00 0 
744c021000-7450000000 ---p 00000000 00:00 0 
7450000000-7450021000 rw-p 00000000 00:00 0 
7450021000-7454000000 ---p 00000000 00:00 0 
7454000000-7454021000 rw-p 00000000 00:00 0 
7454021000-7458000000 ---p 00000000 00:00 0 
7458000000-7458021000 rw-p 00000000 00:00 0 
7458021000-745c000000 ---p 00000000 00:00 0 
745c000000-745c021000 rw-p 00000000 00:00 0 
745c021000-7460000000 ---p 00000000 00:00 0 
746003f000-7460156000 rw-p 00000000 00:00 0 
7460156000-7460159000 r--s 00014000 fe:4c 3271982                        /data/data/com.m4coding.ide/files/0/home/test/.gradle/caches/transforms-2/files-2.1/4fdb3b6ad72d7a7ac05c6bfe3d6d6f89/jetified-play-services-tasks-18.0.2-api.jar
7460159000-7460166000 r--s 00107000 fe:4c 3271979                        /data/data/com.m4coding.ide/files/0/home/test/.gradle/caches/transforms-2/files-2.1/fa9f661bf8b1f21cb2fe9d8c4370d1d0/jetified-play-services-base-18.1.0-api.jar
7460166000-7460167000 r--s 00000000 fe:4c 3271985                        /data/data/com.m4coding.ide/files/0/home/test/.gradle/caches/transforms-2/files-2.1/9b805a824f5ea767b3ec262726e81282/jetified-vision-interfaces-16.2.0-api.jar
7460167000-7460168000 r--s 00001000 fe:4c 3272010                        /data/data/com.m4coding.ide/files/0/home/test/.gradle/caches/transforms-2/files-2.1/e2ee6faf8ce4d3fcc60ee2098366d21d/jetified-play-services-mlkit-text-recognition-19.0.0-api.jar
7460168000-7460179000 r--s 000d2000 fe:4c 3271972                        /data/data/com.m4coding.ide/files/0/home/test/.gradle/caches/transforms-2/files-2.1/97561afadd614658e2c8390755893dcc/jetified-play-services-mlkit-text-recognition-common-19.0.0-api.jar
7460179000-7460183000 r--s 000a6000 fe:4c 3271989                        /data/data/com.m4coding.ide/files/0/home/test/.gradle/caches/transforms-2/files-2.1/65b5ed3691a9b859e4b8bd56ad885bb1/jetified-play-services-basement-18.1.0-api.jar
7460183000-7460193000 r--s 000d0000 fe:4c 3271973                        /data/data/com.m4coding.ide/files/0/home/test/.gradle/caches/transforms-2/files-2.1/7b2ad31fd77e09335e7f519ddca4e667/jetified-common-18.8.0-api.jar
7460193000-746019f000 r--s 0008b000 fe:4c 3271970                        /data/data/com.m4coding.ide/files/0/home/test/.gradle/caches/transforms-2/files-2.1/c09517c0842ddcfe060c80097cbd8568/jetified-vision-common-17.3.0-api.jar
746019f000-74601a5000 r--s 0010b000 fe:4c 3282271                        /data/data/com.m4coding.ide/files/storage/project/TranslateKomik/app/build/intermediates/compile_and_runtime_not_namespaced_r_class_jar/debug/R.jar
74601a5000-74603a5000 rw-p 00000000 00:00 0 
74603a5000-74603a6000 r--s 0000a000 fe:4c 3183532                        /data/data/com.m4coding.ide/files/0/home/test/.gradle/caches/modules-2/files-2.1/androidx.collection/collection/1.1.0/1f27220b47669781457de0d600849a5de0e89909/collection-1.1.0.jar
74603a6000-74603a7000 r--s 00005000 fe:4c 3259023                        /data/data/com.m4coding.ide/files/0/home/test/.gradle/caches/transforms-2/files-2.1/66ed65fbc7eec6756f401a33cbdcf9f8/lifecycle-runtime-2.4.0-api.jar
74603a7000-74605a7000 rw-p 00000000 00:00 0 
74605a7000-74605b9000 r--s 00207000 fe:4c 3259008                        /data/data/com.m4coding.ide/files/0/home/test/.gradle/caches/transforms-2/files-2.1/57d8d68d59a1f317a26c7c2d5d3fc418/core-1.7.0-api.jar
74605b9000-74605c4000 r--s 00194000 fe:4c 3258977                        /data/data/com.m4coding.ide/files/0/home/test/.gradle/caches/transforms-2/files-2.1/d06fc1aedfd9f32c4ea1d8b81a11f56e/appcompat-1.4.1-api.jar
74605c4000-74607c4000 rw-p 00000000 00:00 0 
74607c4000-74609c4000 rw-p 00000000 00:00 0 
74609c4000-7460bc4000 rw-p 00000000 00:00 0 
7460bc4000-7460dc4000 rw-p 00000000 00:00 0 
7460dc4000-7460fc4000 rw-p 00000000 00:00 0 
7460fc4000-7460fd9000 r--s 0015c000 fe:4c 3257501                        /data/data/com.m4coding.ide/files/0/home/test/.gradle/caches/transforms-2/files-2.1/d2a4578cba051b18813322e279371552/jetified-kotlin-stdlib-1.6.10.jar
7460fd9000-74611d9000 rw-p 00000000 00:00 0 
74611d9000-74613d9000 rw-p 00000000 00:00 0 
74613d9000-7461506000 r--s 018b5000 fe:4c 1292906                        /data/data/com.m4coding.ide/files/0/opt/android_sdk/platforms/android-33/android.jar
7461506000-7461706000 rw-p 00000000 00:00 0 
7461706000-7461906000 rw-p 00000000 00:00 0 
7461906000-7461ddd000 rw-p 00000000 00:00 0 
7461ddd000-7461fdd000 rw-p 00000000 00:00 0 
7461fdd000-74621dd000 rw-p 00000000 00:00 0 
74621dd000-74623dd000 rw-p 00000000 00:00 0 
74623dd000-74625dd000 rw-p 00000000 00:00 0 
74625dd000-746279e000 rw-p 00000000 00:00 0 
746279e000-7462818000 r--s 010fd000 fe:4c 3133072                        /data/data/com.m4coding.ide/files/0/opt/java/jdk1.8.0_212/lib/tools.jar
7462818000-7462aef000 r--s 02cd5000 fe:4c 3150451                        /data/data/com.m4coding.ide/files/0/home/test/.gradle/caches/modules-2/files-2.1/org.jetbrains.kotlin/kotlin-compiler-embeddable/1.6.10/88f2073f4020cdb83132cfe940ceb9a60aba54ea/kotlin-compiler-embeddable-1.6.10.jar
7462aef000-7462af0000 ---p 00000000 00:00 0 
7462af0000-7462bf0000 rw-p 00000000 00:00 0 
7462bf0000-7462bf3000 ---p 00000000 00:00 0 
7462bf3000-7462cf0000 rw-p 00000000 00:00 0 
7462cf0000-7462cf1000 ---p 00000000 00:00 0 
7462cf1000-7462cf4000 ---p 00000000 00:00 0 
7462cf4000-7462df1000 rw-p 00000000 00:00 0 
7462df1000-7462df2000 ---p 00000000 00:00 0 
7462df2000-7462df5000 ---p 00000000 00:00 0 
7462df5000-7462ef2000 rw-p 00000000 00:00 0 
7462ef2000-7462ef5000 ---p 00000000 00:00 0 
7462ef5000-7462ff2000 rw-p 00000000 00:00 0 
7462ff2000-7462ff5000 ---p 00000000 00:00 0 
7462ff5000-74630f2000 rw-p 00000000 00:00 0 
74630f2000-74630f5000 ---p 00000000 00:00 0 
74630f5000-74631f2000 rw-p 00000000 00:00 0 
74631f2000-74631f3000 ---p 00000000 00:00 0 
74631f3000-7464000000 rw-p 00000000 00:00 0 
7464000000-7464021000 rw-p 00000000 00:00 0 
7464021000-7468000000 ---p 00000000 00:00 0 
7468000000-7468021000 rw-p 00000000 00:00 0 
7468021000-746c000000 ---p 00000000 00:00 0 
746c000000-746c021000 rw-p 00000000 00:00 0 
746c021000-7470000000 ---p 00000000 00:00 0 
7470000000-7470001000 r--s 00014000 fe:4c 3259002                        /data/data/com.m4coding.ide/files/0/home/test/.gradle/caches/transforms-2/files-2.1/43706e0c3452950fe6e8ffdc4594125b/loader-1.0.0-api.jar
7470001000-7470003000 r--s 00013000 fe:4c 3259045                        /data/data/com.m4coding.ide/files/0/home/test/.gradle/caches/transforms-2/files-2.1/c025d4ce8b983e5e58b31a5e9ccd7e66/customview-1.1.0-api.jar
7470003000-7470005000 r--s 00012000 fe:4c 3258966                        /data/data/com.m4coding.ide/files/0/home/test/.gradle/caches/transforms-2/files-2.1/eacacf83e429a7b01e630f41c24036c4/drawerlayout-1.1.1-api.jar
7470005000-7470007000 r--s 00006000 fe:4c 3214485                        /data/data/com.m4coding.ide/files/0/home/test/.gradle/caches/modules-2/files-2.1/androidx.annotation/annotation/1.3.0/21f49f5f9b85fc49de712539f79123119740595/annotation-1.3.0.jar
7470007000-7470009000 r--s 00004000 fe:4c 3259017                        /data/data/com.m4coding.ide/files/0/home/test/.gradle/caches/transforms-2/files-2.1/04747761ee1b58791064a66dd8d90d79/jetified-savedstate-1.1.0-api.jar
7470009000-7470011000 r--s 00029000 fe:4c 3257457                        /data/data/com.m4coding.ide/files/0/home/test/.gradle/caches/transforms-2/files-2.1/c4930067e1f52a10ace1fdcba3988286/jetified-kotlin-stdlib-common-1.6.10.jar
7470011000-7470015000 r--s 0005f000 fe:4c 3258975                        /data/data/com.m4coding.ide/files/0/home/test/.gradle/caches/transforms-2/files-2.1/f983677aba979e4b0f500ff66928db6a/jetified-core-ktx-1.7.0-api.jar
7470015000-7470016000 r--s 00005000 fe:4c 3259030                        /data/data/com.m4coding.ide/files/0/home/test/.gradle/caches/transforms-2/files-2.1/f11ecf4727875866808d5afa2e1dddc5/lifecycle-viewmodel-2.3.1-api.jar
7470016000-7470019000 r--s 00024000 fe:4c 3258971                        /data/data/com.m4coding.ide/files/0/home/test/.gradle/caches/transforms-2/files-2.1/ec2d28095094cf428abf485fcc436ec3/jetified-activity-1.2.4-api.jar
7470019000-747001e000 r--s 00099000 fe:4c 3258969                        /data/data/com.m4coding.ide/files/0/home/test/.gradle/caches/transforms-2/files-2.1/8640f39bad4866853a0c151268275a41/fragment-1.3.6-api.jar
7470020000-7470022000 r--s 00005000 fe:4c 3272007                        /data/data/com.m4coding.ide/files/0/home/test/.gradle/caches/transforms-2/files-2.1/3ef137d8441a332f7c8b9bef38c528f2/jetified-image-1.0.0-beta1-api.jar
7470022000-7470023000 r--s 00002000 fe:4c 3259034                        /data/data/com.m4coding.ide/files/0/home/test/.gradle/caches/transforms-2/files-2.1/9841b258e7386adc54537f8f54aa6067/jetified-annotation-experimental-1.1.0-api.jar
7470023000-7470037000 r-xp 00000000 fe:4c 3132982                        /data/data/com.m4coding.ide/files/0/opt/java/jdk1.8.0_212/jre/lib/aarch64/libnet.so
7470037000-7470046000 ---p 00014000 fe:4c 3132982                        /data/data/com.m4coding.ide/files/0/opt/java/jdk1.8.0_212/jre/lib/aarch64/libnet.so
7470046000-7470047000 r--p 00013000 fe:4c 3132982                        /data/data/com.m4coding.ide/files/0/opt/java/jdk1.8.0_212/jre/lib/aarch64/libnet.so
7470047000-7470048000 rw-p 00014000 fe:4c 3132982                        /data/data/com.m4coding.ide/files/0/opt/java/jdk1.8.0_212/jre/lib/aarch64/libnet.so
7470048000-7470056000 r-xp 00000000 fe:4c 3132994                        /data/data/com.m4coding.ide/files/0/opt/java/jdk1.8.0_212/jre/lib/aarch64/libnio.so
7470056000-7470066000 ---p 0000e000 fe:4c 3132994                        /data/data/com.m4coding.ide/files/0/opt/java/jdk1.8.0_212/jre/lib/aarch64/libnio.so
7470066000-7470067000 r--p 0000e000 fe:4c 3132994                        /data/data/com.m4coding.ide/files/0/opt/java/jdk1.8.0_212/jre/lib/aarch64/libnio.so
7470067000-7470068000 rw-p 0000f000 fe:4c 3132994                        /data/data/com.m4coding.ide/files/0/opt/java/jdk1.8.0_212/jre/lib/aarch64/libnio.so
7470068000-747006d000 r--s 000a3000 fe:4c 3133017                        /data/data/com.m4coding.ide/files/0/opt/java/jdk1.8.0_212/jre/lib/jsse.jar
747006d000-7470075000 r--s 00029000 fe:4c 3257142                        /data/data/com.m4coding.ide/files/0/home/test/.gradle/caches/modules-2/files-2.1/org.jetbrains.kotlin/kotlin-stdlib-common/1.6.10/c118700e3a33c8a0d9adc920e9dec0831171925/kotlin-stdlib-common-1.6.10.jar
7470075000-7470080000 r--s 00081000 fe:4c 3149391                        /data/data/com.m4coding.ide/files/0/home/test/.gradle/caches/modules-2/files-2.1/org.jetbrains.intellij.deps/trove4j/1.0.20181211/216c2e14b070f334479d800987affe4054cd563f/trove4j-1.0.20181211.jar
7470080000-747008d000 r--s 000a5000 fe:4c 3105238                        /data/data/com.m4coding.ide/files/0/home/test/.gradle/caches/modules-2/files-2.1/org.jetbrains.kotlin/kotlin-daemon-embeddable/1.6.10/a56d79bcbea411fa6058e4ecffc2de73e742bd2a/kotlin-daemon-embeddable-1.6.10.jar
747008d000-7474000000 rw-p 00000000 00:00 0 
7474000000-7474021000 rw-p 00000000 00:00 0 
7474021000-7478000000 ---p 00000000 00:00 0 
7478000000-7478021000 rw-p 00000000 00:00 0 
7478021000-747c000000 ---p 00000000 00:00 0 
747c000000-747c021000 rw-p 00000000 00:00 0 
747c021000-7480000000 ---p 00000000 00:00 0 
7480000000-7480001000 r--s 00005000 fe:4c 3257470                        /data/data/com.m4coding.ide/files/0/home/test/.gradle/caches/transforms-2/files-2.1/49174759b7d01aab624e86fe4528b17b/jetified-kotlin-stdlib-jdk7-1.6.10.jar
7480001000-7480002000 r--s 00003000 fe:4c 3257454                        /data/data/com.m4coding.ide/files/0/home/test/.gradle/caches/transforms-2/files-2.1/a3dc0f9925757dea6e590cd02ad837bc/jetified-kotlin-stdlib-jdk8-1.6.10.jar
7480002000-7480017000 r--s 0015c000 fe:4c 3257143                        /data/data/com.m4coding.ide/files/0/home/test/.gradle/caches/modules-2/files-2.1/org.jetbrains.kotlin/kotlin-stdlib/1.6.10/b8af3fe6f1ca88526914929add63cf5e7c5049af/kotlin-stdlib-1.6.10.jar
7480017000-7480054000 r--s 002a9000 fe:4c 3259089                        /data/data/com.m4coding.ide/files/0/home/test/.gradle/caches/modules-2/files-2.1/org.jetbrains.kotlin/kotlin-reflect/1.6.10/1cbe9c92c12a94eea200d23c2bbaedaf3daf5132/kotlin-reflect-1.6.10.jar
7480054000-7481000000 rw-p 00000000 00:00 0 
7481000000-74812f0000 rwxp 00000000 00:00 0 
74812f0000-7484000000 ---p 00000000 00:00 0 
7484000000-7485380000 rw-p 00000000 00:00 0 
7485380000-7488000000 ---p 00000000 00:00 0 
7488001000-7488002000 r--s 00005000 fe:4c 3214516                        /data/data/com.m4coding.ide/files/0/home/test/.gradle/caches/modules-2/files-2.1/androidx.lifecycle/lifecycle-common/2.4.0/1fdb7349701e9cf2f0a69fc10642b6fef6bb3e12/lifecycle-common-2.4.0.jar
7488002000-74884d9000 rw-p 00000000 00:00 0 
74884d9000-74886b3000 r--s 03d6d000 fe:4c 3133022                        /data/data/com.m4coding.ide/files/0/opt/java/jdk1.8.0_212/jre/lib/rt.jar
74886b3000-7488b93000 rw-p 00000000 00:00 0 
7488b93000-7488b94000 ---p 00000000 00:00 0 
7488b94000-7488c94000 rw-p 00000000 00:00 0 
7488c94000-7488c95000 ---p 00000000 00:00 0 
7488c95000-7488d95000 rw-p 00000000 00:00 0 
7488d95000-7488d96000 ---p 00000000 00:00 0 
7488d96000-7488e96000 rw-p 00000000 00:00 0 
7488e96000-7488e97000 ---p 00000000 00:00 0 
7488e97000-7488f97000 rw-p 00000000 00:00 0 
7488f97000-7488f98000 ---p 00000000 00:00 0 
7488f98000-7489098000 rw-p 00000000 00:00 0 
7489098000-7489099000 ---p 00000000 00:00 0 
7489099000-7489199000 rw-p 00000000 00:00 0 
7489199000-748919a000 ---p 00000000 00:00 0 
748919a000-748929a000 rw-p 00000000 00:00 0 
748929a000-748929b000 ---p 00000000 00:00 0 
748929b000-74893d3000 rw-p 00000000 00:00 0 
74893d3000-748961c000 ---p 00000000 00:00 0 
748961c000-7489654000 rw-p 00000000 00:00 0 
7489654000-748989c000 ---p 00000000 00:00 0 
748989c000-748990f000 rw-p 00000000 00:00 0 
748990f000-74899dd000 ---p 00000000 00:00 0 
74899dd000-74899ea000 rw-p 00000000 00:00 0 
74899ea000-7489a9e000 ---p 00000000 00:00 0 
7489a9e000-7489ab5000 r-xp 00000000 fe:4c 3133000                        /data/data/com.m4coding.ide/files/0/opt/java/jdk1.8.0_212/jre/lib/aarch64/libzip.so
7489ab5000-7489ac4000 ---p 00017000 fe:4c 3133000                        /data/data/com.m4coding.ide/files/0/opt/java/jdk1.8.0_212/jre/lib/aarch64/libzip.so
7489ac4000-7489ac5000 r--p 00016000 fe:4c 3133000                        /data/data/com.m4coding.ide/files/0/opt/java/jdk1.8.0_212/jre/lib/aarch64/libzip.so
7489ac5000-7489ac6000 rw-p 00017000 fe:4c 3133000                        /data/data/com.m4coding.ide/files/0/opt/java/jdk1.8.0_212/jre/lib/aarch64/libzip.so
7489ac6000-7489ace000 rw-s 00000000 fe:4c 3283292                        /data/data/com.m4coding.ide/files/0/tmp/hsperfdata_test/16819
7489ace000-7489ad8000 r-xp 00000000 fe:4c 3132263                        /data/data/com.m4coding.ide/files/0/lib/aarch64-linux-gnu/libnss_files-2.27.so
7489ad8000-7489ae7000 ---p 0000a000 fe:4c 3132263                        /data/data/com.m4coding.ide/files/0/lib/aarch64-linux-gnu/libnss_files-2.27.so
7489ae7000-7489ae8000 r--p 00009000 fe:4c 3132263                        /data/data/com.m4coding.ide/files/0/lib/aarch64-linux-gnu/libnss_files-2.27.so
7489ae8000-7489ae9000 rw-p 0000a000 fe:4c 3132263                        /data/data/com.m4coding.ide/files/0/lib/aarch64-linux-gnu/libnss_files-2.27.so
7489ae9000-7489aef000 rw-p 00000000 00:00 0 
7489aef000-7489b01000 r-xp 00000000 fe:4c 3132292                        /data/data/com.m4coding.ide/files/0/lib/aarch64-linux-gnu/libnsl-2.27.so
7489b01000-7489b10000 ---p 00012000 fe:4c 3132292                        /data/data/com.m4coding.ide/files/0/lib/aarch64-linux-gnu/libnsl-2.27.so
7489b10000-7489b11000 r--p 00011000 fe:4c 3132292                        /data/data/com.m4coding.ide/files/0/lib/aarch64-linux-gnu/libnsl-2.27.so
7489b11000-7489b12000 rw-p 00012000 fe:4c 3132292                        /data/data/com.m4coding.ide/files/0/lib/aarch64-linux-gnu/libnsl-2.27.so
7489b12000-7489b14000 rw-p 00000000 00:00 0 
7489b14000-7489b1e000 r-xp 00000000 fe:4c 3132370                        /data/data/com.m4coding.ide/files/0/lib/aarch64-linux-gnu/libnss_nis-2.27.so
7489b1e000-7489b2d000 ---p 0000a000 fe:4c 3132370                        /data/data/com.m4coding.ide/files/0/lib/aarch64-linux-gnu/libnss_nis-2.27.so
7489b2d000-7489b2e000 r--p 00009000 fe:4c 3132370                        /data/data/com.m4coding.ide/files/0/lib/aarch64-linux-gnu/libnss_nis-2.27.so
7489b2e000-7489b2f000 rw-p 0000a000 fe:4c 3132370                        /data/data/com.m4coding.ide/files/0/lib/aarch64-linux-gnu/libnss_nis-2.27.so
7489b2f000-7489b36000 r-xp 00000000 fe:4c 3132366                        /data/data/com.m4coding.ide/files/0/lib/aarch64-linux-gnu/libnss_compat-2.27.so
7489b36000-7489b45000 ---p 00007000 fe:4c 3132366                        /data/data/com.m4coding.ide/files/0/lib/aarch64-linux-gnu/libnss_compat-2.27.so
7489b45000-7489b46000 r--p 00006000 fe:4c 3132366                        /data/data/com.m4coding.ide/files/0/lib/aarch64-linux-gnu/libnss_compat-2.27.so
7489b46000-7489b47000 rw-p 00007000 fe:4c 3132366                        /data/data/com.m4coding.ide/files/0/lib/aarch64-linux-gnu/libnss_compat-2.27.so
7489b47000-7489b48000 r--s 00010000 fe:4c 3132924                        /data/data/com.m4coding.ide/files/0/opt/java/jdk1.8.0_212/jre/lib/ext/zipfs.jar
7489b48000-7489b4c000 r--s 0016d000 fe:4c 3126599                        /data/data/com.m4coding.ide/files/0/home/test/.gradle/caches/modules-2/files-2.1/net.java.dev.jna/jna/5.6.0/330f2244e9030119ab3030fc3fededc86713d9cc/jna-5.6.0.jar
7489b4c000-7489b75000 r-xp 00000000 fe:4c 3132983                        /data/data/com.m4coding.ide/files/0/opt/java/jdk1.8.0_212/jre/lib/aarch64/libjava.so
7489b75000-7489b85000 ---p 00029000 fe:4c 3132983                        /data/data/com.m4coding.ide/files/0/opt/java/jdk1.8.0_212/jre/lib/aarch64/libjava.so
7489b85000-7489b86000 r--p 00029000 fe:4c 3132983                        /data/data/com.m4coding.ide/files/0/opt/java/jdk1.8.0_212/jre/lib/aarch64/libjava.so
7489b86000-7489b88000 rw-p 0002a000 fe:4c 3132983                        /data/data/com.m4coding.ide/files/0/opt/java/jdk1.8.0_212/jre/lib/aarch64/libjava.so
7489b88000-7489b94000 r-xp 00000000 fe:4c 3132962                        /data/data/com.m4coding.ide/files/0/opt/java/jdk1.8.0_212/jre/lib/aarch64/libverify.so
7489b94000-7489ba3000 ---p 0000c000 fe:4c 3132962                        /data/data/com.m4coding.ide/files/0/opt/java/jdk1.8.0_212/jre/lib/aarch64/libverify.so
7489ba3000-7489ba5000 r--p 0000b000 fe:4c 3132962                        /data/data/com.m4coding.ide/files/0/opt/java/jdk1.8.0_212/jre/lib/aarch64/libverify.so
7489ba5000-7489ba6000 rw-p 0000d000 fe:4c 3132962                        /data/data/com.m4coding.ide/files/0/opt/java/jdk1.8.0_212/jre/lib/aarch64/libverify.so
7489ba6000-7489bac000 r-xp 00000000 fe:4c 3132258                        /data/data/com.m4coding.ide/files/0/lib/aarch64-linux-gnu/librt-2.27.so
7489bac000-7489bbb000 ---p 00006000 fe:4c 3132258                        /data/data/com.m4coding.ide/files/0/lib/aarch64-linux-gnu/librt-2.27.so
7489bbb000-7489bbc000 r--p 00005000 fe:4c 3132258                        /data/data/com.m4coding.ide/files/0/lib/aarch64-linux-gnu/librt-2.27.so
7489bbc000-7489bbd000 rw-p 00006000 fe:4c 3132258                        /data/data/com.m4coding.ide/files/0/lib/aarch64-linux-gnu/librt-2.27.so
7489bbd000-7489bbe000 ---p 00000000 00:00 0 
7489bbe000-7489bc1000 ---p 00000000 00:00 0 
7489bc1000-7489cbe000 rw-p 00000000 00:00 0 
7489cbe000-7489d67000 r-xp 00000000 fe:4c 3132362                        /data/data/com.m4coding.ide/files/0/lib/aarch64-linux-gnu/libm-2.27.so
7489d67000-7489d76000 ---p 000a9000 fe:4c 3132362                        /data/data/com.m4coding.ide/files/0/lib/aarch64-linux-gnu/libm-2.27.so
7489d76000-7489d77000 r--p 000a8000 fe:4c 3132362                        /data/data/com.m4coding.ide/files/0/lib/aarch64-linux-gnu/libm-2.27.so
7489d77000-7489d78000 rw-p 000a9000 fe:4c 3132362                        /data/data/com.m4coding.ide/files/0/lib/aarch64-linux-gnu/libm-2.27.so
7489d78000-748a6a5000 r-xp 00000000 fe:4c 3132972                        /data/data/com.m4coding.ide/files/0/opt/java/jdk1.8.0_212/jre/lib/aarch64/server/libjvm.so
748a6a5000-748a6b5000 ---p 0092d000 fe:4c 3132972                        /data/data/com.m4coding.ide/files/0/opt/java/jdk1.8.0_212/jre/lib/aarch64/server/libjvm.so
748a6b5000-748a72b000 r--p 0092d000 fe:4c 3132972                        /data/data/com.m4coding.ide/files/0/opt/java/jdk1.8.0_212/jre/lib/aarch64/server/libjvm.so
748a72b000-748a75b000 rw-p 009a3000 fe:4c 3132972                        /data/data/com.m4coding.ide/files/0/opt/java/jdk1.8.0_212/jre/lib/aarch64/server/libjvm.so
748a75b000-748a7ab000 rw-p 00000000 00:00 0 
748a7ab000-748a8eb000 r-xp 00000000 fe:4c 3132371                        /data/data/com.m4coding.ide/files/0/lib/aarch64-linux-gnu/libc-2.27.so
748a8eb000-748a8fa000 ---p 00140000 fe:4c 3132371                        /data/data/com.m4coding.ide/files/0/lib/aarch64-linux-gnu/libc-2.27.so
748a8fa000-748a8fe000 r--p 0013f000 fe:4c 3132371                        /data/data/com.m4coding.ide/files/0/lib/aarch64-linux-gnu/libc-2.27.so
748a8fe000-748a900000 rw-p 00143000 fe:4c 3132371                        /data/data/com.m4coding.ide/files/0/lib/aarch64-linux-gnu/libc-2.27.so
748a900000-748a904000 rw-p 00000000 00:00 0 
748a904000-748a907000 r-xp 00000000 fe:4c 3132241                        /data/data/com.m4coding.ide/files/0/lib/aarch64-linux-gnu/libdl-2.27.so
748a907000-748a917000 ---p 00003000 fe:4c 3132241                        /data/data/com.m4coding.ide/files/0/lib/aarch64-linux-gnu/libdl-2.27.so
748a917000-748a918000 r--p 00003000 fe:4c 3132241                        /data/data/com.m4coding.ide/files/0/lib/aarch64-linux-gnu/libdl-2.27.so
748a918000-748a919000 rw-p 00004000 fe:4c 3132241                        /data/data/com.m4coding.ide/files/0/lib/aarch64-linux-gnu/libdl-2.27.so
748a919000-748a92e000 r-xp 00000000 fe:4c 3132966                        /data/data/com.m4coding.ide/files/0/opt/java/jdk1.8.0_212/jre/lib/aarch64/jli/libjli.so
748a92e000-748a93d000 ---p 00015000 fe:4c 3132966                        /data/data/com.m4coding.ide/files/0/opt/java/jdk1.8.0_212/jre/lib/aarch64/jli/libjli.so
748a93d000-748a93e000 r--p 00014000 fe:4c 3132966                        /data/data/com.m4coding.ide/files/0/opt/java/jdk1.8.0_212/jre/lib/aarch64/jli/libjli.so
748a93e000-748a93f000 rw-p 00015000 fe:4c 3132966                        /data/data/com.m4coding.ide/files/0/opt/java/jdk1.8.0_212/jre/lib/aarch64/jli/libjli.so
748a93f000-748a956000 r-xp 00000000 fe:4c 3132280                        /data/data/com.m4coding.ide/files/0/lib/aarch64-linux-gnu/libpthread-2.27.so
748a956000-748a965000 ---p 00017000 fe:4c 3132280                        /data/data/com.m4coding.ide/files/0/lib/aarch64-linux-gnu/libpthread-2.27.so
748a965000-748a966000 r--p 00016000 fe:4c 3132280                        /data/data/com.m4coding.ide/files/0/lib/aarch64-linux-gnu/libpthread-2.27.so
748a966000-748a967000 rw-p 00017000 fe:4c 3132280                        /data/data/com.m4coding.ide/files/0/lib/aarch64-linux-gnu/libpthread-2.27.so
748a967000-748a96d000 rw-p 00000000 00:00 0 
748a96d000-748a96f000 r--s 00003000 fe:4c 3149406                        /data/data/com.m4coding.ide/files/0/home/test/.gradle/caches/modules-2/files-2.1/org.jetbrains/annotations/13.0/919f0dfe192fb4e063e7dacadee7f8bb9a2672a9/annotations-13.0.jar
748a96f000-748a971000 r--s 00009000 fe:4c 3259090                        /data/data/com.m4coding.ide/files/0/home/test/.gradle/caches/modules-2/files-2.1/org.jetbrains.kotlin/kotlin-script-runtime/1.6.10/d0a7ff2e2500ef497ed0214ae40ad3c8387a6164/kotlin-script-runtime-1.6.10.jar
748a971000-748a972000 r--p 00000000 00:00 0 
748a972000-748a974000 r--p 00000000 00:00 0                              [vvar]
748a974000-748a975000 r-xp 00000000 00:00 0                              [vdso]
7fc6feb000-7fc700c000 rw-p 00000000 00:00 0                              [stack]

VM Arguments:
java_command: org.jetbrains.kotlin.cli.jvm.K2JVMCompiler @/storage/internal_new/project/TranslateKomik/app/build/20260524_3291621390373490371.compiler.options
java_class_path (initial): /home/test/.gradle/caches/modules-2/files-2.1/org.jetbrains.kotlin/kotlin-compiler-embeddable/1.6.10/88f2073f4020cdb83132cfe940ceb9a60aba54ea/kotlin-compiler-embeddable-1.6.10.jar:/home/test/.gradle/caches/modules-2/files-2.1/org.jetbrains.kotlin/kotlin-reflect/1.6.10/1cbe9c92c12a94eea200d23c2bbaedaf3daf5132/kotlin-reflect-1.6.10.jar:/home/test/.gradle/caches/modules-2/files-2.1/org.jetbrains.kotlin/kotlin-stdlib/1.6.10/b8af3fe6f1ca88526914929add63cf5e7c5049af/kotlin-stdlib-1.6.10.jar:/home/test/.gradle/caches/modules-2/files-2.1/org.jetbrains.kotlin/kotlin-script-runtime/1.6.10/d0a7ff2e2500ef497ed0214ae40ad3c8387a6164/kotlin-script-runtime-1.6.10.jar:/home/test/.gradle/caches/modules-2/files-2.1/org.jetbrains.kotlin/kotlin-daemon-embeddable/1.6.10/a56d79bcbea411fa6058e4ecffc2de73e742bd2a/kotlin-daemon-embeddable-1.6.10.jar:/home/test/.gradle/caches/modules-2/files-2.1/org.jetbrains.intellij.deps/trove4j/1.0.20181211/216c2e14b070f334479d800987affe4054cd563f/trove4j-1.0.20181211.jar:/home/test/.gradle/caches/modules-2/files-2.1/net.java.dev.jna/jna/5.6.0/330f2244e9030119ab3030fc3fededc86713d9cc/jna-5.6.0.jar:/home/test/.gradle/caches/modules-2/files-2.1/org.jetbrains/annotations/13.0/919f0dfe192fb4e063e7dacadee7f8bb9a2672a9/annotations-13.0.jar:/home/test/.gradle/caches/modules-2/files-2.1/org.jetbrains.kotlin/kotlin-stdlib-common/1.6.10/c118700e3a33c8a0d9adc920e9dec0831171925/kotlin-stdlib-common-1.6.10.jar:/opt/java/jdk1.8.0_212/lib/tools.jar
Launcher Type: SUN_STANDARD

Environment Variables:
JAVA_HOME=/opt/java/jdk1.8.0_212
PATH=/opt/android_sdk/platform-tools:/opt/android_sdk/tools/bin:/opt/android_sdk/tools:/opt/java/jdk1.8.0_212/bin:/opt/gradle/gradle-6.1.1/bin:/usr/local/sbin:/usr/local/bin:/usr/sbin:/usr/bin:/sbin:/bin:/usr/games:/usr/local/games
SHELL=/bin/bash

Signal Handlers:
SIGSEGV: [libjvm.so+0x88d8b8], sa_mask[0]=11111111011111111101111111111110, sa_flags=SA_RESTART|SA_SIGINFO
SIGBUS: [libjvm.so+0x88d8b8], sa_mask[0]=11111111011111111101111111111110, sa_flags=SA_RESTART|SA_SIGINFO
SIGFPE: [libjvm.so+0x715108], sa_mask[0]=11111111011111111101111111111110, sa_flags=SA_RESTART|SA_SIGINFO
SIGPIPE: [libjvm.so+0x715108], sa_mask[0]=11111111011111111101111111111110, sa_flags=SA_RESTART|SA_SIGINFO
SIGXFSZ: [libjvm.so+0x715108], sa_mask[0]=11111111011111111101111111111110, sa_flags=SA_RESTART|SA_SIGINFO
SIGILL: [libjvm.so+0x715108], sa_mask[0]=11111111011111111101111111111110, sa_flags=SA_RESTART|SA_SIGINFO
SIGUSR1: SIG_DFL, sa_mask[0]=00000000000000000000000000000000, sa_flags=none
SIGUSR2: [libjvm.so+0x714fe4], sa_mask[0]=00100000010010000000000000000000, sa_flags=SA_RESTART|SA_SIGINFO
SIGHUP: [libjvm.so+0x7151d0], sa_mask[0]=11111111011111111101111111111110, sa_flags=SA_RESTART|SA_SIGINFO
SIGINT: [libjvm.so+0x7151d0], sa_mask[0]=11111111011111111101111111111110, sa_flags=SA_RESTART|SA_SIGINFO
SIGTERM: [libjvm.so+0x7151d0], sa_mask[0]=11111111011111111101111111111110, sa_flags=SA_RESTART|SA_SIGINFO
SIGQUIT: [libjvm.so+0x7151d0], sa_mask[0]=11111111011111111101111111111110, sa_flags=SA_RESTART|SA_SIGINFO


---------------  S Y S T E M  ---------------

OS:DISTRIB_ID=Ubuntu
DISTRIB_RELEASE=18.04
DISTRIB_CODENAME=bionic
DISTRIB_DESCRIPTION="Ubuntu 18.04.2 LTS"

uname:Linux 5.10.237-android12-9-00014-gf82f7360927e-ab14119954 #1 SMP PREEMPT Wed Sep 17 09:13:52 UTC 2025 aarch64
libc:glibc 2.27 NPTL 2.27 
rlimit: STACK 8192k, CORE 0k, NPROC 27984, NOFILE 32768, AS infinity
load average:0.00 0.00 -nan

/proc/meminfo:
MemTotal:        7866536 kB
MemFree:          175480 kB
MemAvailable:    2724932 kB
Buffers:            3320 kB
Cached:          2742164 kB
SwapCached:       200616 kB
Active:          1661984 kB
Inactive:        3394252 kB
Active(anon):     571996 kB
Inactive(anon):  1955936 kB
Active(file):    1089988 kB
Inactive(file):  1438316 kB
Unevictable:      202420 kB
Mlocked:          202420 kB
SwapTotal:       7866532 kB
SwapFree:        5790416 kB
Dirty:              5768 kB
Writeback:             0 kB
AnonPages:       2422600 kB
Mapped:          1391080 kB
Shmem:             22788 kB
KReclaimable:     268384 kB
Slab:             625200 kB
SReclaimable:     268384 kB
SUnreclaim:       356816 kB
KernelStack:       95728 kB
ShadowCallStack:   23972 kB
PageTables:       179316 kB
NFS_Unstable:          0 kB
Bounce:                0 kB
WritebackTmp:          0 kB
CommitLimit:    11799800 kB
Committed_AS:   292234060 kB
VmallocTotal:   263061440 kB
VmallocUsed:      350604 kB
VmallocChunk:          0 kB
Percpu:            17632 kB
AnonHugePages:         0 kB
ShmemHugePages:        0 kB
ShmemPmdMapped:        0 kB
FileHugePages:         0 kB
FilePmdMapped:         0 kB
CmaTotal:         638976 kB
CmaFree:             488 kB


CPU:total 8 (initial active 8) AArch64

/proc/cpuinfo:
processor	: 0
BogoMIPS	: 26.00
Features	: fp asimd evtstrm aes pmull sha1 sha2 crc32 atomics fphp asimdhp cpuid asimdrdm lrcpc dcpop asimddp
CPU implementer	: 0x41
CPU architecture: 8
CPU variant	: 0x2
CPU part	: 0xd05
CPU revision	: 0

processor	: 1
BogoMIPS	: 26.00
Features	: fp asimd evtstrm aes pmull sha1 sha2 crc32 atomics fphp asimdhp cpuid asimdrdm lrcpc dcpop asimddp
CPU implementer	: 0x41
CPU architecture: 8
CPU variant	: 0x2
CPU part	: 0xd05
CPU revision	: 0

processor	: 2
BogoMIPS	: 26.00
Features	: fp asimd evtstrm aes pmull sha1 sha2 crc32 atomics fphp asimdhp cpuid asimdrdm lrcpc dcpop asimddp
CPU implementer	: 0x41
CPU architecture: 8
CPU variant	: 0x2
CPU part	: 0xd05
CPU revision	: 0

processor	: 3
BogoMIPS	: 26.00
Features	: fp asimd evtstrm aes pmull sha1 sha2 crc32 atomics fphp asimdhp cpuid asimdrdm lrcpc dcpop asimddp
CPU implementer	: 0x41
CPU architecture: 8
CPU variant	: 0x2
CPU part	: 0xd05
CPU revision	: 0

processor	: 4
BogoMIPS	: 26.00
Features	: fp asimd evtstrm aes pmull sha1 sha2 crc32 atomics fphp asimdhp cpuid asimdrdm lrcpc dcpop asimddp
CPU implementer	: 0x41
CPU architecture: 8
CPU variant	: 0x2
CPU part	: 0xd05
CPU revision	: 0

processor	: 5
BogoMIPS	: 26.00
Features	: fp asimd evtstrm aes pmull sha1 sha2 crc32 atomics fphp asimdhp cpuid asimdrdm lrcpc dcpop asimddp
CPU implementer	: 0x41
CPU architecture: 8
CPU variant	: 0x2
CPU part	: 0xd05
CPU revision	: 0

processor	: 6
BogoMIPS	: 26.00
Features	: fp asimd evtstrm aes pmull sha1 sha2 crc32 atomics fphp asimdhp cpuid asimdrdm lrcpc dcpop asimddp
CPU implementer	: 0x41
CPU architecture: 8
CPU variant	: 0x4
CPU part	: 0xd0b
CPU revision	: 0

processor	: 7
BogoMIPS	: 26.00
Features	: fp asimd evtstrm aes pmull sha1 sha2 crc32 atomics fphp asimdhp cpuid asimdrdm lrcpc dcpop asimddp
CPU implementer	: 0x41
CPU architecture: 8
CPU variant	: 0x4
CPU part	: 0xd0b
CPU revision	: 0



Memory: 4k page, physical 7866536k(175480k free), swap 7866532k(5790416k free)

vm_info: Java HotSpot(TM) 64-Bit Server VM (25.212-b10) for linux-aarch64 JRE (1.8.0_212-b10), built on Apr  1 2019 22:39:45 by "fedora" with gcc 4.8.3 20131111 (prerelease)

time: Sun May 24 05:00:12 2026
timezone: UTC
elapsed time: 24 seconds (0d 0h 0m 24s)

