#
# A fatal error has been detected by the Java Runtime Environment:
#
#  SIGSEGV (0xb) at pc=0x00000073b025e040, pid=21631, tid=0x00000073af9ed1f0
#
# JRE version: Java(TM) SE Runtime Environment (8.0_212-b10) (build 1.8.0_212-b10)
# Java VM: Java HotSpot(TM) 64-Bit Server VM (25.212-b10 mixed mode linux-aarch64 compressed oops)
# Problematic frame:
# V  [libjvm.so+0x7b6040]  SharedRuntime::resolve_sub_helper(JavaThread*, bool, bool, Thread*)+0x3a8
#
# Failed to write core dump. Core dumps have been disabled. To enable core dumping, try "ulimit -c unlimited" before starting Java again
#
# If you would like to submit a bug report, please visit:
#   http://bugreport.java.com/bugreport/crash.jsp
#

---------------  T H R E A D  ---------------

Current thread (0x00000073a800b800):  JavaThread "main" [_thread_in_vm, id=21633, stack(0x00000073af8ee000,0x00000073af9ee000)]

siginfo: si_signo: 11 (SIGSEGV), si_code: 1 (SEGV_MAPERR), si_addr: 0x0000000000000000

Registers:
  x0  = 0x00000073b049a47e
  x1  = 0x0000000000000007
  x2  = 0x0000000000000000
  x3  = 0x0000000000000001
  x4  = 0x0000000000000001
  x5  = 0x0000007363e66cf8
  x6  = 0x0000000000000007
  x7  = 0x00000073a800c6e0
  x8  = 0x0000007363e66cf8
  x9  = 0x0000007363ed4c50
  x10 = 0xfefefefefefefeff
  x11 = 0x7f7f7f7f7f7f7f7f
  x12 = 0x676e616c2f617661
  x13 = 0x3b7463656a624f2f
  x14 = 0x0000000000000011
  x15 = 0x000000000000000a
  x16 = 0x00000073b045b250
  x17 = 0x00000073b067d3b0
  x18 = 0x00000073af9e7517
  x19 = 0x00000073af9e7300
  x20 = 0x00000073a800c180
  x21 = 0x00000073aca68f10
  x22 = 0x00000073af9e7310
  x23 = 0x00000073af9e74a0
  x24 = 0x00000073a800c1c0
  x25 = 0x00000073a800b800
  x26 = 0x00000000000003d8
  x27 = 0x00000073a800c1d0
  x28 = 0x00000073a800c5a8
  fp  = 0x00000073af9e6c30
  lr  = 0x00000073b025e024
  sp  = 0x00000073af9e6c30
  pc  = 0x00000073b025e040
  pstate = 0x0000000080001000

Top of Stack: (sp=0x00000073af9e6c30)
0x00000073af9e6c30:   00000073af9e7440 00000073b025e1dc
0x00000073af9e6c40:   00000073af9e77b0 00000073af9e7510
0x00000073af9e6c50:   00000073af9e7520 0000000000000001
0x00000073af9e6c60:   0000000000000001 0000007363eae446
0x00000073af9e6c70:   00000073a800b800 00000073a800b800
0x00000073af9e6c80:   0000000000000000 00000073a800b800
0x00000073af9e6c90:   0000000000000000 0000000000000000
0x00000073af9e6ca0:   00000073af9e6cd0 00000073b018324c
0x00000073af9e6cb0:   00000073af9e6ce0 00000073b0297fb8
0x00000073af9e6cc0:   00000073a80625f0 00000073af9e6d90
0x00000073af9e6cd0:   0000000000000020 00000073af9e6da0
0x00000073af9e6ce0:   00000073af9e6d20 00000073b054d074
0x00000073af9e6cf0:   00000073af9e6db8 00000073af9e6d90
0x00000073af9e6d00:   00000073b049b610 00000073af9e6da0
0x00000073af9e6d10:   00000073b049b610 00000073a8007bb0
0x00000073af9e6d20:   00000073af9e6d50 00000073b0546790
0x00000073af9e6d30:   00000073af9e6db8 33370073b062d000
0x00000073af9e6d40:   3936626436616361 350e2b5609665d00
0x00000073af9e6d50:   00000073af9e6ef0 00000073b01cc284
0x00000073af9e6d60:   0000000000000100 00000073a80070c8
0x00000073af9e6d70:   00000073a80046a0 00000073a80046b0
0x00000073af9e6d80:   00000000ffffff80 00000000ffffffd0
0x00000073af9e6d90:   00000073af9e70e0 00000073af9e70e0
0x00000073af9e6da0:   00000073af9e70b0 ffffff80ffffffd0
0x00000073af9e6db0:   00000073af9e7530 00000073fbad8001
0x00000073af9e6dc0:   00000073a80070c8 00000073a80070c8
0x00000073af9e6dd0:   00000073a80070c8 00000073a80070c8
0x00000073af9e6de0:   00000073a8007199 00000073a80071c7
0x00000073af9e6df0:   00000073a80070c8 00000073a80071c7
0x00000073af9e6e00:   0000000000000000 0000000000000000
0x00000073af9e6e10:   0000000000000000 0000000000000000
0x00000073af9e6e20:   0000000000000000 00000080b025f738 

Instructions: (pc=0x00000073b025e040)
0x00000073b025e020:   97ec24d0 b947aba0 f94403a2 7103a41f
0x00000073b025e030:   f943ffa3 54000600 90000fe0 f9405400
0x00000073b025e040:   f9400041 39400000 340004c0 d0000fc0
0x00000073b025e050:   f9407800 b9400822 b9400801 f9400000 

Register to memory mapping:

  x0  = 0x00000073b049a47e
0x00000073b049a47e: <offset 0x9f247e> in /opt/java/jdk1.8.0_212/jre/lib/aarch64/server/libjvm.so at 0x00000073afaa8000

  x1  = 0x0000000000000007
0x0000000000000007 is an unknown value

  x2  = 0x0000000000000000
0x0000000000000000 is an unknown value

  x3  = 0x0000000000000001
0x0000000000000001 is an unknown value

  x4  = 0x0000000000000001
0x0000000000000001 is an unknown value

  x5  = 0x0000007363e66cf8
{method} {0x0000007363e66cf8} 'linkToSpecial' '(Ljava/lang/Object;Ljava/lang/Object;JLjava/lang/invoke/MemberName;)Ljava/lang/Object;' in 'java/lang/invoke/MethodHandle'

  x6  = 0x0000000000000007
0x0000000000000007 is an unknown value

  x7  = 0x00000073a800c6e0
0x00000073a800c6e0 is an unknown value

  x8  = 0x0000007363e66cf8
{method} {0x0000007363e66cf8} 'linkToSpecial' '(Ljava/lang/Object;Ljava/lang/Object;JLjava/lang/invoke/MemberName;)Ljava/lang/Object;' in 'java/lang/invoke/MethodHandle'

  x9  = 0x0000007363ed4c50
0x0000007363ed4c50 is pointing into metadata

  x10 = 0xfefefefefefefeff
0xfefefefefefefeff is an unknown value

  x11 = 0x7f7f7f7f7f7f7f7f
0x7f7f7f7f7f7f7f7f is an unknown value

  x12 = 0x676e616c2f617661
0x676e616c2f617661 is an unknown value

  x13 = 0x3b7463656a624f2f
0x3b7463656a624f2f is an unknown value

  x14 = 0x0000000000000011
0x0000000000000011 is an unknown value

  x15 = 0x000000000000000a
0x000000000000000a is an unknown value

  x16 = 0x00000073b045b250
0x00000073b045b250: <offset 0x9b3250> in /opt/java/jdk1.8.0_212/jre/lib/aarch64/server/libjvm.so at 0x00000073afaa8000

  x17 = 0x00000073b067d3b0
0x00000073b067d3b0: pthread_getspecific+0 in /lib/aarch64-linux-gnu/libpthread.so.0 at 0x00000073b066f000

  x18 = 0x00000073af9e7517
0x00000073af9e7517 is pointing into the stack for thread: 0x00000073a800b800

  x19 = 0x00000073af9e7300
0x00000073af9e7300 is pointing into the stack for thread: 0x00000073a800b800

  x20 = 0x00000073a800c180
0x00000073a800c180 is an unknown value

  x21 = 0x00000073aca68f10
0x00000073aca68f10 is at entry_point+-320 in (nmethod*)0x00000073aca68f10

  x22 = 0x00000073af9e7310
0x00000073af9e7310 is pointing into the stack for thread: 0x00000073a800b800

  x23 = 0x00000073af9e74a0
0x00000073af9e74a0 is pointing into the stack for thread: 0x00000073a800b800

  x24 = 0x00000073a800c1c0
0x00000073a800c1c0 is an unknown value

  x25 = 0x00000073a800b800
0x00000073a800b800 is a thread

  x26 = 0x00000000000003d8
0x00000000000003d8 is an unknown value

  x27 = 0x00000073a800c1d0
0x00000073a800c1d0 is an unknown value

  x28 = 0x00000073a800c5a8
0x00000073a800c5a8 is an unknown value

  fp  = 0x00000073af9e6c30
0x00000073af9e6c30 is pointing into the stack for thread: 0x00000073a800b800

  lr  = 0x00000073b025e024
0x00000073b025e024: <offset 0x7b6024> in /opt/java/jdk1.8.0_212/jre/lib/aarch64/server/libjvm.so at 0x00000073afaa8000

  pc  = 0x00000073b025e040
0x00000073b025e040: <offset 0x7b6040> in /opt/java/jdk1.8.0_212/jre/lib/aarch64/server/libjvm.so at 0x00000073afaa8000



Stack: [0x00000073af8ee000,0x00000073af9ee000],  sp=0x00000073af9e6c30,  free space=995k
Native frames: (J=compiled Java code, j=interpreted, Vv=VM code, C=native code)
V  [libjvm.so+0x7b6040]  SharedRuntime::resolve_sub_helper(JavaThread*, bool, bool, Thread*)+0x3a8
V  [libjvm.so+0x7b61dc]  SharedRuntime::resolve_helper(JavaThread*, bool, bool, Thread*)+0x48
V  [libjvm.so+0x7b68a0]  SharedRuntime::resolve_opt_virtual_call_C(JavaThread*)+0x44
v  ~RuntimeStub::resolve_opt_virtual_call
C  0x0000000000000240

Java frames: (J=compiled Java code, j=interpreted, Vv=VM code)
v  ~RuntimeStub::resolve_opt_virtual_call
J 1372 C2 java.lang.invoke.LambdaForm$BMH.reinvoke(Ljava/lang/Object;Ljava/lang/Object;J)Ljava/lang/Object; (36 bytes) @ 0x00000073aca6906c [0x00000073aca69050+0x1c]
J 1368 C2 java.lang.invoke.LambdaForm$MH.invokeExact_MT(Ljava/lang/Object;Ljava/lang/Object;JLjava/lang/Object;)Ljava/lang/Object; (22 bytes) @ 0x00000073aca6e2bc [0x00000073aca6e230+0x8c]
j  org.jetbrains.kotlin.com.intellij.util.containers.ConcurrentIntObjectHashMap.tabAt([Lorg/jetbrains/kotlin/com/intellij/util/containers/ConcurrentIntObjectHashMap$Node;I)Lorg/jetbrains/kotlin/com/intellij/util/containers/ConcurrentIntObjectHashMap$Node;+14
j  org.jetbrains.kotlin.com.intellij.util.containers.ConcurrentIntObjectHashMap.get(I)Ljava/lang/Object;+31
j  org.jetbrains.kotlin.com.intellij.util.containers.ConcurrentIntKeyRefValueHashMap.get(I)Ljava/lang/Object;+5
j  org.jetbrains.kotlin.com.intellij.openapi.util.Key.getKeyByIndex(I)Lorg/jetbrains/kotlin/com/intellij/openapi/util/Key;+4
j  org.jetbrains.kotlin.com.intellij.util.keyFMap.ArrayBackedFMap.getKeysByIndices([I)[Lorg/jetbrains/kotlin/com/intellij/openapi/util/Key;+19
j  org.jetbrains.kotlin.com.intellij.util.keyFMap.ArrayBackedFMap.getKeys()[Lorg/jetbrains/kotlin/com/intellij/openapi/util/Key;+4
j  org.jetbrains.kotlin.util.slicedMap.SlicedMapImpl.lambda$forEach$0(Lkotlin/jvm/functions/Function3;Ljava/lang/Object;Lorg/jetbrains/kotlin/com/intellij/util/keyFMap/KeyFMap;)V+6
J 1205 C2 org.jetbrains.kotlin.util.slicedMap.OpenAddressLinearProbingHashTable.forEach(Ljava/util/function/BiConsumer;)V (74 bytes) @ 0x00000073ac943f38 [0x00000073ac943eb0+0x88]
j  org.jetbrains.kotlin.util.slicedMap.SlicedMapImpl.forEach(Lkotlin/jvm/functions/Function3;)V+26
j  org.jetbrains.kotlin.resolve.BindingContextUtils.addOwnDataTo(Lorg/jetbrains/kotlin/resolve/BindingTrace;Lorg/jetbrains/kotlin/resolve/TraceEntryFilter;ZLorg/jetbrains/kotlin/util/slicedMap/MutableSlicedMap;Lorg/jetbrains/kotlin/resolve/diagnostics/MutableDiagnosticsWithSuppression;)V+26
j  org.jetbrains.kotlin.resolve.DelegatingBindingTrace.addOwnDataTo(Lorg/jetbrains/kotlin/resolve/BindingTrace;Lorg/jetbrains/kotlin/resolve/TraceEntryFilter;Z)V+21
j  org.jetbrains.kotlin.resolve.DelegatingBindingTrace.addOwnDataTo$default(Lorg/jetbrains/kotlin/resolve/DelegatingBindingTrace;Lorg/jetbrains/kotlin/resolve/BindingTrace;Lorg/jetbrains/kotlin/resolve/TraceEntryFilter;ZILjava/lang/Object;)V+38
j  org.jetbrains.kotlin.resolve.DelegatingBindingTrace.addOwnDataTo(Lorg/jetbrains/kotlin/resolve/BindingTrace;)V+14
j  org.jetbrains.kotlin.resolve.TemporaryBindingTrace.commit()V+5
j  org.jetbrains.kotlin.resolve.calls.context.TemporaryTraceAndCache.commit()V+4
j  org.jetbrains.kotlin.resolve.calls.CallExpressionResolver.getCallExpressionTypeInfoWithoutFinalTypeCheck(Lorg/jetbrains/kotlin/psi/KtCallExpression;Lorg/jetbrains/kotlin/resolve/scopes/receivers/Receiver;Lorg/jetbrains/kotlin/com/intellij/lang/ASTNode;Lorg/jetbrains/kotlin/types/expressions/ExpressionTypingContext;Lorg/jetbrains/kotlin/resolve/calls/smartcasts/DataFlowInfo;)Lorg/jetbrains/kotlin/types/expressions/KotlinTypeInfo;+127
j  org.jetbrains.kotlin.resolve.calls.CallExpressionResolver.getUnsafeSelectorTypeInfo(Lorg/jetbrains/kotlin/resolve/scopes/receivers/Receiver;Lorg/jetbrains/kotlin/com/intellij/lang/ASTNode;Lorg/jetbrains/kotlin/psi/KtExpression;Lorg/jetbrains/kotlin/types/expressions/ExpressionTypingContext;Lorg/jetbrains/kotlin/resolve/calls/smartcasts/DataFlowInfo;)Lorg/jetbrains/kotlin/types/expressions/KotlinTypeInfo;+22
j  org.jetbrains.kotlin.resolve.calls.CallExpressionResolver.getSafeOrUnsafeSelectorTypeInfo(Lorg/jetbrains/kotlin/resolve/scopes/receivers/Receiver;Lorg/jetbrains/kotlin/resolve/calls/CallExpressionElement;Lorg/jetbrains/kotlin/types/expressions/ExpressionTypingContext;)Lorg/jetbrains/kotlin/types/expressions/KotlinTypeInfo;+266
j  org.jetbrains.kotlin.resolve.calls.CallExpressionResolver.getQualifiedExpressionTypeInfo(Lorg/jetbrains/kotlin/psi/KtQualifiedExpression;Lorg/jetbrains/kotlin/types/expressions/ExpressionTypingContext;)Lorg/jetbrains/kotlin/types/expressions/KotlinTypeInfo;+483
j  org.jetbrains.kotlin.types.expressions.BasicExpressionTypingVisitor.visitQualifiedExpression(Lorg/jetbrains/kotlin/psi/KtQualifiedExpression;Lorg/jetbrains/kotlin/types/expressions/ExpressionTypingContext;)Lorg/jetbrains/kotlin/types/expressions/KotlinTypeInfo;+20
j  org.jetbrains.kotlin.types.expressions.ExpressionTypingVisitorDispatcher.visitQualifiedExpression(Lorg/jetbrains/kotlin/psi/KtQualifiedExpression;Lorg/jetbrains/kotlin/types/expressions/ExpressionTypingContext;)Lorg/jetbrains/kotlin/types/expressions/KotlinTypeInfo;+15
j  org.jetbrains.kotlin.types.expressions.ExpressionTypingVisitorDispatcher$ForBlock.visitQualifiedExpression(Lorg/jetbrains/kotlin/psi/KtQualifiedExpression;Ljava/lang/Object;)Ljava/lang/Object;+6
j  org.jetbrains.kotlin.psi.KtVisitor.visitDotQualifiedExpression(Lorg/jetbrains/kotlin/psi/KtDotQualifiedExpression;Ljava/lang/Object;)Ljava/lang/Object;+12
j  org.jetbrains.kotlin.psi.KtDotQualifiedExpression.accept(Lorg/jetbrains/kotlin/psi/KtVisitor;Ljava/lang/Object;)Ljava/lang/Object;+9
j  org.jetbrains.kotlin.types.expressions.ExpressionTypingVisitorDispatcher.lambda$getTypeInfo$0(Lorg/jetbrains/kotlin/psi/KtExpression;Lorg/jetbrains/kotlin/types/expressions/ExpressionTypingContext;Lorg/jetbrains/kotlin/psi/KtVisitor;)Lorg/jetbrains/kotlin/types/expressions/KotlinTypeInfo;+43
j  org.jetbrains.kotlin.types.expressions.ExpressionTypingVisitorDispatcher$$Lambda$144.invoke()Ljava/lang/Object;+16
j  org.jetbrains.kotlin.util.PerformanceCounter.time(Lkotlin/jvm/functions/Function0;)Ljava/lang/Object;+27
j  org.jetbrains.kotlin.types.expressions.ExpressionTypingVisitorDispatcher.getTypeInfo(Lorg/jetbrains/kotlin/psi/KtExpression;Lorg/jetbrains/kotlin/types/expressions/ExpressionTypingContext;Lorg/jetbrains/kotlin/psi/KtVisitor;)Lorg/jetbrains/kotlin/types/expressions/KotlinTypeInfo;+24
j  org.jetbrains.kotlin.types.expressions.ExpressionTypingVisitorDispatcher.getTypeInfo(Lorg/jetbrains/kotlin/psi/KtExpression;Lorg/jetbrains/kotlin/types/expressions/ExpressionTypingContext;)Lorg/jetbrains/kotlin/types/expressions/KotlinTypeInfo;+13
j  org.jetbrains.kotlin.types.expressions.ExpressionTypingVisitorForStatements.visitExpression(Lorg/jetbrains/kotlin/psi/KtExpression;Lorg/jetbrains/kotlin/types/expressions/ExpressionTypingContext;)Lorg/jetbrains/kotlin/types/expressions/KotlinTypeInfo;+15
j  org.jetbrains.kotlin.types.expressions.ExpressionTypingVisitorForStatements.visitExpression(Lorg/jetbrains/kotlin/psi/KtExpression;Ljava/lang/Object;)Ljava/lang/Object;+6
j  org.jetbrains.kotlin.psi.KtVisitor.visitQualifiedExpression(Lorg/jetbrains/kotlin/psi/KtQualifiedExpression;Ljava/lang/Object;)Ljava/lang/Object;+12
j  org.jetbrains.kotlin.psi.KtVisitor.visitDotQualifiedExpression(Lorg/jetbrains/kotlin/psi/KtDotQualifiedExpression;Ljava/lang/Object;)Ljava/lang/Object;+12
j  org.jetbrains.kotlin.psi.KtDotQualifiedExpression.accept(Lorg/jetbrains/kotlin/psi/KtVisitor;Ljava/lang/Object;)Ljava/lang/Object;+9
j  org.jetbrains.kotlin.types.expressions.ExpressionTypingVisitorDispatcher.lambda$getTypeInfo$0(Lorg/jetbrains/kotlin/psi/KtExpression;Lorg/jetbrains/kotlin/types/expressions/ExpressionTypingContext;Lorg/jetbrains/kotlin/psi/KtVisitor;)Lorg/jetbrains/kotlin/types/expressions/KotlinTypeInfo;+43
j  org.jetbrains.kotlin.types.expressions.ExpressionTypingVisitorDispatcher$$Lambda$144.invoke()Ljava/lang/Object;+16
j  org.jetbrains.kotlin.util.PerformanceCounter.time(Lkotlin/jvm/functions/Function0;)Ljava/lang/Object;+27
j  org.jetbrains.kotlin.types.expressions.ExpressionTypingVisitorDispatcher.getTypeInfo(Lorg/jetbrains/kotlin/psi/KtExpression;Lorg/jetbrains/kotlin/types/expressions/ExpressionTypingContext;Lorg/jetbrains/kotlin/psi/KtVisitor;)Lorg/jetbrains/kotlin/types/expressions/KotlinTypeInfo;+24
j  org.jetbrains.kotlin.types.expressions.ExpressionTypingVisitorDispatcher.getTypeInfo(Lorg/jetbrains/kotlin/psi/KtExpression;Lorg/jetbrains/kotlin/types/expressions/ExpressionTypingContext;Z)Lorg/jetbrains/kotlin/types/expressions/KotlinTypeInfo;+48
j  org.jetbrains.kotlin.types.expressions.ExpressionTypingServices.getTypeOfLastExpressionInBlock(Lorg/jetbrains/kotlin/psi/KtExpression;Lorg/jetbrains/kotlin/types/expressions/ExpressionTypingContext;Lorg/jetbrains/kotlin/types/expressions/CoercionStrategy;Lorg/jetbrains/kotlin/types/expressions/ExpressionTypingInternals;)Lorg/jetbrains/kotlin/types/expressions/KotlinTypeInfo;+196
j  org.jetbrains.kotlin.types.expressions.ExpressionTypingServices.getBlockReturnedTypeWithWritableScope(Lorg/jetbrains/kotlin/resolve/scopes/LexicalWritableScope;Ljava/util/List;Lorg/jetbrains/kotlin/types/expressions/CoercionStrategy;Lorg/jetbrains/kotlin/types/expressions/ExpressionTypingContext;)Lorg/jetbrains/kotlin/types/expressions/KotlinTypeInfo;+226
j  org.jetbrains.kotlin.types.expressions.ExpressionTypingServices.getBlockReturnedType(Lorg/jetbrains/kotlin/psi/KtBlockExpression;Lorg/jetbrains/kotlin/types/expressions/CoercionStrategy;Lorg/jetbrains/kotlin/types/expressions/ExpressionTypingContext;)Lorg/jetbrains/kotlin/types/expressions/KotlinTypeInfo;+143
j  org.jetbrains.kotlin.types.expressions.ExpressionTypingServices.getBlockReturnedType(Lorg/jetbrains/kotlin/psi/KtBlockExpression;Lorg/jetbrains/kotlin/types/expressions/ExpressionTypingContext;Z)Lorg/jetbrains/kotlin/types/expressions/KotlinTypeInfo;+16
j  org.jetbrains.kotlin.types.expressions.BasicExpressionTypingVisitor.visitBlockExpression(Lorg/jetbrains/kotlin/psi/KtBlockExpression;Lorg/jetbrains/kotlin/types/expressions/ExpressionTypingContext;)Lorg/jetbrains/kotlin/types/expressions/KotlinTypeInfo;+19
j  org.jetbrains.kotlin.types.expressions.ExpressionTypingVisitorDispatcher.visitBlockExpression(Lorg/jetbrains/kotlin/psi/KtBlockExpression;Lorg/jetbrains/kotlin/types/expressions/ExpressionTypingContext;)Lorg/jetbrains/kotlin/types/expressions/KotlinTypeInfo;+15
j  org.jetbrains.kotlin.types.expressions.ExpressionTypingVisitorDispatcher$ForDeclarations.visitBlockExpression(Lorg/jetbrains/kotlin/psi/KtBlockExpression;Ljava/lang/Object;)Ljava/lang/Object;+6
j  org.jetbrains.kotlin.psi.KtBlockExpression.accept(Lorg/jetbrains/kotlin/psi/KtVisitor;Ljava/lang/Object;)Ljava/lang/Object;+11
j  org.jetbrains.kotlin.types.expressions.ExpressionTypingVisitorDispatcher.lambda$getTypeInfo$0(Lorg/jetbrains/kotlin/psi/KtExpression;Lorg/jetbrains/kotlin/types/expressions/ExpressionTypingContext;Lorg/jetbrains/kotlin/psi/KtVisitor;)Lorg/jetbrains/kotlin/types/expressions/KotlinTypeInfo;+43
j  org.jetbrains.kotlin.types.expressions.ExpressionTypingVisitorDispatcher$$Lambda$144.invoke()Ljava/lang/Object;+16
j  org.jetbrains.kotlin.util.PerformanceCounter.time(Lkotlin/jvm/functions/Function0;)Ljava/lang/Object;+27
j  org.jetbrains.kotlin.types.expressions.ExpressionTypingVisitorDispatcher.getTypeInfo(Lorg/jetbrains/kotlin/psi/KtExpression;Lorg/jetbrains/kotlin/types/expressions/ExpressionTypingContext;Lorg/jetbrains/kotlin/psi/KtVisitor;)Lorg/jetbrains/kotlin/types/expressions/KotlinTypeInfo;+24
j  org.jetbrains.kotlin.types.expressions.ExpressionTypingVisitorDispatcher.getTypeInfo(Lorg/jetbrains/kotlin/psi/KtExpression;Lorg/jetbrains/kotlin/types/expressions/ExpressionTypingContext;)Lorg/jetbrains/kotlin/types/expressions/KotlinTypeInfo;+13
j  org.jetbrains.kotlin.types.expressions.ExpressionTypingServices.getTypeInfo(Lorg/jetbrains/kotlin/psi/KtExpression;Lorg/jetbrains/kotlin/resolve/calls/context/ResolutionContext;)Lorg/jetbrains/kotlin/types/expressions/KotlinTypeInfo;+27
j  org.jetbrains.kotlin.resolve.calls.tower.PSICallResolver.resolveValueArgument(Lorg/jetbrains/kotlin/resolve/calls/context/BasicCallResolutionContext;Lorg/jetbrains/kotlin/resolve/calls/smartcasts/DataFlowInfo;Lorg/jetbrains/kotlin/psi/ValueArgument;Z)Lorg/jetbrains/kotlin/resolve/calls/tower/PSIKotlinCallArgument;+299
j  org.jetbrains.kotlin.resolve.calls.tower.PSICallResolver.resolveArgumentsInParenthesis(Lorg/jetbrains/kotlin/resolve/calls/context/BasicCallResolutionContext;Ljava/util/List;Z)Ljava/util/List;+119
j  org.jetbrains.kotlin.resolve.calls.tower.PSICallResolver.toKotlinCall(Lorg/jetbrains/kotlin/resolve/calls/context/BasicCallResolutionContext;Lorg/jetbrains/kotlin/resolve/calls/model/KotlinCallKind;Lorg/jetbrains/kotlin/psi/Call;Lorg/jetbrains/kotlin/name/Name;Lorg/jetbrains/kotlin/resolve/calls/tasks/TracingStrategy;ZLorg/jetbrains/kotlin/resolve/scopes/receivers/Receiver;)Lorg/jetbrains/kotlin/resolve/calls/tower/PSIKotlinCallImpl;+164
j  org.jetbrains.kotlin.resolve.calls.tower.PSICallResolver.runResolutionAndInferenceForGivenCandidates(Lorg/jetbrains/kotlin/resolve/calls/context/BasicCallResolutionContext;Ljava/util/Collection;Lorg/jetbrains/kotlin/resolve/calls/tasks/TracingStrategy;)Lorg/jetbrains/kotlin/resolve/calls/results/OverloadResolutionResults;+210
j  org.jetbrains.kotlin.resolve.calls.CallResolver.doResolveCallOrGetCachedResults(Lorg/jetbrains/kotlin/resolve/calls/context/BasicCallResolutionContext;Lorg/jetbrains/kotlin/resolve/calls/CallResolver$ResolutionTask;Lorg/jetbrains/kotlin/resolve/calls/tasks/TracingStrategy;)Lorg/jetbrains/kotlin/resolve/calls/results/OverloadResolutionResults;+208
j  org.jetbrains.kotlin.resolve.calls.CallResolver.lambda$resolveCallWithKnownCandidate$4(Lorg/jetbrains/kotlin/resolve/calls/context/ResolutionContext;Lorg/jetbrains/kotlin/psi/Call;Lorg/jetbrains/kotlin/resolve/calls/model/MutableDataFlowInfoForArguments;Lorg/jetbrains/kotlin/resolve/calls/tasks/ResolutionCandidate;Lorg/jetbrains/kotlin/resolve/calls/tasks/TracingStrategy;)Lorg/jetbrains/kotlin/resolve/calls/results/OverloadResolutionResults;+45
j  org.jetbrains.kotlin.resolve.calls.CallResolver$$Lambda$179.invoke()Ljava/lang/Object;+24
j  org.jetbrains.kotlin.util.PerformanceCounter.time(Lkotlin/jvm/functions/Function0;)Ljava/lang/Object;+27
j  org.jetbrains.kotlin.resolve.calls.CallResolver.resolveCallWithKnownCandidate(Lorg/jetbrains/kotlin/psi/Call;Lorg/jetbrains/kotlin/resolve/calls/tasks/TracingStrategy;Lorg/jetbrains/kotlin/resolve/calls/context/ResolutionContext;Lorg/jetbrains/kotlin/resolve/calls/tasks/ResolutionCandidate;Lorg/jetbrains/kotlin/resolve/calls/model/MutableDataFlowInfoForArguments;)Lorg/jetbrains/kotlin/resolve/calls/results/OverloadResolutionResults;+53
j  org.jetbrains.kotlin.types.expressions.ControlStructureTypingUtils.resolveSpecialConstructionAsCall(Lorg/jetbrains/kotlin/psi/Call;Lorg/jetbrains/kotlin/descriptors/impl/SimpleFunctionDescriptorImpl;Lorg/jetbrains/kotlin/types/expressions/ControlStructureTypingUtils$ResolveConstruct;Lorg/jetbrains/kotlin/types/expressions/ExpressionTypingContext;Lorg/jetbrains/kotlin/resolve/calls/model/MutableDataFlowInfoForArguments;)Lorg/jetbrains/kotlin/resolve/calls/model/ResolvedCall;+89
j  org.jetbrains.kotlin.types.expressions.ControlStructureTypingUtils.resolveTryAsCall(Lorg/jetbrains/kotlin/psi/Call;Ljava/util/List;Lorg/jetbrains/kotlin/types/expressions/ExpressionTypingContext;Lorg/jetbrains/kotlin/resolve/calls/model/MutableDataFlowInfoForArguments;)Lorg/jetbrains/kotlin/resolve/calls/model/ResolvedCall;+198
j  org.jetbrains.kotlin.types.expressions.ControlStructureTypingVisitor.resolveTryExpressionWithNewInference(Lorg/jetbrains/kotlin/psi/KtTryExpression;Lorg/jetbrains/kotlin/types/expressions/ExpressionTypingContext;)Lorg/jetbrains/kotlin/types/expressions/KotlinTypeInfo;+278
j  org.jetbrains.kotlin.types.expressions.ControlStructureTypingVisitor.visitTryExpression(Lorg/jetbrains/kotlin/psi/KtTryExpression;Lorg/jetbrains/kotlin/types/expressions/ExpressionTypingContext;)Lorg/jetbrains/kotlin/types/expressions/KotlinTypeInfo;+42
j  org.jetbrains.kotlin.types.expressions.ExpressionTypingVisitorDispatcher.visitTryExpression(Lorg/jetbrains/kotlin/psi/KtTryExpression;Lorg/jetbrains/kotlin/types/expressions/ExpressionTypingContext;)Lorg/jetbrains/kotlin/types/expressions/KotlinTypeInfo;+15
j  org.jetbrains.kotlin.types.expressions.ExpressionTypingVisitorDispatcher$ForBlock.visitTryExpression(Lorg/jetbrains/kotlin/psi/KtTryExpression;Ljava/lang/Object;)Ljava/lang/Object;+6
j  org.jetbrains.kotlin.psi.KtTryExpression.accept(Lorg/jetbrains/kotlin/psi/KtVisitor;Ljava/lang/Object;)Ljava/lang/Object;+11
j  org.jetbrains.kotlin.types.expressions.ExpressionTypingVisitorDispatcher.lambda$getTypeInfo$0(Lorg/jetbrains/kotlin/psi/KtExpression;Lorg/jetbrains/kotlin/types/expressions/ExpressionTypingContext;Lorg/jetbrains/kotlin/psi/KtVisitor;)Lorg/jetbrains/kotlin/types/expressions/KotlinTypeInfo;+43
j  org.jetbrains.kotlin.types.expressions.ExpressionTypingVisitorDispatcher$$Lambda$144.invoke()Ljava/lang/Object;+16
j  org.jetbrains.kotlin.util.PerformanceCounter.time(Lkotlin/jvm/functions/Function0;)Ljava/lang/Object;+27
j  org.jetbrains.kotlin.types.expressions.ExpressionTypingVisitorDispatcher.getTypeInfo(Lorg/jetbrains/kotlin/psi/KtExpression;Lorg/jetbrains/kotlin/types/expressions/ExpressionTypingContext;Lorg/jetbrains/kotlin/psi/KtVisitor;)Lorg/jetbrains/kotlin/types/expressions/KotlinTypeInfo;+24
j  org.jetbrains.kotlin.types.expressions.ExpressionTypingVisitorDispatcher.getTypeInfo(Lorg/jetbrains/kotlin/psi/KtExpression;Lorg/jetbrains/kotlin/types/expressions/ExpressionTypingContext;)Lorg/jetbrains/kotlin/types/expressions/KotlinTypeInfo;+13
j  org.jetbrains.kotlin.types.expressions.ExpressionTypingVisitorForStatements.visitExpression(Lorg/jetbrains/kotlin/psi/KtExpression;Lorg/jetbrains/kotlin/types/expressions/ExpressionTypingContext;)Lorg/jetbrains/kotlin/types/expressions/KotlinTypeInfo;+15
j  org.jetbrains.kotlin.types.expressions.ExpressionTypingVisitorForStatements.visitExpression(Lorg/jetbrains/kotlin/psi/KtExpression;Ljava/lang/Object;)Ljava/lang/Object;+6
j  org.jetbrains.kotlin.psi.KtVisitor.visitTryExpression(Lorg/jetbrains/kotlin/psi/KtTryExpression;Ljava/lang/Object;)Ljava/lang/Object;+12
j  org.jetbrains.kotlin.psi.KtTryExpression.accept(Lorg/jetbrains/kotlin/psi/KtVisitor;Ljava/lang/Object;)Ljava/lang/Object;+11
j  org.jetbrains.kotlin.types.expressions.ExpressionTypingVisitorDispatcher.lambda$getTypeInfo$0(Lorg/jetbrains/kotlin/psi/KtExpression;Lorg/jetbrains/kotlin/types/expressions/ExpressionTypingContext;Lorg/jetbrains/kotlin/psi/KtVisitor;)Lorg/jetbrains/kotlin/types/expressions/KotlinTypeInfo;+43
j  org.jetbrains.kotlin.types.expressions.ExpressionTypingVisitorDispatcher$$Lambda$144.invoke()Ljava/lang/Object;+16
j  org.jetbrains.kotlin.util.PerformanceCounter.time(Lkotlin/jvm/functions/Function0;)Ljava/lang/Object;+27
j  org.jetbrains.kotlin.types.expressions.ExpressionTypingVisitorDispatcher.getTypeInfo(Lorg/jetbrains/kotlin/psi/KtExpression;Lorg/jetbrains/kotlin/types/expressions/ExpressionTypingContext;Lorg/jetbrains/kotlin/psi/KtVisitor;)Lorg/jetbrains/kotlin/types/expressions/KotlinTypeInfo;+24
j  org.jetbrains.kotlin.types.expressions.ExpressionTypingVisitorDispatcher.getTypeInfo(Lorg/jetbrains/kotlin/psi/KtExpression;Lorg/jetbrains/kotlin/types/expressions/ExpressionTypingContext;Z)Lorg/jetbrains/kotlin/types/expressions/KotlinTypeInfo;+48
j  org.jetbrains.kotlin.types.expressions.ExpressionTypingServices.getTypeOfLastExpressionInBlock(Lorg/jetbrains/kotlin/psi/KtExpression;Lorg/jetbrains/kotlin/types/expressions/ExpressionTypingContext;Lorg/jetbrains/kotlin/types/expressions/CoercionStrategy;Lorg/jetbrains/kotlin/types/expressions/ExpressionTypingInternals;)Lorg/jetbrains/kotlin/types/expressions/KotlinTypeInfo;+196
j  org.jetbrains.kotlin.types.expressions.ExpressionTypingServices.getBlockReturnedTypeWithWritableScope(Lorg/jetbrains/kotlin/resolve/scopes/LexicalWritableScope;Ljava/util/List;Lorg/jetbrains/kotlin/types/expressions/CoercionStrategy;Lorg/jetbrains/kotlin/types/expressions/ExpressionTypingContext;)Lorg/jetbrains/kotlin/types/expressions/KotlinTypeInfo;+226
j  org.jetbrains.kotlin.types.expressions.ExpressionTypingServices.getBlockReturnedType(Lorg/jetbrains/kotlin/psi/KtBlockExpression;Lorg/jetbrains/kotlin/types/expressions/CoercionStrategy;Lorg/jetbrains/kotlin/types/expressions/ExpressionTypingContext;)Lorg/jetbrains/kotlin/types/expressions/KotlinTypeInfo;+143
j  org.jetbrains.kotlin.types.expressions.ExpressionTypingServices.getBlockReturnedType(Lorg/jetbrains/kotlin/psi/KtBlockExpression;Lorg/jetbrains/kotlin/types/expressions/ExpressionTypingContext;Z)Lorg/jetbrains/kotlin/types/expressions/KotlinTypeInfo;+16
j  org.jetbrains.kotlin.types.expressions.ExpressionTypingVisitorForStatements.visitBlockExpression(Lorg/jetbrains/kotlin/psi/KtBlockExpression;Lorg/jetbrains/kotlin/types/expressions/ExpressionTypingContext;)Lorg/jetbrains/kotlin/types/expressions/KotlinTypeInfo;+19
j  org.jetbrains.kotlin.types.expressions.ExpressionTypingVisitorForStatements.visitBlockExpression(Lorg/jetbrains/kotlin/psi/KtBlockExpression;Ljava/lang/Object;)Ljava/lang/Object;+6
j  org.jetbrains.kotlin.psi.KtBlockExpression.accept(Lorg/jetbrains/kotlin/psi/KtVisitor;Ljava/lang/Object;)Ljava/lang/Object;+11
j  org.jetbrains.kotlin.types.expressions.ExpressionTypingVisitorDispatcher.lambda$getTypeInfo$0(Lorg/jetbrains/kotlin/psi/KtExpression;Lorg/jetbrains/kotlin/types/expressions/ExpressionTypingContext;Lorg/jetbrains/kotlin/psi/KtVisitor;)Lorg/jetbrains/kotlin/types/expressions/KotlinTypeInfo;+43
j  org.jetbrains.kotlin.types.expressions.ExpressionTypingVisitorDispatcher$$Lambda$144.invoke()Ljava/lang/Object;+16
j  org.jetbrains.kotlin.util.PerformanceCounter.time(Lkotlin/jvm/functions/Function0;)Ljava/lang/Object;+27
j  org.jetbrains.kotlin.types.expressions.ExpressionTypingVisitorDispatcher.getTypeInfo(Lorg/jetbrains/kotlin/psi/KtExpression;Lorg/jetbrains/kotlin/types/expressions/ExpressionTypingContext;Lorg/jetbrains/kotlin/psi/KtVisitor;)Lorg/jetbrains/kotlin/types/expressions/KotlinTypeInfo;+24
j  org.jetbrains.kotlin.types.expressions.ExpressionTypingVisitorDispatcher.getTypeInfo(Lorg/jetbrains/kotlin/psi/KtExpression;Lorg/jetbrains/kotlin/types/expressions/ExpressionTypingContext;Z)Lorg/jetbrains/kotlin/types/expressions/KotlinTypeInfo;+48
j  org.jetbrains.kotlin.types.expressions.ExpressionTypingServices.checkFunctionReturnType(Lorg/jetbrains/kotlin/psi/KtDeclarationWithBody;Lorg/jetbrains/kotlin/types/expressions/ExpressionTypingContext;)V+50
j  org.jetbrains.kotlin.types.expressions.ExpressionTypingServices.checkFunctionReturnType(Lorg/jetbrains/kotlin/resolve/scopes/LexicalScope;Lorg/jetbrains/kotlin/psi/KtDeclarationWithBody;Lorg/jetbrains/kotlin/descriptors/FunctionDescriptor;Lorg/jetbrains/kotlin/resolve/calls/smartcasts/DataFlowInfo;Lorg/jetbrains/kotlin/types/KotlinType;Lorg/jetbrains/kotlin/resolve/BindingTrace;Lorg/jetbrains/kotlin/types/expressions/ExpressionTypingContext;)V+130
j  org.jetbrains.kotlin.resolve.BodyResolver.resolveFunctionBody(Lorg/jetbrains/kotlin/resolve/calls/smartcasts/DataFlowInfo;Lorg/jetbrains/kotlin/resolve/BindingTrace;Lorg/jetbrains/kotlin/psi/KtDeclarationWithBody;Lorg/jetbrains/kotlin/descriptors/FunctionDescriptor;Lorg/jetbrains/kotlin/resolve/scopes/LexicalScope;Lkotlin/jvm/functions/Function1;Lkotlin/jvm/functions/Function1;Lorg/jetbrains/kotlin/types/expressions/ExpressionTypingContext;)V+344
j  org.jetbrains.kotlin.resolve.BodyResolver.resolveFunctionBody(Lorg/jetbrains/kotlin/resolve/calls/smartcasts/DataFlowInfo;Lorg/jetbrains/kotlin/resolve/BindingTrace;Lorg/jetbrains/kotlin/psi/KtDeclarationWithBody;Lorg/jetbrains/kotlin/descriptors/FunctionDescriptor;Lorg/jetbrains/kotlin/resolve/scopes/LexicalScope;Lorg/jetbrains/kotlin/types/expressions/ExpressionTypingContext;)V+69
j  org.jetbrains.kotlin.resolve.BodyResolver.resolveFunctionBodies(Lorg/jetbrains/kotlin/resolve/BodiesResolveContext;)V+198
j  org.jetbrains.kotlin.resolve.BodyResolver.resolveBehaviorDeclarationBodies(Lorg/jetbrains/kotlin/resolve/BodiesResolveContext;)V+36
j  org.jetbrains.kotlin.resolve.BodyResolver.resolveBodies(Lorg/jetbrains/kotlin/resolve/BodiesResolveContext;)V+11
j  org.jetbrains.kotlin.resolve.LazyTopDownAnalyzer.analyzeDeclarations(Lorg/jetbrains/kotlin/resolve/TopDownAnalysisMode;Ljava/util/Collection;Lorg/jetbrains/kotlin/resolve/calls/smartcasts/DataFlowInfo;Lorg/jetbrains/kotlin/types/expressions/ExpressionTypingContext;)Lorg/jetbrains/kotlin/resolve/TopDownAnalysisContext;+319
j  org.jetbrains.kotlin.resolve.LazyTopDownAnalyzer.analyzeDeclarations$default(Lorg/jetbrains/kotlin/resolve/LazyTopDownAnalyzer;Lorg/jetbrains/kotlin/resolve/TopDownAnalysisMode;Ljava/util/Collection;Lorg/jetbrains/kotlin/resolve/calls/smartcasts/DataFlowInfo;Lorg/jetbrains/kotlin/types/expressions/ExpressionTypingContext;ILjava/lang/Object;)Lorg/jetbrains/kotlin/resolve/TopDownAnalysisContext;+31
j  org.jetbrains.kotlin.cli.jvm.compiler.TopDownAnalyzerFacadeForJVM.analyzeFilesWithJavaIntegration(Lorg/jetbrains/kotlin/com/intellij/openapi/project/Project;Ljava/util/Collection;Lorg/jetbrains/kotlin/resolve/BindingTrace;Lorg/jetbrains/kotlin/config/CompilerConfiguration;Lkotlin/jvm/functions/Function1;Lkotlin/jvm/functions/Function2;Lorg/jetbrains/kotlin/com/intellij/psi/search/GlobalSearchScope;Ljava/util/List;Ljava/util/List;Ljava/util/List;)Lorg/jetbrains/kotlin/analyzer/AnalysisResult;+278
j  org.jetbrains.kotlin.cli.jvm.compiler.TopDownAnalyzerFacadeForJVM.analyzeFilesWithJavaIntegration$default(Lorg/jetbrains/kotlin/com/intellij/openapi/project/Project;Ljava/util/Collection;Lorg/jetbrains/kotlin/resolve/BindingTrace;Lorg/jetbrains/kotlin/config/CompilerConfiguration;Lkotlin/jvm/functions/Function1;Lkotlin/jvm/functions/Function2;Lorg/jetbrains/kotlin/com/intellij/psi/search/GlobalSearchScope;Ljava/util/List;Ljava/util/List;Ljava/util/List;ILjava/lang/Object;)Lorg/jetbrains/kotlin/analyzer/AnalysisResult;+92
j  org.jetbrains.kotlin.cli.jvm.compiler.KotlinToJVMBytecodeCompiler$analyze$1.invoke()Lorg/jetbrains/kotlin/analyzer/AnalysisResult;+285
j  org.jetbrains.kotlin.cli.jvm.compiler.KotlinToJVMBytecodeCompiler$analyze$1.invoke()Ljava/lang/Object;+1
j  org.jetbrains.kotlin.cli.common.messages.AnalyzerWithCompilerReport.analyzeAndReport(Ljava/util/Collection;Lkotlin/jvm/functions/Function0;)V+16
j  org.jetbrains.kotlin.cli.jvm.compiler.KotlinToJVMBytecodeCompiler.analyze(Lorg/jetbrains/kotlin/cli/jvm/compiler/KotlinCoreEnvironment;)Lorg/jetbrains/kotlin/analyzer/AnalysisResult;+146
j  org.jetbrains.kotlin.cli.jvm.compiler.KotlinToJVMBytecodeCompiler.compileModules$cli(Lorg/jetbrains/kotlin/cli/jvm/compiler/KotlinCoreEnvironment;Ljava/io/File;Ljava/util/List;Z)Z+420
j  org.jetbrains.kotlin.cli.jvm.compiler.KotlinToJVMBytecodeCompiler.compileModules$cli$default(Lorg/jetbrains/kotlin/cli/jvm/compiler/KotlinToJVMBytecodeCompiler;Lorg/jetbrains/kotlin/cli/jvm/compiler/KotlinCoreEnvironment;Ljava/io/File;Ljava/util/List;ZILjava/lang/Object;)Z+17
j  org.jetbrains.kotlin.cli.jvm.K2JVMCompiler.doExecute(Lorg/jetbrains/kotlin/cli/common/arguments/K2JVMCompilerArguments;Lorg/jetbrains/kotlin/config/CompilerConfiguration;Lorg/jetbrains/kotlin/com/intellij/openapi/Disposable;Lorg/jetbrains/kotlin/utils/KotlinPaths;)Lorg/jetbrains/kotlin/cli/common/ExitCode;+1235
j  org.jetbrains.kotlin.cli.jvm.K2JVMCompiler.doExecute(Lorg/jetbrains/kotlin/cli/common/arguments/CommonCompilerArguments;Lorg/jetbrains/kotlin/config/CompilerConfiguration;Lorg/jetbrains/kotlin/com/intellij/openapi/Disposable;Lorg/jetbrains/kotlin/utils/KotlinPaths;)Lorg/jetbrains/kotlin/cli/common/ExitCode;+9
j  org.jetbrains.kotlin.cli.common.CLICompiler.execImpl(Lorg/jetbrains/kotlin/cli/common/messages/MessageCollector;Lorg/jetbrains/kotlin/config/Services;Lorg/jetbrains/kotlin/cli/common/arguments/CommonCompilerArguments;)Lorg/jetbrains/kotlin/cli/common/ExitCode;+219
j  org.jetbrains.kotlin.cli.common.CLICompiler.execImpl(Lorg/jetbrains/kotlin/cli/common/messages/MessageCollector;Lorg/jetbrains/kotlin/config/Services;Lorg/jetbrains/kotlin/cli/common/arguments/CommonToolArguments;)Lorg/jetbrains/kotlin/cli/common/ExitCode;+7
j  org.jetbrains.kotlin.cli.common.CLITool.exec(Lorg/jetbrains/kotlin/cli/common/messages/MessageCollector;Lorg/jetbrains/kotlin/config/Services;Lorg/jetbrains/kotlin/cli/common/arguments/CommonToolArguments;)Lorg/jetbrains/kotlin/cli/common/ExitCode;+76
j  org.jetbrains.kotlin.cli.common.CLITool.exec(Ljava/io/PrintStream;Lorg/jetbrains/kotlin/config/Services;Lorg/jetbrains/kotlin/cli/common/messages/MessageRenderer;[Ljava/lang/String;)Lorg/jetbrains/kotlin/cli/common/ExitCode;+209
j  org.jetbrains.kotlin.cli.common.CLITool.exec(Ljava/io/PrintStream;Lorg/jetbrains/kotlin/cli/common/messages/MessageRenderer;[Ljava/lang/String;)Lorg/jetbrains/kotlin/cli/common/ExitCode;+25
j  org.jetbrains.kotlin.cli.common.CLITool$Companion.doMainNoExit(Lorg/jetbrains/kotlin/cli/common/CLITool;[Ljava/lang/String;Lorg/jetbrains/kotlin/cli/common/messages/MessageRenderer;)Lorg/jetbrains/kotlin/cli/common/ExitCode;+39
j  org.jetbrains.kotlin.cli.common.CLITool$Companion.doMainNoExit$default(Lorg/jetbrains/kotlin/cli/common/CLITool$Companion;Lorg/jetbrains/kotlin/cli/common/CLITool;[Ljava/lang/String;Lorg/jetbrains/kotlin/cli/common/messages/MessageRenderer;ILjava/lang/Object;)Lorg/jetbrains/kotlin/cli/common/ExitCode;+16
j  org.jetbrains.kotlin.cli.common.CLITool$Companion.doMain(Lorg/jetbrains/kotlin/cli/common/CLITool;[Ljava/lang/String;)V+57
j  org.jetbrains.kotlin.cli.jvm.K2JVMCompiler$Companion.main([Ljava/lang/String;)V+20
j  org.jetbrains.kotlin.cli.jvm.K2JVMCompiler.main([Ljava/lang/String;)V+4
v  ~StubRoutines::call_stub

---------------  P R O C E S S  ---------------

Java Threads: ( => current thread )
  0x00000073a80ce800 JavaThread "Service Thread" daemon [_thread_blocked, id=21681, stack(0x00000073a4672000,0x00000073a4772000)]
  0x00000073a80c4000 JavaThread "C2 CompilerThread1" daemon [_thread_blocked, id=21679, stack(0x00000073a4773000,0x00000073a4873000)]
  0x00000073a80c1000 JavaThread "C2 CompilerThread0" daemon [_thread_in_native, id=21678, stack(0x00000073a4874000,0x00000073a4974000)]
  0x00000073a80bf000 JavaThread "Signal Dispatcher" daemon [_thread_blocked, id=21677, stack(0x00000073a4974000,0x00000073a4a74000)]
  0x00000073a808d800 JavaThread "Finalizer" daemon [_thread_blocked, id=21644, stack(0x00000073a4a74000,0x00000073a4b74000)]
  0x00000073a808b000 JavaThread "Reference Handler" daemon [_thread_blocked, id=21643, stack(0x00000073a4b74000,0x00000073a4c74000)]
=>0x00000073a800b800 JavaThread "main" [_thread_in_vm, id=21633, stack(0x00000073af8ee000,0x00000073af9ee000)]

Other Threads:
  0x00000073a8081800 VMThread [stack: 0x00000073a4c75000,0x00000073a4d75000] [id=21642]
  0x00000073a80d1800 WatcherThread [stack: 0x00000073a4572000,0x00000073a4672000] [id=21682]

VM state:not at safepoint (normal execution)

VM Mutex/Monitor currently owned by a thread: None

heap address: 0x0000000087e00000, size: 1922 MB, Compressed Oops mode: 32-bit
Narrow klass base: 0x0000000000000000, Narrow klass shift: 3
Compressed class space size: 1073741824 Address: 0x0000000100000000

Heap:
 PSYoungGen      total 159232K, used 28733K [0x00000000d7f80000, 0x00000000e7500000, 0x0000000100000000)
  eden space 133120K, 1% used [0x00000000d7f80000,0x00000000d8210ca8,0x00000000e0180000)
  from space 26112K, 99% used [0x00000000e0180000,0x00000000e1afea40,0x00000000e1b00000)
  to   space 34816K, 0% used [0x00000000e5300000,0x00000000e5300000,0x00000000e7500000)
 ParOldGen       total 122880K, used 50663K [0x0000000087e00000, 0x000000008f600000, 0x00000000d7f80000)
  object space 122880K, 41% used [0x0000000087e00000,0x000000008af79ef8,0x000000008f600000)
 Metaspace       used 48252K, capacity 49156K, committed 49408K, reserved 1091584K
  class space    used 6286K, capacity 6560K, committed 6656K, reserved 1048576K

Card table byte_map: [0x00000073ac34c000,0x00000073ac70e000] byte_map_base: 0x00000073abf0d000

Marking Bits: (ParMarkBitMap*) 0x00000073b04a8ff8
 Begin Bits: [0x00000073883f0000, 0x000000738a1f8000)
 End Bits:   [0x000000738a1f8000, 0x000000738c000000)

Polling page: 0x00000073b06a1000

CodeCache: size=49152Kb used=2930Kb max_used=2962Kb free=46221Kb
 bounds [0x00000073ac7ce000, 0x00000073acabe000, 0x00000073af7ce000]
 total_blobs=1887 nmethods=1393 adapters=444
 compilation: enabled

Compilation events (10 events):
Event: 20.020 Thread 0x00000073a80c4000 nmethod 1549 0x00000073acaa90d0 code [0x00000073acaa9210, 0x00000073acaa92d8]
Event: 20.021 Thread 0x00000073a80c4000 1550             org.jetbrains.kotlin.resolve.calls.inference.model.MutableConstraintStorage::getAllTypeVariables (5 bytes)
Event: 20.022 Thread 0x00000073a80c4000 nmethod 1550 0x00000073ac986210 code [0x00000073ac986340, 0x00000073ac9863a8]
Event: 20.081 Thread 0x00000073a80c4000 1551 %           java.lang.ref.Reference$ReferenceHandler::run @ 0 (8 bytes)
Event: 20.083 Thread 0x00000073a80c4000 nmethod 1551% 0x00000073aca98e10 code [0x00000073aca98f50, 0x00000073aca98fc8]
Event: 20.084 Thread 0x00000073a80c4000 1552 % !         java.lang.ref.Finalizer$FinalizerThread::run @ 33 (55 bytes)
Event: 20.131 Thread 0x00000073a80c4000 nmethod 1552% 0x00000073ac866dd0 code [0x00000073ac866fd0, 0x00000073ac867af8]
Event: 20.131 Thread 0x00000073a80c4000 1553             java.lang.ref.ReferenceQueue::remove (6 bytes)
Event: 20.137 Thread 0x00000073a80c4000 nmethod 1553 0x00000073aca1ba90 code [0x00000073aca1bc10, 0x00000073aca1c098]
Event: 20.137 Thread 0x00000073a80c4000 1554   !         java.lang.ref.ReferenceQueue::remove (125 bytes)

GC Heap History (10 events):
Event: 5.723 GC heap before
{Heap before GC invocations=5 (full 1):
 PSYoungGen      total 67584K, used 62464K [0x00000000d7f80000, 0x00000000e0380000, 0x0000000100000000)
  eden space 62464K, 100% used [0x00000000d7f80000,0x00000000dbc80000,0x00000000dbc80000)
  from space 5120K, 0% used [0x00000000dbc80000,0x00000000dbc80000,0x00000000dc180000)
  to   space 5120K, 0% used [0x00000000dfe80000,0x00000000dfe80000,0x00000000e0380000)
 ParOldGen       total 75776K, used 16408K [0x0000000087e00000, 0x000000008c800000, 0x00000000d7f80000)
  object space 75776K, 21% used [0x0000000087e00000,0x0000000088e06118,0x000000008c800000)
 Metaspace       used 29042K, capacity 29586K, committed 29952K, reserved 1075200K
  class space    used 4075K, capacity 4251K, committed 4352K, reserved 1048576K
Event: 5.738 GC heap after
Heap after GC invocations=5 (full 1):
 PSYoungGen      total 96768K, used 5112K [0x00000000d7f80000, 0x00000000e0380000, 0x0000000100000000)
  eden space 91648K, 0% used [0x00000000d7f80000,0x00000000d7f80000,0x00000000dd900000)
  from space 5120K, 99% used [0x00000000dfe80000,0x00000000e037e110,0x00000000e0380000)
  to   space 5120K, 0% used [0x00000000df980000,0x00000000df980000,0x00000000dfe80000)
 ParOldGen       total 75776K, used 25452K [0x0000000087e00000, 0x000000008c800000, 0x00000000d7f80000)
  object space 75776K, 33% used [0x0000000087e00000,0x00000000896db3c0,0x000000008c800000)
 Metaspace       used 29042K, capacity 29586K, committed 29952K, reserved 1075200K
  class space    used 4075K, capacity 4251K, committed 4352K, reserved 1048576K
}
Event: 6.710 GC heap before
{Heap before GC invocations=6 (full 1):
 PSYoungGen      total 96768K, used 45270K [0x00000000d7f80000, 0x00000000e0380000, 0x0000000100000000)
  eden space 91648K, 43% used [0x00000000d7f80000,0x00000000da6b7960,0x00000000dd900000)
  from space 5120K, 99% used [0x00000000dfe80000,0x00000000e037e110,0x00000000e0380000)
  to   space 5120K, 0% used [0x00000000df980000,0x00000000df980000,0x00000000dfe80000)
 ParOldGen       total 75776K, used 25452K [0x0000000087e00000, 0x000000008c800000, 0x00000000d7f80000)
  object space 75776K, 33% used [0x0000000087e00000,0x00000000896db3c0,0x000000008c800000)
 Metaspace       used 34744K, capacity 35220K, committed 35416K, reserved 1079296K
  class space    used 4645K, capacity 4802K, committed 4864K, reserved 1048576K
Event: 6.747 GC heap after
Heap after GC invocations=6 (full 1):
 PSYoungGen      total 130048K, used 5113K [0x00000000d7f80000, 0x00000000e2e80000, 0x0000000100000000)
  eden space 124928K, 0% used [0x00000000d7f80000,0x00000000d7f80000,0x00000000df980000)
  from space 5120K, 99% used [0x00000000df980000,0x00000000dfe7e6a8,0x00000000dfe80000)
  to   space 19968K, 0% used [0x00000000e1b00000,0x00000000e1b00000,0x00000000e2e80000)
 ParOldGen       total 75776K, used 35885K [0x0000000087e00000, 0x000000008c800000, 0x00000000d7f80000)
  object space 75776K, 47% used [0x0000000087e00000,0x000000008a10b5b8,0x000000008c800000)
 Metaspace       used 34744K, capacity 35220K, committed 35416K, reserved 1079296K
  class space    used 4645K, capacity 4802K, committed 4864K, reserved 1048576K
}
Event: 6.747 GC heap before
{Heap before GC invocations=7 (full 2):
 PSYoungGen      total 130048K, used 5113K [0x00000000d7f80000, 0x00000000e2e80000, 0x0000000100000000)
  eden space 124928K, 0% used [0x00000000d7f80000,0x00000000d7f80000,0x00000000df980000)
  from space 5120K, 99% used [0x00000000df980000,0x00000000dfe7e6a8,0x00000000dfe80000)
  to   space 19968K, 0% used [0x00000000e1b00000,0x00000000e1b00000,0x00000000e2e80000)
 ParOldGen       total 75776K, used 35885K [0x0000000087e00000, 0x000000008c800000, 0x00000000d7f80000)
  object space 75776K, 47% used [0x0000000087e00000,0x000000008a10b5b8,0x000000008c800000)
 Metaspace       used 34744K, capacity 35220K, committed 35416K, reserved 1079296K
  class space    used 4645K, capacity 4802K, committed 4864K, reserved 1048576K
Event: 6.860 GC heap after
Heap after GC invocations=7 (full 2):
 PSYoungGen      total 130048K, used 0K [0x00000000d7f80000, 0x00000000e2e80000, 0x0000000100000000)
  eden space 124928K, 0% used [0x00000000d7f80000,0x00000000d7f80000,0x00000000df980000)
  from space 5120K, 0% used [0x00000000df980000,0x00000000df980000,0x00000000dfe80000)
  to   space 19968K, 0% used [0x00000000e1b00000,0x00000000e1b00000,0x00000000e2e80000)
 ParOldGen       total 122880K, used 35801K [0x0000000087e00000, 0x000000008f600000, 0x00000000d7f80000)
  object space 122880K, 29% used [0x0000000087e00000,0x000000008a0f65a0,0x000000008f600000)
 Metaspace       used 34744K, capacity 35220K, committed 35416K, reserved 1079296K
  class space    used 4645K, capacity 4802K, committed 4864K, reserved 1048576K
}
Event: 12.407 GC heap before
{Heap before GC invocations=8 (full 2):
 PSYoungGen      total 130048K, used 124928K [0x00000000d7f80000, 0x00000000e2e80000, 0x0000000100000000)
  eden space 124928K, 100% used [0x00000000d7f80000,0x00000000df980000,0x00000000df980000)
  from space 5120K, 0% used [0x00000000df980000,0x00000000df980000,0x00000000dfe80000)
  to   space 19968K, 0% used [0x00000000e1b00000,0x00000000e1b00000,0x00000000e2e80000)
 ParOldGen       total 122880K, used 35801K [0x0000000087e00000, 0x000000008f600000, 0x00000000d7f80000)
  object space 122880K, 29% used [0x0000000087e00000,0x000000008a0f65a0,0x000000008f600000)
 Metaspace       used 42890K, capacity 43612K, committed 44032K, reserved 1087488K
  class space    used 5616K, capacity 5836K, committed 5888K, reserved 1048576K
Event: 12.447 GC heap after
Heap after GC invocations=8 (full 2):
 PSYoungGen      total 153088K, used 19940K [0x00000000d7f80000, 0x00000000e5e80000, 0x0000000100000000)
  eden space 133120K, 0% used [0x00000000d7f80000,0x00000000d7f80000,0x00000000e0180000)
  from space 19968K, 99% used [0x00000000e1b00000,0x00000000e2e79218,0x00000000e2e80000)
  to   space 26112K, 0% used [0x00000000e0180000,0x00000000e0180000,0x00000000e1b00000)
 ParOldGen       total 122880K, used 41510K [0x0000000087e00000, 0x000000008f600000, 0x00000000d7f80000)
  object space 122880K, 33% used [0x0000000087e00000,0x000000008a6899c0,0x000000008f600000)
 Metaspace       used 42890K, capacity 43612K, committed 44032K, reserved 1087488K
  class space    used 5616K, capacity 5836K, committed 5888K, reserved 1048576K
}
Event: 20.033 GC heap before
{Heap before GC invocations=9 (full 2):
 PSYoungGen      total 153088K, used 153060K [0x00000000d7f80000, 0x00000000e5e80000, 0x0000000100000000)
  eden space 133120K, 100% used [0x00000000d7f80000,0x00000000e0180000,0x00000000e0180000)
  from space 19968K, 99% used [0x00000000e1b00000,0x00000000e2e79218,0x00000000e2e80000)
  to   space 26112K, 0% used [0x00000000e0180000,0x00000000e0180000,0x00000000e1b00000)
 ParOldGen       total 122880K, used 41510K [0x0000000087e00000, 0x000000008f600000, 0x00000000d7f80000)
  object space 122880K, 33% used [0x0000000087e00000,0x000000008a6899c0,0x000000008f600000)
 Metaspace       used 48230K, capacity 49156K, committed 49408K, reserved 1091584K
  class space    used 6284K, capacity 6560K, committed 6656K, reserved 1048576K
Event: 20.079 GC heap after
Heap after GC invocations=9 (full 2):
 PSYoungGen      total 159232K, used 26106K [0x00000000d7f80000, 0x00000000e7500000, 0x0000000100000000)
  eden space 133120K, 0% used [0x00000000d7f80000,0x00000000d7f80000,0x00000000e0180000)
  from space 26112K, 99% used [0x00000000e0180000,0x00000000e1afea40,0x00000000e1b00000)
  to   space 34816K, 0% used [0x00000000e5300000,0x00000000e5300000,0x00000000e7500000)
 ParOldGen       total 122880K, used 50663K [0x0000000087e00000, 0x000000008f600000, 0x00000000d7f80000)
  object space 122880K, 41% used [0x0000000087e00000,0x000000008af79ef8,0x000000008f600000)
 Metaspace       used 48230K, capacity 49156K, committed 49408K, reserved 1091584K
  class space    used 6284K, capacity 6560K, committed 6656K, reserved 1048576K
}

Deoptimization events (10 events):
Event: 19.327 Thread 0x00000073a800b800 Uncommon trap: reason=class_check action=maybe_recompile pc=0x00000073ac986390 method=org.jetbrains.kotlin.resolve.calls.tower.PSIKotlinCallsKt.getPsiKotlinCall(Lorg/jetbrains/kotlin/resolve/calls/model/KotlinCall;)Lorg/jetbrains/kotlin/resolve/calls/towe
Event: 19.343 Thread 0x00000073a800b800 Uncommon trap: reason=bimorphic action=maybe_recompile pc=0x00000073aca1b140 method=org.jetbrains.org.objectweb.asm.ClassReader.readField(Lorg/jetbrains/org/objectweb/asm/ClassVisitor;Lorg/jetbrains/org/objectweb/asm/Context;I)I @ 332
Event: 19.344 Thread 0x00000073a800b800 Uncommon trap: reason=class_check action=maybe_recompile pc=0x00000073ac986390 method=org.jetbrains.kotlin.resolve.calls.tower.PSIKotlinCallsKt.getPsiKotlinCall(Lorg/jetbrains/kotlin/resolve/calls/model/KotlinCall;)Lorg/jetbrains/kotlin/resolve/calls/towe
Event: 19.396 Thread 0x00000073a800b800 Uncommon trap: reason=unstable_if action=reinterpret pc=0x00000073aca98f4c method=java.util.concurrent.ConcurrentHashMap.clear()V @ 32
Event: 19.404 Thread 0x00000073a800b800 Uncommon trap: reason=class_check action=maybe_recompile pc=0x00000073ac986390 method=org.jetbrains.kotlin.resolve.calls.tower.PSIKotlinCallsKt.getPsiKotlinCall(Lorg/jetbrains/kotlin/resolve/calls/model/KotlinCall;)Lorg/jetbrains/kotlin/resolve/calls/towe
Event: 19.406 Thread 0x00000073a800b800 Uncommon trap: reason=class_check action=maybe_recompile pc=0x00000073ac986390 method=org.jetbrains.kotlin.resolve.calls.tower.PSIKotlinCallsKt.getPsiKotlinCall(Lorg/jetbrains/kotlin/resolve/calls/model/KotlinCall;)Lorg/jetbrains/kotlin/resolve/calls/towe
Event: 19.476 Thread 0x00000073a800b800 Uncommon trap: reason=unstable_if action=reinterpret pc=0x00000073ac96107c method=org.jetbrains.kotlin.types.AbstractStrictEqualityTypeChecker.strictEqualSimpleTypes(Lorg/jetbrains/kotlin/types/model/TypeSystemContext;Lorg/jetbrains/kotlin/types/model/Sim
Event: 19.921 Thread 0x00000073a800b800 Uncommon trap: reason=predicate action=maybe_recompile pc=0x00000073acaa6484 method=org.jetbrains.kotlin.types.checker.NewCapturedTypeKt.captureArguments(Lorg/jetbrains/kotlin/types/UnwrappedType;Lorg/jetbrains/kotlin/types/model/CaptureStatus;)Ljava/util
Event: 19.953 Thread 0x00000073a800b800 Uncommon trap: reason=unstable_if action=reinterpret pc=0x00000073ac9f0404 method=java.util.HashMap.hash(Ljava/lang/Object;)I @ 1
Event: 20.147 Thread 0x00000073a800b800 Uncommon trap: reason=class_check action=maybe_recompile pc=0x00000073aca6db60 method=org.jetbrains.kotlin.com.intellij.openapi.util.Key.getKeyByIndex(I)Lorg/jetbrains/kotlin/com/intellij/openapi/util/Key; @ 9

Classes redefined (0 events):
No events

Internal exceptions (10 events):
Event: 13.459 Thread 0x00000073a800b800 Implicit null exception at 0x00000073ac8fc130 to 0x00000073ac8fc1dc
Event: 13.494 Thread 0x00000073a800b800 Implicit null exception at 0x00000073ac87395c to 0x00000073ac8739e4
Event: 13.494 Thread 0x00000073a800b800 Implicit null exception at 0x00000073ac845af4 to 0x00000073ac845b64
Event: 13.651 Thread 0x00000073a800b800 Exception <a 'java/lang/IncompatibleClassChangeError': Found class java.lang.Object, but interface was expected> (0x00000000da40d800) thrown at [/HUDSON/workspace/8-2-build-glinux-arm64/jdk8u212/12974/hotspot/src/share/vm/interpreter/linkResolver.cpp, lin
Event: 15.509 Thread 0x00000073a800b800 Implicit null exception at 0x00000073ac859e28 to 0x00000073ac85a028
Event: 15.981 Thread 0x00000073a800b800 Implicit null exception at 0x00000073aca2bd54 to 0x00000073aca2c228
Event: 16.614 Thread 0x00000073a800b800 Implicit null exception at 0x00000073ac985d60 to 0x00000073ac986100
Event: 17.803 Thread 0x00000073a800b800 Implicit null exception at 0x00000073ac849c6c to 0x00000073ac849ff0
Event: 17.844 Thread 0x00000073a800b800 Implicit null exception at 0x00000073ac84892c to 0x00000073ac848cb0
Event: 19.953 Thread 0x00000073a800b800 Implicit null exception at 0x00000073ac9f0288 to 0x00000073ac9f03e8

Events (10 events):
Event: 20.135 Executing VM operation: ForceSafepoint
Event: 20.135 Executing VM operation: ForceSafepoint done
Event: 20.137 Thread 0x00000073a80c4000 flushing nmethod 0x00000073ac960690
Event: 20.141 Executing VM operation: ForceSafepoint
Event: 20.141 Executing VM operation: ForceSafepoint done
Event: 20.144 Executing VM operation: ForceSafepoint
Event: 20.144 Executing VM operation: ForceSafepoint done
Event: 20.147 Thread 0x00000073a800b800 Uncommon trap: trap_request=0xffffffde fr.pc=0x00000073aca6db60
Event: 20.147 Thread 0x00000073a800b800 DEOPT PACKING pc=0x00000073aca6db60 sp=0x00000073af9e7a10
Event: 20.147 Thread 0x00000073a800b800 DEOPT UNPACKING pc=0x00000073ac7d0684 sp=0x00000073af9e7960 mode 2


Dynamic libraries:
00400000-00401000 r-xp 00000000 fe:4c 3133056                            /data/data/com.m4coding.ide/files/0/opt/java/jdk1.8.0_212/jre/bin/java
00410000-00411000 r--p 00000000 fe:4c 3133056                            /data/data/com.m4coding.ide/files/0/opt/java/jdk1.8.0_212/jre/bin/java
00411000-00412000 rw-p 00001000 fe:4c 3133056                            /data/data/com.m4coding.ide/files/0/opt/java/jdk1.8.0_212/jre/bin/java
00412000-00434000 rw-p 00000000 00:00 0 
87e00000-8f600000 rw-p 00000000 00:00 0 
8f600000-d7f80000 ---p 00000000 00:00 0 
d7f80000-e7500000 rw-p 00000000 00:00 0 
e7500000-100000000 ---p 00000000 00:00 0 
100000000-100680000 rw-p 00000000 00:00 0 
100680000-140000000 ---p 00000000 00:00 0 
2000000000-2000001000 r-xp 00000000 fe:4c 3017506                        /data/app/~~JG6KgFjXDiiLCmJp5un9-Q==/com.m4coding.ide-1pAfsPGveDDrg1ANQg8CIA==/lib/arm64/lib_loader.so
3f00000000-3f0001d000 r-xp 00000000 fe:4c 3132303                        /data/data/com.m4coding.ide/files/0/lib/aarch64-linux-gnu/ld-2.27.so
3f0002c000-3f0002d000 r--p 0001c000 fe:4c 3132303                        /data/data/com.m4coding.ide/files/0/lib/aarch64-linux-gnu/ld-2.27.so
3f0002d000-3f0002f000 rw-p 0001d000 fe:4c 3132303                        /data/data/com.m4coding.ide/files/0/lib/aarch64-linux-gnu/ld-2.27.so
735c000000-735c021000 rw-p 00000000 00:00 0 
735c021000-7360000000 ---p 00000000 00:00 0 
7361985000-7361dbc000 rw-p 00000000 00:00 0 
7361dbc000-7361dfc000 ---p 00000000 00:00 0 
7361dfc000-7361ffc000 rw-p 00000000 00:00 0 
7361ffc000-73621fc000 rw-p 00000000 00:00 0 
73621fc000-73623fc000 rw-p 00000000 00:00 0 
73623fc000-73625fc000 rw-p 00000000 00:00 0 
73625fc000-73627fc000 rw-p 00000000 00:00 0 
73627fc000-73629fc000 rw-p 00000000 00:00 0 
73629fc000-7362bfc000 rw-p 00000000 00:00 0 
7362bfc000-7362dfc000 rw-p 00000000 00:00 0 
7362dfc000-7362ffc000 rw-p 00000000 00:00 0 
7362ffc000-7363129000 r--s 018b5000 fe:4c 1292906                        /data/data/com.m4coding.ide/files/0/opt/android_sdk/platforms/android-33/android.jar
7363129000-7363329000 rw-p 00000000 00:00 0 
7363329000-7363529000 rw-p 00000000 00:00 0 
7363529000-7363a00000 rw-p 00000000 00:00 0 
7363a00000-7363c00000 rw-p 00000000 00:00 0 
7363c00000-7363e00000 rw-p 00000000 00:00 0 
7363e00000-7364000000 rw-p 00000000 00:00 0 
7364000000-736473e000 rw-p 00000000 00:00 0 
736473e000-7368000000 ---p 00000000 00:00 0 
7368000000-7368021000 rw-p 00000000 00:00 0 
7368021000-736c000000 ---p 00000000 00:00 0 
736c000000-736c021000 rw-p 00000000 00:00 0 
736c021000-7370000000 ---p 00000000 00:00 0 
7370000000-7370899000 rw-p 00000000 00:00 0 
7370899000-7374000000 ---p 00000000 00:00 0 
7374000000-7374021000 rw-p 00000000 00:00 0 
7374021000-7378000000 ---p 00000000 00:00 0 
7378000000-7378021000 rw-p 00000000 00:00 0 
7378021000-737c000000 ---p 00000000 00:00 0 
737c000000-737c021000 rw-p 00000000 00:00 0 
737c021000-7380000000 ---p 00000000 00:00 0 
7380000000-7380021000 rw-p 00000000 00:00 0 
7380021000-7384000000 ---p 00000000 00:00 0 
7384000000-7384021000 rw-p 00000000 00:00 0 
7384021000-7388000000 ---p 00000000 00:00 0 
738802f000-738822f000 rw-p 00000000 00:00 0 
738822f000-738c000000 rw-p 00000000 00:00 0 
738c000000-738c021000 rw-p 00000000 00:00 0 
738c021000-7390000000 ---p 00000000 00:00 0 
7390000000-7390021000 rw-p 00000000 00:00 0 
7390021000-7394000000 ---p 00000000 00:00 0 
7394000000-7394021000 rw-p 00000000 00:00 0 
7394021000-7398000000 ---p 00000000 00:00 0 
7398000000-7398021000 rw-p 00000000 00:00 0 
7398021000-739c000000 ---p 00000000 00:00 0 
739c000000-739c021000 rw-p 00000000 00:00 0 
739c021000-73a0000000 ---p 00000000 00:00 0 
73a0000000-73a0021000 rw-p 00000000 00:00 0 
73a0021000-73a4000000 ---p 00000000 00:00 0 
73a405b000-73a405e000 r--s 00014000 fe:4c 3271982                        /data/data/com.m4coding.ide/files/0/home/test/.gradle/caches/transforms-2/files-2.1/4fdb3b6ad72d7a7ac05c6bfe3d6d6f89/jetified-play-services-tasks-18.0.2-api.jar
73a405e000-73a406b000 r--s 00107000 fe:4c 3271979                        /data/data/com.m4coding.ide/files/0/home/test/.gradle/caches/transforms-2/files-2.1/fa9f661bf8b1f21cb2fe9d8c4370d1d0/jetified-play-services-base-18.1.0-api.jar
73a406b000-73a406c000 r--s 00000000 fe:4c 3271985                        /data/data/com.m4coding.ide/files/0/home/test/.gradle/caches/transforms-2/files-2.1/9b805a824f5ea767b3ec262726e81282/jetified-vision-interfaces-16.2.0-api.jar
73a406c000-73a406d000 r--s 00001000 fe:4c 3272010                        /data/data/com.m4coding.ide/files/0/home/test/.gradle/caches/transforms-2/files-2.1/e2ee6faf8ce4d3fcc60ee2098366d21d/jetified-play-services-mlkit-text-recognition-19.0.0-api.jar
73a406d000-73a407e000 r--s 000d2000 fe:4c 3271972                        /data/data/com.m4coding.ide/files/0/home/test/.gradle/caches/transforms-2/files-2.1/97561afadd614658e2c8390755893dcc/jetified-play-services-mlkit-text-recognition-common-19.0.0-api.jar
73a407e000-73a4088000 r--s 000a6000 fe:4c 3271989                        /data/data/com.m4coding.ide/files/0/home/test/.gradle/caches/transforms-2/files-2.1/65b5ed3691a9b859e4b8bd56ad885bb1/jetified-play-services-basement-18.1.0-api.jar
73a4088000-73a4098000 r--s 000d0000 fe:4c 3271973                        /data/data/com.m4coding.ide/files/0/home/test/.gradle/caches/transforms-2/files-2.1/7b2ad31fd77e09335e7f519ddca4e667/jetified-common-18.8.0-api.jar
73a4098000-73a40a4000 r--s 0008b000 fe:4c 3271970                        /data/data/com.m4coding.ide/files/0/home/test/.gradle/caches/transforms-2/files-2.1/c09517c0842ddcfe060c80097cbd8568/jetified-vision-common-17.3.0-api.jar
73a40a4000-73a40aa000 r--s 0010b000 fe:4c 3019086                        /data/data/com.m4coding.ide/files/storage/project/TranslateKomik/app/build/intermediates/compile_and_runtime_not_namespaced_r_class_jar/debug/R.jar
73a40aa000-73a40ab000 r--s 0000a000 fe:4c 3183532                        /data/data/com.m4coding.ide/files/0/home/test/.gradle/caches/modules-2/files-2.1/androidx.collection/collection/1.1.0/1f27220b47669781457de0d600849a5de0e89909/collection-1.1.0.jar
73a40ab000-73a40ac000 r--s 00005000 fe:4c 3259023                        /data/data/com.m4coding.ide/files/0/home/test/.gradle/caches/transforms-2/files-2.1/66ed65fbc7eec6756f401a33cbdcf9f8/lifecycle-runtime-2.4.0-api.jar
73a40ac000-73a40ad000 r--s 00014000 fe:4c 3259002                        /data/data/com.m4coding.ide/files/0/home/test/.gradle/caches/transforms-2/files-2.1/43706e0c3452950fe6e8ffdc4594125b/loader-1.0.0-api.jar
73a40ad000-73a40af000 r--s 00013000 fe:4c 3259045                        /data/data/com.m4coding.ide/files/0/home/test/.gradle/caches/transforms-2/files-2.1/c025d4ce8b983e5e58b31a5e9ccd7e66/customview-1.1.0-api.jar
73a40af000-73a40b1000 r--s 00012000 fe:4c 3258966                        /data/data/com.m4coding.ide/files/0/home/test/.gradle/caches/transforms-2/files-2.1/eacacf83e429a7b01e630f41c24036c4/drawerlayout-1.1.1-api.jar
73a40b1000-73a40b3000 r--s 00006000 fe:4c 3214485                        /data/data/com.m4coding.ide/files/0/home/test/.gradle/caches/modules-2/files-2.1/androidx.annotation/annotation/1.3.0/21f49f5f9b85fc49de712539f79123119740595/annotation-1.3.0.jar
73a40b3000-73a40b5000 r--s 00004000 fe:4c 3259017                        /data/data/com.m4coding.ide/files/0/home/test/.gradle/caches/transforms-2/files-2.1/04747761ee1b58791064a66dd8d90d79/jetified-savedstate-1.1.0-api.jar
73a40b5000-73a40b6000 r--s 00005000 fe:4c 3259030                        /data/data/com.m4coding.ide/files/0/home/test/.gradle/caches/transforms-2/files-2.1/f11ecf4727875866808d5afa2e1dddc5/lifecycle-viewmodel-2.3.1-api.jar
73a40b6000-73a40b9000 r--s 00024000 fe:4c 3258971                        /data/data/com.m4coding.ide/files/0/home/test/.gradle/caches/transforms-2/files-2.1/ec2d28095094cf428abf485fcc436ec3/jetified-activity-1.2.4-api.jar
73a40b9000-73a40cb000 r--s 00207000 fe:4c 3259008                        /data/data/com.m4coding.ide/files/0/home/test/.gradle/caches/transforms-2/files-2.1/57d8d68d59a1f317a26c7c2d5d3fc418/core-1.7.0-api.jar
73a40cb000-73a40d6000 r--s 00194000 fe:4c 3258977                        /data/data/com.m4coding.ide/files/0/home/test/.gradle/caches/transforms-2/files-2.1/d06fc1aedfd9f32c4ea1d8b81a11f56e/appcompat-1.4.1-api.jar
73a40d6000-73a40de000 r--s 00029000 fe:4c 3257457                        /data/data/com.m4coding.ide/files/0/home/test/.gradle/caches/transforms-2/files-2.1/c4930067e1f52a10ace1fdcba3988286/jetified-kotlin-stdlib-common-1.6.10.jar
73a40de000-73a40f3000 r--s 0015c000 fe:4c 3257501                        /data/data/com.m4coding.ide/files/0/home/test/.gradle/caches/transforms-2/files-2.1/d2a4578cba051b18813322e279371552/jetified-kotlin-stdlib-1.6.10.jar
73a40f3000-73a40f8000 r--s 00099000 fe:4c 3258969                        /data/data/com.m4coding.ide/files/0/home/test/.gradle/caches/transforms-2/files-2.1/8640f39bad4866853a0c151268275a41/fragment-1.3.6-api.jar
73a40f8000-73a40f9000 r--s 00002000 fe:4c 3259034                        /data/data/com.m4coding.ide/files/0/home/test/.gradle/caches/transforms-2/files-2.1/9841b258e7386adc54537f8f54aa6067/jetified-annotation-experimental-1.1.0-api.jar
73a40f9000-73a40fd000 r--s 0005f000 fe:4c 3258975                        /data/data/com.m4coding.ide/files/0/home/test/.gradle/caches/transforms-2/files-2.1/f983677aba979e4b0f500ff66928db6a/jetified-core-ktx-1.7.0-api.jar
73a40fd000-73a40fe000 r--s 00003000 fe:4c 3257454                        /data/data/com.m4coding.ide/files/0/home/test/.gradle/caches/transforms-2/files-2.1/a3dc0f9925757dea6e590cd02ad837bc/jetified-kotlin-stdlib-jdk8-1.6.10.jar
73a4100000-73a4102000 r--s 00005000 fe:4c 3272007                        /data/data/com.m4coding.ide/files/0/home/test/.gradle/caches/transforms-2/files-2.1/3ef137d8441a332f7c8b9bef38c528f2/jetified-image-1.0.0-beta1-api.jar
73a4102000-73a4103000 r--s 00005000 fe:4c 3214516                        /data/data/com.m4coding.ide/files/0/home/test/.gradle/caches/modules-2/files-2.1/androidx.lifecycle/lifecycle-common/2.4.0/1fdb7349701e9cf2f0a69fc10642b6fef6bb3e12/lifecycle-common-2.4.0.jar
73a4103000-73a4104000 r--s 00005000 fe:4c 3257470                        /data/data/com.m4coding.ide/files/0/home/test/.gradle/caches/transforms-2/files-2.1/49174759b7d01aab624e86fe4528b17b/jetified-kotlin-stdlib-jdk7-1.6.10.jar
73a4104000-73a4118000 r-xp 00000000 fe:4c 3132982                        /data/data/com.m4coding.ide/files/0/opt/java/jdk1.8.0_212/jre/lib/aarch64/libnet.so
73a4118000-73a4127000 ---p 00014000 fe:4c 3132982                        /data/data/com.m4coding.ide/files/0/opt/java/jdk1.8.0_212/jre/lib/aarch64/libnet.so
73a4127000-73a4128000 r--p 00013000 fe:4c 3132982                        /data/data/com.m4coding.ide/files/0/opt/java/jdk1.8.0_212/jre/lib/aarch64/libnet.so
73a4128000-73a4129000 rw-p 00014000 fe:4c 3132982                        /data/data/com.m4coding.ide/files/0/opt/java/jdk1.8.0_212/jre/lib/aarch64/libnet.so
73a4129000-73a4137000 r-xp 00000000 fe:4c 3132994                        /data/data/com.m4coding.ide/files/0/opt/java/jdk1.8.0_212/jre/lib/aarch64/libnio.so
73a4137000-73a4147000 ---p 0000e000 fe:4c 3132994                        /data/data/com.m4coding.ide/files/0/opt/java/jdk1.8.0_212/jre/lib/aarch64/libnio.so
73a4147000-73a4148000 r--p 0000e000 fe:4c 3132994                        /data/data/com.m4coding.ide/files/0/opt/java/jdk1.8.0_212/jre/lib/aarch64/libnio.so
73a4148000-73a4149000 rw-p 0000f000 fe:4c 3132994                        /data/data/com.m4coding.ide/files/0/opt/java/jdk1.8.0_212/jre/lib/aarch64/libnio.so
73a4149000-73a414e000 r--s 000a3000 fe:4c 3133017                        /data/data/com.m4coding.ide/files/0/opt/java/jdk1.8.0_212/jre/lib/jsse.jar
73a414e000-73a41c8000 r--s 010fd000 fe:4c 3133072                        /data/data/com.m4coding.ide/files/0/opt/java/jdk1.8.0_212/lib/tools.jar
73a41c8000-73a41d0000 r--s 00029000 fe:4c 3257142                        /data/data/com.m4coding.ide/files/0/home/test/.gradle/caches/modules-2/files-2.1/org.jetbrains.kotlin/kotlin-stdlib-common/1.6.10/c118700e3a33c8a0d9adc920e9dec0831171925/kotlin-stdlib-common-1.6.10.jar
73a41d0000-73a41db000 r--s 00081000 fe:4c 3149391                        /data/data/com.m4coding.ide/files/0/home/test/.gradle/caches/modules-2/files-2.1/org.jetbrains.intellij.deps/trove4j/1.0.20181211/216c2e14b070f334479d800987affe4054cd563f/trove4j-1.0.20181211.jar
73a41db000-73a41e8000 r--s 000a5000 fe:4c 3105238                        /data/data/com.m4coding.ide/files/0/home/test/.gradle/caches/modules-2/files-2.1/org.jetbrains.kotlin/kotlin-daemon-embeddable/1.6.10/a56d79bcbea411fa6058e4ecffc2de73e742bd2a/kotlin-daemon-embeddable-1.6.10.jar
73a41e8000-73a41fd000 r--s 0015c000 fe:4c 3257143                        /data/data/com.m4coding.ide/files/0/home/test/.gradle/caches/modules-2/files-2.1/org.jetbrains.kotlin/kotlin-stdlib/1.6.10/b8af3fe6f1ca88526914929add63cf5e7c5049af/kotlin-stdlib-1.6.10.jar
73a41fd000-73a423a000 r--s 002a9000 fe:4c 3259089                        /data/data/com.m4coding.ide/files/0/home/test/.gradle/caches/modules-2/files-2.1/org.jetbrains.kotlin/kotlin-reflect/1.6.10/1cbe9c92c12a94eea200d23c2bbaedaf3daf5132/kotlin-reflect-1.6.10.jar
73a423a000-73a429a000 rw-p 00000000 00:00 0 
73a429a000-73a4571000 r--s 02cd5000 fe:4c 3150451                        /data/data/com.m4coding.ide/files/0/home/test/.gradle/caches/modules-2/files-2.1/org.jetbrains.kotlin/kotlin-compiler-embeddable/1.6.10/88f2073f4020cdb83132cfe940ceb9a60aba54ea/kotlin-compiler-embeddable-1.6.10.jar
73a4571000-73a4572000 ---p 00000000 00:00 0 
73a4572000-73a4672000 rw-p 00000000 00:00 0 
73a4672000-73a4675000 ---p 00000000 00:00 0 
73a4675000-73a4772000 rw-p 00000000 00:00 0 
73a4772000-73a4773000 ---p 00000000 00:00 0 
73a4773000-73a4776000 ---p 00000000 00:00 0 
73a4776000-73a4873000 rw-p 00000000 00:00 0 
73a4873000-73a4874000 ---p 00000000 00:00 0 
73a4874000-73a4877000 ---p 00000000 00:00 0 
73a4877000-73a4974000 rw-p 00000000 00:00 0 
73a4974000-73a4977000 ---p 00000000 00:00 0 
73a4977000-73a4a74000 rw-p 00000000 00:00 0 
73a4a74000-73a4a77000 ---p 00000000 00:00 0 
73a4a77000-73a4b74000 rw-p 00000000 00:00 0 
73a4b74000-73a4b77000 ---p 00000000 00:00 0 
73a4b77000-73a4c74000 rw-p 00000000 00:00 0 
73a4c74000-73a4c75000 ---p 00000000 00:00 0 
73a4c75000-73a69e7000 rw-p 00000000 00:00 0 
73a69e7000-73a6bc1000 r--s 03d6d000 fe:4c 3133022                        /data/data/com.m4coding.ide/files/0/opt/java/jdk1.8.0_212/jre/lib/rt.jar
73a6bc1000-73a77f8000 rw-p 00000000 00:00 0 
73a77f8000-73a77f9000 ---p 00000000 00:00 0 
73a77f9000-73a78f9000 rw-p 00000000 00:00 0 
73a78f9000-73a78fa000 ---p 00000000 00:00 0 
73a78fa000-73a79fa000 rw-p 00000000 00:00 0 
73a79fa000-73a79fb000 ---p 00000000 00:00 0 
73a79fb000-73a7afb000 rw-p 00000000 00:00 0 
73a7afb000-73a7afc000 ---p 00000000 00:00 0 
73a7afc000-73a7bfc000 rw-p 00000000 00:00 0 
73a7bfc000-73a7bfd000 ---p 00000000 00:00 0 
73a7bfd000-73a7cfd000 rw-p 00000000 00:00 0 
73a7cfd000-73a7cfe000 ---p 00000000 00:00 0 
73a7cfe000-73a7dfe000 rw-p 00000000 00:00 0 
73a7dfe000-73a7dff000 ---p 00000000 00:00 0 
73a7dff000-73a7eff000 rw-p 00000000 00:00 0 
73a7eff000-73a7f00000 ---p 00000000 00:00 0 
73a7f00000-73a8000000 rw-p 00000000 00:00 0 
73a8000000-73a93d5000 rw-p 00000000 00:00 0 
73a93d5000-73ac000000 ---p 00000000 00:00 0 
73ac001000-73ac107000 rw-p 00000000 00:00 0 
73ac107000-73ac34c000 ---p 00000000 00:00 0 
73ac34c000-73ac388000 rw-p 00000000 00:00 0 
73ac388000-73ac5cc000 ---p 00000000 00:00 0 
73ac5cc000-73ac648000 rw-p 00000000 00:00 0 
73ac648000-73ac70d000 ---p 00000000 00:00 0 
73ac70d000-73ac71a000 rw-p 00000000 00:00 0 
73ac71a000-73ac7ce000 ---p 00000000 00:00 0 
73ac7ce000-73acabe000 rwxp 00000000 00:00 0 
73acabe000-73af7ce000 ---p 00000000 00:00 0 
73af7ce000-73af7e5000 r-xp 00000000 fe:4c 3133000                        /data/data/com.m4coding.ide/files/0/opt/java/jdk1.8.0_212/jre/lib/aarch64/libzip.so
73af7e5000-73af7f4000 ---p 00017000 fe:4c 3133000                        /data/data/com.m4coding.ide/files/0/opt/java/jdk1.8.0_212/jre/lib/aarch64/libzip.so
73af7f4000-73af7f5000 r--p 00016000 fe:4c 3133000                        /data/data/com.m4coding.ide/files/0/opt/java/jdk1.8.0_212/jre/lib/aarch64/libzip.so
73af7f5000-73af7f6000 rw-p 00017000 fe:4c 3133000                        /data/data/com.m4coding.ide/files/0/opt/java/jdk1.8.0_212/jre/lib/aarch64/libzip.so
73af7f6000-73af7fe000 rw-s 00000000 fe:4c 3184936                        /data/data/com.m4coding.ide/files/0/tmp/hsperfdata_test/21631
73af7fe000-73af808000 r-xp 00000000 fe:4c 3132263                        /data/data/com.m4coding.ide/files/0/lib/aarch64-linux-gnu/libnss_files-2.27.so
73af808000-73af817000 ---p 0000a000 fe:4c 3132263                        /data/data/com.m4coding.ide/files/0/lib/aarch64-linux-gnu/libnss_files-2.27.so
73af817000-73af818000 r--p 00009000 fe:4c 3132263                        /data/data/com.m4coding.ide/files/0/lib/aarch64-linux-gnu/libnss_files-2.27.so
73af818000-73af819000 rw-p 0000a000 fe:4c 3132263                        /data/data/com.m4coding.ide/files/0/lib/aarch64-linux-gnu/libnss_files-2.27.so
73af819000-73af81f000 rw-p 00000000 00:00 0 
73af81f000-73af831000 r-xp 00000000 fe:4c 3132292                        /data/data/com.m4coding.ide/files/0/lib/aarch64-linux-gnu/libnsl-2.27.so
73af831000-73af840000 ---p 00012000 fe:4c 3132292                        /data/data/com.m4coding.ide/files/0/lib/aarch64-linux-gnu/libnsl-2.27.so
73af840000-73af841000 r--p 00011000 fe:4c 3132292                        /data/data/com.m4coding.ide/files/0/lib/aarch64-linux-gnu/libnsl-2.27.so
73af841000-73af842000 rw-p 00012000 fe:4c 3132292                        /data/data/com.m4coding.ide/files/0/lib/aarch64-linux-gnu/libnsl-2.27.so
73af842000-73af844000 rw-p 00000000 00:00 0 
73af844000-73af84e000 r-xp 00000000 fe:4c 3132370                        /data/data/com.m4coding.ide/files/0/lib/aarch64-linux-gnu/libnss_nis-2.27.so
73af84e000-73af85d000 ---p 0000a000 fe:4c 3132370                        /data/data/com.m4coding.ide/files/0/lib/aarch64-linux-gnu/libnss_nis-2.27.so
73af85d000-73af85e000 r--p 00009000 fe:4c 3132370                        /data/data/com.m4coding.ide/files/0/lib/aarch64-linux-gnu/libnss_nis-2.27.so
73af85e000-73af85f000 rw-p 0000a000 fe:4c 3132370                        /data/data/com.m4coding.ide/files/0/lib/aarch64-linux-gnu/libnss_nis-2.27.so
73af85f000-73af866000 r-xp 00000000 fe:4c 3132366                        /data/data/com.m4coding.ide/files/0/lib/aarch64-linux-gnu/libnss_compat-2.27.so
73af866000-73af875000 ---p 00007000 fe:4c 3132366                        /data/data/com.m4coding.ide/files/0/lib/aarch64-linux-gnu/libnss_compat-2.27.so
73af875000-73af876000 r--p 00006000 fe:4c 3132366                        /data/data/com.m4coding.ide/files/0/lib/aarch64-linux-gnu/libnss_compat-2.27.so
73af876000-73af877000 rw-p 00007000 fe:4c 3132366                        /data/data/com.m4coding.ide/files/0/lib/aarch64-linux-gnu/libnss_compat-2.27.so
73af877000-73af878000 r--s 00010000 fe:4c 3132924                        /data/data/com.m4coding.ide/files/0/opt/java/jdk1.8.0_212/jre/lib/ext/zipfs.jar
73af878000-73af87c000 r--s 0016d000 fe:4c 3126599                        /data/data/com.m4coding.ide/files/0/home/test/.gradle/caches/modules-2/files-2.1/net.java.dev.jna/jna/5.6.0/330f2244e9030119ab3030fc3fededc86713d9cc/jna-5.6.0.jar
73af87c000-73af8a5000 r-xp 00000000 fe:4c 3132983                        /data/data/com.m4coding.ide/files/0/opt/java/jdk1.8.0_212/jre/lib/aarch64/libjava.so
73af8a5000-73af8b5000 ---p 00029000 fe:4c 3132983                        /data/data/com.m4coding.ide/files/0/opt/java/jdk1.8.0_212/jre/lib/aarch64/libjava.so
73af8b5000-73af8b6000 r--p 00029000 fe:4c 3132983                        /data/data/com.m4coding.ide/files/0/opt/java/jdk1.8.0_212/jre/lib/aarch64/libjava.so
73af8b6000-73af8b8000 rw-p 0002a000 fe:4c 3132983                        /data/data/com.m4coding.ide/files/0/opt/java/jdk1.8.0_212/jre/lib/aarch64/libjava.so
73af8b8000-73af8c4000 r-xp 00000000 fe:4c 3132962                        /data/data/com.m4coding.ide/files/0/opt/java/jdk1.8.0_212/jre/lib/aarch64/libverify.so
73af8c4000-73af8d3000 ---p 0000c000 fe:4c 3132962                        /data/data/com.m4coding.ide/files/0/opt/java/jdk1.8.0_212/jre/lib/aarch64/libverify.so
73af8d3000-73af8d5000 r--p 0000b000 fe:4c 3132962                        /data/data/com.m4coding.ide/files/0/opt/java/jdk1.8.0_212/jre/lib/aarch64/libverify.so
73af8d5000-73af8d6000 rw-p 0000d000 fe:4c 3132962                        /data/data/com.m4coding.ide/files/0/opt/java/jdk1.8.0_212/jre/lib/aarch64/libverify.so
73af8d6000-73af8dc000 r-xp 00000000 fe:4c 3132258                        /data/data/com.m4coding.ide/files/0/lib/aarch64-linux-gnu/librt-2.27.so
73af8dc000-73af8eb000 ---p 00006000 fe:4c 3132258                        /data/data/com.m4coding.ide/files/0/lib/aarch64-linux-gnu/librt-2.27.so
73af8eb000-73af8ec000 r--p 00005000 fe:4c 3132258                        /data/data/com.m4coding.ide/files/0/lib/aarch64-linux-gnu/librt-2.27.so
73af8ec000-73af8ed000 rw-p 00006000 fe:4c 3132258                        /data/data/com.m4coding.ide/files/0/lib/aarch64-linux-gnu/librt-2.27.so
73af8ed000-73af8ee000 ---p 00000000 00:00 0 
73af8ee000-73af8f1000 ---p 00000000 00:00 0 
73af8f1000-73af9ee000 rw-p 00000000 00:00 0 
73af9ee000-73afa97000 r-xp 00000000 fe:4c 3132362                        /data/data/com.m4coding.ide/files/0/lib/aarch64-linux-gnu/libm-2.27.so
73afa97000-73afaa6000 ---p 000a9000 fe:4c 3132362                        /data/data/com.m4coding.ide/files/0/lib/aarch64-linux-gnu/libm-2.27.so
73afaa6000-73afaa7000 r--p 000a8000 fe:4c 3132362                        /data/data/com.m4coding.ide/files/0/lib/aarch64-linux-gnu/libm-2.27.so
73afaa7000-73afaa8000 rw-p 000a9000 fe:4c 3132362                        /data/data/com.m4coding.ide/files/0/lib/aarch64-linux-gnu/libm-2.27.so
73afaa8000-73b03d5000 r-xp 00000000 fe:4c 3132972                        /data/data/com.m4coding.ide/files/0/opt/java/jdk1.8.0_212/jre/lib/aarch64/server/libjvm.so
73b03d5000-73b03e5000 ---p 0092d000 fe:4c 3132972                        /data/data/com.m4coding.ide/files/0/opt/java/jdk1.8.0_212/jre/lib/aarch64/server/libjvm.so
73b03e5000-73b045b000 r--p 0092d000 fe:4c 3132972                        /data/data/com.m4coding.ide/files/0/opt/java/jdk1.8.0_212/jre/lib/aarch64/server/libjvm.so
73b045b000-73b048b000 rw-p 009a3000 fe:4c 3132972                        /data/data/com.m4coding.ide/files/0/opt/java/jdk1.8.0_212/jre/lib/aarch64/server/libjvm.so
73b048b000-73b04db000 rw-p 00000000 00:00 0 
73b04db000-73b061b000 r-xp 00000000 fe:4c 3132371                        /data/data/com.m4coding.ide/files/0/lib/aarch64-linux-gnu/libc-2.27.so
73b061b000-73b062a000 ---p 00140000 fe:4c 3132371                        /data/data/com.m4coding.ide/files/0/lib/aarch64-linux-gnu/libc-2.27.so
73b062a000-73b062e000 r--p 0013f000 fe:4c 3132371                        /data/data/com.m4coding.ide/files/0/lib/aarch64-linux-gnu/libc-2.27.so
73b062e000-73b0630000 rw-p 00143000 fe:4c 3132371                        /data/data/com.m4coding.ide/files/0/lib/aarch64-linux-gnu/libc-2.27.so
73b0630000-73b0634000 rw-p 00000000 00:00 0 
73b0634000-73b0637000 r-xp 00000000 fe:4c 3132241                        /data/data/com.m4coding.ide/files/0/lib/aarch64-linux-gnu/libdl-2.27.so
73b0637000-73b0647000 ---p 00003000 fe:4c 3132241                        /data/data/com.m4coding.ide/files/0/lib/aarch64-linux-gnu/libdl-2.27.so
73b0647000-73b0648000 r--p 00003000 fe:4c 3132241                        /data/data/com.m4coding.ide/files/0/lib/aarch64-linux-gnu/libdl-2.27.so
73b0648000-73b0649000 rw-p 00004000 fe:4c 3132241                        /data/data/com.m4coding.ide/files/0/lib/aarch64-linux-gnu/libdl-2.27.so
73b0649000-73b065e000 r-xp 00000000 fe:4c 3132966                        /data/data/com.m4coding.ide/files/0/opt/java/jdk1.8.0_212/jre/lib/aarch64/jli/libjli.so
73b065e000-73b066d000 ---p 00015000 fe:4c 3132966                        /data/data/com.m4coding.ide/files/0/opt/java/jdk1.8.0_212/jre/lib/aarch64/jli/libjli.so
73b066d000-73b066e000 r--p 00014000 fe:4c 3132966                        /data/data/com.m4coding.ide/files/0/opt/java/jdk1.8.0_212/jre/lib/aarch64/jli/libjli.so
73b066e000-73b066f000 rw-p 00015000 fe:4c 3132966                        /data/data/com.m4coding.ide/files/0/opt/java/jdk1.8.0_212/jre/lib/aarch64/jli/libjli.so
73b066f000-73b0686000 r-xp 00000000 fe:4c 3132280                        /data/data/com.m4coding.ide/files/0/lib/aarch64-linux-gnu/libpthread-2.27.so
73b0686000-73b0695000 ---p 00017000 fe:4c 3132280                        /data/data/com.m4coding.ide/files/0/lib/aarch64-linux-gnu/libpthread-2.27.so
73b0695000-73b0696000 r--p 00016000 fe:4c 3132280                        /data/data/com.m4coding.ide/files/0/lib/aarch64-linux-gnu/libpthread-2.27.so
73b0696000-73b0697000 rw-p 00017000 fe:4c 3132280                        /data/data/com.m4coding.ide/files/0/lib/aarch64-linux-gnu/libpthread-2.27.so
73b0697000-73b069d000 rw-p 00000000 00:00 0 
73b069d000-73b069f000 r--s 00003000 fe:4c 3149406                        /data/data/com.m4coding.ide/files/0/home/test/.gradle/caches/modules-2/files-2.1/org.jetbrains/annotations/13.0/919f0dfe192fb4e063e7dacadee7f8bb9a2672a9/annotations-13.0.jar
73b069f000-73b06a1000 r--s 00009000 fe:4c 3259090                        /data/data/com.m4coding.ide/files/0/home/test/.gradle/caches/modules-2/files-2.1/org.jetbrains.kotlin/kotlin-script-runtime/1.6.10/d0a7ff2e2500ef497ed0214ae40ad3c8387a6164/kotlin-script-runtime-1.6.10.jar
73b06a1000-73b06a2000 r--p 00000000 00:00 0 
73b06a2000-73b06a4000 r--p 00000000 00:00 0                              [vvar]
73b06a4000-73b06a5000 r-xp 00000000 00:00 0                              [vdso]
7fd0047000-7fd0068000 rw-p 00000000 00:00 0                              [stack]

VM Arguments:
java_command: org.jetbrains.kotlin.cli.jvm.K2JVMCompiler @/storage/internal_new/project/TranslateKomik/app/build/20260530_5083460420222820529.compiler.options
java_class_path (initial): /home/test/.gradle/caches/modules-2/files-2.1/org.jetbrains.kotlin/kotlin-compiler-embeddable/1.6.10/88f2073f4020cdb83132cfe940ceb9a60aba54ea/kotlin-compiler-embeddable-1.6.10.jar:/home/test/.gradle/caches/modules-2/files-2.1/org.jetbrains.kotlin/kotlin-reflect/1.6.10/1cbe9c92c12a94eea200d23c2bbaedaf3daf5132/kotlin-reflect-1.6.10.jar:/home/test/.gradle/caches/modules-2/files-2.1/org.jetbrains.kotlin/kotlin-stdlib/1.6.10/b8af3fe6f1ca88526914929add63cf5e7c5049af/kotlin-stdlib-1.6.10.jar:/home/test/.gradle/caches/modules-2/files-2.1/org.jetbrains.kotlin/kotlin-script-runtime/1.6.10/d0a7ff2e2500ef497ed0214ae40ad3c8387a6164/kotlin-script-runtime-1.6.10.jar:/home/test/.gradle/caches/modules-2/files-2.1/org.jetbrains.kotlin/kotlin-daemon-embeddable/1.6.10/a56d79bcbea411fa6058e4ecffc2de73e742bd2a/kotlin-daemon-embeddable-1.6.10.jar:/home/test/.gradle/caches/modules-2/files-2.1/org.jetbrains.intellij.deps/trove4j/1.0.20181211/216c2e14b070f334479d800987affe4054cd563f/trove4j-1.0.20181211.jar:/home/test/.gradle/caches/modules-2/files-2.1/net.java.dev.jna/jna/5.6.0/330f2244e9030119ab3030fc3fededc86713d9cc/jna-5.6.0.jar:/home/test/.gradle/caches/modules-2/files-2.1/org.jetbrains/annotations/13.0/919f0dfe192fb4e063e7dacadee7f8bb9a2672a9/annotations-13.0.jar:/home/test/.gradle/caches/modules-2/files-2.1/org.jetbrains.kotlin/kotlin-stdlib-common/1.6.10/c118700e3a33c8a0d9adc920e9dec0831171925/kotlin-stdlib-common-1.6.10.jar:/opt/java/jdk1.8.0_212/lib/tools.jar
Launcher Type: SUN_STANDARD

Environment Variables:
JAVA_HOME=/opt/java/jdk1.8.0_212
PATH=/opt/android_sdk/platform-tools:/opt/android_sdk/tools/bin:/opt/android_sdk/tools:/opt/java/jdk1.8.0_212/bin:/opt/gradle/gradle-6.1.1/bin:/usr/local/sbin:/usr/local/bin:/usr/sbin:/usr/bin:/sbin:/bin:/usr/games:/usr/local/games
SHELL=/bin/bash

Signal Handlers:
SIGSEGV: [libjvm.so+0x88d8b8], sa_mask[0]=11111111011111111101111111111110, sa_flags=SA_RESTART|SA_SIGINFO
SIGBUS: [libjvm.so+0x88d8b8], sa_mask[0]=11111111011111111101111111111110, sa_flags=SA_RESTART|SA_SIGINFO
SIGFPE: [libjvm.so+0x715108], sa_mask[0]=11111111011111111101111111111110, sa_flags=SA_RESTART|SA_SIGINFO
SIGPIPE: [libjvm.so+0x715108], sa_mask[0]=11111111011111111101111111111110, sa_flags=SA_RESTART|SA_SIGINFO
SIGXFSZ: [libjvm.so+0x715108], sa_mask[0]=11111111011111111101111111111110, sa_flags=SA_RESTART|SA_SIGINFO
SIGILL: [libjvm.so+0x715108], sa_mask[0]=11111111011111111101111111111110, sa_flags=SA_RESTART|SA_SIGINFO
SIGUSR1: SIG_DFL, sa_mask[0]=00000000000000000000000000000000, sa_flags=none
SIGUSR2: [libjvm.so+0x714fe4], sa_mask[0]=00100000010010000000000000000000, sa_flags=SA_RESTART|SA_SIGINFO
SIGHUP: [libjvm.so+0x7151d0], sa_mask[0]=11111111011111111101111111111110, sa_flags=SA_RESTART|SA_SIGINFO
SIGINT: [libjvm.so+0x7151d0], sa_mask[0]=11111111011111111101111111111110, sa_flags=SA_RESTART|SA_SIGINFO
SIGTERM: [libjvm.so+0x7151d0], sa_mask[0]=11111111011111111101111111111110, sa_flags=SA_RESTART|SA_SIGINFO
SIGQUIT: [libjvm.so+0x7151d0], sa_mask[0]=11111111011111111101111111111110, sa_flags=SA_RESTART|SA_SIGINFO


---------------  S Y S T E M  ---------------

OS:DISTRIB_ID=Ubuntu
DISTRIB_RELEASE=18.04
DISTRIB_CODENAME=bionic
DISTRIB_DESCRIPTION="Ubuntu 18.04.2 LTS"

uname:Linux 5.10.237-android12-9-00014-gf82f7360927e-ab14119954 #1 SMP PREEMPT Wed Sep 17 09:13:52 UTC 2025 aarch64
libc:glibc 2.27 NPTL 2.27 
rlimit: STACK 8192k, CORE 0k, NPROC 27984, NOFILE 32768, AS infinity
load average:0.00 0.00 -nan

/proc/meminfo:
MemTotal:        7866536 kB
MemFree:          101960 kB
MemAvailable:    2128424 kB
Buffers:            2140 kB
Cached:          2177920 kB
SwapCached:       264812 kB
Active:          1691644 kB
Inactive:        2735192 kB
Active(anon):     685164 kB
Inactive(anon):  1793352 kB
Active(file):    1006480 kB
Inactive(file):   941840 kB
Unevictable:      201996 kB
Mlocked:          201996 kB
SwapTotal:       7866532 kB
SwapFree:        5112972 kB
Dirty:               556 kB
Writeback:             0 kB
AnonPages:       2378008 kB
Mapped:          1045164 kB
Shmem:             36860 kB
KReclaimable:     325380 kB
Slab:             569140 kB
SReclaimable:     214900 kB
SUnreclaim:       354240 kB
KernelStack:      104224 kB
ShadowCallStack:   26088 kB
PageTables:       205048 kB
NFS_Unstable:          0 kB
Bounce:                0 kB
WritebackTmp:          0 kB
CommitLimit:    11799800 kB
Committed_AS:   331003280 kB
VmallocTotal:   263061440 kB
VmallocUsed:      363328 kB
VmallocChunk:          0 kB
Percpu:            17504 kB
AnonHugePages:         0 kB
ShmemHugePages:        0 kB
ShmemPmdMapped:        0 kB
FileHugePages:         0 kB
FilePmdMapped:         0 kB
CmaTotal:         638976 kB
CmaFree:               0 kB


CPU:total 8 (initial active 8) AArch64

/proc/cpuinfo:
processor	: 0
BogoMIPS	: 26.00
Features	: fp asimd evtstrm aes pmull sha1 sha2 crc32 atomics fphp asimdhp cpuid asimdrdm lrcpc dcpop asimddp
CPU implementer	: 0x41
CPU architecture: 8
CPU variant	: 0x2
CPU part	: 0xd05
CPU revision	: 0

processor	: 1
BogoMIPS	: 26.00
Features	: fp asimd evtstrm aes pmull sha1 sha2 crc32 atomics fphp asimdhp cpuid asimdrdm lrcpc dcpop asimddp
CPU implementer	: 0x41
CPU architecture: 8
CPU variant	: 0x2
CPU part	: 0xd05
CPU revision	: 0

processor	: 2
BogoMIPS	: 26.00
Features	: fp asimd evtstrm aes pmull sha1 sha2 crc32 atomics fphp asimdhp cpuid asimdrdm lrcpc dcpop asimddp
CPU implementer	: 0x41
CPU architecture: 8
CPU variant	: 0x2
CPU part	: 0xd05
CPU revision	: 0

processor	: 3
BogoMIPS	: 26.00
Features	: fp asimd evtstrm aes pmull sha1 sha2 crc32 atomics fphp asimdhp cpuid asimdrdm lrcpc dcpop asimddp
CPU implementer	: 0x41
CPU architecture: 8
CPU variant	: 0x2
CPU part	: 0xd05
CPU revision	: 0

processor	: 4
BogoMIPS	: 26.00
Features	: fp asimd evtstrm aes pmull sha1 sha2 crc32 atomics fphp asimdhp cpuid asimdrdm lrcpc dcpop asimddp
CPU implementer	: 0x41
CPU architecture: 8
CPU variant	: 0x2
CPU part	: 0xd05
CPU revision	: 0

processor	: 5
BogoMIPS	: 26.00
Features	: fp asimd evtstrm aes pmull sha1 sha2 crc32 atomics fphp asimdhp cpuid asimdrdm lrcpc dcpop asimddp
CPU implementer	: 0x41
CPU architecture: 8
CPU variant	: 0x2
CPU part	: 0xd05
CPU revision	: 0

processor	: 6
BogoMIPS	: 26.00
Features	: fp asimd evtstrm aes pmull sha1 sha2 crc32 atomics fphp asimdhp cpuid asimdrdm lrcpc dcpop asimddp
CPU implementer	: 0x41
CPU architecture: 8
CPU variant	: 0x4
CPU part	: 0xd0b
CPU revision	: 0

processor	: 7
BogoMIPS	: 26.00
Features	: fp asimd evtstrm aes pmull sha1 sha2 crc32 atomics fphp asimdhp cpuid asimdrdm lrcpc dcpop asimddp
CPU implementer	: 0x41
CPU architecture: 8
CPU variant	: 0x4
CPU part	: 0xd0b
CPU revision	: 0



Memory: 4k page, physical 7866536k(102464k free), swap 7866532k(5112864k free)

vm_info: Java HotSpot(TM) 64-Bit Server VM (25.212-b10) for linux-aarch64 JRE (1.8.0_212-b10), built on Apr  1 2019 22:39:45 by "fedora" with gcc 4.8.3 20131111 (prerelease)

time: Sat May 30 19:05:10 2026
timezone: UTC
elapsed time: 20 seconds (0d 0h 0m 20s)

