#
# A fatal error has been detected by the Java Runtime Environment:
#
#  SIGSEGV (0xb) at pc=0x0000007931006040, pid=18073, tid=0x00000079307951f0
#
# JRE version: Java(TM) SE Runtime Environment (8.0_212-b10) (build 1.8.0_212-b10)
# Java VM: Java HotSpot(TM) 64-Bit Server VM (25.212-b10 mixed mode linux-aarch64 compressed oops)
# Problematic frame:
# V  [libjvm.so+0x7b6040]  SharedRuntime::resolve_sub_helper(JavaThread*, bool, bool, Thread*)+0x3a8
#
# Failed to write core dump. Core dumps have been disabled. To enable core dumping, try "ulimit -c unlimited" before starting Java again
#
# If you would like to submit a bug report, please visit:
#   http://bugreport.java.com/bugreport/crash.jsp
#

---------------  T H R E A D  ---------------

Current thread (0x000000792c00b800):  JavaThread "main" [_thread_in_vm, id=18084, stack(0x0000007930696000,0x0000007930796000)]

siginfo: si_signo: 11 (SIGSEGV), si_code: 1 (SEGV_MAPERR), si_addr: 0x0000000000000000

Registers:
  x0  = 0x000000793124247e
  x1  = 0x0000000000000007
  x2  = 0x0000000000000000
  x3  = 0x0000000000000001
  x4  = 0x0000000000000001
  x5  = 0x0000007918d35cf8
  x6  = 0x0000000000000007
  x7  = 0x000000792c00c6e0
  x8  = 0x0000007918d35cf8
  x9  = 0x0000007918da3c50
  x10 = 0xfefefefefefefeff
  x11 = 0x7f7f7f7f7f7f7f7f
  x12 = 0x676e616c2f617661
  x13 = 0x3b7463656a624f2f
  x14 = 0x0000000000000011
  x15 = 0x00000000dd67e380
  x16 = 0x0000007931203250
  x17 = 0x00000079314253b0
  x18 = 0x00000000de08f3f4
  x19 = 0x0000007930790230
  x20 = 0x000000792c00c180
  x21 = 0x00000079292a6810
  x22 = 0x0000007930790240
  x23 = 0x00000079307903d0
  x24 = 0x000000792c00c1c0
  x25 = 0x000000792c00b800
  x26 = 0x00000000000003d8
  x27 = 0x000000792c00c1d0
  x28 = 0x000000792c00c5a8
  fp  = 0x000000793078fb60
  lr  = 0x0000007931006024
  sp  = 0x000000793078fb60
  pc  = 0x0000007931006040
  pstate = 0x0000000080001000

Top of Stack: (sp=0x000000793078fb60)
0x000000793078fb60:   0000007930790370 00000079310061dc
0x000000793078fb70:   0000007930790690 0000007930790440
0x000000793078fb80:   0000007930790450 0000000000000001
0x000000793078fb90:   0000000000000001 0000007918d7d9e7
0x000000793078fba0:   000000792c00b800 000000792c00b800
0x000000793078fbb0:   0000000000000000 000000792c00b800
0x000000793078fbc0:   00000000de08f3f8 00000000de08f3f8
0x000000793078fbd0:   000000793078fbd0 0000007918333305
0x000000793078fbe0:   000000793078fc60 00000079183342d0
0x000000793078fbf0:   0000007912abf010 0000007918333390
0x000000793078fc00:   000000793078fb90 0000000000000000
0x000000793078fc10:   0000000000000000 000000793078fc70
0x000000793078fc20:   00000000de07bd30 00000079292a09f4
0x000000793078fc30:   00000000de08f3c8 00000000de08f398
0x000000793078fc40:   00000000fffffffb 000000000000008b
0x000000793078fc50:   00000000d9b83008 0000000089721ec0
0x000000793078fc60:   000000000000000e 00000079292a0adc
0x000000793078fc70:   00000000de07b8b0 0000000089721ec0
0x000000793078fc80:   00000000de07bf60 2000233c00000040
0x000000793078fc90:   00000000de07bd30 00000000de07bf60
0x000000793078fca0:   00000000de08f3f8 00000000de08f3f8
0x000000793078fcb0:   00000000d9b83008 00000000de07bd50
0x000000793078fcc0:   000000793078fcc0 0000007913e7f2fb
0x000000793078fcd0:   000000793078fd90 000000792929e998
0x000000793078fce0:   0000000000000000 0000007913e7f330
0x000000793078fcf0:   000000793078fca0 0000000000000000
0x000000793078fd00:   0000000000000000 000000793078fd20
0x000000793078fd10:   000000793078fd90 0000007929005ad0
0x000000793078fd20:   00000000d9b83008 00000000de07bf60
0x000000793078fd30:   0000000089721ec0 00000000de07b880
0x000000793078fd40:   000000793078fd40 0000007912fae0c4
0x000000793078fd50:   000000793078fdc8 0000007912fb05b8 

Instructions: (pc=0x0000007931006040)
0x0000007931006020:   97ec24d0 b947aba0 f94403a2 7103a41f
0x0000007931006030:   f943ffa3 54000600 90000fe0 f9405400
0x0000007931006040:   f9400041 39400000 340004c0 d0000fc0
0x0000007931006050:   f9407800 b9400822 b9400801 f9400000 

Register to memory mapping:

  x0  = 0x000000793124247e
0x000000793124247e: <offset 0x9f247e> in /opt/java/jdk1.8.0_212/jre/lib/aarch64/server/libjvm.so at 0x0000007930850000

  x1  = 0x0000000000000007
0x0000000000000007 is an unknown value

  x2  = 0x0000000000000000
0x0000000000000000 is an unknown value

  x3  = 0x0000000000000001
0x0000000000000001 is an unknown value

  x4  = 0x0000000000000001
0x0000000000000001 is an unknown value

  x5  = 0x0000007918d35cf8
{method} {0x0000007918d35cf8} 'linkToSpecial' '(Ljava/lang/Object;Ljava/lang/Object;JLjava/lang/invoke/MemberName;)Ljava/lang/Object;' in 'java/lang/invoke/MethodHandle'

  x6  = 0x0000000000000007
0x0000000000000007 is an unknown value

  x7  = 0x000000792c00c6e0
0x000000792c00c6e0 is an unknown value

  x8  = 0x0000007918d35cf8
{method} {0x0000007918d35cf8} 'linkToSpecial' '(Ljava/lang/Object;Ljava/lang/Object;JLjava/lang/invoke/MemberName;)Ljava/lang/Object;' in 'java/lang/invoke/MethodHandle'

  x9  = 0x0000007918da3c50
0x0000007918da3c50 is pointing into metadata

  x10 = 0xfefefefefefefeff
0xfefefefefefefeff is an unknown value

  x11 = 0x7f7f7f7f7f7f7f7f
0x7f7f7f7f7f7f7f7f is an unknown value

  x12 = 0x676e616c2f617661
0x676e616c2f617661 is an unknown value

  x13 = 0x3b7463656a624f2f
0x3b7463656a624f2f is an unknown value

  x14 = 0x0000000000000011
0x0000000000000011 is an unknown value

  x15 = 0x00000000dd67e380
0x00000000dd67e380 is an oop
org.jetbrains.kotlin.resolve.scopes.LexicalWritableScope$Snapshot 
 - klass: 'org/jetbrains/kotlin/resolve/scopes/LexicalWritableScope$Snapshot'

  x16 = 0x0000007931203250
0x0000007931203250: <offset 0x9b3250> in /opt/java/jdk1.8.0_212/jre/lib/aarch64/server/libjvm.so at 0x0000007930850000

  x17 = 0x00000079314253b0
0x00000079314253b0: pthread_getspecific+0 in /lib/aarch64-linux-gnu/libpthread.so.0 at 0x0000007931417000

  x18 = 0x00000000de08f3f4
0x00000000de08f3f4 is an unknown value

  x19 = 0x0000007930790230
0x0000007930790230 is pointing into the stack for thread: 0x000000792c00b800

  x20 = 0x000000792c00c180
0x000000792c00c180 is an unknown value

  x21 = 0x00000079292a6810
0x00000079292a6810 is at entry_point+-320 in (nmethod*)0x00000079292a6810

  x22 = 0x0000007930790240
0x0000007930790240 is pointing into the stack for thread: 0x000000792c00b800

  x23 = 0x00000079307903d0
0x00000079307903d0 is pointing into the stack for thread: 0x000000792c00b800

  x24 = 0x000000792c00c1c0
0x000000792c00c1c0 is an unknown value

  x25 = 0x000000792c00b800
0x000000792c00b800 is a thread

  x26 = 0x00000000000003d8
0x00000000000003d8 is an unknown value

  x27 = 0x000000792c00c1d0
0x000000792c00c1d0 is an unknown value

  x28 = 0x000000792c00c5a8
0x000000792c00c5a8 is an unknown value

  fp  = 0x000000793078fb60
0x000000793078fb60 is pointing into the stack for thread: 0x000000792c00b800

  lr  = 0x0000007931006024
0x0000007931006024: <offset 0x7b6024> in /opt/java/jdk1.8.0_212/jre/lib/aarch64/server/libjvm.so at 0x0000007930850000

  pc  = 0x0000007931006040
0x0000007931006040: <offset 0x7b6040> in /opt/java/jdk1.8.0_212/jre/lib/aarch64/server/libjvm.so at 0x0000007930850000



Stack: [0x0000007930696000,0x0000007930796000],  sp=0x000000793078fb60,  free space=998k
Native frames: (J=compiled Java code, j=interpreted, Vv=VM code, C=native code)
V  [libjvm.so+0x7b6040]  SharedRuntime::resolve_sub_helper(JavaThread*, bool, bool, Thread*)+0x3a8
V  [libjvm.so+0x7b61dc]  SharedRuntime::resolve_helper(JavaThread*, bool, bool, Thread*)+0x48
V  [libjvm.so+0x7b68a0]  SharedRuntime::resolve_opt_virtual_call_C(JavaThread*)+0x44
v  ~RuntimeStub::resolve_opt_virtual_call
C  0x0000000000000240

Java frames: (J=compiled Java code, j=interpreted, Vv=VM code)
v  ~RuntimeStub::resolve_opt_virtual_call
J 1375 C2 org.jetbrains.kotlin.com.intellij.util.containers.ConcurrentIntObjectHashMap.tabAt([Lorg/jetbrains/kotlin/com/intellij/util/containers/ConcurrentIntObjectHashMap$Node;I)Lorg/jetbrains/kotlin/com/intellij/util/containers/ConcurrentIntObjectHashMap$Node; (33 bytes) @ 0x00000079292a697c [0x00000079292a6950+0x2c]
j  org.jetbrains.kotlin.com.intellij.util.containers.ConcurrentIntObjectHashMap.get(I)Ljava/lang/Object;+31
j  org.jetbrains.kotlin.com.intellij.util.containers.ConcurrentIntKeyRefValueHashMap.get(I)Ljava/lang/Object;+5
j  org.jetbrains.kotlin.com.intellij.openapi.util.Key.getKeyByIndex(I)Lorg/jetbrains/kotlin/com/intellij/openapi/util/Key;+4
j  org.jetbrains.kotlin.com.intellij.util.keyFMap.ArrayBackedFMap.getKeysByIndices([I)[Lorg/jetbrains/kotlin/com/intellij/openapi/util/Key;+19
j  org.jetbrains.kotlin.com.intellij.util.keyFMap.ArrayBackedFMap.getKeys()[Lorg/jetbrains/kotlin/com/intellij/openapi/util/Key;+4
J 1339 C2 org.jetbrains.kotlin.util.slicedMap.SlicedMapImpl.lambda$forEach$0(Lkotlin/jvm/functions/Function3;Ljava/lang/Object;Lorg/jetbrains/kotlin/com/intellij/util/keyFMap/KeyFMap;)V (67 bytes) @ 0x00000079292a318c [0x00000079292a3150+0x3c]
J 1207 C2 org.jetbrains.kotlin.util.slicedMap.OpenAddressLinearProbingHashTable.forEach(Ljava/util/function/BiConsumer;)V (74 bytes) @ 0x00000079291b0138 [0x00000079291b00b0+0x88]
j  org.jetbrains.kotlin.util.slicedMap.SlicedMapImpl.forEach(Lkotlin/jvm/functions/Function3;)V+26
j  org.jetbrains.kotlin.resolve.BindingContextUtils.addOwnDataTo(Lorg/jetbrains/kotlin/resolve/BindingTrace;Lorg/jetbrains/kotlin/resolve/TraceEntryFilter;ZLorg/jetbrains/kotlin/util/slicedMap/MutableSlicedMap;Lorg/jetbrains/kotlin/resolve/diagnostics/MutableDiagnosticsWithSuppression;)V+26
j  org.jetbrains.kotlin.resolve.DelegatingBindingTrace.addOwnDataTo(Lorg/jetbrains/kotlin/resolve/BindingTrace;Lorg/jetbrains/kotlin/resolve/TraceEntryFilter;Z)V+21
j  org.jetbrains.kotlin.resolve.DelegatingBindingTrace.addOwnDataTo$default(Lorg/jetbrains/kotlin/resolve/DelegatingBindingTrace;Lorg/jetbrains/kotlin/resolve/BindingTrace;Lorg/jetbrains/kotlin/resolve/TraceEntryFilter;ZILjava/lang/Object;)V+38
j  org.jetbrains.kotlin.resolve.DelegatingBindingTrace.addOwnDataTo(Lorg/jetbrains/kotlin/resolve/BindingTrace;)V+14
j  org.jetbrains.kotlin.resolve.TemporaryBindingTrace.commit()V+5
j  org.jetbrains.kotlin.resolve.calls.context.TemporaryTraceAndCache.commit()V+4
j  org.jetbrains.kotlin.resolve.calls.CallExpressionResolver.getCallExpressionTypeInfoWithoutFinalTypeCheck(Lorg/jetbrains/kotlin/psi/KtCallExpression;Lorg/jetbrains/kotlin/resolve/scopes/receivers/Receiver;Lorg/jetbrains/kotlin/com/intellij/lang/ASTNode;Lorg/jetbrains/kotlin/types/expressions/ExpressionTypingContext;Lorg/jetbrains/kotlin/resolve/calls/smartcasts/DataFlowInfo;)Lorg/jetbrains/kotlin/types/expressions/KotlinTypeInfo;+127
j  org.jetbrains.kotlin.resolve.calls.CallExpressionResolver.getCallExpressionTypeInfo(Lorg/jetbrains/kotlin/psi/KtCallExpression;Lorg/jetbrains/kotlin/types/expressions/ExpressionTypingContext;)Lorg/jetbrains/kotlin/types/expressions/KotlinTypeInfo;+35
j  org.jetbrains.kotlin.types.expressions.BasicExpressionTypingVisitor.visitCallExpression(Lorg/jetbrains/kotlin/psi/KtCallExpression;Lorg/jetbrains/kotlin/types/expressions/ExpressionTypingContext;)Lorg/jetbrains/kotlin/types/expressions/KotlinTypeInfo;+20
j  org.jetbrains.kotlin.types.expressions.ExpressionTypingVisitorDispatcher.visitCallExpression(Lorg/jetbrains/kotlin/psi/KtCallExpression;Lorg/jetbrains/kotlin/types/expressions/ExpressionTypingContext;)Lorg/jetbrains/kotlin/types/expressions/KotlinTypeInfo;+15
j  org.jetbrains.kotlin.types.expressions.ExpressionTypingVisitorDispatcher$ForDeclarations.visitCallExpression(Lorg/jetbrains/kotlin/psi/KtCallExpression;Ljava/lang/Object;)Ljava/lang/Object;+6
j  org.jetbrains.kotlin.psi.KtCallExpression.accept(Lorg/jetbrains/kotlin/psi/KtVisitor;Ljava/lang/Object;)Ljava/lang/Object;+11
j  org.jetbrains.kotlin.types.expressions.ExpressionTypingVisitorDispatcher.lambda$getTypeInfo$0(Lorg/jetbrains/kotlin/psi/KtExpression;Lorg/jetbrains/kotlin/types/expressions/ExpressionTypingContext;Lorg/jetbrains/kotlin/psi/KtVisitor;)Lorg/jetbrains/kotlin/types/expressions/KotlinTypeInfo;+43
j  org.jetbrains.kotlin.types.expressions.ExpressionTypingVisitorDispatcher$$Lambda$144.invoke()Ljava/lang/Object;+16
j  org.jetbrains.kotlin.util.PerformanceCounter.time(Lkotlin/jvm/functions/Function0;)Ljava/lang/Object;+27
j  org.jetbrains.kotlin.types.expressions.ExpressionTypingVisitorDispatcher.getTypeInfo(Lorg/jetbrains/kotlin/psi/KtExpression;Lorg/jetbrains/kotlin/types/expressions/ExpressionTypingContext;Lorg/jetbrains/kotlin/psi/KtVisitor;)Lorg/jetbrains/kotlin/types/expressions/KotlinTypeInfo;+24
j  org.jetbrains.kotlin.types.expressions.ExpressionTypingVisitorDispatcher.getTypeInfo(Lorg/jetbrains/kotlin/psi/KtExpression;Lorg/jetbrains/kotlin/types/expressions/ExpressionTypingContext;)Lorg/jetbrains/kotlin/types/expressions/KotlinTypeInfo;+13
j  org.jetbrains.kotlin.types.expressions.ExpressionTypingServices.getTypeInfo(Lorg/jetbrains/kotlin/psi/KtExpression;Lorg/jetbrains/kotlin/resolve/calls/context/ResolutionContext;)Lorg/jetbrains/kotlin/types/expressions/KotlinTypeInfo;+27
j  org.jetbrains.kotlin.resolve.calls.tower.PSICallResolver.resolveValueArgument(Lorg/jetbrains/kotlin/resolve/calls/context/BasicCallResolutionContext;Lorg/jetbrains/kotlin/resolve/calls/smartcasts/DataFlowInfo;Lorg/jetbrains/kotlin/psi/ValueArgument;Z)Lorg/jetbrains/kotlin/resolve/calls/tower/PSIKotlinCallArgument;+299
j  org.jetbrains.kotlin.resolve.calls.tower.PSICallResolver.resolveArgumentsInParenthesis(Lorg/jetbrains/kotlin/resolve/calls/context/BasicCallResolutionContext;Ljava/util/List;Z)Ljava/util/List;+119
j  org.jetbrains.kotlin.resolve.calls.tower.PSICallResolver.toKotlinCall(Lorg/jetbrains/kotlin/resolve/calls/context/BasicCallResolutionContext;Lorg/jetbrains/kotlin/resolve/calls/model/KotlinCallKind;Lorg/jetbrains/kotlin/psi/Call;Lorg/jetbrains/kotlin/name/Name;Lorg/jetbrains/kotlin/resolve/calls/tasks/TracingStrategy;ZLorg/jetbrains/kotlin/resolve/scopes/receivers/Receiver;)Lorg/jetbrains/kotlin/resolve/calls/tower/PSIKotlinCallImpl;+164
j  org.jetbrains.kotlin.resolve.calls.tower.PSICallResolver.toKotlinCall$default(Lorg/jetbrains/kotlin/resolve/calls/tower/PSICallResolver;Lorg/jetbrains/kotlin/resolve/calls/context/BasicCallResolutionContext;Lorg/jetbrains/kotlin/resolve/calls/model/KotlinCallKind;Lorg/jetbrains/kotlin/psi/Call;Lorg/jetbrains/kotlin/name/Name;Lorg/jetbrains/kotlin/resolve/calls/tasks/TracingStrategy;ZLorg/jetbrains/kotlin/resolve/scopes/receivers/Receiver;ILjava/lang/Object;)Lorg/jetbrains/kotlin/resolve/calls/tower/PSIKotlinCallImpl;+23
j  org.jetbrains.kotlin.resolve.calls.tower.PSICallResolver.runResolutionAndInference(Lorg/jetbrains/kotlin/resolve/calls/context/BasicCallResolutionContext;Lorg/jetbrains/kotlin/name/Name;Lorg/jetbrains/kotlin/resolve/calls/tower/NewResolutionOldInference$ResolutionKind;Lorg/jetbrains/kotlin/resolve/calls/tasks/TracingStrategy;)Lorg/jetbrains/kotlin/resolve/calls/results/OverloadResolutionResults;+95
j  org.jetbrains.kotlin.resolve.calls.CallResolver.doResolveCallOrGetCachedResults(Lorg/jetbrains/kotlin/resolve/calls/context/BasicCallResolutionContext;Lorg/jetbrains/kotlin/resolve/calls/CallResolver$ResolutionTask;Lorg/jetbrains/kotlin/resolve/calls/tasks/TracingStrategy;)Lorg/jetbrains/kotlin/resolve/calls/results/OverloadResolutionResults;+140
j  org.jetbrains.kotlin.resolve.calls.CallResolver.lambda$computeTasksAndResolveCall$0(Lorg/jetbrains/kotlin/resolve/calls/tower/NewResolutionOldInference$ResolutionKind;Lorg/jetbrains/kotlin/name/Name;Lorg/jetbrains/kotlin/resolve/calls/context/BasicCallResolutionContext;Lorg/jetbrains/kotlin/resolve/calls/tasks/TracingStrategy;)Lorg/jetbrains/kotlin/resolve/calls/results/OverloadResolutionResults;+19
j  org.jetbrains.kotlin.resolve.calls.CallResolver$$Lambda$159.invoke()Ljava/lang/Object;+20
j  org.jetbrains.kotlin.util.PerformanceCounter.time(Lkotlin/jvm/functions/Function0;)Ljava/lang/Object;+27
j  org.jetbrains.kotlin.resolve.calls.CallResolver.computeTasksAndResolveCall(Lorg/jetbrains/kotlin/resolve/calls/context/BasicCallResolutionContext;Lorg/jetbrains/kotlin/name/Name;Lorg/jetbrains/kotlin/resolve/calls/tasks/TracingStrategy;Lorg/jetbrains/kotlin/resolve/calls/tower/NewResolutionOldInference$ResolutionKind;)Lorg/jetbrains/kotlin/resolve/calls/results/OverloadResolutionResults;+51
j  org.jetbrains.kotlin.resolve.calls.CallResolver.computeTasksAndResolveCall(Lorg/jetbrains/kotlin/resolve/calls/context/BasicCallResolutionContext;Lorg/jetbrains/kotlin/name/Name;Lorg/jetbrains/kotlin/psi/KtReferenceExpression;Lorg/jetbrains/kotlin/resolve/calls/tower/NewResolutionOldInference$ResolutionKind;)Lorg/jetbrains/kotlin/resolve/calls/results/OverloadResolutionResults;+54
j  org.jetbrains.kotlin.resolve.calls.CallResolver.resolveFunctionCall(Lorg/jetbrains/kotlin/resolve/calls/context/BasicCallResolutionContext;)Lorg/jetbrains/kotlin/resolve/calls/results/OverloadResolutionResults;+125
j  org.jetbrains.kotlin.resolve.calls.CallExpressionResolver.getResolvedCallForFunction(Lorg/jetbrains/kotlin/psi/Call;Lorg/jetbrains/kotlin/resolve/calls/context/ResolutionContext;Lorg/jetbrains/kotlin/resolve/calls/context/CheckArgumentTypesMode;Lorg/jetbrains/kotlin/resolve/calls/smartcasts/DataFlowInfo;)Lkotlin/Pair;+23
j  org.jetbrains.kotlin.resolve.calls.CallExpressionResolver.getCallExpressionTypeInfoWithoutFinalTypeCheck(Lorg/jetbrains/kotlin/psi/KtCallExpression;Lorg/jetbrains/kotlin/resolve/scopes/receivers/Receiver;Lorg/jetbrains/kotlin/com/intellij/lang/ASTNode;Lorg/jetbrains/kotlin/types/expressions/ExpressionTypingContext;Lorg/jetbrains/kotlin/resolve/calls/smartcasts/DataFlowInfo;)Lorg/jetbrains/kotlin/types/expressions/KotlinTypeInfo;+67
j  org.jetbrains.kotlin.resolve.calls.CallExpressionResolver.getCallExpressionTypeInfo(Lorg/jetbrains/kotlin/psi/KtCallExpression;Lorg/jetbrains/kotlin/types/expressions/ExpressionTypingContext;)Lorg/jetbrains/kotlin/types/expressions/KotlinTypeInfo;+35
j  org.jetbrains.kotlin.types.expressions.BasicExpressionTypingVisitor.visitCallExpression(Lorg/jetbrains/kotlin/psi/KtCallExpression;Lorg/jetbrains/kotlin/types/expressions/ExpressionTypingContext;)Lorg/jetbrains/kotlin/types/expressions/KotlinTypeInfo;+20
j  org.jetbrains.kotlin.types.expressions.ExpressionTypingVisitorDispatcher.visitCallExpression(Lorg/jetbrains/kotlin/psi/KtCallExpression;Lorg/jetbrains/kotlin/types/expressions/ExpressionTypingContext;)Lorg/jetbrains/kotlin/types/expressions/KotlinTypeInfo;+15
j  org.jetbrains.kotlin.types.expressions.ExpressionTypingVisitorDispatcher$ForBlock.visitCallExpression(Lorg/jetbrains/kotlin/psi/KtCallExpression;Ljava/lang/Object;)Ljava/lang/Object;+6
j  org.jetbrains.kotlin.psi.KtCallExpression.accept(Lorg/jetbrains/kotlin/psi/KtVisitor;Ljava/lang/Object;)Ljava/lang/Object;+11
j  org.jetbrains.kotlin.types.expressions.ExpressionTypingVisitorDispatcher.lambda$getTypeInfo$0(Lorg/jetbrains/kotlin/psi/KtExpression;Lorg/jetbrains/kotlin/types/expressions/ExpressionTypingContext;Lorg/jetbrains/kotlin/psi/KtVisitor;)Lorg/jetbrains/kotlin/types/expressions/KotlinTypeInfo;+43
j  org.jetbrains.kotlin.types.expressions.ExpressionTypingVisitorDispatcher$$Lambda$144.invoke()Ljava/lang/Object;+16
j  org.jetbrains.kotlin.util.PerformanceCounter.time(Lkotlin/jvm/functions/Function0;)Ljava/lang/Object;+27
j  org.jetbrains.kotlin.types.expressions.ExpressionTypingVisitorDispatcher.getTypeInfo(Lorg/jetbrains/kotlin/psi/KtExpression;Lorg/jetbrains/kotlin/types/expressions/ExpressionTypingContext;Lorg/jetbrains/kotlin/psi/KtVisitor;)Lorg/jetbrains/kotlin/types/expressions/KotlinTypeInfo;+24
j  org.jetbrains.kotlin.types.expressions.ExpressionTypingVisitorDispatcher.getTypeInfo(Lorg/jetbrains/kotlin/psi/KtExpression;Lorg/jetbrains/kotlin/types/expressions/ExpressionTypingContext;)Lorg/jetbrains/kotlin/types/expressions/KotlinTypeInfo;+13
j  org.jetbrains.kotlin.types.expressions.ExpressionTypingVisitorForStatements.visitExpression(Lorg/jetbrains/kotlin/psi/KtExpression;Lorg/jetbrains/kotlin/types/expressions/ExpressionTypingContext;)Lorg/jetbrains/kotlin/types/expressions/KotlinTypeInfo;+15
j  org.jetbrains.kotlin.types.expressions.ExpressionTypingVisitorForStatements.visitExpression(Lorg/jetbrains/kotlin/psi/KtExpression;Ljava/lang/Object;)Ljava/lang/Object;+6
j  org.jetbrains.kotlin.psi.KtVisitor.visitReferenceExpression(Lorg/jetbrains/kotlin/psi/KtReferenceExpression;Ljava/lang/Object;)Ljava/lang/Object;+12
j  org.jetbrains.kotlin.psi.KtVisitor.visitCallExpression(Lorg/jetbrains/kotlin/psi/KtCallExpression;Ljava/lang/Object;)Ljava/lang/Object;+12
j  org.jetbrains.kotlin.psi.KtCallExpression.accept(Lorg/jetbrains/kotlin/psi/KtVisitor;Ljava/lang/Object;)Ljava/lang/Object;+11
j  org.jetbrains.kotlin.types.expressions.ExpressionTypingVisitorDispatcher.lambda$getTypeInfo$0(Lorg/jetbrains/kotlin/psi/KtExpression;Lorg/jetbrains/kotlin/types/expressions/ExpressionTypingContext;Lorg/jetbrains/kotlin/psi/KtVisitor;)Lorg/jetbrains/kotlin/types/expressions/KotlinTypeInfo;+43
j  org.jetbrains.kotlin.types.expressions.ExpressionTypingVisitorDispatcher$$Lambda$144.invoke()Ljava/lang/Object;+16
j  org.jetbrains.kotlin.util.PerformanceCounter.time(Lkotlin/jvm/functions/Function0;)Ljava/lang/Object;+27
j  org.jetbrains.kotlin.types.expressions.ExpressionTypingVisitorDispatcher.getTypeInfo(Lorg/jetbrains/kotlin/psi/KtExpression;Lorg/jetbrains/kotlin/types/expressions/ExpressionTypingContext;Lorg/jetbrains/kotlin/psi/KtVisitor;)Lorg/jetbrains/kotlin/types/expressions/KotlinTypeInfo;+24
j  org.jetbrains.kotlin.types.expressions.ExpressionTypingVisitorDispatcher.getTypeInfo(Lorg/jetbrains/kotlin/psi/KtExpression;Lorg/jetbrains/kotlin/types/expressions/ExpressionTypingContext;Z)Lorg/jetbrains/kotlin/types/expressions/KotlinTypeInfo;+48
j  org.jetbrains.kotlin.types.expressions.ExpressionTypingServices.getTypeOfLastExpressionInBlock(Lorg/jetbrains/kotlin/psi/KtExpression;Lorg/jetbrains/kotlin/types/expressions/ExpressionTypingContext;Lorg/jetbrains/kotlin/types/expressions/CoercionStrategy;Lorg/jetbrains/kotlin/types/expressions/ExpressionTypingInternals;)Lorg/jetbrains/kotlin/types/expressions/KotlinTypeInfo;+196
j  org.jetbrains.kotlin.types.expressions.ExpressionTypingServices.getBlockReturnedTypeWithWritableScope(Lorg/jetbrains/kotlin/resolve/scopes/LexicalWritableScope;Ljava/util/List;Lorg/jetbrains/kotlin/types/expressions/CoercionStrategy;Lorg/jetbrains/kotlin/types/expressions/ExpressionTypingContext;)Lorg/jetbrains/kotlin/types/expressions/KotlinTypeInfo;+226
j  org.jetbrains.kotlin.types.expressions.ExpressionTypingServices.getBlockReturnedType(Lorg/jetbrains/kotlin/psi/KtBlockExpression;Lorg/jetbrains/kotlin/types/expressions/CoercionStrategy;Lorg/jetbrains/kotlin/types/expressions/ExpressionTypingContext;)Lorg/jetbrains/kotlin/types/expressions/KotlinTypeInfo;+143
j  org.jetbrains.kotlin.types.expressions.ExpressionTypingServices.getBlockReturnedType(Lorg/jetbrains/kotlin/psi/KtBlockExpression;Lorg/jetbrains/kotlin/types/expressions/ExpressionTypingContext;Z)Lorg/jetbrains/kotlin/types/expressions/KotlinTypeInfo;+16
j  org.jetbrains.kotlin.types.expressions.ExpressionTypingVisitorForStatements.visitBlockExpression(Lorg/jetbrains/kotlin/psi/KtBlockExpression;Lorg/jetbrains/kotlin/types/expressions/ExpressionTypingContext;)Lorg/jetbrains/kotlin/types/expressions/KotlinTypeInfo;+19
j  org.jetbrains.kotlin.types.expressions.ExpressionTypingVisitorForStatements.visitBlockExpression(Lorg/jetbrains/kotlin/psi/KtBlockExpression;Ljava/lang/Object;)Ljava/lang/Object;+6
j  org.jetbrains.kotlin.psi.KtBlockExpression.accept(Lorg/jetbrains/kotlin/psi/KtVisitor;Ljava/lang/Object;)Ljava/lang/Object;+11
j  org.jetbrains.kotlin.types.expressions.ExpressionTypingVisitorDispatcher.lambda$getTypeInfo$0(Lorg/jetbrains/kotlin/psi/KtExpression;Lorg/jetbrains/kotlin/types/expressions/ExpressionTypingContext;Lorg/jetbrains/kotlin/psi/KtVisitor;)Lorg/jetbrains/kotlin/types/expressions/KotlinTypeInfo;+43
j  org.jetbrains.kotlin.types.expressions.ExpressionTypingVisitorDispatcher$$Lambda$144.invoke()Ljava/lang/Object;+16
j  org.jetbrains.kotlin.util.PerformanceCounter.time(Lkotlin/jvm/functions/Function0;)Ljava/lang/Object;+27
j  org.jetbrains.kotlin.types.expressions.ExpressionTypingVisitorDispatcher.getTypeInfo(Lorg/jetbrains/kotlin/psi/KtExpression;Lorg/jetbrains/kotlin/types/expressions/ExpressionTypingContext;Lorg/jetbrains/kotlin/psi/KtVisitor;)Lorg/jetbrains/kotlin/types/expressions/KotlinTypeInfo;+24
j  org.jetbrains.kotlin.types.expressions.ExpressionTypingVisitorDispatcher.getTypeInfo(Lorg/jetbrains/kotlin/psi/KtExpression;Lorg/jetbrains/kotlin/types/expressions/ExpressionTypingContext;Z)Lorg/jetbrains/kotlin/types/expressions/KotlinTypeInfo;+48
j  org.jetbrains.kotlin.types.expressions.ExpressionTypingServices.checkFunctionReturnType(Lorg/jetbrains/kotlin/psi/KtDeclarationWithBody;Lorg/jetbrains/kotlin/types/expressions/ExpressionTypingContext;)V+50
j  org.jetbrains.kotlin.types.expressions.ExpressionTypingServices.checkFunctionReturnType(Lorg/jetbrains/kotlin/resolve/scopes/LexicalScope;Lorg/jetbrains/kotlin/psi/KtDeclarationWithBody;Lorg/jetbrains/kotlin/descriptors/FunctionDescriptor;Lorg/jetbrains/kotlin/resolve/calls/smartcasts/DataFlowInfo;Lorg/jetbrains/kotlin/types/KotlinType;Lorg/jetbrains/kotlin/resolve/BindingTrace;Lorg/jetbrains/kotlin/types/expressions/ExpressionTypingContext;)V+130
j  org.jetbrains.kotlin.resolve.BodyResolver.resolveFunctionBody(Lorg/jetbrains/kotlin/resolve/calls/smartcasts/DataFlowInfo;Lorg/jetbrains/kotlin/resolve/BindingTrace;Lorg/jetbrains/kotlin/psi/KtDeclarationWithBody;Lorg/jetbrains/kotlin/descriptors/FunctionDescriptor;Lorg/jetbrains/kotlin/resolve/scopes/LexicalScope;Lkotlin/jvm/functions/Function1;Lkotlin/jvm/functions/Function1;Lorg/jetbrains/kotlin/types/expressions/ExpressionTypingContext;)V+344
j  org.jetbrains.kotlin.resolve.BodyResolver.resolveFunctionBody(Lorg/jetbrains/kotlin/resolve/calls/smartcasts/DataFlowInfo;Lorg/jetbrains/kotlin/resolve/BindingTrace;Lorg/jetbrains/kotlin/psi/KtDeclarationWithBody;Lorg/jetbrains/kotlin/descriptors/FunctionDescriptor;Lorg/jetbrains/kotlin/resolve/scopes/LexicalScope;Lorg/jetbrains/kotlin/types/expressions/ExpressionTypingContext;)V+69
j  org.jetbrains.kotlin.resolve.BodyResolver.resolveFunctionBodies(Lorg/jetbrains/kotlin/resolve/BodiesResolveContext;)V+198
j  org.jetbrains.kotlin.resolve.BodyResolver.resolveBehaviorDeclarationBodies(Lorg/jetbrains/kotlin/resolve/BodiesResolveContext;)V+36
j  org.jetbrains.kotlin.resolve.BodyResolver.resolveBodies(Lorg/jetbrains/kotlin/resolve/BodiesResolveContext;)V+11
j  org.jetbrains.kotlin.resolve.LazyTopDownAnalyzer.analyzeDeclarations(Lorg/jetbrains/kotlin/resolve/TopDownAnalysisMode;Ljava/util/Collection;Lorg/jetbrains/kotlin/resolve/calls/smartcasts/DataFlowInfo;Lorg/jetbrains/kotlin/types/expressions/ExpressionTypingContext;)Lorg/jetbrains/kotlin/resolve/TopDownAnalysisContext;+319
j  org.jetbrains.kotlin.resolve.LazyTopDownAnalyzer.analyzeDeclarations$default(Lorg/jetbrains/kotlin/resolve/LazyTopDownAnalyzer;Lorg/jetbrains/kotlin/resolve/TopDownAnalysisMode;Ljava/util/Collection;Lorg/jetbrains/kotlin/resolve/calls/smartcasts/DataFlowInfo;Lorg/jetbrains/kotlin/types/expressions/ExpressionTypingContext;ILjava/lang/Object;)Lorg/jetbrains/kotlin/resolve/TopDownAnalysisContext;+31
j  org.jetbrains.kotlin.cli.jvm.compiler.TopDownAnalyzerFacadeForJVM.analyzeFilesWithJavaIntegration(Lorg/jetbrains/kotlin/com/intellij/openapi/project/Project;Ljava/util/Collection;Lorg/jetbrains/kotlin/resolve/BindingTrace;Lorg/jetbrains/kotlin/config/CompilerConfiguration;Lkotlin/jvm/functions/Function1;Lkotlin/jvm/functions/Function2;Lorg/jetbrains/kotlin/com/intellij/psi/search/GlobalSearchScope;Ljava/util/List;Ljava/util/List;Ljava/util/List;)Lorg/jetbrains/kotlin/analyzer/AnalysisResult;+278
j  org.jetbrains.kotlin.cli.jvm.compiler.TopDownAnalyzerFacadeForJVM.analyzeFilesWithJavaIntegration$default(Lorg/jetbrains/kotlin/com/intellij/openapi/project/Project;Ljava/util/Collection;Lorg/jetbrains/kotlin/resolve/BindingTrace;Lorg/jetbrains/kotlin/config/CompilerConfiguration;Lkotlin/jvm/functions/Function1;Lkotlin/jvm/functions/Function2;Lorg/jetbrains/kotlin/com/intellij/psi/search/GlobalSearchScope;Ljava/util/List;Ljava/util/List;Ljava/util/List;ILjava/lang/Object;)Lorg/jetbrains/kotlin/analyzer/AnalysisResult;+92
j  org.jetbrains.kotlin.cli.jvm.compiler.KotlinToJVMBytecodeCompiler$analyze$1.invoke()Lorg/jetbrains/kotlin/analyzer/AnalysisResult;+285
j  org.jetbrains.kotlin.cli.jvm.compiler.KotlinToJVMBytecodeCompiler$analyze$1.invoke()Ljava/lang/Object;+1
j  org.jetbrains.kotlin.cli.common.messages.AnalyzerWithCompilerReport.analyzeAndReport(Ljava/util/Collection;Lkotlin/jvm/functions/Function0;)V+16
j  org.jetbrains.kotlin.cli.jvm.compiler.KotlinToJVMBytecodeCompiler.analyze(Lorg/jetbrains/kotlin/cli/jvm/compiler/KotlinCoreEnvironment;)Lorg/jetbrains/kotlin/analyzer/AnalysisResult;+146
j  org.jetbrains.kotlin.cli.jvm.compiler.KotlinToJVMBytecodeCompiler.compileModules$cli(Lorg/jetbrains/kotlin/cli/jvm/compiler/KotlinCoreEnvironment;Ljava/io/File;Ljava/util/List;Z)Z+420
j  org.jetbrains.kotlin.cli.jvm.compiler.KotlinToJVMBytecodeCompiler.compileModules$cli$default(Lorg/jetbrains/kotlin/cli/jvm/compiler/KotlinToJVMBytecodeCompiler;Lorg/jetbrains/kotlin/cli/jvm/compiler/KotlinCoreEnvironment;Ljava/io/File;Ljava/util/List;ZILjava/lang/Object;)Z+17
j  org.jetbrains.kotlin.cli.jvm.K2JVMCompiler.doExecute(Lorg/jetbrains/kotlin/cli/common/arguments/K2JVMCompilerArguments;Lorg/jetbrains/kotlin/config/CompilerConfiguration;Lorg/jetbrains/kotlin/com/intellij/openapi/Disposable;Lorg/jetbrains/kotlin/utils/KotlinPaths;)Lorg/jetbrains/kotlin/cli/common/ExitCode;+1235
j  org.jetbrains.kotlin.cli.jvm.K2JVMCompiler.doExecute(Lorg/jetbrains/kotlin/cli/common/arguments/CommonCompilerArguments;Lorg/jetbrains/kotlin/config/CompilerConfiguration;Lorg/jetbrains/kotlin/com/intellij/openapi/Disposable;Lorg/jetbrains/kotlin/utils/KotlinPaths;)Lorg/jetbrains/kotlin/cli/common/ExitCode;+9
j  org.jetbrains.kotlin.cli.common.CLICompiler.execImpl(Lorg/jetbrains/kotlin/cli/common/messages/MessageCollector;Lorg/jetbrains/kotlin/config/Services;Lorg/jetbrains/kotlin/cli/common/arguments/CommonCompilerArguments;)Lorg/jetbrains/kotlin/cli/common/ExitCode;+219
j  org.jetbrains.kotlin.cli.common.CLICompiler.execImpl(Lorg/jetbrains/kotlin/cli/common/messages/MessageCollector;Lorg/jetbrains/kotlin/config/Services;Lorg/jetbrains/kotlin/cli/common/arguments/CommonToolArguments;)Lorg/jetbrains/kotlin/cli/common/ExitCode;+7
j  org.jetbrains.kotlin.cli.common.CLITool.exec(Lorg/jetbrains/kotlin/cli/common/messages/MessageCollector;Lorg/jetbrains/kotlin/config/Services;Lorg/jetbrains/kotlin/cli/common/arguments/CommonToolArguments;)Lorg/jetbrains/kotlin/cli/common/ExitCode;+76
j  org.jetbrains.kotlin.cli.common.CLITool.exec(Ljava/io/PrintStream;Lorg/jetbrains/kotlin/config/Services;Lorg/jetbrains/kotlin/cli/common/messages/MessageRenderer;[Ljava/lang/String;)Lorg/jetbrains/kotlin/cli/common/ExitCode;+209
j  org.jetbrains.kotlin.cli.common.CLITool.exec(Ljava/io/PrintStream;Lorg/jetbrains/kotlin/cli/common/messages/MessageRenderer;[Ljava/lang/String;)Lorg/jetbrains/kotlin/cli/common/ExitCode;+25
j  org.jetbrains.kotlin.cli.common.CLITool$Companion.doMainNoExit(Lorg/jetbrains/kotlin/cli/common/CLITool;[Ljava/lang/String;Lorg/jetbrains/kotlin/cli/common/messages/MessageRenderer;)Lorg/jetbrains/kotlin/cli/common/ExitCode;+39
j  org.jetbrains.kotlin.cli.common.CLITool$Companion.doMainNoExit$default(Lorg/jetbrains/kotlin/cli/common/CLITool$Companion;Lorg/jetbrains/kotlin/cli/common/CLITool;[Ljava/lang/String;Lorg/jetbrains/kotlin/cli/common/messages/MessageRenderer;ILjava/lang/Object;)Lorg/jetbrains/kotlin/cli/common/ExitCode;+16
j  org.jetbrains.kotlin.cli.common.CLITool$Companion.doMain(Lorg/jetbrains/kotlin/cli/common/CLITool;[Ljava/lang/String;)V+57
j  org.jetbrains.kotlin.cli.jvm.K2JVMCompiler$Companion.main([Ljava/lang/String;)V+20
j  org.jetbrains.kotlin.cli.jvm.K2JVMCompiler.main([Ljava/lang/String;)V+4
v  ~StubRoutines::call_stub

---------------  P R O C E S S  ---------------

Java Threads: ( => current thread )
  0x000000792c0ce800 JavaThread "Service Thread" daemon [_thread_blocked, id=18111, stack(0x00000079197e4000,0x00000079198e4000)]
  0x000000792c0c4000 JavaThread "C2 CompilerThread1" daemon [_thread_blocked, id=18110, stack(0x00000079198e5000,0x00000079199e5000)]
  0x000000792c0c1000 JavaThread "C2 CompilerThread0" daemon [_thread_blocked, id=18109, stack(0x00000079199e6000,0x0000007919ae6000)]
  0x000000792c0bf000 JavaThread "Signal Dispatcher" daemon [_thread_blocked, id=18101, stack(0x0000007919ae6000,0x0000007919be6000)]
  0x000000792c08d800 JavaThread "Finalizer" daemon [_thread_blocked, id=18100, stack(0x0000007919be6000,0x0000007919ce6000)]
  0x000000792c08b000 JavaThread "Reference Handler" daemon [_thread_blocked, id=18099, stack(0x0000007919ce6000,0x0000007919de6000)]
=>0x000000792c00b800 JavaThread "main" [_thread_in_vm, id=18084, stack(0x0000007930696000,0x0000007930796000)]

Other Threads:
  0x000000792c081800 VMThread [stack: 0x0000007919de7000,0x0000007919ee7000] [id=18098]
  0x000000792c0d1000 WatcherThread [stack: 0x00000079196e4000,0x00000079197e4000] [id=18124]

VM state:not at safepoint (normal execution)

VM Mutex/Monitor currently owned by a thread: None

heap address: 0x0000000087e00000, size: 1922 MB, Compressed Oops mode: 32-bit
Narrow klass base: 0x0000000000000000, Narrow klass shift: 3
Compressed class space size: 1073741824 Address: 0x0000000100000000

Heap:
 PSYoungGen      total 171520K, used 121081K [0x00000000d7f80000, 0x00000000e6480000, 0x0000000100000000)
  eden space 151552K, 66% used [0x00000000d7f80000,0x00000000de240648,0x00000000e1380000)
  from space 19968K, 99% used [0x00000000e2d00000,0x00000000e407e0d8,0x00000000e4080000)
  to   space 26112K, 0% used [0x00000000e1380000,0x00000000e1380000,0x00000000e2d00000)
 ParOldGen       total 109568K, used 34621K [0x0000000087e00000, 0x000000008e900000, 0x00000000d7f80000)
  object space 109568K, 31% used [0x0000000087e00000,0x0000000089fcf6a0,0x000000008e900000)
 Metaspace       used 47441K, capacity 48362K, committed 48512K, reserved 1091584K
  class space    used 6196K, capacity 6447K, committed 6528K, reserved 1048576K

Card table byte_map: [0x00000079300f4000,0x00000079304b6000] byte_map_base: 0x000000792fcb5000

Marking Bits: (ParMarkBitMap*) 0x0000007931250ff8
 Begin Bits: [0x00000079203f0000, 0x00000079221f8000)
 End Bits:   [0x00000079221f8000, 0x0000007924000000)

Polling page: 0x0000007931449000

CodeCache: size=49152Kb used=2716Kb max_used=2731Kb free=46435Kb
 bounds [0x0000007929000000, 0x00000079292c0000, 0x000000792c000000]
 total_blobs=1734 nmethods=1243 adapters=441
 compilation: enabled

Compilation events (10 events):
Event: 19.112 Thread 0x000000792c0c1000 nmethod 1371 0x00000079292ada10 code [0x00000079292adb90, 0x00000079292ae3d8]
Event: 19.112 Thread 0x000000792c0c1000 1373             java.lang.invoke.LambdaForm$DMH/42544488::invokeSpecial_LLJ_L (18 bytes)
Event: 19.113 Thread 0x000000792c0c4000 nmethod 1372 0x00000079292a6e90 code [0x00000079292a6ff0, 0x00000079292a71b8]
Event: 19.113 Thread 0x000000792c0c1000 nmethod 1373 0x00000079292a6b50 code [0x00000079292a6c90, 0x00000079292a6d68]
Event: 19.113 Thread 0x000000792c0c1000 1374             org.jetbrains.kotlin.com.intellij.util.keyFMap.ArrayBackedFMap::getKeysByIndices (40 bytes)
Event: 19.113 Thread 0x000000792c0c4000 1375   !         org.jetbrains.kotlin.com.intellij.util.containers.ConcurrentIntObjectHashMap::tabAt (33 bytes)
Event: 19.118 Thread 0x000000792c0c4000 nmethod 1375 0x00000079292a6810 code [0x00000079292a6950, 0x00000079292a6a08]
Event: 19.118 Thread 0x000000792c0c4000 1376             org.jetbrains.kotlin.resolve.ObservableBindingTrace::record (41 bytes)
Event: 19.121 Thread 0x000000792c0c1000 nmethod 1374 0x00000079292ab650 code [0x00000079292ab7b0, 0x00000079292abb28]
Event: 19.121 Thread 0x000000792c0c1000 1377             java.lang.invoke.LambdaForm$BMH/1515877023::reinvoke (36 bytes)

GC Heap History (10 events):
Event: 3.699 GC heap before
{Heap before GC invocations=4 (full 1):
 PSYoungGen      total 67584K, used 5114K [0x00000000d7f80000, 0x00000000e0380000, 0x0000000100000000)
  eden space 62464K, 0% used [0x00000000d7f80000,0x00000000d7f80000,0x00000000dbc80000)
  from space 5120K, 99% used [0x00000000dbc80000,0x00000000dc17eac8,0x00000000dc180000)
  to   space 5120K, 0% used [0x00000000dfe80000,0x00000000dfe80000,0x00000000e0380000)
 ParOldGen       total 83456K, used 18143K [0x0000000087e00000, 0x000000008cf80000, 0x00000000d7f80000)
  object space 83456K, 21% used [0x0000000087e00000,0x0000000088fb7ce8,0x000000008cf80000)
 Metaspace       used 20614K, capacity 21056K, committed 21248K, reserved 1067008K
  class space    used 2541K, capacity 2690K, committed 2816K, reserved 1048576K
Event: 3.761 GC heap after
Heap after GC invocations=4 (full 1):
 PSYoungGen      total 67584K, used 0K [0x00000000d7f80000, 0x00000000e0380000, 0x0000000100000000)
  eden space 62464K, 0% used [0x00000000d7f80000,0x00000000d7f80000,0x00000000dbc80000)
  from space 5120K, 0% used [0x00000000dbc80000,0x00000000dbc80000,0x00000000dc180000)
  to   space 5120K, 0% used [0x00000000dfe80000,0x00000000dfe80000,0x00000000e0380000)
 ParOldGen       total 73216K, used 16409K [0x0000000087e00000, 0x000000008c580000, 0x00000000d7f80000)
  object space 73216K, 22% used [0x0000000087e00000,0x0000000088e06508,0x000000008c580000)
 Metaspace       used 20614K, capacity 21056K, committed 21248K, reserved 1067008K
  class space    used 2541K, capacity 2690K, committed 2816K, reserved 1048576K
}
Event: 6.041 GC heap before
{Heap before GC invocations=5 (full 1):
 PSYoungGen      total 67584K, used 62464K [0x00000000d7f80000, 0x00000000e0380000, 0x0000000100000000)
  eden space 62464K, 100% used [0x00000000d7f80000,0x00000000dbc80000,0x00000000dbc80000)
  from space 5120K, 0% used [0x00000000dbc80000,0x00000000dbc80000,0x00000000dc180000)
  to   space 5120K, 0% used [0x00000000dfe80000,0x00000000dfe80000,0x00000000e0380000)
 ParOldGen       total 73216K, used 16409K [0x0000000087e00000, 0x000000008c580000, 0x00000000d7f80000)
  object space 73216K, 22% used [0x0000000087e00000,0x0000000088e06508,0x000000008c580000)
 Metaspace       used 29043K, capacity 29586K, committed 29952K, reserved 1075200K
  class space    used 4075K, capacity 4251K, committed 4352K, reserved 1048576K
Event: 6.074 GC heap after
Heap after GC invocations=5 (full 1):
 PSYoungGen      total 103424K, used 5112K [0x00000000d7f80000, 0x00000000e0380000, 0x0000000100000000)
  eden space 98304K, 0% used [0x00000000d7f80000,0x00000000d7f80000,0x00000000ddf80000)
  from space 5120K, 99% used [0x00000000dfe80000,0x00000000e037e110,0x00000000e0380000)
  to   space 5120K, 0% used [0x00000000df980000,0x00000000df980000,0x00000000dfe80000)
 ParOldGen       total 73216K, used 25489K [0x0000000087e00000, 0x000000008c580000, 0x00000000d7f80000)
  object space 73216K, 34% used [0x0000000087e00000,0x00000000896e4420,0x000000008c580000)
 Metaspace       used 29043K, capacity 29586K, committed 29952K, reserved 1075200K
  class space    used 4075K, capacity 4251K, committed 4352K, reserved 1048576K
}
Event: 7.156 GC heap before
{Heap before GC invocations=6 (full 1):
 PSYoungGen      total 103424K, used 44111K [0x00000000d7f80000, 0x00000000e0380000, 0x0000000100000000)
  eden space 98304K, 39% used [0x00000000d7f80000,0x00000000da595e90,0x00000000ddf80000)
  from space 5120K, 99% used [0x00000000dfe80000,0x00000000e037e110,0x00000000e0380000)
  to   space 5120K, 0% used [0x00000000df980000,0x00000000df980000,0x00000000dfe80000)
 ParOldGen       total 73216K, used 25489K [0x0000000087e00000, 0x000000008c580000, 0x00000000d7f80000)
  object space 73216K, 34% used [0x0000000087e00000,0x00000000896e4420,0x000000008c580000)
 Metaspace       used 34739K, capacity 35220K, committed 35416K, reserved 1079296K
  class space    used 4643K, capacity 4802K, committed 4864K, reserved 1048576K
Event: 7.195 GC heap after
Heap after GC invocations=6 (full 1):
 PSYoungGen      total 130048K, used 5112K [0x00000000d7f80000, 0x00000000e4080000, 0x0000000100000000)
  eden space 124928K, 0% used [0x00000000d7f80000,0x00000000d7f80000,0x00000000df980000)
  from space 5120K, 99% used [0x00000000df980000,0x00000000dfe7e110,0x00000000dfe80000)
  to   space 19968K, 0% used [0x00000000e2d00000,0x00000000e2d00000,0x00000000e4080000)
 ParOldGen       total 73216K, used 35726K [0x0000000087e00000, 0x000000008c580000, 0x00000000d7f80000)
  object space 73216K, 48% used [0x0000000087e00000,0x000000008a0e3828,0x000000008c580000)
 Metaspace       used 34739K, capacity 35220K, committed 35416K, reserved 1079296K
  class space    used 4643K, capacity 4802K, committed 4864K, reserved 1048576K
}
Event: 7.195 GC heap before
{Heap before GC invocations=7 (full 2):
 PSYoungGen      total 130048K, used 5112K [0x00000000d7f80000, 0x00000000e4080000, 0x0000000100000000)
  eden space 124928K, 0% used [0x00000000d7f80000,0x00000000d7f80000,0x00000000df980000)
  from space 5120K, 99% used [0x00000000df980000,0x00000000dfe7e110,0x00000000dfe80000)
  to   space 19968K, 0% used [0x00000000e2d00000,0x00000000e2d00000,0x00000000e4080000)
 ParOldGen       total 73216K, used 35726K [0x0000000087e00000, 0x000000008c580000, 0x00000000d7f80000)
  object space 73216K, 48% used [0x0000000087e00000,0x000000008a0e3828,0x000000008c580000)
 Metaspace       used 34739K, capacity 35220K, committed 35416K, reserved 1079296K
  class space    used 4643K, capacity 4802K, committed 4864K, reserved 1048576K
Event: 7.308 GC heap after
Heap after GC invocations=7 (full 2):
 PSYoungGen      total 130048K, used 0K [0x00000000d7f80000, 0x00000000e4080000, 0x0000000100000000)
  eden space 124928K, 0% used [0x00000000d7f80000,0x00000000d7f80000,0x00000000df980000)
  from space 5120K, 0% used [0x00000000df980000,0x00000000df980000,0x00000000dfe80000)
  to   space 19968K, 0% used [0x00000000e2d00000,0x00000000e2d00000,0x00000000e4080000)
 ParOldGen       total 109568K, used 28974K [0x0000000087e00000, 0x000000008e900000, 0x00000000d7f80000)
  object space 109568K, 26% used [0x0000000087e00000,0x0000000089a4bb48,0x000000008e900000)
 Metaspace       used 34739K, capacity 35220K, committed 35416K, reserved 1079296K
  class space    used 4643K, capacity 4802K, committed 4864K, reserved 1048576K
}
Event: 13.384 GC heap before
{Heap before GC invocations=8 (full 2):
 PSYoungGen      total 130048K, used 124928K [0x00000000d7f80000, 0x00000000e4080000, 0x0000000100000000)
  eden space 124928K, 100% used [0x00000000d7f80000,0x00000000df980000,0x00000000df980000)
  from space 5120K, 0% used [0x00000000df980000,0x00000000df980000,0x00000000dfe80000)
  to   space 19968K, 0% used [0x00000000e2d00000,0x00000000e2d00000,0x00000000e4080000)
 ParOldGen       total 109568K, used 28974K [0x0000000087e00000, 0x000000008e900000, 0x00000000d7f80000)
  object space 109568K, 26% used [0x0000000087e00000,0x0000000089a4bb48,0x000000008e900000)
 Metaspace       used 42887K, capacity 43612K, committed 44032K, reserved 1087488K
  class space    used 5616K, capacity 5836K, committed 5888K, reserved 1048576K
Event: 13.421 GC heap after
Heap after GC invocations=8 (full 2):
 PSYoungGen      total 171520K, used 19960K [0x00000000d7f80000, 0x00000000e6480000, 0x0000000100000000)
  eden space 151552K, 0% used [0x00000000d7f80000,0x00000000d7f80000,0x00000000e1380000)
  from space 19968K, 99% used [0x00000000e2d00000,0x00000000e407e0d8,0x00000000e4080000)
  to   space 26112K, 0% used [0x00000000e1380000,0x00000000e1380000,0x00000000e2d00000)
 ParOldGen       total 109568K, used 34621K [0x0000000087e00000, 0x000000008e900000, 0x00000000d7f80000)
  object space 109568K, 31% used [0x0000000087e00000,0x0000000089fcf6a0,0x000000008e900000)
 Metaspace       used 42887K, capacity 43612K, committed 44032K, reserved 1087488K
  class space    used 5616K, capacity 5836K, committed 5888K, reserved 1048576K
}

Deoptimization events (10 events):
Event: 18.780 Thread 0x000000792c00b800 Uncommon trap: reason=unstable_if action=reinterpret pc=0x0000007929289ea0 method=org.jetbrains.kotlin.psi.KtPsiUtil.deparenthesizeOnce(Lorg/jetbrains/kotlin/psi/KtExpression;Z)Lorg/jetbrains/kotlin/psi/KtExpression; @ 55
Event: 19.048 Thread 0x000000792c00b800 Uncommon trap: reason=bimorphic action=maybe_recompile pc=0x000000792916bc48 method=org.jetbrains.kotlin.util.slicedMap.SlicedMapImpl.get(Lorg/jetbrains/kotlin/util/slicedMap/ReadOnlySlice;Ljava/lang/Object;)Ljava/lang/Object; @ 62
Event: 19.049 Thread 0x000000792c00b800 Uncommon trap: reason=bimorphic action=maybe_recompile pc=0x000000792916bc48 method=org.jetbrains.kotlin.util.slicedMap.SlicedMapImpl.get(Lorg/jetbrains/kotlin/util/slicedMap/ReadOnlySlice;Ljava/lang/Object;)Ljava/lang/Object; @ 62
Event: 19.049 Thread 0x000000792c00b800 Uncommon trap: reason=bimorphic action=maybe_recompile pc=0x000000792916bc48 method=org.jetbrains.kotlin.util.slicedMap.SlicedMapImpl.get(Lorg/jetbrains/kotlin/util/slicedMap/ReadOnlySlice;Ljava/lang/Object;)Ljava/lang/Object; @ 62
Event: 19.049 Thread 0x000000792c00b800 Uncommon trap: reason=bimorphic action=maybe_recompile pc=0x000000792916bc48 method=org.jetbrains.kotlin.util.slicedMap.SlicedMapImpl.get(Lorg/jetbrains/kotlin/util/slicedMap/ReadOnlySlice;Ljava/lang/Object;)Ljava/lang/Object; @ 62
Event: 19.050 Thread 0x000000792c00b800 Uncommon trap: reason=bimorphic action=maybe_recompile pc=0x0000007929217990 method=org.jetbrains.kotlin.util.slicedMap.SlicedMapImpl.get(Lorg/jetbrains/kotlin/util/slicedMap/ReadOnlySlice;Ljava/lang/Object;)Ljava/lang/Object; @ 62
Event: 19.065 Thread 0x000000792c00b800 Uncommon trap: reason=bimorphic action=maybe_recompile pc=0x000000792925b5c8 method=kotlin.collections.CollectionsKt__MutableCollectionsKt.addAll(Ljava/util/Collection;Ljava/lang/Iterable;)Z @ 35
Event: 19.065 Thread 0x000000792c00b800 Uncommon trap: reason=bimorphic action=maybe_recompile pc=0x000000792925b5c8 method=kotlin.collections.CollectionsKt__MutableCollectionsKt.addAll(Ljava/util/Collection;Ljava/lang/Iterable;)Z @ 35
Event: 19.067 Thread 0x000000792c00b800 Uncommon trap: reason=bimorphic action=maybe_recompile pc=0x000000792925b5c8 method=kotlin.collections.CollectionsKt__MutableCollectionsKt.addAll(Ljava/util/Collection;Ljava/lang/Iterable;)Z @ 35
Event: 19.067 Thread 0x000000792c00b800 Uncommon trap: reason=bimorphic action=maybe_recompile pc=0x000000792925b5c8 method=kotlin.collections.CollectionsKt__MutableCollectionsKt.addAll(Ljava/util/Collection;Ljava/lang/Iterable;)Z @ 35

Classes redefined (0 events):
No events

Internal exceptions (10 events):
Event: 8.388 Thread 0x000000792c00b800 Exception <a 'java/lang/NoSuchMethodError': java.lang.Object.lambda$static$0(I)[Lorg/jetbrains/kotlin/com/intellij/psi/PsiClass;> (0x00000000d9972ae8) thrown at [/HUDSON/workspace/8-2-build-glinux-arm64/jdk8u212/12974/hotspot/src/share/vm/interpreter/link
Event: 14.519 Thread 0x000000792c00b800 Implicit null exception at 0x0000007929120b04 to 0x0000007929120bf0
Event: 14.520 Thread 0x000000792c00b800 Implicit null exception at 0x00000079291a2fa4 to 0x00000079291a30a8
Event: 14.520 Thread 0x000000792c00b800 Implicit null exception at 0x0000007929136830 to 0x00000079291368dc
Event: 14.561 Thread 0x000000792c00b800 Implicit null exception at 0x00000079290aa39c to 0x00000079290aa424
Event: 14.561 Thread 0x000000792c00b800 Implicit null exception at 0x0000007929077574 to 0x00000079290775e4
Event: 14.745 Thread 0x000000792c00b800 Exception <a 'java/lang/IncompatibleClassChangeError': Found class java.lang.Object, but interface was expected> (0x00000000da455f70) thrown at [/HUDSON/workspace/8-2-build-glinux-arm64/jdk8u212/12974/hotspot/src/share/vm/interpreter/linkResolver.cpp, lin
Event: 16.870 Thread 0x000000792c00b800 Implicit null exception at 0x00000079290856e8 to 0x00000079290858e8
Event: 17.389 Thread 0x000000792c00b800 Implicit null exception at 0x00000079291de414 to 0x00000079291de8e8
Event: 18.039 Thread 0x000000792c00b800 Implicit null exception at 0x00000079291f1ce0 to 0x00000079291f2084

Events (10 events):
Event: 19.067 Thread 0x000000792c00b800 Uncommon trap: trap_request=0xffffffc6 fr.pc=0x000000792925b5c8
Event: 19.067 Thread 0x000000792c00b800 DEOPT PACKING pc=0x000000792925b5c8 sp=0x0000007930790070
Event: 19.067 Thread 0x000000792c00b800 DEOPT UNPACKING pc=0x0000007929002684 sp=0x0000007930790010 mode 2
Event: 19.067 Thread 0x000000792c00b800 Uncommon trap: trap_request=0xffffffc6 fr.pc=0x000000792925b5c8
Event: 19.067 Thread 0x000000792c00b800 DEOPT PACKING pc=0x000000792925b5c8 sp=0x0000007930790070
Event: 19.067 Thread 0x000000792c00b800 DEOPT UNPACKING pc=0x0000007929002684 sp=0x0000007930790010 mode 2
Event: 19.080 loading class org/jetbrains/kotlin/resolve/DeclarationsChecker$checkPropertyTypeParametersAreUsedInReceiverType$addAccessibleTypeParametersFromType$1
Event: 19.080 loading class org/jetbrains/kotlin/resolve/DeclarationsChecker$checkPropertyTypeParametersAreUsedInReceiverType$addAccessibleTypeParametersFromType$1 done
Event: 19.081 loading class org/jetbrains/kotlin/resolve/AnnotationTargetLists$T_MEMBER_PROPERTY$1
Event: 19.081 loading class org/jetbrains/kotlin/resolve/AnnotationTargetLists$T_MEMBER_PROPERTY$1 done


Dynamic libraries:
00400000-00401000 r-xp 00000000 fe:4c 3133056                            /data/data/com.m4coding.ide/files/0/opt/java/jdk1.8.0_212/jre/bin/java
00410000-00411000 r--p 00000000 fe:4c 3133056                            /data/data/com.m4coding.ide/files/0/opt/java/jdk1.8.0_212/jre/bin/java
00411000-00412000 rw-p 00001000 fe:4c 3133056                            /data/data/com.m4coding.ide/files/0/opt/java/jdk1.8.0_212/jre/bin/java
00412000-00434000 rw-p 00000000 00:00 0 
87e00000-8e900000 rw-p 00000000 00:00 0 
8e900000-d7f80000 ---p 00000000 00:00 0 
d7f80000-e6480000 rw-p 00000000 00:00 0 
e6480000-100000000 ---p 00000000 00:00 0 
100000000-100660000 rw-p 00000000 00:00 0 
100660000-140000000 ---p 00000000 00:00 0 
2000000000-2000001000 r-xp 00000000 fe:4c 3017506                        /data/app/~~JG6KgFjXDiiLCmJp5un9-Q==/com.m4coding.ide-1pAfsPGveDDrg1ANQg8CIA==/lib/arm64/lib_loader.so
3f00000000-3f0001d000 r-xp 00000000 fe:4c 3132303                        /data/data/com.m4coding.ide/files/0/lib/aarch64-linux-gnu/ld-2.27.so
3f0002c000-3f0002d000 r--p 0001c000 fe:4c 3132303                        /data/data/com.m4coding.ide/files/0/lib/aarch64-linux-gnu/ld-2.27.so
3f0002d000-3f0002f000 rw-p 0001d000 fe:4c 3132303                        /data/data/com.m4coding.ide/files/0/lib/aarch64-linux-gnu/ld-2.27.so
78d4000000-78d4021000 rw-p 00000000 00:00 0 
78d4021000-78d8000000 ---p 00000000 00:00 0 
78d8000000-78d8021000 rw-p 00000000 00:00 0 
78d8021000-78dc000000 ---p 00000000 00:00 0 
78dc000000-78dc938000 rw-p 00000000 00:00 0 
78dc938000-78e0000000 ---p 00000000 00:00 0 
78e0000000-78e0b81000 rw-p 00000000 00:00 0 
78e0b81000-78e4000000 ---p 00000000 00:00 0 
78e4000000-78e4021000 rw-p 00000000 00:00 0 
78e4021000-78e8000000 ---p 00000000 00:00 0 
78e8000000-78e8021000 rw-p 00000000 00:00 0 
78e8021000-78ec000000 ---p 00000000 00:00 0 
78ec000000-78ec021000 rw-p 00000000 00:00 0 
78ec021000-78f0000000 ---p 00000000 00:00 0 
78f0000000-78f0021000 rw-p 00000000 00:00 0 
78f0021000-78f4000000 ---p 00000000 00:00 0 
78f4000000-78f4021000 rw-p 00000000 00:00 0 
78f4021000-78f8000000 ---p 00000000 00:00 0 
78f8000000-78f8021000 rw-p 00000000 00:00 0 
78f8021000-78fc000000 ---p 00000000 00:00 0 
78fc000000-78fc021000 rw-p 00000000 00:00 0 
78fc021000-7900000000 ---p 00000000 00:00 0 
7904000000-7904021000 rw-p 00000000 00:00 0 
7904021000-7908000000 ---p 00000000 00:00 0 
790c000000-790c021000 rw-p 00000000 00:00 0 
790c021000-7910000000 ---p 00000000 00:00 0 
7912789000-7912b00000 rw-p 00000000 00:00 0 
7912b00000-7912c00000 ---p 00000000 00:00 0 
7912c00000-7912e00000 rw-p 00000000 00:00 0 
7912e00000-7913000000 rw-p 00000000 00:00 0 
7913000000-7913200000 rw-p 00000000 00:00 0 
7913200000-7913400000 rw-p 00000000 00:00 0 
7913400000-7913600000 rw-p 00000000 00:00 0 
7913600000-7913800000 rw-p 00000000 00:00 0 
7913800000-7913a00000 rw-p 00000000 00:00 0 
7913a00000-7913c00000 rw-p 00000000 00:00 0 
7913c00000-7913e00000 rw-p 00000000 00:00 0 
7913e00000-7914000000 rw-p 00000000 00:00 0 
7914000000-7914021000 rw-p 00000000 00:00 0 
7914021000-7918000000 ---p 00000000 00:00 0 
791807d000-791807e000 r--s 0000a000 fe:4c 3183532                        /data/data/com.m4coding.ide/files/0/home/test/.gradle/caches/modules-2/files-2.1/androidx.collection/collection/1.1.0/1f27220b47669781457de0d600849a5de0e89909/collection-1.1.0.jar
791807e000-791807f000 r--s 00005000 fe:4c 3259023                        /data/data/com.m4coding.ide/files/0/home/test/.gradle/caches/transforms-2/files-2.1/66ed65fbc7eec6756f401a33cbdcf9f8/lifecycle-runtime-2.4.0-api.jar
791807f000-7918080000 r--s 00014000 fe:4c 3259002                        /data/data/com.m4coding.ide/files/0/home/test/.gradle/caches/transforms-2/files-2.1/43706e0c3452950fe6e8ffdc4594125b/loader-1.0.0-api.jar
7918080000-7918082000 r--s 00013000 fe:4c 3259045                        /data/data/com.m4coding.ide/files/0/home/test/.gradle/caches/transforms-2/files-2.1/c025d4ce8b983e5e58b31a5e9ccd7e66/customview-1.1.0-api.jar
7918082000-7918084000 r--s 00012000 fe:4c 3258966                        /data/data/com.m4coding.ide/files/0/home/test/.gradle/caches/transforms-2/files-2.1/eacacf83e429a7b01e630f41c24036c4/drawerlayout-1.1.1-api.jar
7918084000-7918086000 r--s 00006000 fe:4c 3214485                        /data/data/com.m4coding.ide/files/0/home/test/.gradle/caches/modules-2/files-2.1/androidx.annotation/annotation/1.3.0/21f49f5f9b85fc49de712539f79123119740595/annotation-1.3.0.jar
7918086000-7918088000 r--s 00004000 fe:4c 3259017                        /data/data/com.m4coding.ide/files/0/home/test/.gradle/caches/transforms-2/files-2.1/04747761ee1b58791064a66dd8d90d79/jetified-savedstate-1.1.0-api.jar
7918088000-791809a000 r--s 00207000 fe:4c 3259008                        /data/data/com.m4coding.ide/files/0/home/test/.gradle/caches/transforms-2/files-2.1/57d8d68d59a1f317a26c7c2d5d3fc418/core-1.7.0-api.jar
791809a000-79180a5000 r--s 00194000 fe:4c 3258977                        /data/data/com.m4coding.ide/files/0/home/test/.gradle/caches/transforms-2/files-2.1/d06fc1aedfd9f32c4ea1d8b81a11f56e/appcompat-1.4.1-api.jar
79180a5000-79180ad000 r--s 00029000 fe:4c 3257457                        /data/data/com.m4coding.ide/files/0/home/test/.gradle/caches/transforms-2/files-2.1/c4930067e1f52a10ace1fdcba3988286/jetified-kotlin-stdlib-common-1.6.10.jar
79180ad000-79180c2000 r--s 0015c000 fe:4c 3257501                        /data/data/com.m4coding.ide/files/0/home/test/.gradle/caches/transforms-2/files-2.1/d2a4578cba051b18813322e279371552/jetified-kotlin-stdlib-1.6.10.jar
79180c2000-79180c6000 r--s 0005f000 fe:4c 3258975                        /data/data/com.m4coding.ide/files/0/home/test/.gradle/caches/transforms-2/files-2.1/f983677aba979e4b0f500ff66928db6a/jetified-core-ktx-1.7.0-api.jar
79180c6000-79181f3000 r--s 018b5000 fe:4c 1292906                        /data/data/com.m4coding.ide/files/0/opt/android_sdk/platforms/android-33/android.jar
79181f3000-79181f5000 r--s 00005000 fe:4c 3272007                        /data/data/com.m4coding.ide/files/0/home/test/.gradle/caches/transforms-2/files-2.1/3ef137d8441a332f7c8b9bef38c528f2/jetified-image-1.0.0-beta1-api.jar
79181f5000-79181f8000 r--s 00024000 fe:4c 3258971                        /data/data/com.m4coding.ide/files/0/home/test/.gradle/caches/transforms-2/files-2.1/ec2d28095094cf428abf485fcc436ec3/jetified-activity-1.2.4-api.jar
79181f8000-79183f8000 rw-p 00000000 00:00 0 
79183f8000-79188cf000 rw-p 00000000 00:00 0 
79188cf000-7918acf000 rw-p 00000000 00:00 0 
7918acf000-7918ccf000 rw-p 00000000 00:00 0 
7918ccf000-7918ecf000 rw-p 00000000 00:00 0 
7918ecf000-79190cf000 rw-p 00000000 00:00 0 
79190cf000-7919290000 rw-p 00000000 00:00 0 
7919290000-79192a4000 r-xp 00000000 fe:4c 3132982                        /data/data/com.m4coding.ide/files/0/opt/java/jdk1.8.0_212/jre/lib/aarch64/libnet.so
79192a4000-79192b3000 ---p 00014000 fe:4c 3132982                        /data/data/com.m4coding.ide/files/0/opt/java/jdk1.8.0_212/jre/lib/aarch64/libnet.so
79192b3000-79192b4000 r--p 00013000 fe:4c 3132982                        /data/data/com.m4coding.ide/files/0/opt/java/jdk1.8.0_212/jre/lib/aarch64/libnet.so
79192b4000-79192b5000 rw-p 00014000 fe:4c 3132982                        /data/data/com.m4coding.ide/files/0/opt/java/jdk1.8.0_212/jre/lib/aarch64/libnet.so
79192b5000-79192c3000 r-xp 00000000 fe:4c 3132994                        /data/data/com.m4coding.ide/files/0/opt/java/jdk1.8.0_212/jre/lib/aarch64/libnio.so
79192c3000-79192d3000 ---p 0000e000 fe:4c 3132994                        /data/data/com.m4coding.ide/files/0/opt/java/jdk1.8.0_212/jre/lib/aarch64/libnio.so
79192d3000-79192d4000 r--p 0000e000 fe:4c 3132994                        /data/data/com.m4coding.ide/files/0/opt/java/jdk1.8.0_212/jre/lib/aarch64/libnio.so
79192d4000-79192d5000 rw-p 0000f000 fe:4c 3132994                        /data/data/com.m4coding.ide/files/0/opt/java/jdk1.8.0_212/jre/lib/aarch64/libnio.so
79192d5000-791934f000 r--s 010fd000 fe:4c 3133072                        /data/data/com.m4coding.ide/files/0/opt/java/jdk1.8.0_212/lib/tools.jar
791934f000-791935a000 r--s 00081000 fe:4c 3149391                        /data/data/com.m4coding.ide/files/0/home/test/.gradle/caches/modules-2/files-2.1/org.jetbrains.intellij.deps/trove4j/1.0.20181211/216c2e14b070f334479d800987affe4054cd563f/trove4j-1.0.20181211.jar
791935a000-791936f000 r--s 0015c000 fe:4c 3257143                        /data/data/com.m4coding.ide/files/0/home/test/.gradle/caches/modules-2/files-2.1/org.jetbrains.kotlin/kotlin-stdlib/1.6.10/b8af3fe6f1ca88526914929add63cf5e7c5049af/kotlin-stdlib-1.6.10.jar
791936f000-79193ac000 r--s 002a9000 fe:4c 3259089                        /data/data/com.m4coding.ide/files/0/home/test/.gradle/caches/modules-2/files-2.1/org.jetbrains.kotlin/kotlin-reflect/1.6.10/1cbe9c92c12a94eea200d23c2bbaedaf3daf5132/kotlin-reflect-1.6.10.jar
79193ac000-791940c000 rw-p 00000000 00:00 0 
791940c000-79196e3000 r--s 02cd5000 fe:4c 3150451                        /data/data/com.m4coding.ide/files/0/home/test/.gradle/caches/modules-2/files-2.1/org.jetbrains.kotlin/kotlin-compiler-embeddable/1.6.10/88f2073f4020cdb83132cfe940ceb9a60aba54ea/kotlin-compiler-embeddable-1.6.10.jar
79196e3000-79196e4000 ---p 00000000 00:00 0 
79196e4000-79197e4000 rw-p 00000000 00:00 0 
79197e4000-79197e7000 ---p 00000000 00:00 0 
79197e7000-79198e4000 rw-p 00000000 00:00 0 
79198e4000-79198e5000 ---p 00000000 00:00 0 
79198e5000-79198e8000 ---p 00000000 00:00 0 
79198e8000-79199e5000 rw-p 00000000 00:00 0 
79199e5000-79199e6000 ---p 00000000 00:00 0 
79199e6000-79199e9000 ---p 00000000 00:00 0 
79199e9000-7919ae6000 rw-p 00000000 00:00 0 
7919ae6000-7919ae9000 ---p 00000000 00:00 0 
7919ae9000-7919be6000 rw-p 00000000 00:00 0 
7919be6000-7919be9000 ---p 00000000 00:00 0 
7919be9000-7919ce6000 rw-p 00000000 00:00 0 
7919ce6000-7919ce9000 ---p 00000000 00:00 0 
7919ce9000-7919de6000 rw-p 00000000 00:00 0 
7919de6000-7919de7000 ---p 00000000 00:00 0 
7919de7000-791c000000 rw-p 00000000 00:00 0 
791c000000-791c021000 rw-p 00000000 00:00 0 
791c021000-7920000000 ---p 00000000 00:00 0 
7920000000-7920001000 r--s 00005000 fe:4c 3259030                        /data/data/com.m4coding.ide/files/0/home/test/.gradle/caches/transforms-2/files-2.1/f11ecf4727875866808d5afa2e1dddc5/lifecycle-viewmodel-2.3.1-api.jar
7920001000-7920002000 r--s 00005000 fe:4c 3214516                        /data/data/com.m4coding.ide/files/0/home/test/.gradle/caches/modules-2/files-2.1/androidx.lifecycle/lifecycle-common/2.4.0/1fdb7349701e9cf2f0a69fc10642b6fef6bb3e12/lifecycle-common-2.4.0.jar
7920002000-7920007000 r--s 00099000 fe:4c 3258969                        /data/data/com.m4coding.ide/files/0/home/test/.gradle/caches/transforms-2/files-2.1/8640f39bad4866853a0c151268275a41/fragment-1.3.6-api.jar
7920007000-7920014000 r--s 000a5000 fe:4c 3105238                        /data/data/com.m4coding.ide/files/0/home/test/.gradle/caches/modules-2/files-2.1/org.jetbrains.kotlin/kotlin-daemon-embeddable/1.6.10/a56d79bcbea411fa6058e4ecffc2de73e742bd2a/kotlin-daemon-embeddable-1.6.10.jar
7920014000-7920216000 rw-p 00000000 00:00 0 
7920216000-79203f0000 r--s 03d6d000 fe:4c 3133022                        /data/data/com.m4coding.ide/files/0/opt/java/jdk1.8.0_212/jre/lib/rt.jar
79203f0000-7924000000 rw-p 00000000 00:00 0 
7924000000-7924021000 rw-p 00000000 00:00 0 
7924021000-7928000000 ---p 00000000 00:00 0 
7928000000-7928001000 r--s 00002000 fe:4c 3259034                        /data/data/com.m4coding.ide/files/0/home/test/.gradle/caches/transforms-2/files-2.1/9841b258e7386adc54537f8f54aa6067/jetified-annotation-experimental-1.1.0-api.jar
7928001000-7928002000 r--s 00005000 fe:4c 3257470                        /data/data/com.m4coding.ide/files/0/home/test/.gradle/caches/transforms-2/files-2.1/49174759b7d01aab624e86fe4528b17b/jetified-kotlin-stdlib-jdk7-1.6.10.jar
7928002000-7928003000 r--s 00003000 fe:4c 3257454                        /data/data/com.m4coding.ide/files/0/home/test/.gradle/caches/transforms-2/files-2.1/a3dc0f9925757dea6e590cd02ad837bc/jetified-kotlin-stdlib-jdk8-1.6.10.jar
7928003000-7928005000 r--s 00003000 fe:4c 3241535                        /data/data/com.m4coding.ide/files/0/opt/android_sdk/build-tools/30.0.2/core-lambda-stubs.jar
7928005000-792800a000 r--s 000a3000 fe:4c 3133017                        /data/data/com.m4coding.ide/files/0/opt/java/jdk1.8.0_212/jre/lib/jsse.jar
792800a000-7928577000 rw-p 00000000 00:00 0 
7928577000-7928578000 ---p 00000000 00:00 0 
7928578000-7928678000 rw-p 00000000 00:00 0 
7928678000-7928679000 ---p 00000000 00:00 0 
7928679000-7928779000 rw-p 00000000 00:00 0 
7928779000-792877a000 ---p 00000000 00:00 0 
792877a000-792887a000 rw-p 00000000 00:00 0 
792887a000-792887b000 ---p 00000000 00:00 0 
792887b000-792897b000 rw-p 00000000 00:00 0 
792897b000-792897c000 ---p 00000000 00:00 0 
792897c000-7928a7c000 rw-p 00000000 00:00 0 
7928a7c000-7928a7d000 ---p 00000000 00:00 0 
7928a7d000-7928b7d000 rw-p 00000000 00:00 0 
7928b7d000-7928b7e000 ---p 00000000 00:00 0 
7928b7e000-7928c7e000 rw-p 00000000 00:00 0 
7928c7e000-7928c7f000 ---p 00000000 00:00 0 
7928c7f000-7928db5000 rw-p 00000000 00:00 0 
7928db5000-7929000000 ---p 00000000 00:00 0 
7929000000-79292c0000 rwxp 00000000 00:00 0 
79292c0000-792c000000 ---p 00000000 00:00 0 
792c000000-792d364000 rw-p 00000000 00:00 0 
792d364000-7930000000 ---p 00000000 00:00 0 
7930000000-7930001000 r--s 00000000 fe:4c 3270843                        /data/data/com.m4coding.ide/files/0/home/test/.gradle/caches/transforms-2/files-2.1/8e3506833ef0eb76546cdbe33d23659b/jetified-firebase-annotations-16.0.0.jar
7930001000-7930009000 r--s 00029000 fe:4c 3257142                        /data/data/com.m4coding.ide/files/0/home/test/.gradle/caches/modules-2/files-2.1/org.jetbrains.kotlin/kotlin-stdlib-common/1.6.10/c118700e3a33c8a0d9adc920e9dec0831171925/kotlin-stdlib-common-1.6.10.jar
7930009000-793012a000 rw-p 00000000 00:00 0 
793012a000-7930374000 ---p 00000000 00:00 0 
7930374000-79303e8000 rw-p 00000000 00:00 0 
79303e8000-79304b5000 ---p 00000000 00:00 0 
79304b5000-79304c1000 rw-p 00000000 00:00 0 
79304c1000-7930576000 ---p 00000000 00:00 0 
7930576000-793058d000 r-xp 00000000 fe:4c 3133000                        /data/data/com.m4coding.ide/files/0/opt/java/jdk1.8.0_212/jre/lib/aarch64/libzip.so
793058d000-793059c000 ---p 00017000 fe:4c 3133000                        /data/data/com.m4coding.ide/files/0/opt/java/jdk1.8.0_212/jre/lib/aarch64/libzip.so
793059c000-793059d000 r--p 00016000 fe:4c 3133000                        /data/data/com.m4coding.ide/files/0/opt/java/jdk1.8.0_212/jre/lib/aarch64/libzip.so
793059d000-793059e000 rw-p 00017000 fe:4c 3133000                        /data/data/com.m4coding.ide/files/0/opt/java/jdk1.8.0_212/jre/lib/aarch64/libzip.so
793059e000-79305a6000 rw-s 00000000 fe:4c 2908155                        /data/data/com.m4coding.ide/files/0/tmp/hsperfdata_test/18073
79305a6000-79305b0000 r-xp 00000000 fe:4c 3132263                        /data/data/com.m4coding.ide/files/0/lib/aarch64-linux-gnu/libnss_files-2.27.so
79305b0000-79305bf000 ---p 0000a000 fe:4c 3132263                        /data/data/com.m4coding.ide/files/0/lib/aarch64-linux-gnu/libnss_files-2.27.so
79305bf000-79305c0000 r--p 00009000 fe:4c 3132263                        /data/data/com.m4coding.ide/files/0/lib/aarch64-linux-gnu/libnss_files-2.27.so
79305c0000-79305c1000 rw-p 0000a000 fe:4c 3132263                        /data/data/com.m4coding.ide/files/0/lib/aarch64-linux-gnu/libnss_files-2.27.so
79305c1000-79305c7000 rw-p 00000000 00:00 0 
79305c7000-79305d9000 r-xp 00000000 fe:4c 3132292                        /data/data/com.m4coding.ide/files/0/lib/aarch64-linux-gnu/libnsl-2.27.so
79305d9000-79305e8000 ---p 00012000 fe:4c 3132292                        /data/data/com.m4coding.ide/files/0/lib/aarch64-linux-gnu/libnsl-2.27.so
79305e8000-79305e9000 r--p 00011000 fe:4c 3132292                        /data/data/com.m4coding.ide/files/0/lib/aarch64-linux-gnu/libnsl-2.27.so
79305e9000-79305ea000 rw-p 00012000 fe:4c 3132292                        /data/data/com.m4coding.ide/files/0/lib/aarch64-linux-gnu/libnsl-2.27.so
79305ea000-79305ec000 rw-p 00000000 00:00 0 
79305ec000-79305f6000 r-xp 00000000 fe:4c 3132370                        /data/data/com.m4coding.ide/files/0/lib/aarch64-linux-gnu/libnss_nis-2.27.so
79305f6000-7930605000 ---p 0000a000 fe:4c 3132370                        /data/data/com.m4coding.ide/files/0/lib/aarch64-linux-gnu/libnss_nis-2.27.so
7930605000-7930606000 r--p 00009000 fe:4c 3132370                        /data/data/com.m4coding.ide/files/0/lib/aarch64-linux-gnu/libnss_nis-2.27.so
7930606000-7930607000 rw-p 0000a000 fe:4c 3132370                        /data/data/com.m4coding.ide/files/0/lib/aarch64-linux-gnu/libnss_nis-2.27.so
7930607000-793060e000 r-xp 00000000 fe:4c 3132366                        /data/data/com.m4coding.ide/files/0/lib/aarch64-linux-gnu/libnss_compat-2.27.so
793060e000-793061d000 ---p 00007000 fe:4c 3132366                        /data/data/com.m4coding.ide/files/0/lib/aarch64-linux-gnu/libnss_compat-2.27.so
793061d000-793061e000 r--p 00006000 fe:4c 3132366                        /data/data/com.m4coding.ide/files/0/lib/aarch64-linux-gnu/libnss_compat-2.27.so
793061e000-793061f000 rw-p 00007000 fe:4c 3132366                        /data/data/com.m4coding.ide/files/0/lib/aarch64-linux-gnu/libnss_compat-2.27.so
793061f000-7930620000 r--s 00010000 fe:4c 3132924                        /data/data/com.m4coding.ide/files/0/opt/java/jdk1.8.0_212/jre/lib/ext/zipfs.jar
7930620000-7930624000 r--s 0016d000 fe:4c 3126599                        /data/data/com.m4coding.ide/files/0/home/test/.gradle/caches/modules-2/files-2.1/net.java.dev.jna/jna/5.6.0/330f2244e9030119ab3030fc3fededc86713d9cc/jna-5.6.0.jar
7930624000-793064d000 r-xp 00000000 fe:4c 3132983                        /data/data/com.m4coding.ide/files/0/opt/java/jdk1.8.0_212/jre/lib/aarch64/libjava.so
793064d000-793065d000 ---p 00029000 fe:4c 3132983                        /data/data/com.m4coding.ide/files/0/opt/java/jdk1.8.0_212/jre/lib/aarch64/libjava.so
793065d000-793065e000 r--p 00029000 fe:4c 3132983                        /data/data/com.m4coding.ide/files/0/opt/java/jdk1.8.0_212/jre/lib/aarch64/libjava.so
793065e000-7930660000 rw-p 0002a000 fe:4c 3132983                        /data/data/com.m4coding.ide/files/0/opt/java/jdk1.8.0_212/jre/lib/aarch64/libjava.so
7930660000-793066c000 r-xp 00000000 fe:4c 3132962                        /data/data/com.m4coding.ide/files/0/opt/java/jdk1.8.0_212/jre/lib/aarch64/libverify.so
793066c000-793067b000 ---p 0000c000 fe:4c 3132962                        /data/data/com.m4coding.ide/files/0/opt/java/jdk1.8.0_212/jre/lib/aarch64/libverify.so
793067b000-793067d000 r--p 0000b000 fe:4c 3132962                        /data/data/com.m4coding.ide/files/0/opt/java/jdk1.8.0_212/jre/lib/aarch64/libverify.so
793067d000-793067e000 rw-p 0000d000 fe:4c 3132962                        /data/data/com.m4coding.ide/files/0/opt/java/jdk1.8.0_212/jre/lib/aarch64/libverify.so
793067e000-7930684000 r-xp 00000000 fe:4c 3132258                        /data/data/com.m4coding.ide/files/0/lib/aarch64-linux-gnu/librt-2.27.so
7930684000-7930693000 ---p 00006000 fe:4c 3132258                        /data/data/com.m4coding.ide/files/0/lib/aarch64-linux-gnu/librt-2.27.so
7930693000-7930694000 r--p 00005000 fe:4c 3132258                        /data/data/com.m4coding.ide/files/0/lib/aarch64-linux-gnu/librt-2.27.so
7930694000-7930695000 rw-p 00006000 fe:4c 3132258                        /data/data/com.m4coding.ide/files/0/lib/aarch64-linux-gnu/librt-2.27.so
7930695000-7930696000 ---p 00000000 00:00 0 
7930696000-7930699000 ---p 00000000 00:00 0 
7930699000-7930796000 rw-p 00000000 00:00 0 
7930796000-793083f000 r-xp 00000000 fe:4c 3132362                        /data/data/com.m4coding.ide/files/0/lib/aarch64-linux-gnu/libm-2.27.so
793083f000-793084e000 ---p 000a9000 fe:4c 3132362                        /data/data/com.m4coding.ide/files/0/lib/aarch64-linux-gnu/libm-2.27.so
793084e000-793084f000 r--p 000a8000 fe:4c 3132362                        /data/data/com.m4coding.ide/files/0/lib/aarch64-linux-gnu/libm-2.27.so
793084f000-7930850000 rw-p 000a9000 fe:4c 3132362                        /data/data/com.m4coding.ide/files/0/lib/aarch64-linux-gnu/libm-2.27.so
7930850000-793117d000 r-xp 00000000 fe:4c 3132972                        /data/data/com.m4coding.ide/files/0/opt/java/jdk1.8.0_212/jre/lib/aarch64/server/libjvm.so
793117d000-793118d000 ---p 0092d000 fe:4c 3132972                        /data/data/com.m4coding.ide/files/0/opt/java/jdk1.8.0_212/jre/lib/aarch64/server/libjvm.so
793118d000-7931203000 r--p 0092d000 fe:4c 3132972                        /data/data/com.m4coding.ide/files/0/opt/java/jdk1.8.0_212/jre/lib/aarch64/server/libjvm.so
7931203000-7931233000 rw-p 009a3000 fe:4c 3132972                        /data/data/com.m4coding.ide/files/0/opt/java/jdk1.8.0_212/jre/lib/aarch64/server/libjvm.so
7931233000-7931283000 rw-p 00000000 00:00 0 
7931283000-79313c3000 r-xp 00000000 fe:4c 3132371                        /data/data/com.m4coding.ide/files/0/lib/aarch64-linux-gnu/libc-2.27.so
79313c3000-79313d2000 ---p 00140000 fe:4c 3132371                        /data/data/com.m4coding.ide/files/0/lib/aarch64-linux-gnu/libc-2.27.so
79313d2000-79313d6000 r--p 0013f000 fe:4c 3132371                        /data/data/com.m4coding.ide/files/0/lib/aarch64-linux-gnu/libc-2.27.so
79313d6000-79313d8000 rw-p 00143000 fe:4c 3132371                        /data/data/com.m4coding.ide/files/0/lib/aarch64-linux-gnu/libc-2.27.so
79313d8000-79313dc000 rw-p 00000000 00:00 0 
79313dc000-79313df000 r-xp 00000000 fe:4c 3132241                        /data/data/com.m4coding.ide/files/0/lib/aarch64-linux-gnu/libdl-2.27.so
79313df000-79313ef000 ---p 00003000 fe:4c 3132241                        /data/data/com.m4coding.ide/files/0/lib/aarch64-linux-gnu/libdl-2.27.so
79313ef000-79313f0000 r--p 00003000 fe:4c 3132241                        /data/data/com.m4coding.ide/files/0/lib/aarch64-linux-gnu/libdl-2.27.so
79313f0000-79313f1000 rw-p 00004000 fe:4c 3132241                        /data/data/com.m4coding.ide/files/0/lib/aarch64-linux-gnu/libdl-2.27.so
79313f1000-7931406000 r-xp 00000000 fe:4c 3132966                        /data/data/com.m4coding.ide/files/0/opt/java/jdk1.8.0_212/jre/lib/aarch64/jli/libjli.so
7931406000-7931415000 ---p 00015000 fe:4c 3132966                        /data/data/com.m4coding.ide/files/0/opt/java/jdk1.8.0_212/jre/lib/aarch64/jli/libjli.so
7931415000-7931416000 r--p 00014000 fe:4c 3132966                        /data/data/com.m4coding.ide/files/0/opt/java/jdk1.8.0_212/jre/lib/aarch64/jli/libjli.so
7931416000-7931417000 rw-p 00015000 fe:4c 3132966                        /data/data/com.m4coding.ide/files/0/opt/java/jdk1.8.0_212/jre/lib/aarch64/jli/libjli.so
7931417000-793142e000 r-xp 00000000 fe:4c 3132280                        /data/data/com.m4coding.ide/files/0/lib/aarch64-linux-gnu/libpthread-2.27.so
793142e000-793143d000 ---p 00017000 fe:4c 3132280                        /data/data/com.m4coding.ide/files/0/lib/aarch64-linux-gnu/libpthread-2.27.so
793143d000-793143e000 r--p 00016000 fe:4c 3132280                        /data/data/com.m4coding.ide/files/0/lib/aarch64-linux-gnu/libpthread-2.27.so
793143e000-793143f000 rw-p 00017000 fe:4c 3132280                        /data/data/com.m4coding.ide/files/0/lib/aarch64-linux-gnu/libpthread-2.27.so
793143f000-7931445000 rw-p 00000000 00:00 0 
7931445000-7931447000 r--s 00003000 fe:4c 3149406                        /data/data/com.m4coding.ide/files/0/home/test/.gradle/caches/modules-2/files-2.1/org.jetbrains/annotations/13.0/919f0dfe192fb4e063e7dacadee7f8bb9a2672a9/annotations-13.0.jar
7931447000-7931449000 r--s 00009000 fe:4c 3259090                        /data/data/com.m4coding.ide/files/0/home/test/.gradle/caches/modules-2/files-2.1/org.jetbrains.kotlin/kotlin-script-runtime/1.6.10/d0a7ff2e2500ef497ed0214ae40ad3c8387a6164/kotlin-script-runtime-1.6.10.jar
7931449000-793144a000 r--p 00000000 00:00 0 
793144a000-793144c000 r--p 00000000 00:00 0                              [vvar]
793144c000-793144d000 r-xp 00000000 00:00 0                              [vdso]
7fc732a000-7fc734b000 rw-p 00000000 00:00 0                              [stack]

VM Arguments:
java_command: org.jetbrains.kotlin.cli.jvm.K2JVMCompiler @/storage/internal_new/project/TranslateKomik/app/build/20260524_8351555171084941391.compiler.options
java_class_path (initial): /home/test/.gradle/caches/modules-2/files-2.1/org.jetbrains.kotlin/kotlin-compiler-embeddable/1.6.10/88f2073f4020cdb83132cfe940ceb9a60aba54ea/kotlin-compiler-embeddable-1.6.10.jar:/home/test/.gradle/caches/modules-2/files-2.1/org.jetbrains.kotlin/kotlin-reflect/1.6.10/1cbe9c92c12a94eea200d23c2bbaedaf3daf5132/kotlin-reflect-1.6.10.jar:/home/test/.gradle/caches/modules-2/files-2.1/org.jetbrains.kotlin/kotlin-stdlib/1.6.10/b8af3fe6f1ca88526914929add63cf5e7c5049af/kotlin-stdlib-1.6.10.jar:/home/test/.gradle/caches/modules-2/files-2.1/org.jetbrains.kotlin/kotlin-script-runtime/1.6.10/d0a7ff2e2500ef497ed0214ae40ad3c8387a6164/kotlin-script-runtime-1.6.10.jar:/home/test/.gradle/caches/modules-2/files-2.1/org.jetbrains.kotlin/kotlin-daemon-embeddable/1.6.10/a56d79bcbea411fa6058e4ecffc2de73e742bd2a/kotlin-daemon-embeddable-1.6.10.jar:/home/test/.gradle/caches/modules-2/files-2.1/org.jetbrains.intellij.deps/trove4j/1.0.20181211/216c2e14b070f334479d800987affe4054cd563f/trove4j-1.0.20181211.jar:/home/test/.gradle/caches/modules-2/files-2.1/net.java.dev.jna/jna/5.6.0/330f2244e9030119ab3030fc3fededc86713d9cc/jna-5.6.0.jar:/home/test/.gradle/caches/modules-2/files-2.1/org.jetbrains/annotations/13.0/919f0dfe192fb4e063e7dacadee7f8bb9a2672a9/annotations-13.0.jar:/home/test/.gradle/caches/modules-2/files-2.1/org.jetbrains.kotlin/kotlin-stdlib-common/1.6.10/c118700e3a33c8a0d9adc920e9dec0831171925/kotlin-stdlib-common-1.6.10.jar:/opt/java/jdk1.8.0_212/lib/tools.jar
Launcher Type: SUN_STANDARD

Environment Variables:
JAVA_HOME=/opt/java/jdk1.8.0_212
PATH=/opt/android_sdk/platform-tools:/opt/android_sdk/tools/bin:/opt/android_sdk/tools:/opt/java/jdk1.8.0_212/bin:/opt/gradle/gradle-6.1.1/bin:/usr/local/sbin:/usr/local/bin:/usr/sbin:/usr/bin:/sbin:/bin:/usr/games:/usr/local/games
SHELL=/bin/bash

Signal Handlers:
SIGSEGV: [libjvm.so+0x88d8b8], sa_mask[0]=11111111011111111101111111111110, sa_flags=SA_RESTART|SA_SIGINFO
SIGBUS: [libjvm.so+0x88d8b8], sa_mask[0]=11111111011111111101111111111110, sa_flags=SA_RESTART|SA_SIGINFO
SIGFPE: [libjvm.so+0x715108], sa_mask[0]=11111111011111111101111111111110, sa_flags=SA_RESTART|SA_SIGINFO
SIGPIPE: [libjvm.so+0x715108], sa_mask[0]=11111111011111111101111111111110, sa_flags=SA_RESTART|SA_SIGINFO
SIGXFSZ: [libjvm.so+0x715108], sa_mask[0]=11111111011111111101111111111110, sa_flags=SA_RESTART|SA_SIGINFO
SIGILL: [libjvm.so+0x715108], sa_mask[0]=11111111011111111101111111111110, sa_flags=SA_RESTART|SA_SIGINFO
SIGUSR1: SIG_DFL, sa_mask[0]=00000000000000000000000000000000, sa_flags=none
SIGUSR2: [libjvm.so+0x714fe4], sa_mask[0]=00100000010010000000000000000000, sa_flags=SA_RESTART|SA_SIGINFO
SIGHUP: [libjvm.so+0x7151d0], sa_mask[0]=11111111011111111101111111111110, sa_flags=SA_RESTART|SA_SIGINFO
SIGINT: [libjvm.so+0x7151d0], sa_mask[0]=11111111011111111101111111111110, sa_flags=SA_RESTART|SA_SIGINFO
SIGTERM: [libjvm.so+0x7151d0], sa_mask[0]=11111111011111111101111111111110, sa_flags=SA_RESTART|SA_SIGINFO
SIGQUIT: [libjvm.so+0x7151d0], sa_mask[0]=11111111011111111101111111111110, sa_flags=SA_RESTART|SA_SIGINFO


---------------  S Y S T E M  ---------------

OS:DISTRIB_ID=Ubuntu
DISTRIB_RELEASE=18.04
DISTRIB_CODENAME=bionic
DISTRIB_DESCRIPTION="Ubuntu 18.04.2 LTS"

uname:Linux 5.10.237-android12-9-00014-gf82f7360927e-ab14119954 #1 SMP PREEMPT Wed Sep 17 09:13:52 UTC 2025 aarch64
libc:glibc 2.27 NPTL 2.27 
rlimit: STACK 8192k, CORE 0k, NPROC 27984, NOFILE 32768, AS infinity
load average:0.00 0.00 -nan

/proc/meminfo:
MemTotal:        7866536 kB
MemFree:          129068 kB
MemAvailable:    2744164 kB
Buffers:            2152 kB
Cached:          2699580 kB
SwapCached:       224636 kB
Active:          1651492 kB
Inactive:        3198320 kB
Active(anon):     574536 kB
Inactive(anon):  1786872 kB
Active(file):    1076956 kB
Inactive(file):  1411448 kB
Unevictable:      202448 kB
Mlocked:          202448 kB
SwapTotal:       7866532 kB
SwapFree:        5842356 kB
Dirty:              1568 kB
Writeback:             0 kB
AnonPages:       2261848 kB
Mapped:          1093224 kB
Shmem:             21888 kB
KReclaimable:     373928 kB
Slab:             625552 kB
SReclaimable:     263720 kB
SUnreclaim:       361832 kB
KernelStack:       98672 kB
ShadowCallStack:   24700 kB
PageTables:       176132 kB
NFS_Unstable:          0 kB
Bounce:                0 kB
WritebackTmp:          0 kB
CommitLimit:    11799800 kB
Committed_AS:   287898232 kB
VmallocTotal:   263061440 kB
VmallocUsed:      356188 kB
VmallocChunk:          0 kB
Percpu:            17696 kB
AnonHugePages:         0 kB
ShmemHugePages:        0 kB
ShmemPmdMapped:        0 kB
FileHugePages:         0 kB
FilePmdMapped:         0 kB
CmaTotal:         638976 kB
CmaFree:               0 kB


CPU:total 8 (initial active 8) AArch64

/proc/cpuinfo:
processor	: 0
BogoMIPS	: 26.00
Features	: fp asimd evtstrm aes pmull sha1 sha2 crc32 atomics fphp asimdhp cpuid asimdrdm lrcpc dcpop asimddp
CPU implementer	: 0x41
CPU architecture: 8
CPU variant	: 0x2
CPU part	: 0xd05
CPU revision	: 0

processor	: 1
BogoMIPS	: 26.00
Features	: fp asimd evtstrm aes pmull sha1 sha2 crc32 atomics fphp asimdhp cpuid asimdrdm lrcpc dcpop asimddp
CPU implementer	: 0x41
CPU architecture: 8
CPU variant	: 0x2
CPU part	: 0xd05
CPU revision	: 0

processor	: 2
BogoMIPS	: 26.00
Features	: fp asimd evtstrm aes pmull sha1 sha2 crc32 atomics fphp asimdhp cpuid asimdrdm lrcpc dcpop asimddp
CPU implementer	: 0x41
CPU architecture: 8
CPU variant	: 0x2
CPU part	: 0xd05
CPU revision	: 0

processor	: 3
BogoMIPS	: 26.00
Features	: fp asimd evtstrm aes pmull sha1 sha2 crc32 atomics fphp asimdhp cpuid asimdrdm lrcpc dcpop asimddp
CPU implementer	: 0x41
CPU architecture: 8
CPU variant	: 0x2
CPU part	: 0xd05
CPU revision	: 0

processor	: 4
BogoMIPS	: 26.00
Features	: fp asimd evtstrm aes pmull sha1 sha2 crc32 atomics fphp asimdhp cpuid asimdrdm lrcpc dcpop asimddp
CPU implementer	: 0x41
CPU architecture: 8
CPU variant	: 0x2
CPU part	: 0xd05
CPU revision	: 0

processor	: 5
BogoMIPS	: 26.00
Features	: fp asimd evtstrm aes pmull sha1 sha2 crc32 atomics fphp asimdhp cpuid asimdrdm lrcpc dcpop asimddp
CPU implementer	: 0x41
CPU architecture: 8
CPU variant	: 0x2
CPU part	: 0xd05
CPU revision	: 0

processor	: 6
BogoMIPS	: 26.00
Features	: fp asimd evtstrm aes pmull sha1 sha2 crc32 atomics fphp asimdhp cpuid asimdrdm lrcpc dcpop asimddp
CPU implementer	: 0x41
CPU architecture: 8
CPU variant	: 0x4
CPU part	: 0xd0b
CPU revision	: 0

processor	: 7
BogoMIPS	: 26.00
Features	: fp asimd evtstrm aes pmull sha1 sha2 crc32 atomics fphp asimdhp cpuid asimdrdm lrcpc dcpop asimddp
CPU implementer	: 0x41
CPU architecture: 8
CPU variant	: 0x4
CPU part	: 0xd0b
CPU revision	: 0



Memory: 4k page, physical 7866536k(129068k free), swap 7866532k(5842356k free)

vm_info: Java HotSpot(TM) 64-Bit Server VM (25.212-b10) for linux-aarch64 JRE (1.8.0_212-b10), built on Apr  1 2019 22:39:45 by "fedora" with gcc 4.8.3 20131111 (prerelease)

time: Sun May 24 06:57:28 2026
timezone: UTC
elapsed time: 19 seconds (0d 0h 0m 19s)

