#
# A fatal error has been detected by the Java Runtime Environment:
#
#  SIGSEGV (0xb) at pc=0x00000078dae74040, pid=25660, tid=0x00000078da6031f0
#
# JRE version: Java(TM) SE Runtime Environment (8.0_212-b10) (build 1.8.0_212-b10)
# Java VM: Java HotSpot(TM) 64-Bit Server VM (25.212-b10 mixed mode linux-aarch64 compressed oops)
# Problematic frame:
# V  [libjvm.so+0x7b6040]  SharedRuntime::resolve_sub_helper(JavaThread*, bool, bool, Thread*)+0x3a8
#
# Failed to write core dump. Core dumps have been disabled. To enable core dumping, try "ulimit -c unlimited" before starting Java again
#
# If you would like to submit a bug report, please visit:
#   http://bugreport.java.com/bugreport/crash.jsp
#

---------------  T H R E A D  ---------------

Current thread (0x00000078d400b800):  JavaThread "main" [_thread_in_vm, id=25663, stack(0x00000078da504000,0x00000078da604000)]

siginfo: si_signo: 11 (SIGSEGV), si_code: 1 (SEGV_MAPERR), si_addr: 0x0000000000000000

Registers:
  x0  = 0x00000078db0b047e
  x1  = 0x0000000000000007
  x2  = 0x0000000000000000
  x3  = 0x0000000000000001
  x4  = 0x0000000000000001
  x5  = 0x00000078aaba1c90
  x6  = 0x0000000000000007
  x7  = 0x00000078d400c6e0
  x8  = 0x00000078aaba1c90
  x9  = 0x00000078aac0fc50
  x10 = 0xfefefefefefefeff
  x11 = 0x7f7f7f7f7f7f7f7f
  x12 = 0x676e616c2f617661
  x13 = 0x3b7463656a624f2f
  x14 = 0x0000000000000011
  x15 = 0x000000000000000a
  x16 = 0x00000078db071250
  x17 = 0x00000078db2933b0
  x18 = 0x00000078da5fd517
  x19 = 0x00000078da5fd3f0
  x20 = 0x00000078d400c180
  x21 = 0x00000078d1298d50
  x22 = 0x00000078da5fd400
  x23 = 0x00000078da5fd590
  x24 = 0x00000078d400c1c0
  x25 = 0x00000078d400b800
  x26 = 0x00000000000003d8
  x27 = 0x00000078d400c1d0
  x28 = 0x00000078d400c5a8
  fp  = 0x00000078da5fcd20
  lr  = 0x00000078dae74024
  sp  = 0x00000078da5fcd20
  pc  = 0x00000078dae74040
  pstate = 0x0000000080001000

Top of Stack: (sp=0x00000078da5fcd20)
0x00000078da5fcd20:   00000078da5fd530 00000078dae741dc
0x00000078da5fcd30:   00000078da5fd850 00000078da5fd600
0x00000078da5fcd40:   00000078da5fd610 0000000000000001
0x00000078da5fcd50:   0000000000000001 00000078aabe99e7
0x00000078da5fcd60:   00000078d400b800 00000078d400b800
0x00000078da5fcd70:   0000000000000000 00000078d400b800
0x00000078da5fcd80:   00000000ffffff80 00000000ffffffd0
0x00000078da5fcd90:   00000078da5fd0e0 00000078da5fd0e0
0x00000078da5fcda0:   00000078da5fd0b0 ffffff80ffffffd0
0x00000078da5fcdb0:   00000078da5fd530 00000078fbad8001
0x00000078da5fcdc0:   00000078d4007528 00000078d4007528
0x00000078da5fcdd0:   00000078d4007528 00000078d4007528
0x00000078da5fcde0:   00000078d40075f9 00000078d4007627
0x00000078da5fcdf0:   00000078d4007528 00000078d4007627
0x00000078da5fce00:   0000000000000000 0000000000000000
0x00000078da5fce10:   0000000000000000 0000000000000000
0x00000078da5fce20:   0000000000000000 00000080dae75738
0x00000078da5fce30:   00000078da5fcf60 00000078dae82f0c
0x00000078da5fce40:   00000078da5fcfa0 00000078db0d0be0
0x00000078da5fce50:   00000078da5fda68 ffffffffffffffff
0x00000078da5fce60:   00000078da5fceb0 00000078db154930
0x00000078da5fce70:   0000000000000006 00000078db241330
0x00000078da5fce80:   00000078db2146b0 0000000000000000
0x00000078da5fce90:   00000078da5fd588 0000000000000020
0x00000078da5fcea0:   00000078db243000 00000078da5fd8f0
0x00000078da5fceb0:   00000078da5fcfd0 00000078dabb2010
0x00000078da5fcec0:   00000078db243000 00000078daf90350
0x00000078da5fced0:   00000078da5fcf40 00000078db137d70
0x00000078da5fcee0:   00000078db243000 00000078daf90350
0x00000078da5fcef0:   0000000000000041 00000078db240bf8
0x00000078da5fcf00:   00000078da6038e0 0000000000000020
0x00000078da5fcf10:   00000078da5fd560 d010ca0a1c0ac500 

Instructions: (pc=0x00000078dae74040)
0x00000078dae74020:   97ec24d0 b947aba0 f94403a2 7103a41f
0x00000078dae74030:   f943ffa3 54000600 90000fe0 f9405400
0x00000078dae74040:   f9400041 39400000 340004c0 d0000fc0
0x00000078dae74050:   f9407800 b9400822 b9400801 f9400000 

Register to memory mapping:

  x0  = 0x00000078db0b047e
0x00000078db0b047e: <offset 0x9f247e> in /opt/java/jdk1.8.0_212/jre/lib/aarch64/server/libjvm.so at 0x00000078da6be000

  x1  = 0x0000000000000007
0x0000000000000007 is an unknown value

  x2  = 0x0000000000000000
0x0000000000000000 is an unknown value

  x3  = 0x0000000000000001
0x0000000000000001 is an unknown value

  x4  = 0x0000000000000001
0x0000000000000001 is an unknown value

  x5  = 0x00000078aaba1c90
{method} {0x00000078aaba1c90} 'linkToSpecial' '(Ljava/lang/Object;Ljava/lang/Object;JLjava/lang/invoke/MemberName;)Ljava/lang/Object;' in 'java/lang/invoke/MethodHandle'

  x6  = 0x0000000000000007
0x0000000000000007 is an unknown value

  x7  = 0x00000078d400c6e0
0x00000078d400c6e0 is an unknown value

  x8  = 0x00000078aaba1c90
{method} {0x00000078aaba1c90} 'linkToSpecial' '(Ljava/lang/Object;Ljava/lang/Object;JLjava/lang/invoke/MemberName;)Ljava/lang/Object;' in 'java/lang/invoke/MethodHandle'

  x9  = 0x00000078aac0fc50
0x00000078aac0fc50 is pointing into metadata

  x10 = 0xfefefefefefefeff
0xfefefefefefefeff is an unknown value

  x11 = 0x7f7f7f7f7f7f7f7f
0x7f7f7f7f7f7f7f7f is an unknown value

  x12 = 0x676e616c2f617661
0x676e616c2f617661 is an unknown value

  x13 = 0x3b7463656a624f2f
0x3b7463656a624f2f is an unknown value

  x14 = 0x0000000000000011
0x0000000000000011 is an unknown value

  x15 = 0x000000000000000a
0x000000000000000a is an unknown value

  x16 = 0x00000078db071250
0x00000078db071250: <offset 0x9b3250> in /opt/java/jdk1.8.0_212/jre/lib/aarch64/server/libjvm.so at 0x00000078da6be000

  x17 = 0x00000078db2933b0
0x00000078db2933b0: pthread_getspecific+0 in /lib/aarch64-linux-gnu/libpthread.so.0 at 0x00000078db285000

  x18 = 0x00000078da5fd517
0x00000078da5fd517 is pointing into the stack for thread: 0x00000078d400b800

  x19 = 0x00000078da5fd3f0
0x00000078da5fd3f0 is pointing into the stack for thread: 0x00000078d400b800

  x20 = 0x00000078d400c180
0x00000078d400c180 is an unknown value

  x21 = 0x00000078d1298d50
0x00000078d1298d50 is at entry_point+-320 in (nmethod*)0x00000078d1298d50

  x22 = 0x00000078da5fd400
0x00000078da5fd400 is pointing into the stack for thread: 0x00000078d400b800

  x23 = 0x00000078da5fd590
0x00000078da5fd590 is pointing into the stack for thread: 0x00000078d400b800

  x24 = 0x00000078d400c1c0
0x00000078d400c1c0 is an unknown value

  x25 = 0x00000078d400b800
0x00000078d400b800 is a thread

  x26 = 0x00000000000003d8
0x00000000000003d8 is an unknown value

  x27 = 0x00000078d400c1d0
0x00000078d400c1d0 is an unknown value

  x28 = 0x00000078d400c5a8
0x00000078d400c5a8 is an unknown value

  fp  = 0x00000078da5fcd20
0x00000078da5fcd20 is pointing into the stack for thread: 0x00000078d400b800

  lr  = 0x00000078dae74024
0x00000078dae74024: <offset 0x7b6024> in /opt/java/jdk1.8.0_212/jre/lib/aarch64/server/libjvm.so at 0x00000078da6be000

  pc  = 0x00000078dae74040
0x00000078dae74040: <offset 0x7b6040> in /opt/java/jdk1.8.0_212/jre/lib/aarch64/server/libjvm.so at 0x00000078da6be000



Stack: [0x00000078da504000,0x00000078da604000],  sp=0x00000078da5fcd20,  free space=995k
Native frames: (J=compiled Java code, j=interpreted, Vv=VM code, C=native code)
V  [libjvm.so+0x7b6040]  SharedRuntime::resolve_sub_helper(JavaThread*, bool, bool, Thread*)+0x3a8
V  [libjvm.so+0x7b61dc]  SharedRuntime::resolve_helper(JavaThread*, bool, bool, Thread*)+0x48
V  [libjvm.so+0x7b68a0]  SharedRuntime::resolve_opt_virtual_call_C(JavaThread*)+0x44
v  ~RuntimeStub::resolve_opt_virtual_call
C  0x0000000000000240

Java frames: (J=compiled Java code, j=interpreted, Vv=VM code)
v  ~RuntimeStub::resolve_opt_virtual_call
J 1360 C2 org.jetbrains.kotlin.com.intellij.util.containers.ConcurrentIntObjectHashMap.tabAt([Lorg/jetbrains/kotlin/com/intellij/util/containers/ConcurrentIntObjectHashMap$Node;I)Lorg/jetbrains/kotlin/com/intellij/util/containers/ConcurrentIntObjectHashMap$Node; (33 bytes) @ 0x00000078d1298ebc [0x00000078d1298e90+0x2c]
j  org.jetbrains.kotlin.com.intellij.util.containers.ConcurrentIntObjectHashMap.get(I)Ljava/lang/Object;+31
j  org.jetbrains.kotlin.com.intellij.util.containers.ConcurrentIntKeyRefValueHashMap.get(I)Ljava/lang/Object;+5
j  org.jetbrains.kotlin.com.intellij.openapi.util.Key.getKeyByIndex(I)Lorg/jetbrains/kotlin/com/intellij/openapi/util/Key;+4
j  org.jetbrains.kotlin.com.intellij.util.keyFMap.ArrayBackedFMap.getKeysByIndices([I)[Lorg/jetbrains/kotlin/com/intellij/openapi/util/Key;+19
j  org.jetbrains.kotlin.com.intellij.util.keyFMap.ArrayBackedFMap.getKeys()[Lorg/jetbrains/kotlin/com/intellij/openapi/util/Key;+4
j  org.jetbrains.kotlin.util.slicedMap.SlicedMapImpl.lambda$forEach$0(Lkotlin/jvm/functions/Function3;Ljava/lang/Object;Lorg/jetbrains/kotlin/com/intellij/util/keyFMap/KeyFMap;)V+6
J 1199 C2 org.jetbrains.kotlin.util.slicedMap.OpenAddressLinearProbingHashTable.forEach(Ljava/util/function/BiConsumer;)V (74 bytes) @ 0x00000078d122e1b8 [0x00000078d122e130+0x88]
j  org.jetbrains.kotlin.util.slicedMap.SlicedMapImpl.forEach(Lkotlin/jvm/functions/Function3;)V+26
j  org.jetbrains.kotlin.resolve.BindingContextUtils.addOwnDataTo(Lorg/jetbrains/kotlin/resolve/BindingTrace;Lorg/jetbrains/kotlin/resolve/TraceEntryFilter;ZLorg/jetbrains/kotlin/util/slicedMap/MutableSlicedMap;Lorg/jetbrains/kotlin/resolve/diagnostics/MutableDiagnosticsWithSuppression;)V+26
j  org.jetbrains.kotlin.resolve.DelegatingBindingTrace.addOwnDataTo(Lorg/jetbrains/kotlin/resolve/BindingTrace;Lorg/jetbrains/kotlin/resolve/TraceEntryFilter;Z)V+21
j  org.jetbrains.kotlin.resolve.DelegatingBindingTrace.addOwnDataTo$default(Lorg/jetbrains/kotlin/resolve/DelegatingBindingTrace;Lorg/jetbrains/kotlin/resolve/BindingTrace;Lorg/jetbrains/kotlin/resolve/TraceEntryFilter;ZILjava/lang/Object;)V+38
j  org.jetbrains.kotlin.resolve.DelegatingBindingTrace.addOwnDataTo(Lorg/jetbrains/kotlin/resolve/BindingTrace;)V+14
j  org.jetbrains.kotlin.resolve.TemporaryBindingTrace.commit()V+5
j  org.jetbrains.kotlin.resolve.calls.context.TemporaryTraceAndCache.commit()V+4
j  org.jetbrains.kotlin.resolve.calls.CallExpressionResolver.getCallExpressionTypeInfoWithoutFinalTypeCheck(Lorg/jetbrains/kotlin/psi/KtCallExpression;Lorg/jetbrains/kotlin/resolve/scopes/receivers/Receiver;Lorg/jetbrains/kotlin/com/intellij/lang/ASTNode;Lorg/jetbrains/kotlin/types/expressions/ExpressionTypingContext;Lorg/jetbrains/kotlin/resolve/calls/smartcasts/DataFlowInfo;)Lorg/jetbrains/kotlin/types/expressions/KotlinTypeInfo;+127
j  org.jetbrains.kotlin.resolve.calls.CallExpressionResolver.getUnsafeSelectorTypeInfo(Lorg/jetbrains/kotlin/resolve/scopes/receivers/Receiver;Lorg/jetbrains/kotlin/com/intellij/lang/ASTNode;Lorg/jetbrains/kotlin/psi/KtExpression;Lorg/jetbrains/kotlin/types/expressions/ExpressionTypingContext;Lorg/jetbrains/kotlin/resolve/calls/smartcasts/DataFlowInfo;)Lorg/jetbrains/kotlin/types/expressions/KotlinTypeInfo;+22
j  org.jetbrains.kotlin.resolve.calls.CallExpressionResolver.getSafeOrUnsafeSelectorTypeInfo(Lorg/jetbrains/kotlin/resolve/scopes/receivers/Receiver;Lorg/jetbrains/kotlin/resolve/calls/CallExpressionElement;Lorg/jetbrains/kotlin/types/expressions/ExpressionTypingContext;)Lorg/jetbrains/kotlin/types/expressions/KotlinTypeInfo;+266
j  org.jetbrains.kotlin.resolve.calls.CallExpressionResolver.getQualifiedExpressionTypeInfo(Lorg/jetbrains/kotlin/psi/KtQualifiedExpression;Lorg/jetbrains/kotlin/types/expressions/ExpressionTypingContext;)Lorg/jetbrains/kotlin/types/expressions/KotlinTypeInfo;+483
j  org.jetbrains.kotlin.types.expressions.BasicExpressionTypingVisitor.visitQualifiedExpression(Lorg/jetbrains/kotlin/psi/KtQualifiedExpression;Lorg/jetbrains/kotlin/types/expressions/ExpressionTypingContext;)Lorg/jetbrains/kotlin/types/expressions/KotlinTypeInfo;+20
j  org.jetbrains.kotlin.types.expressions.ExpressionTypingVisitorDispatcher.visitQualifiedExpression(Lorg/jetbrains/kotlin/psi/KtQualifiedExpression;Lorg/jetbrains/kotlin/types/expressions/ExpressionTypingContext;)Lorg/jetbrains/kotlin/types/expressions/KotlinTypeInfo;+15
j  org.jetbrains.kotlin.types.expressions.ExpressionTypingVisitorDispatcher$ForBlock.visitQualifiedExpression(Lorg/jetbrains/kotlin/psi/KtQualifiedExpression;Ljava/lang/Object;)Ljava/lang/Object;+6
j  org.jetbrains.kotlin.psi.KtVisitor.visitDotQualifiedExpression(Lorg/jetbrains/kotlin/psi/KtDotQualifiedExpression;Ljava/lang/Object;)Ljava/lang/Object;+12
j  org.jetbrains.kotlin.psi.KtDotQualifiedExpression.accept(Lorg/jetbrains/kotlin/psi/KtVisitor;Ljava/lang/Object;)Ljava/lang/Object;+9
j  org.jetbrains.kotlin.types.expressions.ExpressionTypingVisitorDispatcher.lambda$getTypeInfo$0(Lorg/jetbrains/kotlin/psi/KtExpression;Lorg/jetbrains/kotlin/types/expressions/ExpressionTypingContext;Lorg/jetbrains/kotlin/psi/KtVisitor;)Lorg/jetbrains/kotlin/types/expressions/KotlinTypeInfo;+43
j  org.jetbrains.kotlin.types.expressions.ExpressionTypingVisitorDispatcher$$Lambda$144.invoke()Ljava/lang/Object;+16
j  org.jetbrains.kotlin.util.PerformanceCounter.time(Lkotlin/jvm/functions/Function0;)Ljava/lang/Object;+27
j  org.jetbrains.kotlin.types.expressions.ExpressionTypingVisitorDispatcher.getTypeInfo(Lorg/jetbrains/kotlin/psi/KtExpression;Lorg/jetbrains/kotlin/types/expressions/ExpressionTypingContext;Lorg/jetbrains/kotlin/psi/KtVisitor;)Lorg/jetbrains/kotlin/types/expressions/KotlinTypeInfo;+24
j  org.jetbrains.kotlin.types.expressions.ExpressionTypingVisitorDispatcher.getTypeInfo(Lorg/jetbrains/kotlin/psi/KtExpression;Lorg/jetbrains/kotlin/types/expressions/ExpressionTypingContext;)Lorg/jetbrains/kotlin/types/expressions/KotlinTypeInfo;+13
j  org.jetbrains.kotlin.types.expressions.ExpressionTypingVisitorForStatements.visitExpression(Lorg/jetbrains/kotlin/psi/KtExpression;Lorg/jetbrains/kotlin/types/expressions/ExpressionTypingContext;)Lorg/jetbrains/kotlin/types/expressions/KotlinTypeInfo;+15
j  org.jetbrains.kotlin.types.expressions.ExpressionTypingVisitorForStatements.visitExpression(Lorg/jetbrains/kotlin/psi/KtExpression;Ljava/lang/Object;)Ljava/lang/Object;+6
j  org.jetbrains.kotlin.psi.KtVisitor.visitQualifiedExpression(Lorg/jetbrains/kotlin/psi/KtQualifiedExpression;Ljava/lang/Object;)Ljava/lang/Object;+12
j  org.jetbrains.kotlin.psi.KtVisitor.visitDotQualifiedExpression(Lorg/jetbrains/kotlin/psi/KtDotQualifiedExpression;Ljava/lang/Object;)Ljava/lang/Object;+12
j  org.jetbrains.kotlin.psi.KtDotQualifiedExpression.accept(Lorg/jetbrains/kotlin/psi/KtVisitor;Ljava/lang/Object;)Ljava/lang/Object;+9
j  org.jetbrains.kotlin.types.expressions.ExpressionTypingVisitorDispatcher.lambda$getTypeInfo$0(Lorg/jetbrains/kotlin/psi/KtExpression;Lorg/jetbrains/kotlin/types/expressions/ExpressionTypingContext;Lorg/jetbrains/kotlin/psi/KtVisitor;)Lorg/jetbrains/kotlin/types/expressions/KotlinTypeInfo;+43
j  org.jetbrains.kotlin.types.expressions.ExpressionTypingVisitorDispatcher$$Lambda$144.invoke()Ljava/lang/Object;+16
j  org.jetbrains.kotlin.util.PerformanceCounter.time(Lkotlin/jvm/functions/Function0;)Ljava/lang/Object;+27
j  org.jetbrains.kotlin.types.expressions.ExpressionTypingVisitorDispatcher.getTypeInfo(Lorg/jetbrains/kotlin/psi/KtExpression;Lorg/jetbrains/kotlin/types/expressions/ExpressionTypingContext;Lorg/jetbrains/kotlin/psi/KtVisitor;)Lorg/jetbrains/kotlin/types/expressions/KotlinTypeInfo;+24
j  org.jetbrains.kotlin.types.expressions.ExpressionTypingVisitorDispatcher.getTypeInfo(Lorg/jetbrains/kotlin/psi/KtExpression;Lorg/jetbrains/kotlin/types/expressions/ExpressionTypingContext;Z)Lorg/jetbrains/kotlin/types/expressions/KotlinTypeInfo;+48
j  org.jetbrains.kotlin.types.expressions.ExpressionTypingServices.getTypeOfLastExpressionInBlock(Lorg/jetbrains/kotlin/psi/KtExpression;Lorg/jetbrains/kotlin/types/expressions/ExpressionTypingContext;Lorg/jetbrains/kotlin/types/expressions/CoercionStrategy;Lorg/jetbrains/kotlin/types/expressions/ExpressionTypingInternals;)Lorg/jetbrains/kotlin/types/expressions/KotlinTypeInfo;+196
j  org.jetbrains.kotlin.types.expressions.ExpressionTypingServices.getBlockReturnedTypeWithWritableScope(Lorg/jetbrains/kotlin/resolve/scopes/LexicalWritableScope;Ljava/util/List;Lorg/jetbrains/kotlin/types/expressions/CoercionStrategy;Lorg/jetbrains/kotlin/types/expressions/ExpressionTypingContext;)Lorg/jetbrains/kotlin/types/expressions/KotlinTypeInfo;+226
j  org.jetbrains.kotlin.types.expressions.ExpressionTypingServices.getBlockReturnedType(Lorg/jetbrains/kotlin/psi/KtBlockExpression;Lorg/jetbrains/kotlin/types/expressions/CoercionStrategy;Lorg/jetbrains/kotlin/types/expressions/ExpressionTypingContext;)Lorg/jetbrains/kotlin/types/expressions/KotlinTypeInfo;+143
j  org.jetbrains.kotlin.types.expressions.ExpressionTypingServices.getBlockReturnedType(Lorg/jetbrains/kotlin/psi/KtBlockExpression;Lorg/jetbrains/kotlin/types/expressions/ExpressionTypingContext;Z)Lorg/jetbrains/kotlin/types/expressions/KotlinTypeInfo;+16
j  org.jetbrains.kotlin.types.expressions.BasicExpressionTypingVisitor.visitBlockExpression(Lorg/jetbrains/kotlin/psi/KtBlockExpression;Lorg/jetbrains/kotlin/types/expressions/ExpressionTypingContext;)Lorg/jetbrains/kotlin/types/expressions/KotlinTypeInfo;+19
j  org.jetbrains.kotlin.types.expressions.ExpressionTypingVisitorDispatcher.visitBlockExpression(Lorg/jetbrains/kotlin/psi/KtBlockExpression;Lorg/jetbrains/kotlin/types/expressions/ExpressionTypingContext;)Lorg/jetbrains/kotlin/types/expressions/KotlinTypeInfo;+15
j  org.jetbrains.kotlin.types.expressions.ExpressionTypingVisitorDispatcher$ForDeclarations.visitBlockExpression(Lorg/jetbrains/kotlin/psi/KtBlockExpression;Ljava/lang/Object;)Ljava/lang/Object;+6
j  org.jetbrains.kotlin.psi.KtBlockExpression.accept(Lorg/jetbrains/kotlin/psi/KtVisitor;Ljava/lang/Object;)Ljava/lang/Object;+11
j  org.jetbrains.kotlin.types.expressions.ExpressionTypingVisitorDispatcher.lambda$getTypeInfo$0(Lorg/jetbrains/kotlin/psi/KtExpression;Lorg/jetbrains/kotlin/types/expressions/ExpressionTypingContext;Lorg/jetbrains/kotlin/psi/KtVisitor;)Lorg/jetbrains/kotlin/types/expressions/KotlinTypeInfo;+43
j  org.jetbrains.kotlin.types.expressions.ExpressionTypingVisitorDispatcher$$Lambda$144.invoke()Ljava/lang/Object;+16
j  org.jetbrains.kotlin.util.PerformanceCounter.time(Lkotlin/jvm/functions/Function0;)Ljava/lang/Object;+27
j  org.jetbrains.kotlin.types.expressions.ExpressionTypingVisitorDispatcher.getTypeInfo(Lorg/jetbrains/kotlin/psi/KtExpression;Lorg/jetbrains/kotlin/types/expressions/ExpressionTypingContext;Lorg/jetbrains/kotlin/psi/KtVisitor;)Lorg/jetbrains/kotlin/types/expressions/KotlinTypeInfo;+24
j  org.jetbrains.kotlin.types.expressions.ExpressionTypingVisitorDispatcher.getTypeInfo(Lorg/jetbrains/kotlin/psi/KtExpression;Lorg/jetbrains/kotlin/types/expressions/ExpressionTypingContext;)Lorg/jetbrains/kotlin/types/expressions/KotlinTypeInfo;+13
j  org.jetbrains.kotlin.types.expressions.ExpressionTypingServices.getTypeInfo(Lorg/jetbrains/kotlin/psi/KtExpression;Lorg/jetbrains/kotlin/resolve/calls/context/ResolutionContext;)Lorg/jetbrains/kotlin/types/expressions/KotlinTypeInfo;+27
j  org.jetbrains.kotlin.resolve.calls.tower.PSICallResolver.resolveValueArgument(Lorg/jetbrains/kotlin/resolve/calls/context/BasicCallResolutionContext;Lorg/jetbrains/kotlin/resolve/calls/smartcasts/DataFlowInfo;Lorg/jetbrains/kotlin/psi/ValueArgument;Z)Lorg/jetbrains/kotlin/resolve/calls/tower/PSIKotlinCallArgument;+299
j  org.jetbrains.kotlin.resolve.calls.tower.PSICallResolver.resolveArgumentsInParenthesis(Lorg/jetbrains/kotlin/resolve/calls/context/BasicCallResolutionContext;Ljava/util/List;Z)Ljava/util/List;+119
j  org.jetbrains.kotlin.resolve.calls.tower.PSICallResolver.toKotlinCall(Lorg/jetbrains/kotlin/resolve/calls/context/BasicCallResolutionContext;Lorg/jetbrains/kotlin/resolve/calls/model/KotlinCallKind;Lorg/jetbrains/kotlin/psi/Call;Lorg/jetbrains/kotlin/name/Name;Lorg/jetbrains/kotlin/resolve/calls/tasks/TracingStrategy;ZLorg/jetbrains/kotlin/resolve/scopes/receivers/Receiver;)Lorg/jetbrains/kotlin/resolve/calls/tower/PSIKotlinCallImpl;+164
j  org.jetbrains.kotlin.resolve.calls.tower.PSICallResolver.runResolutionAndInferenceForGivenCandidates(Lorg/jetbrains/kotlin/resolve/calls/context/BasicCallResolutionContext;Ljava/util/Collection;Lorg/jetbrains/kotlin/resolve/calls/tasks/TracingStrategy;)Lorg/jetbrains/kotlin/resolve/calls/results/OverloadResolutionResults;+210
j  org.jetbrains.kotlin.resolve.calls.CallResolver.doResolveCallOrGetCachedResults(Lorg/jetbrains/kotlin/resolve/calls/context/BasicCallResolutionContext;Lorg/jetbrains/kotlin/resolve/calls/CallResolver$ResolutionTask;Lorg/jetbrains/kotlin/resolve/calls/tasks/TracingStrategy;)Lorg/jetbrains/kotlin/resolve/calls/results/OverloadResolutionResults;+208
j  org.jetbrains.kotlin.resolve.calls.CallResolver.lambda$resolveCallWithKnownCandidate$4(Lorg/jetbrains/kotlin/resolve/calls/context/ResolutionContext;Lorg/jetbrains/kotlin/psi/Call;Lorg/jetbrains/kotlin/resolve/calls/model/MutableDataFlowInfoForArguments;Lorg/jetbrains/kotlin/resolve/calls/tasks/ResolutionCandidate;Lorg/jetbrains/kotlin/resolve/calls/tasks/TracingStrategy;)Lorg/jetbrains/kotlin/resolve/calls/results/OverloadResolutionResults;+45
j  org.jetbrains.kotlin.resolve.calls.CallResolver$$Lambda$179.invoke()Ljava/lang/Object;+24
j  org.jetbrains.kotlin.util.PerformanceCounter.time(Lkotlin/jvm/functions/Function0;)Ljava/lang/Object;+27
j  org.jetbrains.kotlin.resolve.calls.CallResolver.resolveCallWithKnownCandidate(Lorg/jetbrains/kotlin/psi/Call;Lorg/jetbrains/kotlin/resolve/calls/tasks/TracingStrategy;Lorg/jetbrains/kotlin/resolve/calls/context/ResolutionContext;Lorg/jetbrains/kotlin/resolve/calls/tasks/ResolutionCandidate;Lorg/jetbrains/kotlin/resolve/calls/model/MutableDataFlowInfoForArguments;)Lorg/jetbrains/kotlin/resolve/calls/results/OverloadResolutionResults;+53
j  org.jetbrains.kotlin.types.expressions.ControlStructureTypingUtils.resolveSpecialConstructionAsCall(Lorg/jetbrains/kotlin/psi/Call;Lorg/jetbrains/kotlin/descriptors/impl/SimpleFunctionDescriptorImpl;Lorg/jetbrains/kotlin/types/expressions/ControlStructureTypingUtils$ResolveConstruct;Lorg/jetbrains/kotlin/types/expressions/ExpressionTypingContext;Lorg/jetbrains/kotlin/resolve/calls/model/MutableDataFlowInfoForArguments;)Lorg/jetbrains/kotlin/resolve/calls/model/ResolvedCall;+89
j  org.jetbrains.kotlin.types.expressions.ControlStructureTypingUtils.resolveTryAsCall(Lorg/jetbrains/kotlin/psi/Call;Ljava/util/List;Lorg/jetbrains/kotlin/types/expressions/ExpressionTypingContext;Lorg/jetbrains/kotlin/resolve/calls/model/MutableDataFlowInfoForArguments;)Lorg/jetbrains/kotlin/resolve/calls/model/ResolvedCall;+198
j  org.jetbrains.kotlin.types.expressions.ControlStructureTypingVisitor.resolveTryExpressionWithNewInference(Lorg/jetbrains/kotlin/psi/KtTryExpression;Lorg/jetbrains/kotlin/types/expressions/ExpressionTypingContext;)Lorg/jetbrains/kotlin/types/expressions/KotlinTypeInfo;+278
j  org.jetbrains.kotlin.types.expressions.ControlStructureTypingVisitor.visitTryExpression(Lorg/jetbrains/kotlin/psi/KtTryExpression;Lorg/jetbrains/kotlin/types/expressions/ExpressionTypingContext;)Lorg/jetbrains/kotlin/types/expressions/KotlinTypeInfo;+42
j  org.jetbrains.kotlin.types.expressions.ExpressionTypingVisitorDispatcher.visitTryExpression(Lorg/jetbrains/kotlin/psi/KtTryExpression;Lorg/jetbrains/kotlin/types/expressions/ExpressionTypingContext;)Lorg/jetbrains/kotlin/types/expressions/KotlinTypeInfo;+15
j  org.jetbrains.kotlin.types.expressions.ExpressionTypingVisitorDispatcher$ForBlock.visitTryExpression(Lorg/jetbrains/kotlin/psi/KtTryExpression;Ljava/lang/Object;)Ljava/lang/Object;+6
j  org.jetbrains.kotlin.psi.KtTryExpression.accept(Lorg/jetbrains/kotlin/psi/KtVisitor;Ljava/lang/Object;)Ljava/lang/Object;+11
j  org.jetbrains.kotlin.types.expressions.ExpressionTypingVisitorDispatcher.lambda$getTypeInfo$0(Lorg/jetbrains/kotlin/psi/KtExpression;Lorg/jetbrains/kotlin/types/expressions/ExpressionTypingContext;Lorg/jetbrains/kotlin/psi/KtVisitor;)Lorg/jetbrains/kotlin/types/expressions/KotlinTypeInfo;+43
j  org.jetbrains.kotlin.types.expressions.ExpressionTypingVisitorDispatcher$$Lambda$144.invoke()Ljava/lang/Object;+16
j  org.jetbrains.kotlin.util.PerformanceCounter.time(Lkotlin/jvm/functions/Function0;)Ljava/lang/Object;+27
j  org.jetbrains.kotlin.types.expressions.ExpressionTypingVisitorDispatcher.getTypeInfo(Lorg/jetbrains/kotlin/psi/KtExpression;Lorg/jetbrains/kotlin/types/expressions/ExpressionTypingContext;Lorg/jetbrains/kotlin/psi/KtVisitor;)Lorg/jetbrains/kotlin/types/expressions/KotlinTypeInfo;+24
j  org.jetbrains.kotlin.types.expressions.ExpressionTypingVisitorDispatcher.getTypeInfo(Lorg/jetbrains/kotlin/psi/KtExpression;Lorg/jetbrains/kotlin/types/expressions/ExpressionTypingContext;)Lorg/jetbrains/kotlin/types/expressions/KotlinTypeInfo;+13
j  org.jetbrains.kotlin.types.expressions.ExpressionTypingVisitorForStatements.visitExpression(Lorg/jetbrains/kotlin/psi/KtExpression;Lorg/jetbrains/kotlin/types/expressions/ExpressionTypingContext;)Lorg/jetbrains/kotlin/types/expressions/KotlinTypeInfo;+15
j  org.jetbrains.kotlin.types.expressions.ExpressionTypingVisitorForStatements.visitExpression(Lorg/jetbrains/kotlin/psi/KtExpression;Ljava/lang/Object;)Ljava/lang/Object;+6
j  org.jetbrains.kotlin.psi.KtVisitor.visitTryExpression(Lorg/jetbrains/kotlin/psi/KtTryExpression;Ljava/lang/Object;)Ljava/lang/Object;+12
j  org.jetbrains.kotlin.psi.KtTryExpression.accept(Lorg/jetbrains/kotlin/psi/KtVisitor;Ljava/lang/Object;)Ljava/lang/Object;+11
j  org.jetbrains.kotlin.types.expressions.ExpressionTypingVisitorDispatcher.lambda$getTypeInfo$0(Lorg/jetbrains/kotlin/psi/KtExpression;Lorg/jetbrains/kotlin/types/expressions/ExpressionTypingContext;Lorg/jetbrains/kotlin/psi/KtVisitor;)Lorg/jetbrains/kotlin/types/expressions/KotlinTypeInfo;+43
j  org.jetbrains.kotlin.types.expressions.ExpressionTypingVisitorDispatcher$$Lambda$144.invoke()Ljava/lang/Object;+16
j  org.jetbrains.kotlin.util.PerformanceCounter.time(Lkotlin/jvm/functions/Function0;)Ljava/lang/Object;+27
j  org.jetbrains.kotlin.types.expressions.ExpressionTypingVisitorDispatcher.getTypeInfo(Lorg/jetbrains/kotlin/psi/KtExpression;Lorg/jetbrains/kotlin/types/expressions/ExpressionTypingContext;Lorg/jetbrains/kotlin/psi/KtVisitor;)Lorg/jetbrains/kotlin/types/expressions/KotlinTypeInfo;+24
j  org.jetbrains.kotlin.types.expressions.ExpressionTypingVisitorDispatcher.getTypeInfo(Lorg/jetbrains/kotlin/psi/KtExpression;Lorg/jetbrains/kotlin/types/expressions/ExpressionTypingContext;Z)Lorg/jetbrains/kotlin/types/expressions/KotlinTypeInfo;+48
j  org.jetbrains.kotlin.types.expressions.ExpressionTypingServices.getTypeOfLastExpressionInBlock(Lorg/jetbrains/kotlin/psi/KtExpression;Lorg/jetbrains/kotlin/types/expressions/ExpressionTypingContext;Lorg/jetbrains/kotlin/types/expressions/CoercionStrategy;Lorg/jetbrains/kotlin/types/expressions/ExpressionTypingInternals;)Lorg/jetbrains/kotlin/types/expressions/KotlinTypeInfo;+196
j  org.jetbrains.kotlin.types.expressions.ExpressionTypingServices.getBlockReturnedTypeWithWritableScope(Lorg/jetbrains/kotlin/resolve/scopes/LexicalWritableScope;Ljava/util/List;Lorg/jetbrains/kotlin/types/expressions/CoercionStrategy;Lorg/jetbrains/kotlin/types/expressions/ExpressionTypingContext;)Lorg/jetbrains/kotlin/types/expressions/KotlinTypeInfo;+226
j  org.jetbrains.kotlin.types.expressions.ExpressionTypingServices.getBlockReturnedType(Lorg/jetbrains/kotlin/psi/KtBlockExpression;Lorg/jetbrains/kotlin/types/expressions/CoercionStrategy;Lorg/jetbrains/kotlin/types/expressions/ExpressionTypingContext;)Lorg/jetbrains/kotlin/types/expressions/KotlinTypeInfo;+143
j  org.jetbrains.kotlin.types.expressions.ExpressionTypingServices.getBlockReturnedType(Lorg/jetbrains/kotlin/psi/KtBlockExpression;Lorg/jetbrains/kotlin/types/expressions/ExpressionTypingContext;Z)Lorg/jetbrains/kotlin/types/expressions/KotlinTypeInfo;+16
j  org.jetbrains.kotlin.types.expressions.ExpressionTypingVisitorForStatements.visitBlockExpression(Lorg/jetbrains/kotlin/psi/KtBlockExpression;Lorg/jetbrains/kotlin/types/expressions/ExpressionTypingContext;)Lorg/jetbrains/kotlin/types/expressions/KotlinTypeInfo;+19
j  org.jetbrains.kotlin.types.expressions.ExpressionTypingVisitorForStatements.visitBlockExpression(Lorg/jetbrains/kotlin/psi/KtBlockExpression;Ljava/lang/Object;)Ljava/lang/Object;+6
j  org.jetbrains.kotlin.psi.KtBlockExpression.accept(Lorg/jetbrains/kotlin/psi/KtVisitor;Ljava/lang/Object;)Ljava/lang/Object;+11
j  org.jetbrains.kotlin.types.expressions.ExpressionTypingVisitorDispatcher.lambda$getTypeInfo$0(Lorg/jetbrains/kotlin/psi/KtExpression;Lorg/jetbrains/kotlin/types/expressions/ExpressionTypingContext;Lorg/jetbrains/kotlin/psi/KtVisitor;)Lorg/jetbrains/kotlin/types/expressions/KotlinTypeInfo;+43
j  org.jetbrains.kotlin.types.expressions.ExpressionTypingVisitorDispatcher$$Lambda$144.invoke()Ljava/lang/Object;+16
j  org.jetbrains.kotlin.util.PerformanceCounter.time(Lkotlin/jvm/functions/Function0;)Ljava/lang/Object;+27
j  org.jetbrains.kotlin.types.expressions.ExpressionTypingVisitorDispatcher.getTypeInfo(Lorg/jetbrains/kotlin/psi/KtExpression;Lorg/jetbrains/kotlin/types/expressions/ExpressionTypingContext;Lorg/jetbrains/kotlin/psi/KtVisitor;)Lorg/jetbrains/kotlin/types/expressions/KotlinTypeInfo;+24
j  org.jetbrains.kotlin.types.expressions.ExpressionTypingVisitorDispatcher.getTypeInfo(Lorg/jetbrains/kotlin/psi/KtExpression;Lorg/jetbrains/kotlin/types/expressions/ExpressionTypingContext;Z)Lorg/jetbrains/kotlin/types/expressions/KotlinTypeInfo;+48
j  org.jetbrains.kotlin.types.expressions.ExpressionTypingServices.checkFunctionReturnType(Lorg/jetbrains/kotlin/psi/KtDeclarationWithBody;Lorg/jetbrains/kotlin/types/expressions/ExpressionTypingContext;)V+50
j  org.jetbrains.kotlin.types.expressions.ExpressionTypingServices.checkFunctionReturnType(Lorg/jetbrains/kotlin/resolve/scopes/LexicalScope;Lorg/jetbrains/kotlin/psi/KtDeclarationWithBody;Lorg/jetbrains/kotlin/descriptors/FunctionDescriptor;Lorg/jetbrains/kotlin/resolve/calls/smartcasts/DataFlowInfo;Lorg/jetbrains/kotlin/types/KotlinType;Lorg/jetbrains/kotlin/resolve/BindingTrace;Lorg/jetbrains/kotlin/types/expressions/ExpressionTypingContext;)V+130
j  org.jetbrains.kotlin.resolve.BodyResolver.resolveFunctionBody(Lorg/jetbrains/kotlin/resolve/calls/smartcasts/DataFlowInfo;Lorg/jetbrains/kotlin/resolve/BindingTrace;Lorg/jetbrains/kotlin/psi/KtDeclarationWithBody;Lorg/jetbrains/kotlin/descriptors/FunctionDescriptor;Lorg/jetbrains/kotlin/resolve/scopes/LexicalScope;Lkotlin/jvm/functions/Function1;Lkotlin/jvm/functions/Function1;Lorg/jetbrains/kotlin/types/expressions/ExpressionTypingContext;)V+344
j  org.jetbrains.kotlin.resolve.BodyResolver.resolveFunctionBody(Lorg/jetbrains/kotlin/resolve/calls/smartcasts/DataFlowInfo;Lorg/jetbrains/kotlin/resolve/BindingTrace;Lorg/jetbrains/kotlin/psi/KtDeclarationWithBody;Lorg/jetbrains/kotlin/descriptors/FunctionDescriptor;Lorg/jetbrains/kotlin/resolve/scopes/LexicalScope;Lorg/jetbrains/kotlin/types/expressions/ExpressionTypingContext;)V+69
j  org.jetbrains.kotlin.resolve.BodyResolver.resolveFunctionBodies(Lorg/jetbrains/kotlin/resolve/BodiesResolveContext;)V+198
j  org.jetbrains.kotlin.resolve.BodyResolver.resolveBehaviorDeclarationBodies(Lorg/jetbrains/kotlin/resolve/BodiesResolveContext;)V+36
j  org.jetbrains.kotlin.resolve.BodyResolver.resolveBodies(Lorg/jetbrains/kotlin/resolve/BodiesResolveContext;)V+11
j  org.jetbrains.kotlin.resolve.LazyTopDownAnalyzer.analyzeDeclarations(Lorg/jetbrains/kotlin/resolve/TopDownAnalysisMode;Ljava/util/Collection;Lorg/jetbrains/kotlin/resolve/calls/smartcasts/DataFlowInfo;Lorg/jetbrains/kotlin/types/expressions/ExpressionTypingContext;)Lorg/jetbrains/kotlin/resolve/TopDownAnalysisContext;+319
j  org.jetbrains.kotlin.resolve.LazyTopDownAnalyzer.analyzeDeclarations$default(Lorg/jetbrains/kotlin/resolve/LazyTopDownAnalyzer;Lorg/jetbrains/kotlin/resolve/TopDownAnalysisMode;Ljava/util/Collection;Lorg/jetbrains/kotlin/resolve/calls/smartcasts/DataFlowInfo;Lorg/jetbrains/kotlin/types/expressions/ExpressionTypingContext;ILjava/lang/Object;)Lorg/jetbrains/kotlin/resolve/TopDownAnalysisContext;+31
j  org.jetbrains.kotlin.cli.jvm.compiler.TopDownAnalyzerFacadeForJVM.analyzeFilesWithJavaIntegration(Lorg/jetbrains/kotlin/com/intellij/openapi/project/Project;Ljava/util/Collection;Lorg/jetbrains/kotlin/resolve/BindingTrace;Lorg/jetbrains/kotlin/config/CompilerConfiguration;Lkotlin/jvm/functions/Function1;Lkotlin/jvm/functions/Function2;Lorg/jetbrains/kotlin/com/intellij/psi/search/GlobalSearchScope;Ljava/util/List;Ljava/util/List;Ljava/util/List;)Lorg/jetbrains/kotlin/analyzer/AnalysisResult;+278
j  org.jetbrains.kotlin.cli.jvm.compiler.TopDownAnalyzerFacadeForJVM.analyzeFilesWithJavaIntegration$default(Lorg/jetbrains/kotlin/com/intellij/openapi/project/Project;Ljava/util/Collection;Lorg/jetbrains/kotlin/resolve/BindingTrace;Lorg/jetbrains/kotlin/config/CompilerConfiguration;Lkotlin/jvm/functions/Function1;Lkotlin/jvm/functions/Function2;Lorg/jetbrains/kotlin/com/intellij/psi/search/GlobalSearchScope;Ljava/util/List;Ljava/util/List;Ljava/util/List;ILjava/lang/Object;)Lorg/jetbrains/kotlin/analyzer/AnalysisResult;+92
j  org.jetbrains.kotlin.cli.jvm.compiler.KotlinToJVMBytecodeCompiler$analyze$1.invoke()Lorg/jetbrains/kotlin/analyzer/AnalysisResult;+285
j  org.jetbrains.kotlin.cli.jvm.compiler.KotlinToJVMBytecodeCompiler$analyze$1.invoke()Ljava/lang/Object;+1
j  org.jetbrains.kotlin.cli.common.messages.AnalyzerWithCompilerReport.analyzeAndReport(Ljava/util/Collection;Lkotlin/jvm/functions/Function0;)V+16
j  org.jetbrains.kotlin.cli.jvm.compiler.KotlinToJVMBytecodeCompiler.analyze(Lorg/jetbrains/kotlin/cli/jvm/compiler/KotlinCoreEnvironment;)Lorg/jetbrains/kotlin/analyzer/AnalysisResult;+146
j  org.jetbrains.kotlin.cli.jvm.compiler.KotlinToJVMBytecodeCompiler.compileModules$cli(Lorg/jetbrains/kotlin/cli/jvm/compiler/KotlinCoreEnvironment;Ljava/io/File;Ljava/util/List;Z)Z+420
j  org.jetbrains.kotlin.cli.jvm.compiler.KotlinToJVMBytecodeCompiler.compileModules$cli$default(Lorg/jetbrains/kotlin/cli/jvm/compiler/KotlinToJVMBytecodeCompiler;Lorg/jetbrains/kotlin/cli/jvm/compiler/KotlinCoreEnvironment;Ljava/io/File;Ljava/util/List;ZILjava/lang/Object;)Z+17
j  org.jetbrains.kotlin.cli.jvm.K2JVMCompiler.doExecute(Lorg/jetbrains/kotlin/cli/common/arguments/K2JVMCompilerArguments;Lorg/jetbrains/kotlin/config/CompilerConfiguration;Lorg/jetbrains/kotlin/com/intellij/openapi/Disposable;Lorg/jetbrains/kotlin/utils/KotlinPaths;)Lorg/jetbrains/kotlin/cli/common/ExitCode;+1235
j  org.jetbrains.kotlin.cli.jvm.K2JVMCompiler.doExecute(Lorg/jetbrains/kotlin/cli/common/arguments/CommonCompilerArguments;Lorg/jetbrains/kotlin/config/CompilerConfiguration;Lorg/jetbrains/kotlin/com/intellij/openapi/Disposable;Lorg/jetbrains/kotlin/utils/KotlinPaths;)Lorg/jetbrains/kotlin/cli/common/ExitCode;+9
j  org.jetbrains.kotlin.cli.common.CLICompiler.execImpl(Lorg/jetbrains/kotlin/cli/common/messages/MessageCollector;Lorg/jetbrains/kotlin/config/Services;Lorg/jetbrains/kotlin/cli/common/arguments/CommonCompilerArguments;)Lorg/jetbrains/kotlin/cli/common/ExitCode;+219
j  org.jetbrains.kotlin.cli.common.CLICompiler.execImpl(Lorg/jetbrains/kotlin/cli/common/messages/MessageCollector;Lorg/jetbrains/kotlin/config/Services;Lorg/jetbrains/kotlin/cli/common/arguments/CommonToolArguments;)Lorg/jetbrains/kotlin/cli/common/ExitCode;+7
j  org.jetbrains.kotlin.cli.common.CLITool.exec(Lorg/jetbrains/kotlin/cli/common/messages/MessageCollector;Lorg/jetbrains/kotlin/config/Services;Lorg/jetbrains/kotlin/cli/common/arguments/CommonToolArguments;)Lorg/jetbrains/kotlin/cli/common/ExitCode;+76
j  org.jetbrains.kotlin.cli.common.CLITool.exec(Ljava/io/PrintStream;Lorg/jetbrains/kotlin/config/Services;Lorg/jetbrains/kotlin/cli/common/messages/MessageRenderer;[Ljava/lang/String;)Lorg/jetbrains/kotlin/cli/common/ExitCode;+209
j  org.jetbrains.kotlin.cli.common.CLITool.exec(Ljava/io/PrintStream;Lorg/jetbrains/kotlin/cli/common/messages/MessageRenderer;[Ljava/lang/String;)Lorg/jetbrains/kotlin/cli/common/ExitCode;+25
j  org.jetbrains.kotlin.cli.common.CLITool$Companion.doMainNoExit(Lorg/jetbrains/kotlin/cli/common/CLITool;[Ljava/lang/String;Lorg/jetbrains/kotlin/cli/common/messages/MessageRenderer;)Lorg/jetbrains/kotlin/cli/common/ExitCode;+39
j  org.jetbrains.kotlin.cli.common.CLITool$Companion.doMainNoExit$default(Lorg/jetbrains/kotlin/cli/common/CLITool$Companion;Lorg/jetbrains/kotlin/cli/common/CLITool;[Ljava/lang/String;Lorg/jetbrains/kotlin/cli/common/messages/MessageRenderer;ILjava/lang/Object;)Lorg/jetbrains/kotlin/cli/common/ExitCode;+16
j  org.jetbrains.kotlin.cli.common.CLITool$Companion.doMain(Lorg/jetbrains/kotlin/cli/common/CLITool;[Ljava/lang/String;)V+57
j  org.jetbrains.kotlin.cli.jvm.K2JVMCompiler$Companion.main([Ljava/lang/String;)V+20
j  org.jetbrains.kotlin.cli.jvm.K2JVMCompiler.main([Ljava/lang/String;)V+4
v  ~StubRoutines::call_stub

---------------  P R O C E S S  ---------------

Java Threads: ( => current thread )
  0x00000078d40ce800 JavaThread "Service Thread" daemon [_thread_blocked, id=25694, stack(0x00000078ab4f9000,0x00000078ab5f9000)]
  0x00000078d40c4000 JavaThread "C2 CompilerThread1" daemon [_thread_blocked, id=25693, stack(0x00000078ab5fa000,0x00000078ab6fa000)]
  0x00000078d40c1000 JavaThread "C2 CompilerThread0" daemon [_thread_in_native, id=25692, stack(0x00000078ab6fb000,0x00000078ab7fb000)]
  0x00000078d40bf000 JavaThread "Signal Dispatcher" daemon [_thread_blocked, id=25691, stack(0x00000078ab7fb000,0x00000078ab8fb000)]
  0x00000078d408d800 JavaThread "Finalizer" daemon [_thread_blocked, id=25688, stack(0x00000078ab8fb000,0x00000078ab9fb000)]
  0x00000078d408b000 JavaThread "Reference Handler" daemon [_thread_blocked, id=25687, stack(0x00000078ab9fb000,0x00000078abafb000)]
=>0x00000078d400b800 JavaThread "main" [_thread_in_vm, id=25663, stack(0x00000078da504000,0x00000078da604000)]

Other Threads:
  0x00000078d4081800 VMThread [stack: 0x00000078abafc000,0x00000078abbfc000] [id=25686]
  0x00000078d40d1800 WatcherThread [stack: 0x00000078ab3f9000,0x00000078ab4f9000] [id=25696]

VM state:not at safepoint (normal execution)

VM Mutex/Monitor currently owned by a thread: None

heap address: 0x0000000087e00000, size: 1922 MB, Compressed Oops mode: 32-bit
Narrow klass base: 0x0000000000000000, Narrow klass shift: 3
Compressed class space size: 1073741824 Address: 0x0000000100000000

Heap:
 PSYoungGen      total 160256K, used 154434K [0x00000000d7f80000, 0x00000000e5d80000, 0x0000000100000000)
  eden space 140288K, 95% used [0x00000000d7f80000,0x00000000e02d1260,0x00000000e0880000)
  from space 19968K, 99% used [0x00000000e2200000,0x00000000e357f688,0x00000000e3580000)
  to   space 26112K, 0% used [0x00000000e0880000,0x00000000e0880000,0x00000000e2200000)
 ParOldGen       total 113664K, used 34582K [0x0000000087e00000, 0x000000008ed00000, 0x00000000d7f80000)
  object space 113664K, 30% used [0x0000000087e00000,0x0000000089fc5980,0x000000008ed00000)
 Metaspace       used 48260K, capacity 49156K, committed 49408K, reserved 1091584K
  class space    used 6286K, capacity 6560K, committed 6656K, reserved 1048576K

Card table byte_map: [0x00000078d9f62000,0x00000078da324000] byte_map_base: 0x00000078d9b23000

Marking Bits: (ParMarkBitMap*) 0x00000078db0beff8
 Begin Bits: [0x00000078b03f0000, 0x00000078b21f8000)
 End Bits:   [0x00000078b21f8000, 0x00000078b4000000)

Polling page: 0x00000078db2b7000

CodeCache: size=49152Kb used=2886Kb max_used=2921Kb free=46265Kb
 bounds [0x00000078d1000000, 0x00000078d12f0000, 0x00000078d4000000]
 total_blobs=1877 nmethods=1383 adapters=444
 compilation: enabled

Compilation events (10 events):
Event: 21.518 Thread 0x00000078d40c4000 nmethod 1543 0x00000078d124d290 code [0x00000078d124d3d0, 0x00000078d124d498]
Event: 21.518 Thread 0x00000078d40c4000 1544             org.jetbrains.kotlin.resolve.calls.inference.model.MutableConstraintStorage::getAllTypeVariables (5 bytes)
Event: 21.519 Thread 0x00000078d40c4000 nmethod 1544 0x00000078d11d4210 code [0x00000078d11d4340, 0x00000078d11d43a8]
Event: 21.519 Thread 0x00000078d40c4000 1545             java.util.AbstractList::listIterator (6 bytes)
Event: 21.520 Thread 0x00000078d40c4000 nmethod 1545 0x00000078d12d1250 code [0x00000078d12d1380, 0x00000078d12d1418]
Event: 21.567 Thread 0x00000078d40c4000 1546             org.jetbrains.kotlin.psi.psiUtil.PsiUtilsKt$parentsWithSelf$1::invoke (9 bytes)
Event: 21.570 Thread 0x00000078d40c4000 nmethod 1546 0x00000078d12d0ed0 code [0x00000078d12d1010, 0x00000078d12d1128]
Event: 21.570 Thread 0x00000078d40c4000 1547             org.jetbrains.kotlin.psi.psiUtil.PsiUtilsKt$parentsWithSelf$1::invoke (24 bytes)
Event: 21.572 Thread 0x00000078d40c4000 nmethod 1547 0x00000078d12d0bd0 code [0x00000078d12d0d10, 0x00000078d12d0de8]
Event: 21.575 Thread 0x00000078d40c4000 1548             org.jetbrains.kotlin.cli.jvm.compiler.NoScopeRecordCliBindingTrace::record (35 bytes)

GC Heap History (10 events):
Event: 3.757 GC heap before
{Heap before GC invocations=4 (full 1):
 PSYoungGen      total 67584K, used 5114K [0x00000000d7f80000, 0x00000000e0380000, 0x0000000100000000)
  eden space 62464K, 0% used [0x00000000d7f80000,0x00000000d7f80000,0x00000000dbc80000)
  from space 5120K, 99% used [0x00000000dbc80000,0x00000000dc17eac8,0x00000000dc180000)
  to   space 5120K, 0% used [0x00000000dfe80000,0x00000000dfe80000,0x00000000e0380000)
 ParOldGen       total 83456K, used 18176K [0x0000000087e00000, 0x000000008cf80000, 0x00000000d7f80000)
  object space 83456K, 21% used [0x0000000087e00000,0x0000000088fc02c8,0x000000008cf80000)
 Metaspace       used 20614K, capacity 21056K, committed 21248K, reserved 1067008K
  class space    used 2541K, capacity 2690K, committed 2816K, reserved 1048576K
Event: 3.823 GC heap after
Heap after GC invocations=4 (full 1):
 PSYoungGen      total 67584K, used 0K [0x00000000d7f80000, 0x00000000e0380000, 0x0000000100000000)
  eden space 62464K, 0% used [0x00000000d7f80000,0x00000000d7f80000,0x00000000dbc80000)
  from space 5120K, 0% used [0x00000000dbc80000,0x00000000dbc80000,0x00000000dc180000)
  to   space 5120K, 0% used [0x00000000dfe80000,0x00000000dfe80000,0x00000000e0380000)
 ParOldGen       total 74240K, used 16408K [0x0000000087e00000, 0x000000008c680000, 0x00000000d7f80000)
  object space 74240K, 22% used [0x0000000087e00000,0x0000000088e06118,0x000000008c680000)
 Metaspace       used 20614K, capacity 21056K, committed 21248K, reserved 1067008K
  class space    used 2541K, capacity 2690K, committed 2816K, reserved 1048576K
}
Event: 6.064 GC heap before
{Heap before GC invocations=5 (full 1):
 PSYoungGen      total 67584K, used 62464K [0x00000000d7f80000, 0x00000000e0380000, 0x0000000100000000)
  eden space 62464K, 100% used [0x00000000d7f80000,0x00000000dbc80000,0x00000000dbc80000)
  from space 5120K, 0% used [0x00000000dbc80000,0x00000000dbc80000,0x00000000dc180000)
  to   space 5120K, 0% used [0x00000000dfe80000,0x00000000dfe80000,0x00000000e0380000)
 ParOldGen       total 74240K, used 16408K [0x0000000087e00000, 0x000000008c680000, 0x00000000d7f80000)
  object space 74240K, 22% used [0x0000000087e00000,0x0000000088e06118,0x000000008c680000)
 Metaspace       used 29044K, capacity 29586K, committed 29952K, reserved 1075200K
  class space    used 4075K, capacity 4251K, committed 4352K, reserved 1048576K
Event: 6.092 GC heap after
Heap after GC invocations=5 (full 1):
 PSYoungGen      total 100864K, used 5112K [0x00000000d7f80000, 0x00000000e0380000, 0x0000000100000000)
  eden space 95744K, 0% used [0x00000000d7f80000,0x00000000d7f80000,0x00000000ddd00000)
  from space 5120K, 99% used [0x00000000dfe80000,0x00000000e037e110,0x00000000e0380000)
  to   space 5120K, 0% used [0x00000000df980000,0x00000000df980000,0x00000000dfe80000)
 ParOldGen       total 74240K, used 25445K [0x0000000087e00000, 0x000000008c680000, 0x00000000d7f80000)
  object space 74240K, 34% used [0x0000000087e00000,0x00000000896d95d8,0x000000008c680000)
 Metaspace       used 29044K, capacity 29586K, committed 29952K, reserved 1075200K
  class space    used 4075K, capacity 4251K, committed 4352K, reserved 1048576K
}
Event: 7.184 GC heap before
{Heap before GC invocations=6 (full 1):
 PSYoungGen      total 100864K, used 44993K [0x00000000d7f80000, 0x00000000e0380000, 0x0000000100000000)
  eden space 95744K, 41% used [0x00000000d7f80000,0x00000000da672320,0x00000000ddd00000)
  from space 5120K, 99% used [0x00000000dfe80000,0x00000000e037e110,0x00000000e0380000)
  to   space 5120K, 0% used [0x00000000df980000,0x00000000df980000,0x00000000dfe80000)
 ParOldGen       total 74240K, used 25445K [0x0000000087e00000, 0x000000008c680000, 0x00000000d7f80000)
  object space 74240K, 34% used [0x0000000087e00000,0x00000000896d95d8,0x000000008c680000)
 Metaspace       used 34740K, capacity 35220K, committed 35416K, reserved 1079296K
  class space    used 4643K, capacity 4802K, committed 4864K, reserved 1048576K
Event: 7.206 GC heap after
Heap after GC invocations=6 (full 1):
 PSYoungGen      total 130048K, used 5096K [0x00000000d7f80000, 0x00000000e3580000, 0x0000000100000000)
  eden space 124928K, 0% used [0x00000000d7f80000,0x00000000d7f80000,0x00000000df980000)
  from space 5120K, 99% used [0x00000000df980000,0x00000000dfe7a0c0,0x00000000dfe80000)
  to   space 19968K, 0% used [0x00000000e2200000,0x00000000e2200000,0x00000000e3580000)
 ParOldGen       total 74240K, used 35762K [0x0000000087e00000, 0x000000008c680000, 0x00000000d7f80000)
  object space 74240K, 48% used [0x0000000087e00000,0x000000008a0eca68,0x000000008c680000)
 Metaspace       used 34740K, capacity 35220K, committed 35416K, reserved 1079296K
  class space    used 4643K, capacity 4802K, committed 4864K, reserved 1048576K
}
Event: 7.206 GC heap before
{Heap before GC invocations=7 (full 2):
 PSYoungGen      total 130048K, used 5096K [0x00000000d7f80000, 0x00000000e3580000, 0x0000000100000000)
  eden space 124928K, 0% used [0x00000000d7f80000,0x00000000d7f80000,0x00000000df980000)
  from space 5120K, 99% used [0x00000000df980000,0x00000000dfe7a0c0,0x00000000dfe80000)
  to   space 19968K, 0% used [0x00000000e2200000,0x00000000e2200000,0x00000000e3580000)
 ParOldGen       total 74240K, used 35762K [0x0000000087e00000, 0x000000008c680000, 0x00000000d7f80000)
  object space 74240K, 48% used [0x0000000087e00000,0x000000008a0eca68,0x000000008c680000)
 Metaspace       used 34740K, capacity 35220K, committed 35416K, reserved 1079296K
  class space    used 4643K, capacity 4802K, committed 4864K, reserved 1048576K
Event: 7.310 GC heap after
Heap after GC invocations=7 (full 2):
 PSYoungGen      total 130048K, used 0K [0x00000000d7f80000, 0x00000000e3580000, 0x0000000100000000)
  eden space 124928K, 0% used [0x00000000d7f80000,0x00000000d7f80000,0x00000000df980000)
  from space 5120K, 0% used [0x00000000df980000,0x00000000df980000,0x00000000dfe80000)
  to   space 19968K, 0% used [0x00000000e2200000,0x00000000e2200000,0x00000000e3580000)
 ParOldGen       total 113664K, used 28990K [0x0000000087e00000, 0x000000008ed00000, 0x00000000d7f80000)
  object space 113664K, 25% used [0x0000000087e00000,0x0000000089a4f998,0x000000008ed00000)
 Metaspace       used 34740K, capacity 35220K, committed 35416K, reserved 1079296K
  class space    used 4643K, capacity 4802K, committed 4864K, reserved 1048576K
}
Event: 13.711 GC heap before
{Heap before GC invocations=8 (full 2):
 PSYoungGen      total 130048K, used 124928K [0x00000000d7f80000, 0x00000000e3580000, 0x0000000100000000)
  eden space 124928K, 100% used [0x00000000d7f80000,0x00000000df980000,0x00000000df980000)
  from space 5120K, 0% used [0x00000000df980000,0x00000000df980000,0x00000000dfe80000)
  to   space 19968K, 0% used [0x00000000e2200000,0x00000000e2200000,0x00000000e3580000)
 ParOldGen       total 113664K, used 28990K [0x0000000087e00000, 0x000000008ed00000, 0x00000000d7f80000)
  object space 113664K, 25% used [0x0000000087e00000,0x0000000089a4f998,0x000000008ed00000)
 Metaspace       used 42888K, capacity 43612K, committed 44032K, reserved 1087488K
  class space    used 5616K, capacity 5836K, committed 5888K, reserved 1048576K
Event: 13.740 GC heap after
Heap after GC invocations=8 (full 2):
 PSYoungGen      total 160256K, used 19965K [0x00000000d7f80000, 0x00000000e5d80000, 0x0000000100000000)
  eden space 140288K, 0% used [0x00000000d7f80000,0x00000000d7f80000,0x00000000e0880000)
  from space 19968K, 99% used [0x00000000e2200000,0x00000000e357f688,0x00000000e3580000)
  to   space 26112K, 0% used [0x00000000e0880000,0x00000000e0880000,0x00000000e2200000)
 ParOldGen       total 113664K, used 34582K [0x0000000087e00000, 0x000000008ed00000, 0x00000000d7f80000)
  object space 113664K, 30% used [0x0000000087e00000,0x0000000089fc5980,0x000000008ed00000)
 Metaspace       used 42888K, capacity 43612K, committed 44032K, reserved 1087488K
  class space    used 5616K, capacity 5836K, committed 5888K, reserved 1048576K
}

Deoptimization events (10 events):
Event: 20.768 Thread 0x00000078d400b800 Uncommon trap: reason=class_check action=maybe_recompile pc=0x00000078d11d4390 method=org.jetbrains.kotlin.resolve.calls.tower.PSIKotlinCallsKt.getPsiKotlinCall(Lorg/jetbrains/kotlin/resolve/calls/model/KotlinCall;)Lorg/jetbrains/kotlin/resolve/calls/towe
Event: 20.783 Thread 0x00000078d400b800 Uncommon trap: reason=bimorphic action=maybe_recompile pc=0x00000078d11b08cc method=org.jetbrains.org.objectweb.asm.ClassReader.readField(Lorg/jetbrains/org/objectweb/asm/ClassVisitor;Lorg/jetbrains/org/objectweb/asm/Context;I)I @ 332
Event: 20.785 Thread 0x00000078d400b800 Uncommon trap: reason=class_check action=maybe_recompile pc=0x00000078d11d4390 method=org.jetbrains.kotlin.resolve.calls.tower.PSIKotlinCallsKt.getPsiKotlinCall(Lorg/jetbrains/kotlin/resolve/calls/model/KotlinCall;)Lorg/jetbrains/kotlin/resolve/calls/towe
Event: 20.836 Thread 0x00000078d400b800 Uncommon trap: reason=unstable_if action=reinterpret pc=0x00000078d124d50c method=java.util.concurrent.ConcurrentHashMap.clear()V @ 32
Event: 20.847 Thread 0x00000078d400b800 Uncommon trap: reason=class_check action=maybe_recompile pc=0x00000078d11d4390 method=org.jetbrains.kotlin.resolve.calls.tower.PSIKotlinCallsKt.getPsiKotlinCall(Lorg/jetbrains/kotlin/resolve/calls/model/KotlinCall;)Lorg/jetbrains/kotlin/resolve/calls/towe
Event: 20.849 Thread 0x00000078d400b800 Uncommon trap: reason=class_check action=maybe_recompile pc=0x00000078d11d4390 method=org.jetbrains.kotlin.resolve.calls.tower.PSIKotlinCallsKt.getPsiKotlinCall(Lorg/jetbrains/kotlin/resolve/calls/model/KotlinCall;)Lorg/jetbrains/kotlin/resolve/calls/towe
Event: 20.930 Thread 0x00000078d400b800 Uncommon trap: reason=unstable_if action=reinterpret pc=0x00000078d11bcebc method=org.jetbrains.kotlin.types.AbstractStrictEqualityTypeChecker.strictEqualSimpleTypes(Lorg/jetbrains/kotlin/types/model/TypeSystemContext;Lorg/jetbrains/kotlin/types/model/Sim
Event: 21.402 Thread 0x00000078d400b800 Uncommon trap: reason=predicate action=maybe_recompile pc=0x00000078d12cb684 method=org.jetbrains.kotlin.types.checker.NewCapturedTypeKt.captureArguments(Lorg/jetbrains/kotlin/types/UnwrappedType;Lorg/jetbrains/kotlin/types/model/CaptureStatus;)Ljava/util
Event: 21.440 Thread 0x00000078d400b800 Uncommon trap: reason=unstable_if action=reinterpret pc=0x00000078d1224f44 method=java.util.HashMap.hash(Ljava/lang/Object;)I @ 1
Event: 21.579 Thread 0x00000078d400b800 Uncommon trap: reason=class_check action=maybe_recompile pc=0x00000078d12994a0 method=org.jetbrains.kotlin.com.intellij.openapi.util.Key.getKeyByIndex(I)Lorg/jetbrains/kotlin/com/intellij/openapi/util/Key; @ 9

Classes redefined (0 events):
No events

Internal exceptions (10 events):
Event: 14.666 Thread 0x00000078d400b800 Implicit null exception at 0x00000078d113e830 to 0x00000078d113e8dc
Event: 14.703 Thread 0x00000078d400b800 Implicit null exception at 0x00000078d10a4e9c to 0x00000078d10a4f24
Event: 14.703 Thread 0x00000078d400b800 Implicit null exception at 0x00000078d10772f4 to 0x00000078d1077364
Event: 14.893 Thread 0x00000078d400b800 Exception <a 'java/lang/IncompatibleClassChangeError': Found class java.lang.Object, but interface was expected> (0x00000000da440928) thrown at [/HUDSON/workspace/8-2-build-glinux-arm64/jdk8u212/12974/hotspot/src/share/vm/interpreter/linkResolver.cpp, lin
Event: 16.713 Thread 0x00000078d400b800 Implicit null exception at 0x00000078d1087868 to 0x00000078d1087a68
Event: 17.239 Thread 0x00000078d400b800 Implicit null exception at 0x00000078d11bb2d4 to 0x00000078d11bb7a8
Event: 17.904 Thread 0x00000078d400b800 Implicit null exception at 0x00000078d11ecca0 to 0x00000078d11ed044
Event: 19.188 Thread 0x00000078d400b800 Implicit null exception at 0x00000078d108136c to 0x00000078d10816e4
Event: 19.236 Thread 0x00000078d400b800 Implicit null exception at 0x00000078d10793ac to 0x00000078d1079724
Event: 21.440 Thread 0x00000078d400b800 Implicit null exception at 0x00000078d1224dc8 to 0x00000078d1224f28

Events (10 events):
Event: 21.574 Executing VM operation: ForceSafepoint done
Event: 21.575 Executing VM operation: ForceSafepoint
Event: 21.575 Executing VM operation: ForceSafepoint done
Event: 21.577 Executing VM operation: ForceSafepoint
Event: 21.577 Executing VM operation: ForceSafepoint done
Event: 21.578 Executing VM operation: ForceSafepoint
Event: 21.578 Executing VM operation: ForceSafepoint done
Event: 21.579 Thread 0x00000078d400b800 Uncommon trap: trap_request=0xffffffde fr.pc=0x00000078d12994a0
Event: 21.579 Thread 0x00000078d400b800 DEOPT PACKING pc=0x00000078d12994a0 sp=0x00000078da5fda10
Event: 21.579 Thread 0x00000078d400b800 DEOPT UNPACKING pc=0x00000078d1002684 sp=0x00000078da5fd960 mode 2


Dynamic libraries:
00400000-00401000 r-xp 00000000 fe:4c 3133056                            /data/data/com.m4coding.ide/files/0/opt/java/jdk1.8.0_212/jre/bin/java
00410000-00411000 r--p 00000000 fe:4c 3133056                            /data/data/com.m4coding.ide/files/0/opt/java/jdk1.8.0_212/jre/bin/java
00411000-00412000 rw-p 00001000 fe:4c 3133056                            /data/data/com.m4coding.ide/files/0/opt/java/jdk1.8.0_212/jre/bin/java
00412000-00434000 rw-p 00000000 00:00 0 
87e00000-8ed00000 rw-p 00000000 00:00 0 
8ed00000-d7f80000 ---p 00000000 00:00 0 
d7f80000-e5d80000 rw-p 00000000 00:00 0 
e5d80000-100000000 ---p 00000000 00:00 0 
100000000-100680000 rw-p 00000000 00:00 0 
100680000-140000000 ---p 00000000 00:00 0 
2000000000-2000001000 r-xp 00000000 fe:4c 3017506                        /data/app/~~JG6KgFjXDiiLCmJp5un9-Q==/com.m4coding.ide-1pAfsPGveDDrg1ANQg8CIA==/lib/arm64/lib_loader.so
3f00000000-3f0001d000 r-xp 00000000 fe:4c 3132303                        /data/data/com.m4coding.ide/files/0/lib/aarch64-linux-gnu/ld-2.27.so
3f0002c000-3f0002d000 r--p 0001c000 fe:4c 3132303                        /data/data/com.m4coding.ide/files/0/lib/aarch64-linux-gnu/ld-2.27.so
3f0002d000-3f0002f000 rw-p 0001d000 fe:4c 3132303                        /data/data/com.m4coding.ide/files/0/lib/aarch64-linux-gnu/ld-2.27.so
7884000000-7884021000 rw-p 00000000 00:00 0 
7884021000-7888000000 ---p 00000000 00:00 0 
788c000000-788c885000 rw-p 00000000 00:00 0 
788c885000-7890000000 ---p 00000000 00:00 0 
7890000000-7890021000 rw-p 00000000 00:00 0 
7890021000-7894000000 ---p 00000000 00:00 0 
7894000000-7894021000 rw-p 00000000 00:00 0 
7894021000-7898000000 ---p 00000000 00:00 0 
7898000000-7898a4f000 rw-p 00000000 00:00 0 
7898a4f000-789c000000 ---p 00000000 00:00 0 
789c000000-789c021000 rw-p 00000000 00:00 0 
789c021000-78a0000000 ---p 00000000 00:00 0 
78a0000000-78a0021000 rw-p 00000000 00:00 0 
78a0021000-78a4000000 ---p 00000000 00:00 0 
78a4000000-78a4021000 rw-p 00000000 00:00 0 
78a4021000-78a8000000 ---p 00000000 00:00 0 
78a8625000-78a889c000 rw-p 00000000 00:00 0 
78a889c000-78a889f000 r--s 00014000 fe:4c 3271982                        /data/data/com.m4coding.ide/files/0/home/test/.gradle/caches/transforms-2/files-2.1/4fdb3b6ad72d7a7ac05c6bfe3d6d6f89/jetified-play-services-tasks-18.0.2-api.jar
78a889f000-78a88ac000 r--s 00107000 fe:4c 3271979                        /data/data/com.m4coding.ide/files/0/home/test/.gradle/caches/transforms-2/files-2.1/fa9f661bf8b1f21cb2fe9d8c4370d1d0/jetified-play-services-base-18.1.0-api.jar
78a88ac000-78a88ad000 r--s 00000000 fe:4c 3271985                        /data/data/com.m4coding.ide/files/0/home/test/.gradle/caches/transforms-2/files-2.1/9b805a824f5ea767b3ec262726e81282/jetified-vision-interfaces-16.2.0-api.jar
78a88ad000-78a88ae000 r--s 00001000 fe:4c 3272010                        /data/data/com.m4coding.ide/files/0/home/test/.gradle/caches/transforms-2/files-2.1/e2ee6faf8ce4d3fcc60ee2098366d21d/jetified-play-services-mlkit-text-recognition-19.0.0-api.jar
78a88ae000-78a88bf000 r--s 000d2000 fe:4c 3271972                        /data/data/com.m4coding.ide/files/0/home/test/.gradle/caches/transforms-2/files-2.1/97561afadd614658e2c8390755893dcc/jetified-play-services-mlkit-text-recognition-common-19.0.0-api.jar
78a88bf000-78a88c9000 r--s 000a6000 fe:4c 3271989                        /data/data/com.m4coding.ide/files/0/home/test/.gradle/caches/transforms-2/files-2.1/65b5ed3691a9b859e4b8bd56ad885bb1/jetified-play-services-basement-18.1.0-api.jar
78a88c9000-78a88d9000 r--s 000d0000 fe:4c 3271973                        /data/data/com.m4coding.ide/files/0/home/test/.gradle/caches/transforms-2/files-2.1/7b2ad31fd77e09335e7f519ddca4e667/jetified-common-18.8.0-api.jar
78a88d9000-78a88e5000 r--s 0008b000 fe:4c 3271970                        /data/data/com.m4coding.ide/files/0/home/test/.gradle/caches/transforms-2/files-2.1/c09517c0842ddcfe060c80097cbd8568/jetified-vision-common-17.3.0-api.jar
78a88e5000-78a88eb000 r--s 0010b000 fe:4c 3019086                        /data/data/com.m4coding.ide/files/storage/project/TranslateKomik/app/build/intermediates/compile_and_runtime_not_namespaced_r_class_jar/debug/R.jar
78a88eb000-78a8aab000 rw-p 00000000 00:00 0 
78a8aab000-78a8aeb000 ---p 00000000 00:00 0 
78a8aeb000-78a8ceb000 rw-p 00000000 00:00 0 
78a8ceb000-78a8cec000 r--s 0000a000 fe:4c 3183532                        /data/data/com.m4coding.ide/files/0/home/test/.gradle/caches/modules-2/files-2.1/androidx.collection/collection/1.1.0/1f27220b47669781457de0d600849a5de0e89909/collection-1.1.0.jar
78a8cec000-78a8ced000 r--s 00005000 fe:4c 3259023                        /data/data/com.m4coding.ide/files/0/home/test/.gradle/caches/transforms-2/files-2.1/66ed65fbc7eec6756f401a33cbdcf9f8/lifecycle-runtime-2.4.0-api.jar
78a8ced000-78a8eed000 rw-p 00000000 00:00 0 
78a8eed000-78a8eef000 r--s 00013000 fe:4c 3259045                        /data/data/com.m4coding.ide/files/0/home/test/.gradle/caches/transforms-2/files-2.1/c025d4ce8b983e5e58b31a5e9ccd7e66/customview-1.1.0-api.jar
78a8eef000-78a8ef1000 r--s 00012000 fe:4c 3258966                        /data/data/com.m4coding.ide/files/0/home/test/.gradle/caches/transforms-2/files-2.1/eacacf83e429a7b01e630f41c24036c4/drawerlayout-1.1.1-api.jar
78a8ef1000-78a8ef3000 r--s 00006000 fe:4c 3214485                        /data/data/com.m4coding.ide/files/0/home/test/.gradle/caches/modules-2/files-2.1/androidx.annotation/annotation/1.3.0/21f49f5f9b85fc49de712539f79123119740595/annotation-1.3.0.jar
78a8ef3000-78a8ef5000 r--s 00004000 fe:4c 3259017                        /data/data/com.m4coding.ide/files/0/home/test/.gradle/caches/transforms-2/files-2.1/04747761ee1b58791064a66dd8d90d79/jetified-savedstate-1.1.0-api.jar
78a8ef5000-78a8f07000 r--s 00207000 fe:4c 3259008                        /data/data/com.m4coding.ide/files/0/home/test/.gradle/caches/transforms-2/files-2.1/57d8d68d59a1f317a26c7c2d5d3fc418/core-1.7.0-api.jar
78a8f07000-78a8f0c000 r--s 00099000 fe:4c 3258969                        /data/data/com.m4coding.ide/files/0/home/test/.gradle/caches/transforms-2/files-2.1/8640f39bad4866853a0c151268275a41/fragment-1.3.6-api.jar
78a8f0c000-78a8f17000 r--s 00194000 fe:4c 3258977                        /data/data/com.m4coding.ide/files/0/home/test/.gradle/caches/transforms-2/files-2.1/d06fc1aedfd9f32c4ea1d8b81a11f56e/appcompat-1.4.1-api.jar
78a8f17000-78a9117000 rw-p 00000000 00:00 0 
78a9117000-78a9317000 rw-p 00000000 00:00 0 
78a9317000-78a9517000 rw-p 00000000 00:00 0 
78a9517000-78a9717000 rw-p 00000000 00:00 0 
78a9717000-78a9917000 rw-p 00000000 00:00 0 
78a9917000-78a991f000 r--s 00029000 fe:4c 3257457                        /data/data/com.m4coding.ide/files/0/home/test/.gradle/caches/transforms-2/files-2.1/c4930067e1f52a10ace1fdcba3988286/jetified-kotlin-stdlib-common-1.6.10.jar
78a991f000-78a9934000 r--s 0015c000 fe:4c 3257501                        /data/data/com.m4coding.ide/files/0/home/test/.gradle/caches/transforms-2/files-2.1/d2a4578cba051b18813322e279371552/jetified-kotlin-stdlib-1.6.10.jar
78a9934000-78a9b34000 rw-p 00000000 00:00 0 
78a9b34000-78a9d34000 rw-p 00000000 00:00 0 
78a9d34000-78a9e61000 r--s 018b5000 fe:4c 1292906                        /data/data/com.m4coding.ide/files/0/opt/android_sdk/platforms/android-33/android.jar
78a9e61000-78a9e64000 r--s 00024000 fe:4c 3258971                        /data/data/com.m4coding.ide/files/0/home/test/.gradle/caches/transforms-2/files-2.1/ec2d28095094cf428abf485fcc436ec3/jetified-activity-1.2.4-api.jar
78a9e64000-78aa064000 rw-p 00000000 00:00 0 
78aa064000-78aa264000 rw-p 00000000 00:00 0 
78aa264000-78aa73b000 rw-p 00000000 00:00 0 
78aa73b000-78aa93b000 rw-p 00000000 00:00 0 
78aa93b000-78aab3b000 rw-p 00000000 00:00 0 
78aab3b000-78aad3b000 rw-p 00000000 00:00 0 
78aad3b000-78aaf3b000 rw-p 00000000 00:00 0 
78aaf3b000-78ab0fc000 rw-p 00000000 00:00 0 
78ab0fc000-78ab110000 r-xp 00000000 fe:4c 3132982                        /data/data/com.m4coding.ide/files/0/opt/java/jdk1.8.0_212/jre/lib/aarch64/libnet.so
78ab110000-78ab11f000 ---p 00014000 fe:4c 3132982                        /data/data/com.m4coding.ide/files/0/opt/java/jdk1.8.0_212/jre/lib/aarch64/libnet.so
78ab11f000-78ab120000 r--p 00013000 fe:4c 3132982                        /data/data/com.m4coding.ide/files/0/opt/java/jdk1.8.0_212/jre/lib/aarch64/libnet.so
78ab120000-78ab121000 rw-p 00014000 fe:4c 3132982                        /data/data/com.m4coding.ide/files/0/opt/java/jdk1.8.0_212/jre/lib/aarch64/libnet.so
78ab121000-78ab3f8000 r--s 02cd5000 fe:4c 3150451                        /data/data/com.m4coding.ide/files/0/home/test/.gradle/caches/modules-2/files-2.1/org.jetbrains.kotlin/kotlin-compiler-embeddable/1.6.10/88f2073f4020cdb83132cfe940ceb9a60aba54ea/kotlin-compiler-embeddable-1.6.10.jar
78ab3f8000-78ab3f9000 ---p 00000000 00:00 0 
78ab3f9000-78ab4f9000 rw-p 00000000 00:00 0 
78ab4f9000-78ab4fc000 ---p 00000000 00:00 0 
78ab4fc000-78ab5f9000 rw-p 00000000 00:00 0 
78ab5f9000-78ab5fa000 ---p 00000000 00:00 0 
78ab5fa000-78ab5fd000 ---p 00000000 00:00 0 
78ab5fd000-78ab6fa000 rw-p 00000000 00:00 0 
78ab6fa000-78ab6fb000 ---p 00000000 00:00 0 
78ab6fb000-78ab6fe000 ---p 00000000 00:00 0 
78ab6fe000-78ab7fb000 rw-p 00000000 00:00 0 
78ab7fb000-78ab7fe000 ---p 00000000 00:00 0 
78ab7fe000-78ab8fb000 rw-p 00000000 00:00 0 
78ab8fb000-78ab8fe000 ---p 00000000 00:00 0 
78ab8fe000-78ab9fb000 rw-p 00000000 00:00 0 
78ab9fb000-78ab9fe000 ---p 00000000 00:00 0 
78ab9fe000-78abafb000 rw-p 00000000 00:00 0 
78abafb000-78abafc000 ---p 00000000 00:00 0 
78abafc000-78ac000000 rw-p 00000000 00:00 0 
78ac000000-78ac021000 rw-p 00000000 00:00 0 
78ac021000-78b0000000 ---p 00000000 00:00 0 
78b0000000-78b0002000 r--s 00005000 fe:4c 3272007                        /data/data/com.m4coding.ide/files/0/home/test/.gradle/caches/transforms-2/files-2.1/3ef137d8441a332f7c8b9bef38c528f2/jetified-image-1.0.0-beta1-api.jar
78b0002000-78b0003000 r--s 00014000 fe:4c 3259002                        /data/data/com.m4coding.ide/files/0/home/test/.gradle/caches/transforms-2/files-2.1/43706e0c3452950fe6e8ffdc4594125b/loader-1.0.0-api.jar
78b0003000-78b0004000 r--s 00005000 fe:4c 3259030                        /data/data/com.m4coding.ide/files/0/home/test/.gradle/caches/transforms-2/files-2.1/f11ecf4727875866808d5afa2e1dddc5/lifecycle-viewmodel-2.3.1-api.jar
78b0004000-78b0005000 r--s 00002000 fe:4c 3259034                        /data/data/com.m4coding.ide/files/0/home/test/.gradle/caches/transforms-2/files-2.1/9841b258e7386adc54537f8f54aa6067/jetified-annotation-experimental-1.1.0-api.jar
78b0005000-78b0006000 r--s 00005000 fe:4c 3257470                        /data/data/com.m4coding.ide/files/0/home/test/.gradle/caches/transforms-2/files-2.1/49174759b7d01aab624e86fe4528b17b/jetified-kotlin-stdlib-jdk7-1.6.10.jar
78b0006000-78b000a000 r--s 0005f000 fe:4c 3258975                        /data/data/com.m4coding.ide/files/0/home/test/.gradle/caches/transforms-2/files-2.1/f983677aba979e4b0f500ff66928db6a/jetified-core-ktx-1.7.0-api.jar
78b000a000-78b000b000 r--s 00003000 fe:4c 3257454                        /data/data/com.m4coding.ide/files/0/home/test/.gradle/caches/transforms-2/files-2.1/a3dc0f9925757dea6e590cd02ad837bc/jetified-kotlin-stdlib-jdk8-1.6.10.jar
78b000d000-78b000e000 r--s 00005000 fe:4c 3214516                        /data/data/com.m4coding.ide/files/0/home/test/.gradle/caches/modules-2/files-2.1/androidx.lifecycle/lifecycle-common/2.4.0/1fdb7349701e9cf2f0a69fc10642b6fef6bb3e12/lifecycle-common-2.4.0.jar
78b000e000-78b001c000 r-xp 00000000 fe:4c 3132994                        /data/data/com.m4coding.ide/files/0/opt/java/jdk1.8.0_212/jre/lib/aarch64/libnio.so
78b001c000-78b002c000 ---p 0000e000 fe:4c 3132994                        /data/data/com.m4coding.ide/files/0/opt/java/jdk1.8.0_212/jre/lib/aarch64/libnio.so
78b002c000-78b002d000 r--p 0000e000 fe:4c 3132994                        /data/data/com.m4coding.ide/files/0/opt/java/jdk1.8.0_212/jre/lib/aarch64/libnio.so
78b002d000-78b002e000 rw-p 0000f000 fe:4c 3132994                        /data/data/com.m4coding.ide/files/0/opt/java/jdk1.8.0_212/jre/lib/aarch64/libnio.so
78b002e000-78b00a8000 r--s 010fd000 fe:4c 3133072                        /data/data/com.m4coding.ide/files/0/opt/java/jdk1.8.0_212/lib/tools.jar
78b00a8000-78b00b0000 r--s 00029000 fe:4c 3257142                        /data/data/com.m4coding.ide/files/0/home/test/.gradle/caches/modules-2/files-2.1/org.jetbrains.kotlin/kotlin-stdlib-common/1.6.10/c118700e3a33c8a0d9adc920e9dec0831171925/kotlin-stdlib-common-1.6.10.jar
78b00b0000-78b00ed000 r--s 002a9000 fe:4c 3259089                        /data/data/com.m4coding.ide/files/0/home/test/.gradle/caches/modules-2/files-2.1/org.jetbrains.kotlin/kotlin-reflect/1.6.10/1cbe9c92c12a94eea200d23c2bbaedaf3daf5132/kotlin-reflect-1.6.10.jar
78b00ed000-78b4000000 rw-p 00000000 00:00 0 
78b4000000-78b4021000 rw-p 00000000 00:00 0 
78b4021000-78b8000000 ---p 00000000 00:00 0 
78b8000000-78b8021000 rw-p 00000000 00:00 0 
78b8021000-78bc000000 ---p 00000000 00:00 0 
78bc000000-78bc021000 rw-p 00000000 00:00 0 
78bc021000-78c0000000 ---p 00000000 00:00 0 
78c0000000-78c0021000 rw-p 00000000 00:00 0 
78c0021000-78c4000000 ---p 00000000 00:00 0 
78c4000000-78c4021000 rw-p 00000000 00:00 0 
78c4021000-78c8000000 ---p 00000000 00:00 0 
78c8000000-78c8021000 rw-p 00000000 00:00 0 
78c8021000-78cc000000 ---p 00000000 00:00 0 
78cc000000-78cc021000 rw-p 00000000 00:00 0 
78cc021000-78d0000000 ---p 00000000 00:00 0 
78d0001000-78d000c000 r--s 00081000 fe:4c 3149391                        /data/data/com.m4coding.ide/files/0/home/test/.gradle/caches/modules-2/files-2.1/org.jetbrains.intellij.deps/trove4j/1.0.20181211/216c2e14b070f334479d800987affe4054cd563f/trove4j-1.0.20181211.jar
78d000c000-78d0019000 r--s 000a5000 fe:4c 3105238                        /data/data/com.m4coding.ide/files/0/home/test/.gradle/caches/modules-2/files-2.1/org.jetbrains.kotlin/kotlin-daemon-embeddable/1.6.10/a56d79bcbea411fa6058e4ecffc2de73e742bd2a/kotlin-daemon-embeddable-1.6.10.jar
78d0019000-78d002e000 r--s 0015c000 fe:4c 3257143                        /data/data/com.m4coding.ide/files/0/home/test/.gradle/caches/modules-2/files-2.1/org.jetbrains.kotlin/kotlin-stdlib/1.6.10/b8af3fe6f1ca88526914929add63cf5e7c5049af/kotlin-stdlib-1.6.10.jar
78d002e000-78d1000000 rw-p 00000000 00:00 0 
78d1000000-78d12f0000 rwxp 00000000 00:00 0 
78d12f0000-78d4000000 ---p 00000000 00:00 0 
78d4000000-78d538f000 rw-p 00000000 00:00 0 
78d538f000-78d8000000 ---p 00000000 00:00 0 
78d8000000-78d8005000 r--s 000a3000 fe:4c 3133017                        /data/data/com.m4coding.ide/files/0/opt/java/jdk1.8.0_212/jre/lib/jsse.jar
78d8005000-78d861f000 rw-p 00000000 00:00 0 
78d861f000-78d87f9000 r--s 03d6d000 fe:4c 3133022                        /data/data/com.m4coding.ide/files/0/opt/java/jdk1.8.0_212/jre/lib/rt.jar
78d87f9000-78d94d9000 rw-p 00000000 00:00 0 
78d94d9000-78d94da000 ---p 00000000 00:00 0 
78d94da000-78d95da000 rw-p 00000000 00:00 0 
78d95da000-78d95db000 ---p 00000000 00:00 0 
78d95db000-78d96db000 rw-p 00000000 00:00 0 
78d96db000-78d96dc000 ---p 00000000 00:00 0 
78d96dc000-78d97dc000 rw-p 00000000 00:00 0 
78d97dc000-78d97dd000 ---p 00000000 00:00 0 
78d97dd000-78d98dd000 rw-p 00000000 00:00 0 
78d98dd000-78d98de000 ---p 00000000 00:00 0 
78d98de000-78d99de000 rw-p 00000000 00:00 0 
78d99de000-78d99df000 ---p 00000000 00:00 0 
78d99df000-78d9adf000 rw-p 00000000 00:00 0 
78d9adf000-78d9ae0000 ---p 00000000 00:00 0 
78d9ae0000-78d9be0000 rw-p 00000000 00:00 0 
78d9be0000-78d9be1000 ---p 00000000 00:00 0 
78d9be1000-78d9d19000 rw-p 00000000 00:00 0 
78d9d19000-78d9f62000 ---p 00000000 00:00 0 
78d9f62000-78d9f9a000 rw-p 00000000 00:00 0 
78d9f9a000-78da1e2000 ---p 00000000 00:00 0 
78da1e2000-78da252000 rw-p 00000000 00:00 0 
78da252000-78da323000 ---p 00000000 00:00 0 
78da323000-78da330000 rw-p 00000000 00:00 0 
78da330000-78da3e4000 ---p 00000000 00:00 0 
78da3e4000-78da3fb000 r-xp 00000000 fe:4c 3133000                        /data/data/com.m4coding.ide/files/0/opt/java/jdk1.8.0_212/jre/lib/aarch64/libzip.so
78da3fb000-78da40a000 ---p 00017000 fe:4c 3133000                        /data/data/com.m4coding.ide/files/0/opt/java/jdk1.8.0_212/jre/lib/aarch64/libzip.so
78da40a000-78da40b000 r--p 00016000 fe:4c 3133000                        /data/data/com.m4coding.ide/files/0/opt/java/jdk1.8.0_212/jre/lib/aarch64/libzip.so
78da40b000-78da40c000 rw-p 00017000 fe:4c 3133000                        /data/data/com.m4coding.ide/files/0/opt/java/jdk1.8.0_212/jre/lib/aarch64/libzip.so
78da40c000-78da414000 rw-s 00000000 fe:4c 2974548                        /data/data/com.m4coding.ide/files/0/tmp/hsperfdata_test/25660
78da414000-78da41e000 r-xp 00000000 fe:4c 3132263                        /data/data/com.m4coding.ide/files/0/lib/aarch64-linux-gnu/libnss_files-2.27.so
78da41e000-78da42d000 ---p 0000a000 fe:4c 3132263                        /data/data/com.m4coding.ide/files/0/lib/aarch64-linux-gnu/libnss_files-2.27.so
78da42d000-78da42e000 r--p 00009000 fe:4c 3132263                        /data/data/com.m4coding.ide/files/0/lib/aarch64-linux-gnu/libnss_files-2.27.so
78da42e000-78da42f000 rw-p 0000a000 fe:4c 3132263                        /data/data/com.m4coding.ide/files/0/lib/aarch64-linux-gnu/libnss_files-2.27.so
78da42f000-78da435000 rw-p 00000000 00:00 0 
78da435000-78da447000 r-xp 00000000 fe:4c 3132292                        /data/data/com.m4coding.ide/files/0/lib/aarch64-linux-gnu/libnsl-2.27.so
78da447000-78da456000 ---p 00012000 fe:4c 3132292                        /data/data/com.m4coding.ide/files/0/lib/aarch64-linux-gnu/libnsl-2.27.so
78da456000-78da457000 r--p 00011000 fe:4c 3132292                        /data/data/com.m4coding.ide/files/0/lib/aarch64-linux-gnu/libnsl-2.27.so
78da457000-78da458000 rw-p 00012000 fe:4c 3132292                        /data/data/com.m4coding.ide/files/0/lib/aarch64-linux-gnu/libnsl-2.27.so
78da458000-78da45a000 rw-p 00000000 00:00 0 
78da45a000-78da464000 r-xp 00000000 fe:4c 3132370                        /data/data/com.m4coding.ide/files/0/lib/aarch64-linux-gnu/libnss_nis-2.27.so
78da464000-78da473000 ---p 0000a000 fe:4c 3132370                        /data/data/com.m4coding.ide/files/0/lib/aarch64-linux-gnu/libnss_nis-2.27.so
78da473000-78da474000 r--p 00009000 fe:4c 3132370                        /data/data/com.m4coding.ide/files/0/lib/aarch64-linux-gnu/libnss_nis-2.27.so
78da474000-78da475000 rw-p 0000a000 fe:4c 3132370                        /data/data/com.m4coding.ide/files/0/lib/aarch64-linux-gnu/libnss_nis-2.27.so
78da475000-78da47c000 r-xp 00000000 fe:4c 3132366                        /data/data/com.m4coding.ide/files/0/lib/aarch64-linux-gnu/libnss_compat-2.27.so
78da47c000-78da48b000 ---p 00007000 fe:4c 3132366                        /data/data/com.m4coding.ide/files/0/lib/aarch64-linux-gnu/libnss_compat-2.27.so
78da48b000-78da48c000 r--p 00006000 fe:4c 3132366                        /data/data/com.m4coding.ide/files/0/lib/aarch64-linux-gnu/libnss_compat-2.27.so
78da48c000-78da48d000 rw-p 00007000 fe:4c 3132366                        /data/data/com.m4coding.ide/files/0/lib/aarch64-linux-gnu/libnss_compat-2.27.so
78da48d000-78da48e000 r--s 00010000 fe:4c 3132924                        /data/data/com.m4coding.ide/files/0/opt/java/jdk1.8.0_212/jre/lib/ext/zipfs.jar
78da48e000-78da492000 r--s 0016d000 fe:4c 3126599                        /data/data/com.m4coding.ide/files/0/home/test/.gradle/caches/modules-2/files-2.1/net.java.dev.jna/jna/5.6.0/330f2244e9030119ab3030fc3fededc86713d9cc/jna-5.6.0.jar
78da492000-78da4bb000 r-xp 00000000 fe:4c 3132983                        /data/data/com.m4coding.ide/files/0/opt/java/jdk1.8.0_212/jre/lib/aarch64/libjava.so
78da4bb000-78da4cb000 ---p 00029000 fe:4c 3132983                        /data/data/com.m4coding.ide/files/0/opt/java/jdk1.8.0_212/jre/lib/aarch64/libjava.so
78da4cb000-78da4cc000 r--p 00029000 fe:4c 3132983                        /data/data/com.m4coding.ide/files/0/opt/java/jdk1.8.0_212/jre/lib/aarch64/libjava.so
78da4cc000-78da4ce000 rw-p 0002a000 fe:4c 3132983                        /data/data/com.m4coding.ide/files/0/opt/java/jdk1.8.0_212/jre/lib/aarch64/libjava.so
78da4ce000-78da4da000 r-xp 00000000 fe:4c 3132962                        /data/data/com.m4coding.ide/files/0/opt/java/jdk1.8.0_212/jre/lib/aarch64/libverify.so
78da4da000-78da4e9000 ---p 0000c000 fe:4c 3132962                        /data/data/com.m4coding.ide/files/0/opt/java/jdk1.8.0_212/jre/lib/aarch64/libverify.so
78da4e9000-78da4eb000 r--p 0000b000 fe:4c 3132962                        /data/data/com.m4coding.ide/files/0/opt/java/jdk1.8.0_212/jre/lib/aarch64/libverify.so
78da4eb000-78da4ec000 rw-p 0000d000 fe:4c 3132962                        /data/data/com.m4coding.ide/files/0/opt/java/jdk1.8.0_212/jre/lib/aarch64/libverify.so
78da4ec000-78da4f2000 r-xp 00000000 fe:4c 3132258                        /data/data/com.m4coding.ide/files/0/lib/aarch64-linux-gnu/librt-2.27.so
78da4f2000-78da501000 ---p 00006000 fe:4c 3132258                        /data/data/com.m4coding.ide/files/0/lib/aarch64-linux-gnu/librt-2.27.so
78da501000-78da502000 r--p 00005000 fe:4c 3132258                        /data/data/com.m4coding.ide/files/0/lib/aarch64-linux-gnu/librt-2.27.so
78da502000-78da503000 rw-p 00006000 fe:4c 3132258                        /data/data/com.m4coding.ide/files/0/lib/aarch64-linux-gnu/librt-2.27.so
78da503000-78da504000 ---p 00000000 00:00 0 
78da504000-78da507000 ---p 00000000 00:00 0 
78da507000-78da604000 rw-p 00000000 00:00 0 
78da604000-78da6ad000 r-xp 00000000 fe:4c 3132362                        /data/data/com.m4coding.ide/files/0/lib/aarch64-linux-gnu/libm-2.27.so
78da6ad000-78da6bc000 ---p 000a9000 fe:4c 3132362                        /data/data/com.m4coding.ide/files/0/lib/aarch64-linux-gnu/libm-2.27.so
78da6bc000-78da6bd000 r--p 000a8000 fe:4c 3132362                        /data/data/com.m4coding.ide/files/0/lib/aarch64-linux-gnu/libm-2.27.so
78da6bd000-78da6be000 rw-p 000a9000 fe:4c 3132362                        /data/data/com.m4coding.ide/files/0/lib/aarch64-linux-gnu/libm-2.27.so
78da6be000-78dafeb000 r-xp 00000000 fe:4c 3132972                        /data/data/com.m4coding.ide/files/0/opt/java/jdk1.8.0_212/jre/lib/aarch64/server/libjvm.so
78dafeb000-78daffb000 ---p 0092d000 fe:4c 3132972                        /data/data/com.m4coding.ide/files/0/opt/java/jdk1.8.0_212/jre/lib/aarch64/server/libjvm.so
78daffb000-78db071000 r--p 0092d000 fe:4c 3132972                        /data/data/com.m4coding.ide/files/0/opt/java/jdk1.8.0_212/jre/lib/aarch64/server/libjvm.so
78db071000-78db0a1000 rw-p 009a3000 fe:4c 3132972                        /data/data/com.m4coding.ide/files/0/opt/java/jdk1.8.0_212/jre/lib/aarch64/server/libjvm.so
78db0a1000-78db0f1000 rw-p 00000000 00:00 0 
78db0f1000-78db231000 r-xp 00000000 fe:4c 3132371                        /data/data/com.m4coding.ide/files/0/lib/aarch64-linux-gnu/libc-2.27.so
78db231000-78db240000 ---p 00140000 fe:4c 3132371                        /data/data/com.m4coding.ide/files/0/lib/aarch64-linux-gnu/libc-2.27.so
78db240000-78db244000 r--p 0013f000 fe:4c 3132371                        /data/data/com.m4coding.ide/files/0/lib/aarch64-linux-gnu/libc-2.27.so
78db244000-78db246000 rw-p 00143000 fe:4c 3132371                        /data/data/com.m4coding.ide/files/0/lib/aarch64-linux-gnu/libc-2.27.so
78db246000-78db24a000 rw-p 00000000 00:00 0 
78db24a000-78db24d000 r-xp 00000000 fe:4c 3132241                        /data/data/com.m4coding.ide/files/0/lib/aarch64-linux-gnu/libdl-2.27.so
78db24d000-78db25d000 ---p 00003000 fe:4c 3132241                        /data/data/com.m4coding.ide/files/0/lib/aarch64-linux-gnu/libdl-2.27.so
78db25d000-78db25e000 r--p 00003000 fe:4c 3132241                        /data/data/com.m4coding.ide/files/0/lib/aarch64-linux-gnu/libdl-2.27.so
78db25e000-78db25f000 rw-p 00004000 fe:4c 3132241                        /data/data/com.m4coding.ide/files/0/lib/aarch64-linux-gnu/libdl-2.27.so
78db25f000-78db274000 r-xp 00000000 fe:4c 3132966                        /data/data/com.m4coding.ide/files/0/opt/java/jdk1.8.0_212/jre/lib/aarch64/jli/libjli.so
78db274000-78db283000 ---p 00015000 fe:4c 3132966                        /data/data/com.m4coding.ide/files/0/opt/java/jdk1.8.0_212/jre/lib/aarch64/jli/libjli.so
78db283000-78db284000 r--p 00014000 fe:4c 3132966                        /data/data/com.m4coding.ide/files/0/opt/java/jdk1.8.0_212/jre/lib/aarch64/jli/libjli.so
78db284000-78db285000 rw-p 00015000 fe:4c 3132966                        /data/data/com.m4coding.ide/files/0/opt/java/jdk1.8.0_212/jre/lib/aarch64/jli/libjli.so
78db285000-78db29c000 r-xp 00000000 fe:4c 3132280                        /data/data/com.m4coding.ide/files/0/lib/aarch64-linux-gnu/libpthread-2.27.so
78db29c000-78db2ab000 ---p 00017000 fe:4c 3132280                        /data/data/com.m4coding.ide/files/0/lib/aarch64-linux-gnu/libpthread-2.27.so
78db2ab000-78db2ac000 r--p 00016000 fe:4c 3132280                        /data/data/com.m4coding.ide/files/0/lib/aarch64-linux-gnu/libpthread-2.27.so
78db2ac000-78db2ad000 rw-p 00017000 fe:4c 3132280                        /data/data/com.m4coding.ide/files/0/lib/aarch64-linux-gnu/libpthread-2.27.so
78db2ad000-78db2b3000 rw-p 00000000 00:00 0 
78db2b3000-78db2b5000 r--s 00003000 fe:4c 3149406                        /data/data/com.m4coding.ide/files/0/home/test/.gradle/caches/modules-2/files-2.1/org.jetbrains/annotations/13.0/919f0dfe192fb4e063e7dacadee7f8bb9a2672a9/annotations-13.0.jar
78db2b5000-78db2b7000 r--s 00009000 fe:4c 3259090                        /data/data/com.m4coding.ide/files/0/home/test/.gradle/caches/modules-2/files-2.1/org.jetbrains.kotlin/kotlin-script-runtime/1.6.10/d0a7ff2e2500ef497ed0214ae40ad3c8387a6164/kotlin-script-runtime-1.6.10.jar
78db2b7000-78db2b8000 r--p 00000000 00:00 0 
78db2b8000-78db2ba000 r--p 00000000 00:00 0                              [vvar]
78db2ba000-78db2bb000 r-xp 00000000 00:00 0                              [vdso]
7fc9f1b000-7fc9f3c000 rw-p 00000000 00:00 0                              [stack]

VM Arguments:
java_command: org.jetbrains.kotlin.cli.jvm.K2JVMCompiler @/storage/internal_new/project/TranslateKomik/app/build/20260528_2122983804491540757.compiler.options
java_class_path (initial): /home/test/.gradle/caches/modules-2/files-2.1/org.jetbrains.kotlin/kotlin-compiler-embeddable/1.6.10/88f2073f4020cdb83132cfe940ceb9a60aba54ea/kotlin-compiler-embeddable-1.6.10.jar:/home/test/.gradle/caches/modules-2/files-2.1/org.jetbrains.kotlin/kotlin-reflect/1.6.10/1cbe9c92c12a94eea200d23c2bbaedaf3daf5132/kotlin-reflect-1.6.10.jar:/home/test/.gradle/caches/modules-2/files-2.1/org.jetbrains.kotlin/kotlin-stdlib/1.6.10/b8af3fe6f1ca88526914929add63cf5e7c5049af/kotlin-stdlib-1.6.10.jar:/home/test/.gradle/caches/modules-2/files-2.1/org.jetbrains.kotlin/kotlin-script-runtime/1.6.10/d0a7ff2e2500ef497ed0214ae40ad3c8387a6164/kotlin-script-runtime-1.6.10.jar:/home/test/.gradle/caches/modules-2/files-2.1/org.jetbrains.kotlin/kotlin-daemon-embeddable/1.6.10/a56d79bcbea411fa6058e4ecffc2de73e742bd2a/kotlin-daemon-embeddable-1.6.10.jar:/home/test/.gradle/caches/modules-2/files-2.1/org.jetbrains.intellij.deps/trove4j/1.0.20181211/216c2e14b070f334479d800987affe4054cd563f/trove4j-1.0.20181211.jar:/home/test/.gradle/caches/modules-2/files-2.1/net.java.dev.jna/jna/5.6.0/330f2244e9030119ab3030fc3fededc86713d9cc/jna-5.6.0.jar:/home/test/.gradle/caches/modules-2/files-2.1/org.jetbrains/annotations/13.0/919f0dfe192fb4e063e7dacadee7f8bb9a2672a9/annotations-13.0.jar:/home/test/.gradle/caches/modules-2/files-2.1/org.jetbrains.kotlin/kotlin-stdlib-common/1.6.10/c118700e3a33c8a0d9adc920e9dec0831171925/kotlin-stdlib-common-1.6.10.jar:/opt/java/jdk1.8.0_212/lib/tools.jar
Launcher Type: SUN_STANDARD

Environment Variables:
JAVA_HOME=/opt/java/jdk1.8.0_212
PATH=/opt/android_sdk/platform-tools:/opt/android_sdk/tools/bin:/opt/android_sdk/tools:/opt/java/jdk1.8.0_212/bin:/opt/gradle/gradle-6.1.1/bin:/usr/local/sbin:/usr/local/bin:/usr/sbin:/usr/bin:/sbin:/bin:/usr/games:/usr/local/games
SHELL=/bin/bash

Signal Handlers:
SIGSEGV: [libjvm.so+0x88d8b8], sa_mask[0]=11111111011111111101111111111110, sa_flags=SA_RESTART|SA_SIGINFO
SIGBUS: [libjvm.so+0x88d8b8], sa_mask[0]=11111111011111111101111111111110, sa_flags=SA_RESTART|SA_SIGINFO
SIGFPE: [libjvm.so+0x715108], sa_mask[0]=11111111011111111101111111111110, sa_flags=SA_RESTART|SA_SIGINFO
SIGPIPE: [libjvm.so+0x715108], sa_mask[0]=11111111011111111101111111111110, sa_flags=SA_RESTART|SA_SIGINFO
SIGXFSZ: [libjvm.so+0x715108], sa_mask[0]=11111111011111111101111111111110, sa_flags=SA_RESTART|SA_SIGINFO
SIGILL: [libjvm.so+0x715108], sa_mask[0]=11111111011111111101111111111110, sa_flags=SA_RESTART|SA_SIGINFO
SIGUSR1: SIG_DFL, sa_mask[0]=00000000000000000000000000000000, sa_flags=none
SIGUSR2: [libjvm.so+0x714fe4], sa_mask[0]=00100000010010000000000000000000, sa_flags=SA_RESTART|SA_SIGINFO
SIGHUP: [libjvm.so+0x7151d0], sa_mask[0]=11111111011111111101111111111110, sa_flags=SA_RESTART|SA_SIGINFO
SIGINT: [libjvm.so+0x7151d0], sa_mask[0]=11111111011111111101111111111110, sa_flags=SA_RESTART|SA_SIGINFO
SIGTERM: [libjvm.so+0x7151d0], sa_mask[0]=11111111011111111101111111111110, sa_flags=SA_RESTART|SA_SIGINFO
SIGQUIT: [libjvm.so+0x7151d0], sa_mask[0]=11111111011111111101111111111110, sa_flags=SA_RESTART|SA_SIGINFO


---------------  S Y S T E M  ---------------

OS:DISTRIB_ID=Ubuntu
DISTRIB_RELEASE=18.04
DISTRIB_CODENAME=bionic
DISTRIB_DESCRIPTION="Ubuntu 18.04.2 LTS"

uname:Linux 5.10.237-android12-9-00014-gf82f7360927e-ab14119954 #1 SMP PREEMPT Wed Sep 17 09:13:52 UTC 2025 aarch64
libc:glibc 2.27 NPTL 2.27 
rlimit: STACK 8192k, CORE 0k, NPROC 27984, NOFILE 32768, AS infinity
load average:0.00 0.00 -nan

/proc/meminfo:
MemTotal:        7866536 kB
MemFree:          145384 kB
MemAvailable:    2799564 kB
Buffers:            3064 kB
Cached:          2690504 kB
SwapCached:       408056 kB
Active:          1618796 kB
Inactive:        3147164 kB
Active(anon):     523528 kB
Inactive(anon):  1708980 kB
Active(file):    1095268 kB
Inactive(file):  1438184 kB
Unevictable:      144380 kB
Mlocked:          144380 kB
SwapTotal:       7866532 kB
SwapFree:        5635908 kB
Dirty:               440 kB
Writeback:             0 kB
AnonPages:       2144928 kB
Mapped:           781928 kB
Shmem:             24204 kB
KReclaimable:     367964 kB
Slab:             601784 kB
SReclaimable:     228792 kB
SUnreclaim:       372992 kB
KernelStack:      100800 kB
ShadowCallStack:   25236 kB
PageTables:       183128 kB
NFS_Unstable:          0 kB
Bounce:                0 kB
WritebackTmp:          0 kB
CommitLimit:    11799800 kB
Committed_AS:   301653588 kB
VmallocTotal:   263061440 kB
VmallocUsed:      360224 kB
VmallocChunk:          0 kB
Percpu:            17952 kB
AnonHugePages:         0 kB
ShmemHugePages:        0 kB
ShmemPmdMapped:        0 kB
FileHugePages:         0 kB
FilePmdMapped:         0 kB
CmaTotal:         638976 kB
CmaFree:               0 kB


CPU:total 8 (initial active 8) AArch64

/proc/cpuinfo:
processor	: 0
BogoMIPS	: 26.00
Features	: fp asimd evtstrm aes pmull sha1 sha2 crc32 atomics fphp asimdhp cpuid asimdrdm lrcpc dcpop asimddp
CPU implementer	: 0x41
CPU architecture: 8
CPU variant	: 0x2
CPU part	: 0xd05
CPU revision	: 0

processor	: 1
BogoMIPS	: 26.00
Features	: fp asimd evtstrm aes pmull sha1 sha2 crc32 atomics fphp asimdhp cpuid asimdrdm lrcpc dcpop asimddp
CPU implementer	: 0x41
CPU architecture: 8
CPU variant	: 0x2
CPU part	: 0xd05
CPU revision	: 0

processor	: 2
BogoMIPS	: 26.00
Features	: fp asimd evtstrm aes pmull sha1 sha2 crc32 atomics fphp asimdhp cpuid asimdrdm lrcpc dcpop asimddp
CPU implementer	: 0x41
CPU architecture: 8
CPU variant	: 0x2
CPU part	: 0xd05
CPU revision	: 0

processor	: 3
BogoMIPS	: 26.00
Features	: fp asimd evtstrm aes pmull sha1 sha2 crc32 atomics fphp asimdhp cpuid asimdrdm lrcpc dcpop asimddp
CPU implementer	: 0x41
CPU architecture: 8
CPU variant	: 0x2
CPU part	: 0xd05
CPU revision	: 0

processor	: 4
BogoMIPS	: 26.00
Features	: fp asimd evtstrm aes pmull sha1 sha2 crc32 atomics fphp asimdhp cpuid asimdrdm lrcpc dcpop asimddp
CPU implementer	: 0x41
CPU architecture: 8
CPU variant	: 0x2
CPU part	: 0xd05
CPU revision	: 0

processor	: 5
BogoMIPS	: 26.00
Features	: fp asimd evtstrm aes pmull sha1 sha2 crc32 atomics fphp asimdhp cpuid asimdrdm lrcpc dcpop asimddp
CPU implementer	: 0x41
CPU architecture: 8
CPU variant	: 0x2
CPU part	: 0xd05
CPU revision	: 0

processor	: 6
BogoMIPS	: 26.00
Features	: fp asimd evtstrm aes pmull sha1 sha2 crc32 atomics fphp asimdhp cpuid asimdrdm lrcpc dcpop asimddp
CPU implementer	: 0x41
CPU architecture: 8
CPU variant	: 0x4
CPU part	: 0xd0b
CPU revision	: 0

processor	: 7
BogoMIPS	: 26.00
Features	: fp asimd evtstrm aes pmull sha1 sha2 crc32 atomics fphp asimdhp cpuid asimdrdm lrcpc dcpop asimddp
CPU implementer	: 0x41
CPU architecture: 8
CPU variant	: 0x4
CPU part	: 0xd0b
CPU revision	: 0



Memory: 4k page, physical 7866536k(145384k free), swap 7866532k(5635908k free)

vm_info: Java HotSpot(TM) 64-Bit Server VM (25.212-b10) for linux-aarch64 JRE (1.8.0_212-b10), built on Apr  1 2019 22:39:45 by "fedora" with gcc 4.8.3 20131111 (prerelease)

time: Thu May 28 14:38:32 2026
timezone: UTC
elapsed time: 21 seconds (0d 0h 0m 21s)

