#
# A fatal error has been detected by the Java Runtime Environment:
#
#  SIGSEGV (0xb) at pc=0x0000007aa033e040, pid=15972, tid=0x0000007a9facd1f0
#
# JRE version: Java(TM) SE Runtime Environment (8.0_212-b10) (build 1.8.0_212-b10)
# Java VM: Java HotSpot(TM) 64-Bit Server VM (25.212-b10 mixed mode linux-aarch64 compressed oops)
# Problematic frame:
# V  [libjvm.so+0x7b6040]  SharedRuntime::resolve_sub_helper(JavaThread*, bool, bool, Thread*)+0x3a8
#
# Failed to write core dump. Core dumps have been disabled. To enable core dumping, try "ulimit -c unlimited" before starting Java again
#
# If you would like to submit a bug report, please visit:
#   http://bugreport.java.com/bugreport/crash.jsp
#

---------------  T H R E A D  ---------------

Current thread (0x0000007a9800b800):  JavaThread "main" [_thread_in_vm, id=15974, stack(0x0000007a9f9ce000,0x0000007a9face000)]

siginfo: si_signo: 11 (SIGSEGV), si_code: 1 (SEGV_MAPERR), si_addr: 0x0000000000000000

Registers:
  x0  = 0x0000007aa057a47e
  x1  = 0x0000000000000007
  x2  = 0x0000000000000000
  x3  = 0x0000000000000001
  x4  = 0x0000000000000001
  x5  = 0x0000007a4fe66c90
  x6  = 0x0000000000000007
  x7  = 0x0000007a9800c6e0
  x8  = 0x0000007a4fe66c90
  x9  = 0x0000007a4fed4c50
  x10 = 0xfefefefefefefeff
  x11 = 0x7f7f7f7f7f7f7f7f
  x12 = 0x676e616c2f617661
  x13 = 0x3b7463656a624f2f
  x14 = 0x0000000000000011
  x15 = 0x00000000dd7dfb60
  x16 = 0x0000007aa053b250
  x17 = 0x0000007aa075d3b0
  x18 = 0x00000000de1fe120
  x19 = 0x0000007a9fac91d0
  x20 = 0x0000007a9800c180
  x21 = 0x0000007a9cb39b90
  x22 = 0x0000007a9fac91e0
  x23 = 0x0000007a9fac9370
  x24 = 0x0000007a9800c1c0
  x25 = 0x0000007a9800b800
  x26 = 0x00000000000003d8
  x27 = 0x0000007a9800c1d0
  x28 = 0x0000007a9800c5a8
  fp  = 0x0000007a9fac8b00
  lr  = 0x0000007aa033e024
  sp  = 0x0000007a9fac8b00
  pc  = 0x0000007aa033e040
  pstate = 0x0000000080001000

Top of Stack: (sp=0x0000007a9fac8b00)
0x0000007a9fac8b00:   0000007a9fac9310 0000007aa033e1dc
0x0000007a9fac8b10:   0000007a9fac9680 0000007a9fac93e0
0x0000007a9fac8b20:   0000007a9fac93f0 0000000000000001
0x0000007a9fac8b30:   0000000000000001 0000007a4feae446
0x0000007a9fac8b40:   0000007a9800b800 0000007a9800b800
0x0000007a9fac8b50:   0000000000000000 0000007a9800b800
0x0000007a9fac8b60:   0000007a9c8e26a0 0000007a9800c1d0
0x0000007a9fac8b70:   0000007aa057b610 0000007a98007bb0
0x0000007a9fac8b80:   0000007aa0526000 0000007a9800c5a8
0x0000007a9fac8b90:   0000007a9800c5a8 0000007a9fac95c0
0x0000007a9fac8ba0:   0000007a9fac9678 0000007a9800b800
0x0000007a9fac8bb0:   0000007aa04522c0 0000000000000000
0x0000007a9fac8bc0:   0000000000000000 0000000000000000
0x0000007a9fac8bd0:   0000000000000000 0000000000000000
0x0000007a9fac8be0:   0000000000000000 0000000000000000
0x0000007a9fac8bf0:   0000000000000000 0000000000000000
0x0000007a9fac8c00:   0000007a9fac8bb0 0000007a9c8e26b0
0x0000007a9fac8c10:   0000000000000000 0000007a9c8e26c0
0x0000007a9fac8c20:   0000007a9c8e26d0 0000000000000000
0x0000007a9fac8c30:   0000000000000000 0000000000000000
0x0000007a9fac8c40:   0000007a9c8e26b0 0000000000010000
0x0000007a9fac8c50:   0000007a9fac8bb0 0000000000000000
0x0000007a9fac8c60:   0000000000000000 0000000000000000
0x0000007a9fac8c70:   0000000000000000 0000000000000000
0x0000007a9fac8c80:   0000000000000000 0000000000000000
0x0000007a9fac8c90:   0000000000000000 0000000000020000
0x0000007a9fac8ca0:   0000007a9fac8bb0 0000000000000000
0x0000007a9fac8cb0:   0000000000000000 0000007a9c8e26b0
0x0000007a9fac8cc0:   0000007a00000020 0000007a9fac8cd8
0x0000007a9fac8cd0:   0000007a9fac9678 0000000000000000
0x0000007a9fac8ce0:   0000007a9fac9930 0000000000000000
0x0000007a9fac8cf0:   0000000000000000 0000007aa0377f00 

Instructions: (pc=0x0000007aa033e040)
0x0000007aa033e020:   97ec24d0 b947aba0 f94403a2 7103a41f
0x0000007aa033e030:   f943ffa3 54000600 90000fe0 f9405400
0x0000007aa033e040:   f9400041 39400000 340004c0 d0000fc0
0x0000007aa033e050:   f9407800 b9400822 b9400801 f9400000 

Register to memory mapping:

  x0  = 0x0000007aa057a47e
0x0000007aa057a47e: <offset 0x9f247e> in /opt/java/jdk1.8.0_212/jre/lib/aarch64/server/libjvm.so at 0x0000007a9fb88000

  x1  = 0x0000000000000007
0x0000000000000007 is an unknown value

  x2  = 0x0000000000000000
0x0000000000000000 is an unknown value

  x3  = 0x0000000000000001
0x0000000000000001 is an unknown value

  x4  = 0x0000000000000001
0x0000000000000001 is an unknown value

  x5  = 0x0000007a4fe66c90
{method} {0x0000007a4fe66c90} 'linkToSpecial' '(Ljava/lang/Object;Ljava/lang/Object;JLjava/lang/invoke/MemberName;)Ljava/lang/Object;' in 'java/lang/invoke/MethodHandle'

  x6  = 0x0000000000000007
0x0000000000000007 is an unknown value

  x7  = 0x0000007a9800c6e0
0x0000007a9800c6e0 is an unknown value

  x8  = 0x0000007a4fe66c90
{method} {0x0000007a4fe66c90} 'linkToSpecial' '(Ljava/lang/Object;Ljava/lang/Object;JLjava/lang/invoke/MemberName;)Ljava/lang/Object;' in 'java/lang/invoke/MethodHandle'

  x9  = 0x0000007a4fed4c50
0x0000007a4fed4c50 is pointing into metadata

  x10 = 0xfefefefefefefeff
0xfefefefefefefeff is an unknown value

  x11 = 0x7f7f7f7f7f7f7f7f
0x7f7f7f7f7f7f7f7f is an unknown value

  x12 = 0x676e616c2f617661
0x676e616c2f617661 is an unknown value

  x13 = 0x3b7463656a624f2f
0x3b7463656a624f2f is an unknown value

  x14 = 0x0000000000000011
0x0000000000000011 is an unknown value

  x15 = 0x00000000dd7dfb60
0x00000000dd7dfb60 is an oop
org.jetbrains.kotlin.resolve.scopes.LexicalWritableScope$Snapshot 
 - klass: 'org/jetbrains/kotlin/resolve/scopes/LexicalWritableScope$Snapshot'

  x16 = 0x0000007aa053b250
0x0000007aa053b250: <offset 0x9b3250> in /opt/java/jdk1.8.0_212/jre/lib/aarch64/server/libjvm.so at 0x0000007a9fb88000

  x17 = 0x0000007aa075d3b0
0x0000007aa075d3b0: pthread_getspecific+0 in /lib/aarch64-linux-gnu/libpthread.so.0 at 0x0000007aa074f000

  x18 = 0x00000000de1fe120
0x00000000de1fe120 is an oop
org.jetbrains.kotlin.com.intellij.util.keyFMap.ArrayBackedFMap 
 - klass: 'org/jetbrains/kotlin/com/intellij/util/keyFMap/ArrayBackedFMap'

  x19 = 0x0000007a9fac91d0
0x0000007a9fac91d0 is pointing into the stack for thread: 0x0000007a9800b800

  x20 = 0x0000007a9800c180
0x0000007a9800c180 is an unknown value

  x21 = 0x0000007a9cb39b90
0x0000007a9cb39b90 is at entry_point+-320 in (nmethod*)0x0000007a9cb39b90

  x22 = 0x0000007a9fac91e0
0x0000007a9fac91e0 is pointing into the stack for thread: 0x0000007a9800b800

  x23 = 0x0000007a9fac9370
0x0000007a9fac9370 is pointing into the stack for thread: 0x0000007a9800b800

  x24 = 0x0000007a9800c1c0
0x0000007a9800c1c0 is an unknown value

  x25 = 0x0000007a9800b800
0x0000007a9800b800 is a thread

  x26 = 0x00000000000003d8
0x00000000000003d8 is an unknown value

  x27 = 0x0000007a9800c1d0
0x0000007a9800c1d0 is an unknown value

  x28 = 0x0000007a9800c5a8
0x0000007a9800c5a8 is an unknown value

  fp  = 0x0000007a9fac8b00
0x0000007a9fac8b00 is pointing into the stack for thread: 0x0000007a9800b800

  lr  = 0x0000007aa033e024
0x0000007aa033e024: <offset 0x7b6024> in /opt/java/jdk1.8.0_212/jre/lib/aarch64/server/libjvm.so at 0x0000007a9fb88000

  pc  = 0x0000007aa033e040
0x0000007aa033e040: <offset 0x7b6040> in /opt/java/jdk1.8.0_212/jre/lib/aarch64/server/libjvm.so at 0x0000007a9fb88000



Stack: [0x0000007a9f9ce000,0x0000007a9face000],  sp=0x0000007a9fac8b00,  free space=1002k
Native frames: (J=compiled Java code, j=interpreted, Vv=VM code, C=native code)
V  [libjvm.so+0x7b6040]  SharedRuntime::resolve_sub_helper(JavaThread*, bool, bool, Thread*)+0x3a8
V  [libjvm.so+0x7b61dc]  SharedRuntime::resolve_helper(JavaThread*, bool, bool, Thread*)+0x48
V  [libjvm.so+0x7b68a0]  SharedRuntime::resolve_opt_virtual_call_C(JavaThread*)+0x44
v  ~RuntimeStub::resolve_opt_virtual_call
C  0x0000000000000240

Java frames: (J=compiled Java code, j=interpreted, Vv=VM code)
v  ~RuntimeStub::resolve_opt_virtual_call
J 1366 C2 java.lang.invoke.LambdaForm$BMH.reinvoke(Ljava/lang/Object;Ljava/lang/Object;J)Ljava/lang/Object; (36 bytes) @ 0x0000007a9cb39cec [0x0000007a9cb39cd0+0x1c]
J 1362 C2 java.lang.invoke.LambdaForm$MH.invokeExact_MT(Ljava/lang/Object;Ljava/lang/Object;JLjava/lang/Object;)Ljava/lang/Object; (22 bytes) @ 0x0000007a9cb4133c [0x0000007a9cb412b0+0x8c]
j  org.jetbrains.kotlin.com.intellij.util.containers.ConcurrentIntObjectHashMap.tabAt([Lorg/jetbrains/kotlin/com/intellij/util/containers/ConcurrentIntObjectHashMap$Node;I)Lorg/jetbrains/kotlin/com/intellij/util/containers/ConcurrentIntObjectHashMap$Node;+14
j  org.jetbrains.kotlin.com.intellij.util.containers.ConcurrentIntObjectHashMap.get(I)Ljava/lang/Object;+31
j  org.jetbrains.kotlin.com.intellij.util.containers.ConcurrentIntKeyRefValueHashMap.get(I)Ljava/lang/Object;+5
j  org.jetbrains.kotlin.com.intellij.openapi.util.Key.getKeyByIndex(I)Lorg/jetbrains/kotlin/com/intellij/openapi/util/Key;+4
j  org.jetbrains.kotlin.com.intellij.util.keyFMap.ArrayBackedFMap.getKeysByIndices([I)[Lorg/jetbrains/kotlin/com/intellij/openapi/util/Key;+19
j  org.jetbrains.kotlin.com.intellij.util.keyFMap.ArrayBackedFMap.getKeys()[Lorg/jetbrains/kotlin/com/intellij/openapi/util/Key;+4
J 1307 C2 org.jetbrains.kotlin.util.slicedMap.SlicedMapImpl.lambda$forEach$0(Lkotlin/jvm/functions/Function3;Ljava/lang/Object;Lorg/jetbrains/kotlin/com/intellij/util/keyFMap/KeyFMap;)V (67 bytes) @ 0x0000007a9cb2cb0c [0x0000007a9cb2cad0+0x3c]
J 1207 C2 org.jetbrains.kotlin.util.slicedMap.OpenAddressLinearProbingHashTable.forEach(Ljava/util/function/BiConsumer;)V (74 bytes) @ 0x0000007a9cb078b8 [0x0000007a9cb07830+0x88]
j  org.jetbrains.kotlin.util.slicedMap.SlicedMapImpl.forEach(Lkotlin/jvm/functions/Function3;)V+26
j  org.jetbrains.kotlin.resolve.BindingContextUtils.addOwnDataTo(Lorg/jetbrains/kotlin/resolve/BindingTrace;Lorg/jetbrains/kotlin/resolve/TraceEntryFilter;ZLorg/jetbrains/kotlin/util/slicedMap/MutableSlicedMap;Lorg/jetbrains/kotlin/resolve/diagnostics/MutableDiagnosticsWithSuppression;)V+26
j  org.jetbrains.kotlin.resolve.DelegatingBindingTrace.addOwnDataTo(Lorg/jetbrains/kotlin/resolve/BindingTrace;Lorg/jetbrains/kotlin/resolve/TraceEntryFilter;Z)V+21
j  org.jetbrains.kotlin.resolve.DelegatingBindingTrace.addOwnDataTo$default(Lorg/jetbrains/kotlin/resolve/DelegatingBindingTrace;Lorg/jetbrains/kotlin/resolve/BindingTrace;Lorg/jetbrains/kotlin/resolve/TraceEntryFilter;ZILjava/lang/Object;)V+38
j  org.jetbrains.kotlin.resolve.DelegatingBindingTrace.addOwnDataTo(Lorg/jetbrains/kotlin/resolve/BindingTrace;)V+14
j  org.jetbrains.kotlin.resolve.TemporaryBindingTrace.commit()V+5
j  org.jetbrains.kotlin.resolve.calls.context.TemporaryTraceAndCache.commit()V+4
j  org.jetbrains.kotlin.resolve.calls.CallExpressionResolver.getCallExpressionTypeInfoWithoutFinalTypeCheck(Lorg/jetbrains/kotlin/psi/KtCallExpression;Lorg/jetbrains/kotlin/resolve/scopes/receivers/Receiver;Lorg/jetbrains/kotlin/com/intellij/lang/ASTNode;Lorg/jetbrains/kotlin/types/expressions/ExpressionTypingContext;Lorg/jetbrains/kotlin/resolve/calls/smartcasts/DataFlowInfo;)Lorg/jetbrains/kotlin/types/expressions/KotlinTypeInfo;+127
j  org.jetbrains.kotlin.resolve.calls.CallExpressionResolver.getCallExpressionTypeInfo(Lorg/jetbrains/kotlin/psi/KtCallExpression;Lorg/jetbrains/kotlin/types/expressions/ExpressionTypingContext;)Lorg/jetbrains/kotlin/types/expressions/KotlinTypeInfo;+35
j  org.jetbrains.kotlin.types.expressions.BasicExpressionTypingVisitor.visitCallExpression(Lorg/jetbrains/kotlin/psi/KtCallExpression;Lorg/jetbrains/kotlin/types/expressions/ExpressionTypingContext;)Lorg/jetbrains/kotlin/types/expressions/KotlinTypeInfo;+20
j  org.jetbrains.kotlin.types.expressions.ExpressionTypingVisitorDispatcher.visitCallExpression(Lorg/jetbrains/kotlin/psi/KtCallExpression;Lorg/jetbrains/kotlin/types/expressions/ExpressionTypingContext;)Lorg/jetbrains/kotlin/types/expressions/KotlinTypeInfo;+15
j  org.jetbrains.kotlin.types.expressions.ExpressionTypingVisitorDispatcher$ForBlock.visitCallExpression(Lorg/jetbrains/kotlin/psi/KtCallExpression;Ljava/lang/Object;)Ljava/lang/Object;+6
j  org.jetbrains.kotlin.psi.KtCallExpression.accept(Lorg/jetbrains/kotlin/psi/KtVisitor;Ljava/lang/Object;)Ljava/lang/Object;+11
j  org.jetbrains.kotlin.types.expressions.ExpressionTypingVisitorDispatcher.lambda$getTypeInfo$0(Lorg/jetbrains/kotlin/psi/KtExpression;Lorg/jetbrains/kotlin/types/expressions/ExpressionTypingContext;Lorg/jetbrains/kotlin/psi/KtVisitor;)Lorg/jetbrains/kotlin/types/expressions/KotlinTypeInfo;+43
j  org.jetbrains.kotlin.types.expressions.ExpressionTypingVisitorDispatcher$$Lambda$144.invoke()Ljava/lang/Object;+16
j  org.jetbrains.kotlin.util.PerformanceCounter.time(Lkotlin/jvm/functions/Function0;)Ljava/lang/Object;+27
j  org.jetbrains.kotlin.types.expressions.ExpressionTypingVisitorDispatcher.getTypeInfo(Lorg/jetbrains/kotlin/psi/KtExpression;Lorg/jetbrains/kotlin/types/expressions/ExpressionTypingContext;Lorg/jetbrains/kotlin/psi/KtVisitor;)Lorg/jetbrains/kotlin/types/expressions/KotlinTypeInfo;+24
j  org.jetbrains.kotlin.types.expressions.ExpressionTypingVisitorDispatcher.getTypeInfo(Lorg/jetbrains/kotlin/psi/KtExpression;Lorg/jetbrains/kotlin/types/expressions/ExpressionTypingContext;)Lorg/jetbrains/kotlin/types/expressions/KotlinTypeInfo;+13
j  org.jetbrains.kotlin.types.expressions.ExpressionTypingVisitorForStatements.visitExpression(Lorg/jetbrains/kotlin/psi/KtExpression;Lorg/jetbrains/kotlin/types/expressions/ExpressionTypingContext;)Lorg/jetbrains/kotlin/types/expressions/KotlinTypeInfo;+15
j  org.jetbrains.kotlin.types.expressions.ExpressionTypingVisitorForStatements.visitExpression(Lorg/jetbrains/kotlin/psi/KtExpression;Ljava/lang/Object;)Ljava/lang/Object;+6
j  org.jetbrains.kotlin.psi.KtVisitor.visitReferenceExpression(Lorg/jetbrains/kotlin/psi/KtReferenceExpression;Ljava/lang/Object;)Ljava/lang/Object;+12
j  org.jetbrains.kotlin.psi.KtVisitor.visitCallExpression(Lorg/jetbrains/kotlin/psi/KtCallExpression;Ljava/lang/Object;)Ljava/lang/Object;+12
j  org.jetbrains.kotlin.psi.KtCallExpression.accept(Lorg/jetbrains/kotlin/psi/KtVisitor;Ljava/lang/Object;)Ljava/lang/Object;+11
j  org.jetbrains.kotlin.types.expressions.ExpressionTypingVisitorDispatcher.lambda$getTypeInfo$0(Lorg/jetbrains/kotlin/psi/KtExpression;Lorg/jetbrains/kotlin/types/expressions/ExpressionTypingContext;Lorg/jetbrains/kotlin/psi/KtVisitor;)Lorg/jetbrains/kotlin/types/expressions/KotlinTypeInfo;+43
j  org.jetbrains.kotlin.types.expressions.ExpressionTypingVisitorDispatcher$$Lambda$144.invoke()Ljava/lang/Object;+16
j  org.jetbrains.kotlin.util.PerformanceCounter.time(Lkotlin/jvm/functions/Function0;)Ljava/lang/Object;+27
j  org.jetbrains.kotlin.types.expressions.ExpressionTypingVisitorDispatcher.getTypeInfo(Lorg/jetbrains/kotlin/psi/KtExpression;Lorg/jetbrains/kotlin/types/expressions/ExpressionTypingContext;Lorg/jetbrains/kotlin/psi/KtVisitor;)Lorg/jetbrains/kotlin/types/expressions/KotlinTypeInfo;+24
j  org.jetbrains.kotlin.types.expressions.ExpressionTypingVisitorDispatcher.getTypeInfo(Lorg/jetbrains/kotlin/psi/KtExpression;Lorg/jetbrains/kotlin/types/expressions/ExpressionTypingContext;Z)Lorg/jetbrains/kotlin/types/expressions/KotlinTypeInfo;+48
j  org.jetbrains.kotlin.types.expressions.ExpressionTypingServices.getTypeOfLastExpressionInBlock(Lorg/jetbrains/kotlin/psi/KtExpression;Lorg/jetbrains/kotlin/types/expressions/ExpressionTypingContext;Lorg/jetbrains/kotlin/types/expressions/CoercionStrategy;Lorg/jetbrains/kotlin/types/expressions/ExpressionTypingInternals;)Lorg/jetbrains/kotlin/types/expressions/KotlinTypeInfo;+196
j  org.jetbrains.kotlin.types.expressions.ExpressionTypingServices.getBlockReturnedTypeWithWritableScope(Lorg/jetbrains/kotlin/resolve/scopes/LexicalWritableScope;Ljava/util/List;Lorg/jetbrains/kotlin/types/expressions/CoercionStrategy;Lorg/jetbrains/kotlin/types/expressions/ExpressionTypingContext;)Lorg/jetbrains/kotlin/types/expressions/KotlinTypeInfo;+226
j  org.jetbrains.kotlin.types.expressions.ExpressionTypingServices.getBlockReturnedType(Lorg/jetbrains/kotlin/psi/KtBlockExpression;Lorg/jetbrains/kotlin/types/expressions/CoercionStrategy;Lorg/jetbrains/kotlin/types/expressions/ExpressionTypingContext;)Lorg/jetbrains/kotlin/types/expressions/KotlinTypeInfo;+143
j  org.jetbrains.kotlin.types.expressions.ExpressionTypingServices.getBlockReturnedType(Lorg/jetbrains/kotlin/psi/KtBlockExpression;Lorg/jetbrains/kotlin/types/expressions/ExpressionTypingContext;Z)Lorg/jetbrains/kotlin/types/expressions/KotlinTypeInfo;+16
j  org.jetbrains.kotlin.types.expressions.ExpressionTypingVisitorForStatements.visitBlockExpression(Lorg/jetbrains/kotlin/psi/KtBlockExpression;Lorg/jetbrains/kotlin/types/expressions/ExpressionTypingContext;)Lorg/jetbrains/kotlin/types/expressions/KotlinTypeInfo;+19
j  org.jetbrains.kotlin.types.expressions.ExpressionTypingVisitorForStatements.visitBlockExpression(Lorg/jetbrains/kotlin/psi/KtBlockExpression;Ljava/lang/Object;)Ljava/lang/Object;+6
j  org.jetbrains.kotlin.psi.KtBlockExpression.accept(Lorg/jetbrains/kotlin/psi/KtVisitor;Ljava/lang/Object;)Ljava/lang/Object;+11
j  org.jetbrains.kotlin.types.expressions.ExpressionTypingVisitorDispatcher.lambda$getTypeInfo$0(Lorg/jetbrains/kotlin/psi/KtExpression;Lorg/jetbrains/kotlin/types/expressions/ExpressionTypingContext;Lorg/jetbrains/kotlin/psi/KtVisitor;)Lorg/jetbrains/kotlin/types/expressions/KotlinTypeInfo;+43
j  org.jetbrains.kotlin.types.expressions.ExpressionTypingVisitorDispatcher$$Lambda$144.invoke()Ljava/lang/Object;+16
j  org.jetbrains.kotlin.util.PerformanceCounter.time(Lkotlin/jvm/functions/Function0;)Ljava/lang/Object;+27
j  org.jetbrains.kotlin.types.expressions.ExpressionTypingVisitorDispatcher.getTypeInfo(Lorg/jetbrains/kotlin/psi/KtExpression;Lorg/jetbrains/kotlin/types/expressions/ExpressionTypingContext;Lorg/jetbrains/kotlin/psi/KtVisitor;)Lorg/jetbrains/kotlin/types/expressions/KotlinTypeInfo;+24
j  org.jetbrains.kotlin.types.expressions.ExpressionTypingVisitorDispatcher.getTypeInfo(Lorg/jetbrains/kotlin/psi/KtExpression;Lorg/jetbrains/kotlin/types/expressions/ExpressionTypingContext;Z)Lorg/jetbrains/kotlin/types/expressions/KotlinTypeInfo;+48
j  org.jetbrains.kotlin.types.expressions.ExpressionTypingServices.checkFunctionReturnType(Lorg/jetbrains/kotlin/psi/KtDeclarationWithBody;Lorg/jetbrains/kotlin/types/expressions/ExpressionTypingContext;)V+50
j  org.jetbrains.kotlin.types.expressions.ExpressionTypingServices.checkFunctionReturnType(Lorg/jetbrains/kotlin/resolve/scopes/LexicalScope;Lorg/jetbrains/kotlin/psi/KtDeclarationWithBody;Lorg/jetbrains/kotlin/descriptors/FunctionDescriptor;Lorg/jetbrains/kotlin/resolve/calls/smartcasts/DataFlowInfo;Lorg/jetbrains/kotlin/types/KotlinType;Lorg/jetbrains/kotlin/resolve/BindingTrace;Lorg/jetbrains/kotlin/types/expressions/ExpressionTypingContext;)V+130
j  org.jetbrains.kotlin.resolve.BodyResolver.resolveFunctionBody(Lorg/jetbrains/kotlin/resolve/calls/smartcasts/DataFlowInfo;Lorg/jetbrains/kotlin/resolve/BindingTrace;Lorg/jetbrains/kotlin/psi/KtDeclarationWithBody;Lorg/jetbrains/kotlin/descriptors/FunctionDescriptor;Lorg/jetbrains/kotlin/resolve/scopes/LexicalScope;Lkotlin/jvm/functions/Function1;Lkotlin/jvm/functions/Function1;Lorg/jetbrains/kotlin/types/expressions/ExpressionTypingContext;)V+344
j  org.jetbrains.kotlin.resolve.BodyResolver.resolveFunctionBody(Lorg/jetbrains/kotlin/resolve/calls/smartcasts/DataFlowInfo;Lorg/jetbrains/kotlin/resolve/BindingTrace;Lorg/jetbrains/kotlin/psi/KtDeclarationWithBody;Lorg/jetbrains/kotlin/descriptors/FunctionDescriptor;Lorg/jetbrains/kotlin/resolve/scopes/LexicalScope;Lorg/jetbrains/kotlin/types/expressions/ExpressionTypingContext;)V+69
j  org.jetbrains.kotlin.resolve.BodyResolver.resolveFunctionBodies(Lorg/jetbrains/kotlin/resolve/BodiesResolveContext;)V+198
j  org.jetbrains.kotlin.resolve.BodyResolver.resolveBehaviorDeclarationBodies(Lorg/jetbrains/kotlin/resolve/BodiesResolveContext;)V+36
j  org.jetbrains.kotlin.resolve.BodyResolver.resolveBodies(Lorg/jetbrains/kotlin/resolve/BodiesResolveContext;)V+11
j  org.jetbrains.kotlin.resolve.LazyTopDownAnalyzer.analyzeDeclarations(Lorg/jetbrains/kotlin/resolve/TopDownAnalysisMode;Ljava/util/Collection;Lorg/jetbrains/kotlin/resolve/calls/smartcasts/DataFlowInfo;Lorg/jetbrains/kotlin/types/expressions/ExpressionTypingContext;)Lorg/jetbrains/kotlin/resolve/TopDownAnalysisContext;+319
j  org.jetbrains.kotlin.resolve.LazyTopDownAnalyzer.analyzeDeclarations$default(Lorg/jetbrains/kotlin/resolve/LazyTopDownAnalyzer;Lorg/jetbrains/kotlin/resolve/TopDownAnalysisMode;Ljava/util/Collection;Lorg/jetbrains/kotlin/resolve/calls/smartcasts/DataFlowInfo;Lorg/jetbrains/kotlin/types/expressions/ExpressionTypingContext;ILjava/lang/Object;)Lorg/jetbrains/kotlin/resolve/TopDownAnalysisContext;+31
j  org.jetbrains.kotlin.cli.jvm.compiler.TopDownAnalyzerFacadeForJVM.analyzeFilesWithJavaIntegration(Lorg/jetbrains/kotlin/com/intellij/openapi/project/Project;Ljava/util/Collection;Lorg/jetbrains/kotlin/resolve/BindingTrace;Lorg/jetbrains/kotlin/config/CompilerConfiguration;Lkotlin/jvm/functions/Function1;Lkotlin/jvm/functions/Function2;Lorg/jetbrains/kotlin/com/intellij/psi/search/GlobalSearchScope;Ljava/util/List;Ljava/util/List;Ljava/util/List;)Lorg/jetbrains/kotlin/analyzer/AnalysisResult;+278
j  org.jetbrains.kotlin.cli.jvm.compiler.TopDownAnalyzerFacadeForJVM.analyzeFilesWithJavaIntegration$default(Lorg/jetbrains/kotlin/com/intellij/openapi/project/Project;Ljava/util/Collection;Lorg/jetbrains/kotlin/resolve/BindingTrace;Lorg/jetbrains/kotlin/config/CompilerConfiguration;Lkotlin/jvm/functions/Function1;Lkotlin/jvm/functions/Function2;Lorg/jetbrains/kotlin/com/intellij/psi/search/GlobalSearchScope;Ljava/util/List;Ljava/util/List;Ljava/util/List;ILjava/lang/Object;)Lorg/jetbrains/kotlin/analyzer/AnalysisResult;+92
j  org.jetbrains.kotlin.cli.jvm.compiler.KotlinToJVMBytecodeCompiler$analyze$1.invoke()Lorg/jetbrains/kotlin/analyzer/AnalysisResult;+285
j  org.jetbrains.kotlin.cli.jvm.compiler.KotlinToJVMBytecodeCompiler$analyze$1.invoke()Ljava/lang/Object;+1
j  org.jetbrains.kotlin.cli.common.messages.AnalyzerWithCompilerReport.analyzeAndReport(Ljava/util/Collection;Lkotlin/jvm/functions/Function0;)V+16
j  org.jetbrains.kotlin.cli.jvm.compiler.KotlinToJVMBytecodeCompiler.analyze(Lorg/jetbrains/kotlin/cli/jvm/compiler/KotlinCoreEnvironment;)Lorg/jetbrains/kotlin/analyzer/AnalysisResult;+146
j  org.jetbrains.kotlin.cli.jvm.compiler.KotlinToJVMBytecodeCompiler.compileModules$cli(Lorg/jetbrains/kotlin/cli/jvm/compiler/KotlinCoreEnvironment;Ljava/io/File;Ljava/util/List;Z)Z+420
j  org.jetbrains.kotlin.cli.jvm.compiler.KotlinToJVMBytecodeCompiler.compileModules$cli$default(Lorg/jetbrains/kotlin/cli/jvm/compiler/KotlinToJVMBytecodeCompiler;Lorg/jetbrains/kotlin/cli/jvm/compiler/KotlinCoreEnvironment;Ljava/io/File;Ljava/util/List;ZILjava/lang/Object;)Z+17
j  org.jetbrains.kotlin.cli.jvm.K2JVMCompiler.doExecute(Lorg/jetbrains/kotlin/cli/common/arguments/K2JVMCompilerArguments;Lorg/jetbrains/kotlin/config/CompilerConfiguration;Lorg/jetbrains/kotlin/com/intellij/openapi/Disposable;Lorg/jetbrains/kotlin/utils/KotlinPaths;)Lorg/jetbrains/kotlin/cli/common/ExitCode;+1235
j  org.jetbrains.kotlin.cli.jvm.K2JVMCompiler.doExecute(Lorg/jetbrains/kotlin/cli/common/arguments/CommonCompilerArguments;Lorg/jetbrains/kotlin/config/CompilerConfiguration;Lorg/jetbrains/kotlin/com/intellij/openapi/Disposable;Lorg/jetbrains/kotlin/utils/KotlinPaths;)Lorg/jetbrains/kotlin/cli/common/ExitCode;+9
j  org.jetbrains.kotlin.cli.common.CLICompiler.execImpl(Lorg/jetbrains/kotlin/cli/common/messages/MessageCollector;Lorg/jetbrains/kotlin/config/Services;Lorg/jetbrains/kotlin/cli/common/arguments/CommonCompilerArguments;)Lorg/jetbrains/kotlin/cli/common/ExitCode;+219
j  org.jetbrains.kotlin.cli.common.CLICompiler.execImpl(Lorg/jetbrains/kotlin/cli/common/messages/MessageCollector;Lorg/jetbrains/kotlin/config/Services;Lorg/jetbrains/kotlin/cli/common/arguments/CommonToolArguments;)Lorg/jetbrains/kotlin/cli/common/ExitCode;+7
j  org.jetbrains.kotlin.cli.common.CLITool.exec(Lorg/jetbrains/kotlin/cli/common/messages/MessageCollector;Lorg/jetbrains/kotlin/config/Services;Lorg/jetbrains/kotlin/cli/common/arguments/CommonToolArguments;)Lorg/jetbrains/kotlin/cli/common/ExitCode;+76
j  org.jetbrains.kotlin.cli.common.CLITool.exec(Ljava/io/PrintStream;Lorg/jetbrains/kotlin/config/Services;Lorg/jetbrains/kotlin/cli/common/messages/MessageRenderer;[Ljava/lang/String;)Lorg/jetbrains/kotlin/cli/common/ExitCode;+209
j  org.jetbrains.kotlin.cli.common.CLITool.exec(Ljava/io/PrintStream;Lorg/jetbrains/kotlin/cli/common/messages/MessageRenderer;[Ljava/lang/String;)Lorg/jetbrains/kotlin/cli/common/ExitCode;+25
j  org.jetbrains.kotlin.cli.common.CLITool$Companion.doMainNoExit(Lorg/jetbrains/kotlin/cli/common/CLITool;[Ljava/lang/String;Lorg/jetbrains/kotlin/cli/common/messages/MessageRenderer;)Lorg/jetbrains/kotlin/cli/common/ExitCode;+39
j  org.jetbrains.kotlin.cli.common.CLITool$Companion.doMainNoExit$default(Lorg/jetbrains/kotlin/cli/common/CLITool$Companion;Lorg/jetbrains/kotlin/cli/common/CLITool;[Ljava/lang/String;Lorg/jetbrains/kotlin/cli/common/messages/MessageRenderer;ILjava/lang/Object;)Lorg/jetbrains/kotlin/cli/common/ExitCode;+16
j  org.jetbrains.kotlin.cli.common.CLITool$Companion.doMain(Lorg/jetbrains/kotlin/cli/common/CLITool;[Ljava/lang/String;)V+57
j  org.jetbrains.kotlin.cli.jvm.K2JVMCompiler$Companion.main([Ljava/lang/String;)V+20
j  org.jetbrains.kotlin.cli.jvm.K2JVMCompiler.main([Ljava/lang/String;)V+4
v  ~StubRoutines::call_stub

---------------  P R O C E S S  ---------------

Java Threads: ( => current thread )
  0x0000007a980d0800 JavaThread "Service Thread" daemon [_thread_blocked, id=15990, stack(0x0000007a94752000,0x0000007a94852000)]
  0x0000007a980c4000 JavaThread "C2 CompilerThread1" daemon [_thread_blocked, id=15989, stack(0x0000007a94853000,0x0000007a94953000)]
  0x0000007a980c1000 JavaThread "C2 CompilerThread0" daemon [_thread_blocked, id=15988, stack(0x0000007a94954000,0x0000007a94a54000)]
  0x0000007a980bf000 JavaThread "Signal Dispatcher" daemon [_thread_blocked, id=15987, stack(0x0000007a94a54000,0x0000007a94b54000)]
  0x0000007a9808d800 JavaThread "Finalizer" daemon [_thread_blocked, id=15986, stack(0x0000007a94b54000,0x0000007a94c54000)]
  0x0000007a9808b000 JavaThread "Reference Handler" daemon [_thread_blocked, id=15985, stack(0x0000007a94c54000,0x0000007a94d54000)]
=>0x0000007a9800b800 JavaThread "main" [_thread_in_vm, id=15974, stack(0x0000007a9f9ce000,0x0000007a9face000)]

Other Threads:
  0x0000007a98081800 VMThread [stack: 0x0000007a94d55000,0x0000007a94e55000] [id=15984]
  0x0000007a980d3000 WatcherThread [stack: 0x0000007a94652000,0x0000007a94752000] [id=15991]

VM state:not at safepoint (normal execution)

VM Mutex/Monitor currently owned by a thread: None

heap address: 0x0000000087e00000, size: 1922 MB, Compressed Oops mode: 32-bit
Narrow klass base: 0x0000000000000000, Narrow klass shift: 3
Compressed class space size: 1073741824 Address: 0x0000000100000000

Heap:
 PSYoungGen      total 161280K, used 122173K [0x00000000d7f80000, 0x00000000e5e80000, 0x0000000100000000)
  eden space 141824K, 72% used [0x00000000d7f80000,0x00000000de3d0c70,0x00000000e0a00000)
  from space 19456K, 99% used [0x00000000e2300000,0x00000000e35fe9d8,0x00000000e3600000)
  to   space 25600K, 0% used [0x00000000e0a00000,0x00000000e0a00000,0x00000000e2300000)
 ParOldGen       total 113152K, used 34591K [0x0000000087e00000, 0x000000008ec80000, 0x00000000d7f80000)
  object space 113152K, 30% used [0x0000000087e00000,0x0000000089fc7d60,0x000000008ec80000)
 Metaspace       used 47441K, capacity 48362K, committed 48512K, reserved 1091584K
  class space    used 6196K, capacity 6447K, committed 6528K, reserved 1048576K

Card table byte_map: [0x0000007a9c42c000,0x0000007a9c7ee000] byte_map_base: 0x0000007a9bfed000

Marking Bits: (ParMarkBitMap*) 0x0000007aa0588ff8
 Begin Bits: [0x0000007a743f0000, 0x0000007a761f8000)
 End Bits:   [0x0000007a761f8000, 0x0000007a78000000)

Polling page: 0x0000007aa0781000

CodeCache: size=49152Kb used=2614Kb max_used=2631Kb free=46537Kb
 bounds [0x0000007a9c8ae000, 0x0000007a9cb4e000, 0x0000007a9f8ae000]
 total_blobs=1726 nmethods=1235 adapters=441
 compilation: enabled

Compilation events (10 events):
Event: 19.323 Thread 0x0000007a980c1000 1362             java.lang.invoke.LambdaForm$MH/2028265136::invokeExact_MT (22 bytes)
Event: 19.323 Thread 0x0000007a980c4000 1363             java.lang.invoke.LambdaForm$DMH/42544488::invokeSpecial_LLJ_L (18 bytes)
Event: 19.326 Thread 0x0000007a980c4000 nmethod 1363 0x0000007a9cb43010 code [0x0000007a9cb43150, 0x0000007a9cb43228]
Event: 19.328 Thread 0x0000007a980c4000 1364             org.jetbrains.kotlin.com.intellij.util.keyFMap.ArrayBackedFMap::getKeysByIndices (40 bytes)
Event: 19.332 Thread 0x0000007a980c1000 nmethod 1362 0x0000007a9cb41150 code [0x0000007a9cb412b0, 0x0000007a9cb41478]
Event: 19.333 Thread 0x0000007a980c1000 1365             org.jetbrains.kotlin.resolve.ObservableBindingTrace::record (41 bytes)
Event: 19.342 Thread 0x0000007a980c1000 nmethod 1365 0x0000007a9cb40990 code [0x0000007a9cb40b00, 0x0000007a9cb40e58]
Event: 19.342 Thread 0x0000007a980c1000 1366             java.lang.invoke.LambdaForm$BMH/1515877023::reinvoke (36 bytes)
Event: 19.343 Thread 0x0000007a980c1000 nmethod 1366 0x0000007a9cb39b90 code [0x0000007a9cb39cd0, 0x0000007a9cb39d48]
Event: 19.343 Thread 0x0000007a980c1000 1367             org.jetbrains.kotlin.load.java.lazy.descriptors.LazyJavaScope::getFunctionNamesLazy (17 bytes)

GC Heap History (10 events):
Event: 3.755 GC heap before
{Heap before GC invocations=4 (full 1):
 PSYoungGen      total 67584K, used 5098K [0x00000000d7f80000, 0x00000000e0380000, 0x0000000100000000)
  eden space 62464K, 0% used [0x00000000d7f80000,0x00000000d7f80000,0x00000000dbc80000)
  from space 5120K, 99% used [0x00000000dbc80000,0x00000000dc17aac8,0x00000000dc180000)
  to   space 5120K, 0% used [0x00000000dfe80000,0x00000000dfe80000,0x00000000e0380000)
 ParOldGen       total 83456K, used 18134K [0x0000000087e00000, 0x000000008cf80000, 0x00000000d7f80000)
  object space 83456K, 21% used [0x0000000087e00000,0x0000000088fb58e0,0x000000008cf80000)
 Metaspace       used 20614K, capacity 21056K, committed 21248K, reserved 1067008K
  class space    used 2541K, capacity 2690K, committed 2816K, reserved 1048576K
Event: 3.821 GC heap after
Heap after GC invocations=4 (full 1):
 PSYoungGen      total 67584K, used 0K [0x00000000d7f80000, 0x00000000e0380000, 0x0000000100000000)
  eden space 62464K, 0% used [0x00000000d7f80000,0x00000000d7f80000,0x00000000dbc80000)
  from space 5120K, 0% used [0x00000000dbc80000,0x00000000dbc80000,0x00000000dc180000)
  to   space 5120K, 0% used [0x00000000dfe80000,0x00000000dfe80000,0x00000000e0380000)
 ParOldGen       total 74752K, used 16409K [0x0000000087e00000, 0x000000008c700000, 0x00000000d7f80000)
  object space 74752K, 21% used [0x0000000087e00000,0x0000000088e06508,0x000000008c700000)
 Metaspace       used 20614K, capacity 21056K, committed 21248K, reserved 1067008K
  class space    used 2541K, capacity 2690K, committed 2816K, reserved 1048576K
}
Event: 6.254 GC heap before
{Heap before GC invocations=5 (full 1):
 PSYoungGen      total 67584K, used 62464K [0x00000000d7f80000, 0x00000000e0380000, 0x0000000100000000)
  eden space 62464K, 100% used [0x00000000d7f80000,0x00000000dbc80000,0x00000000dbc80000)
  from space 5120K, 0% used [0x00000000dbc80000,0x00000000dbc80000,0x00000000dc180000)
  to   space 5120K, 0% used [0x00000000dfe80000,0x00000000dfe80000,0x00000000e0380000)
 ParOldGen       total 74752K, used 16409K [0x0000000087e00000, 0x000000008c700000, 0x00000000d7f80000)
  object space 74752K, 21% used [0x0000000087e00000,0x0000000088e06508,0x000000008c700000)
 Metaspace       used 29143K, capacity 29650K, committed 29952K, reserved 1075200K
  class space    used 4086K, capacity 4251K, committed 4352K, reserved 1048576K
Event: 6.296 GC heap after
Heap after GC invocations=5 (full 1):
 PSYoungGen      total 101888K, used 5112K [0x00000000d7f80000, 0x00000000e0380000, 0x0000000100000000)
  eden space 96768K, 0% used [0x00000000d7f80000,0x00000000d7f80000,0x00000000dde00000)
  from space 5120K, 99% used [0x00000000dfe80000,0x00000000e037e110,0x00000000e0380000)
  to   space 5120K, 0% used [0x00000000df980000,0x00000000df980000,0x00000000dfe80000)
 ParOldGen       total 74752K, used 25625K [0x0000000087e00000, 0x000000008c700000, 0x00000000d7f80000)
  object space 74752K, 34% used [0x0000000087e00000,0x0000000089706530,0x000000008c700000)
 Metaspace       used 29143K, capacity 29650K, committed 29952K, reserved 1075200K
  class space    used 4086K, capacity 4251K, committed 4352K, reserved 1048576K
}
Event: 7.395 GC heap before
{Heap before GC invocations=6 (full 1):
 PSYoungGen      total 101888K, used 44014K [0x00000000d7f80000, 0x00000000e0380000, 0x0000000100000000)
  eden space 96768K, 40% used [0x00000000d7f80000,0x00000000da57da60,0x00000000dde00000)
  from space 5120K, 99% used [0x00000000dfe80000,0x00000000e037e110,0x00000000e0380000)
  to   space 5120K, 0% used [0x00000000df980000,0x00000000df980000,0x00000000dfe80000)
 ParOldGen       total 74752K, used 25625K [0x0000000087e00000, 0x000000008c700000, 0x00000000d7f80000)
  object space 74752K, 34% used [0x0000000087e00000,0x0000000089706530,0x000000008c700000)
 Metaspace       used 34683K, capacity 35218K, committed 35416K, reserved 1079296K
  class space    used 4633K, capacity 4801K, committed 4864K, reserved 1048576K
Event: 7.413 GC heap after
Heap after GC invocations=6 (full 1):
 PSYoungGen      total 130048K, used 5116K [0x00000000d7f80000, 0x00000000e3600000, 0x0000000100000000)
  eden space 124928K, 0% used [0x00000000d7f80000,0x00000000d7f80000,0x00000000df980000)
  from space 5120K, 99% used [0x00000000df980000,0x00000000dfe7f0d0,0x00000000dfe80000)
  to   space 19456K, 0% used [0x00000000e2300000,0x00000000e2300000,0x00000000e3600000)
 ParOldGen       total 74752K, used 35581K [0x0000000087e00000, 0x000000008c700000, 0x00000000d7f80000)
  object space 74752K, 47% used [0x0000000087e00000,0x000000008a0bf4b8,0x000000008c700000)
 Metaspace       used 34683K, capacity 35218K, committed 35416K, reserved 1079296K
  class space    used 4633K, capacity 4801K, committed 4864K, reserved 1048576K
}
Event: 7.413 GC heap before
{Heap before GC invocations=7 (full 2):
 PSYoungGen      total 130048K, used 5116K [0x00000000d7f80000, 0x00000000e3600000, 0x0000000100000000)
  eden space 124928K, 0% used [0x00000000d7f80000,0x00000000d7f80000,0x00000000df980000)
  from space 5120K, 99% used [0x00000000df980000,0x00000000dfe7f0d0,0x00000000dfe80000)
  to   space 19456K, 0% used [0x00000000e2300000,0x00000000e2300000,0x00000000e3600000)
 ParOldGen       total 74752K, used 35581K [0x0000000087e00000, 0x000000008c700000, 0x00000000d7f80000)
  object space 74752K, 47% used [0x0000000087e00000,0x000000008a0bf4b8,0x000000008c700000)
 Metaspace       used 34683K, capacity 35218K, committed 35416K, reserved 1079296K
  class space    used 4633K, capacity 4801K, committed 4864K, reserved 1048576K
Event: 7.513 GC heap after
Heap after GC invocations=7 (full 2):
 PSYoungGen      total 130048K, used 0K [0x00000000d7f80000, 0x00000000e3600000, 0x0000000100000000)
  eden space 124928K, 0% used [0x00000000d7f80000,0x00000000d7f80000,0x00000000df980000)
  from space 5120K, 0% used [0x00000000df980000,0x00000000df980000,0x00000000dfe80000)
  to   space 19456K, 0% used [0x00000000e2300000,0x00000000e2300000,0x00000000e3600000)
 ParOldGen       total 113152K, used 28713K [0x0000000087e00000, 0x000000008ec80000, 0x00000000d7f80000)
  object space 113152K, 25% used [0x0000000087e00000,0x0000000089a0a698,0x000000008ec80000)
 Metaspace       used 34683K, capacity 35218K, committed 35416K, reserved 1079296K
  class space    used 4633K, capacity 4801K, committed 4864K, reserved 1048576K
}
Event: 13.597 GC heap before
{Heap before GC invocations=8 (full 2):
 PSYoungGen      total 130048K, used 124928K [0x00000000d7f80000, 0x00000000e3600000, 0x0000000100000000)
  eden space 124928K, 100% used [0x00000000d7f80000,0x00000000df980000,0x00000000df980000)
  from space 5120K, 0% used [0x00000000df980000,0x00000000df980000,0x00000000dfe80000)
  to   space 19456K, 0% used [0x00000000e2300000,0x00000000e2300000,0x00000000e3600000)
 ParOldGen       total 113152K, used 28713K [0x0000000087e00000, 0x000000008ec80000, 0x00000000d7f80000)
  object space 113152K, 25% used [0x0000000087e00000,0x0000000089a0a698,0x000000008ec80000)
 Metaspace       used 42880K, capacity 43612K, committed 44032K, reserved 1087488K
  class space    used 5616K, capacity 5836K, committed 5888K, reserved 1048576K
Event: 13.628 GC heap after
Heap after GC invocations=8 (full 2):
 PSYoungGen      total 161280K, used 19450K [0x00000000d7f80000, 0x00000000e5e80000, 0x0000000100000000)
  eden space 141824K, 0% used [0x00000000d7f80000,0x00000000d7f80000,0x00000000e0a00000)
  from space 19456K, 99% used [0x00000000e2300000,0x00000000e35fe9d8,0x00000000e3600000)
  to   space 25600K, 0% used [0x00000000e0a00000,0x00000000e0a00000,0x00000000e2300000)
 ParOldGen       total 113152K, used 34591K [0x0000000087e00000, 0x000000008ec80000, 0x00000000d7f80000)
  object space 113152K, 30% used [0x0000000087e00000,0x0000000089fc7d60,0x000000008ec80000)
 Metaspace       used 42880K, capacity 43612K, committed 44032K, reserved 1087488K
  class space    used 5616K, capacity 5836K, committed 5888K, reserved 1048576K
}

Deoptimization events (10 events):
Event: 18.735 Thread 0x0000007a9800b800 Uncommon trap: reason=class_check action=maybe_recompile pc=0x0000007a9cabf648 method=org.jetbrains.kotlin.parsing.AbstractKotlinParsing.at(Lorg/jetbrains/kotlin/com/intellij/psi/tree/IElementType;)Z @ 30
Event: 19.270 Thread 0x0000007a9800b800 Uncommon trap: reason=bimorphic action=maybe_recompile pc=0x0000007a9ca7b548 method=org.jetbrains.kotlin.util.slicedMap.SlicedMapImpl.get(Lorg/jetbrains/kotlin/util/slicedMap/ReadOnlySlice;Ljava/lang/Object;)Ljava/lang/Object; @ 62
Event: 19.271 Thread 0x0000007a9800b800 Uncommon trap: reason=bimorphic action=maybe_recompile pc=0x0000007a9ca7b548 method=org.jetbrains.kotlin.util.slicedMap.SlicedMapImpl.get(Lorg/jetbrains/kotlin/util/slicedMap/ReadOnlySlice;Ljava/lang/Object;)Ljava/lang/Object; @ 62
Event: 19.271 Thread 0x0000007a9800b800 Uncommon trap: reason=bimorphic action=maybe_recompile pc=0x0000007a9ca7b548 method=org.jetbrains.kotlin.util.slicedMap.SlicedMapImpl.get(Lorg/jetbrains/kotlin/util/slicedMap/ReadOnlySlice;Ljava/lang/Object;)Ljava/lang/Object; @ 62
Event: 19.272 Thread 0x0000007a9800b800 Uncommon trap: reason=bimorphic action=maybe_recompile pc=0x0000007a9ca7b548 method=org.jetbrains.kotlin.util.slicedMap.SlicedMapImpl.get(Lorg/jetbrains/kotlin/util/slicedMap/ReadOnlySlice;Ljava/lang/Object;)Ljava/lang/Object; @ 62
Event: 19.273 Thread 0x0000007a9800b800 Uncommon trap: reason=bimorphic action=maybe_recompile pc=0x0000007a9cb06410 method=org.jetbrains.kotlin.util.slicedMap.SlicedMapImpl.get(Lorg/jetbrains/kotlin/util/slicedMap/ReadOnlySlice;Ljava/lang/Object;)Ljava/lang/Object; @ 62
Event: 19.288 Thread 0x0000007a9800b800 Uncommon trap: reason=bimorphic action=maybe_recompile pc=0x0000007a9cb0b3c8 method=kotlin.collections.CollectionsKt__MutableCollectionsKt.addAll(Ljava/util/Collection;Ljava/lang/Iterable;)Z @ 35
Event: 19.288 Thread 0x0000007a9800b800 Uncommon trap: reason=bimorphic action=maybe_recompile pc=0x0000007a9cb0b3c8 method=kotlin.collections.CollectionsKt__MutableCollectionsKt.addAll(Ljava/util/Collection;Ljava/lang/Iterable;)Z @ 35
Event: 19.288 Thread 0x0000007a9800b800 Uncommon trap: reason=bimorphic action=maybe_recompile pc=0x0000007a9cb0b3c8 method=kotlin.collections.CollectionsKt__MutableCollectionsKt.addAll(Ljava/util/Collection;Ljava/lang/Iterable;)Z @ 35
Event: 19.288 Thread 0x0000007a9800b800 Uncommon trap: reason=bimorphic action=maybe_recompile pc=0x0000007a9cb0b3c8 method=kotlin.collections.CollectionsKt__MutableCollectionsKt.addAll(Ljava/util/Collection;Ljava/lang/Iterable;)Z @ 35

Classes redefined (0 events):
No events

Internal exceptions (10 events):
Event: 8.654 Thread 0x0000007a9800b800 Exception <a 'java/lang/NoSuchMethodError': java.lang.Object.lambda$static$0(I)[Lorg/jetbrains/kotlin/com/intellij/psi/PsiClass;> (0x00000000d99cb3a8) thrown at [/HUDSON/workspace/8-2-build-glinux-arm64/jdk8u212/12974/hotspot/src/share/vm/interpreter/link
Event: 14.824 Thread 0x0000007a9800b800 Implicit null exception at 0x0000007a9c9ca444 to 0x0000007a9c9ca530
Event: 14.825 Thread 0x0000007a9800b800 Implicit null exception at 0x0000007a9ca77da4 to 0x0000007a9ca77ea8
Event: 14.825 Thread 0x0000007a9800b800 Implicit null exception at 0x0000007a9c9e3db0 to 0x0000007a9c9e3e5c
Event: 14.862 Thread 0x0000007a9800b800 Implicit null exception at 0x0000007a9c956b5c to 0x0000007a9c956be4
Event: 14.862 Thread 0x0000007a9800b800 Implicit null exception at 0x0000007a9c929c74 to 0x0000007a9c929ce4
Event: 15.042 Thread 0x0000007a9800b800 Exception <a 'java/lang/IncompatibleClassChangeError': Found class java.lang.Object, but interface was expected> (0x00000000da5db2b0) thrown at [/HUDSON/workspace/8-2-build-glinux-arm64/jdk8u212/12974/hotspot/src/share/vm/interpreter/linkResolver.cpp, lin
Event: 17.077 Thread 0x0000007a9800b800 Implicit null exception at 0x0000007a9c936928 to 0x0000007a9c936b28
Event: 17.597 Thread 0x0000007a9800b800 Implicit null exception at 0x0000007a9cabb954 to 0x0000007a9cabbe28
Event: 18.228 Thread 0x0000007a9800b800 Implicit null exception at 0x0000007a9caa16e0 to 0x0000007a9caa1a84

Events (10 events):
Event: 19.288 Thread 0x0000007a9800b800 Uncommon trap: trap_request=0xffffffc6 fr.pc=0x0000007a9cb0b3c8
Event: 19.288 Thread 0x0000007a9800b800 DEOPT PACKING pc=0x0000007a9cb0b3c8 sp=0x0000007a9fac8070
Event: 19.288 Thread 0x0000007a9800b800 DEOPT UNPACKING pc=0x0000007a9c8b0684 sp=0x0000007a9fac8010 mode 2
Event: 19.288 Thread 0x0000007a9800b800 Uncommon trap: trap_request=0xffffffc6 fr.pc=0x0000007a9cb0b3c8
Event: 19.288 Thread 0x0000007a9800b800 DEOPT PACKING pc=0x0000007a9cb0b3c8 sp=0x0000007a9fac8070
Event: 19.288 Thread 0x0000007a9800b800 DEOPT UNPACKING pc=0x0000007a9c8b0684 sp=0x0000007a9fac8010 mode 2
Event: 19.303 loading class org/jetbrains/kotlin/resolve/DeclarationsChecker$checkPropertyTypeParametersAreUsedInReceiverType$addAccessibleTypeParametersFromType$1
Event: 19.303 loading class org/jetbrains/kotlin/resolve/DeclarationsChecker$checkPropertyTypeParametersAreUsedInReceiverType$addAccessibleTypeParametersFromType$1 done
Event: 19.305 loading class org/jetbrains/kotlin/resolve/AnnotationTargetLists$T_MEMBER_PROPERTY$1
Event: 19.305 loading class org/jetbrains/kotlin/resolve/AnnotationTargetLists$T_MEMBER_PROPERTY$1 done


Dynamic libraries:
00400000-00401000 r-xp 00000000 fe:4c 3133056                            /data/data/com.m4coding.ide/files/0/opt/java/jdk1.8.0_212/jre/bin/java
00410000-00411000 r--p 00000000 fe:4c 3133056                            /data/data/com.m4coding.ide/files/0/opt/java/jdk1.8.0_212/jre/bin/java
00411000-00412000 rw-p 00001000 fe:4c 3133056                            /data/data/com.m4coding.ide/files/0/opt/java/jdk1.8.0_212/jre/bin/java
00412000-00434000 rw-p 00000000 00:00 0 
87e00000-8ec80000 rw-p 00000000 00:00 0 
8ec80000-d7f80000 ---p 00000000 00:00 0 
d7f80000-e5e80000 rw-p 00000000 00:00 0 
e5e80000-100000000 ---p 00000000 00:00 0 
100000000-100660000 rw-p 00000000 00:00 0 
100660000-140000000 ---p 00000000 00:00 0 
2000000000-2000001000 r-xp 00000000 fe:4c 3017506                        /data/app/~~JG6KgFjXDiiLCmJp5un9-Q==/com.m4coding.ide-1pAfsPGveDDrg1ANQg8CIA==/lib/arm64/lib_loader.so
3f00000000-3f0001d000 r-xp 00000000 fe:4c 3132303                        /data/data/com.m4coding.ide/files/0/lib/aarch64-linux-gnu/ld-2.27.so
3f0002c000-3f0002d000 r--p 0001c000 fe:4c 3132303                        /data/data/com.m4coding.ide/files/0/lib/aarch64-linux-gnu/ld-2.27.so
3f0002d000-3f0002f000 rw-p 0001d000 fe:4c 3132303                        /data/data/com.m4coding.ide/files/0/lib/aarch64-linux-gnu/ld-2.27.so
7a4dab2000-7a4de29000 rw-p 00000000 00:00 0 
7a4de29000-7a4df29000 ---p 00000000 00:00 0 
7a4df29000-7a4e129000 rw-p 00000000 00:00 0 
7a4e129000-7a4e329000 rw-p 00000000 00:00 0 
7a4e329000-7a4e529000 rw-p 00000000 00:00 0 
7a4e529000-7a4e729000 rw-p 00000000 00:00 0 
7a4e729000-7a4e929000 rw-p 00000000 00:00 0 
7a4e929000-7a4eb29000 rw-p 00000000 00:00 0 
7a4eb29000-7a4ed29000 rw-p 00000000 00:00 0 
7a4ed29000-7a4ef29000 rw-p 00000000 00:00 0 
7a4ef29000-7a4f129000 rw-p 00000000 00:00 0 
7a4f129000-7a4f329000 rw-p 00000000 00:00 0 
7a4f329000-7a4f529000 rw-p 00000000 00:00 0 
7a4f529000-7a4fa00000 rw-p 00000000 00:00 0 
7a4fa00000-7a4fc00000 rw-p 00000000 00:00 0 
7a4fc00000-7a4fe00000 rw-p 00000000 00:00 0 
7a4fe00000-7a50000000 rw-p 00000000 00:00 0 
7a50000000-7a50021000 rw-p 00000000 00:00 0 
7a50021000-7a54000000 ---p 00000000 00:00 0 
7a54000000-7a54021000 rw-p 00000000 00:00 0 
7a54021000-7a58000000 ---p 00000000 00:00 0 
7a58000000-7a5882a000 rw-p 00000000 00:00 0 
7a5882a000-7a5c000000 ---p 00000000 00:00 0 
7a5c000000-7a5c98e000 rw-p 00000000 00:00 0 
7a5c98e000-7a60000000 ---p 00000000 00:00 0 
7a60000000-7a60021000 rw-p 00000000 00:00 0 
7a60021000-7a64000000 ---p 00000000 00:00 0 
7a64000000-7a64021000 rw-p 00000000 00:00 0 
7a64021000-7a68000000 ---p 00000000 00:00 0 
7a68000000-7a68021000 rw-p 00000000 00:00 0 
7a68021000-7a6c000000 ---p 00000000 00:00 0 
7a6c000000-7a6c021000 rw-p 00000000 00:00 0 
7a6c021000-7a70000000 ---p 00000000 00:00 0 
7a70000000-7a70021000 rw-p 00000000 00:00 0 
7a70021000-7a74000000 ---p 00000000 00:00 0 
7a7408c000-7a7408d000 r--s 0000a000 fe:4c 3183532                        /data/data/com.m4coding.ide/files/0/home/test/.gradle/caches/modules-2/files-2.1/androidx.collection/collection/1.1.0/1f27220b47669781457de0d600849a5de0e89909/collection-1.1.0.jar
7a7408d000-7a7408e000 r--s 00005000 fe:4c 3259023                        /data/data/com.m4coding.ide/files/0/home/test/.gradle/caches/transforms-2/files-2.1/66ed65fbc7eec6756f401a33cbdcf9f8/lifecycle-runtime-2.4.0-api.jar
7a7408e000-7a7408f000 r--s 00014000 fe:4c 3259002                        /data/data/com.m4coding.ide/files/0/home/test/.gradle/caches/transforms-2/files-2.1/43706e0c3452950fe6e8ffdc4594125b/loader-1.0.0-api.jar
7a7408f000-7a74091000 r--s 00013000 fe:4c 3259045                        /data/data/com.m4coding.ide/files/0/home/test/.gradle/caches/transforms-2/files-2.1/c025d4ce8b983e5e58b31a5e9ccd7e66/customview-1.1.0-api.jar
7a74091000-7a740a3000 r--s 00207000 fe:4c 3259008                        /data/data/com.m4coding.ide/files/0/home/test/.gradle/caches/transforms-2/files-2.1/57d8d68d59a1f317a26c7c2d5d3fc418/core-1.7.0-api.jar
7a740a3000-7a740ae000 r--s 00194000 fe:4c 3258977                        /data/data/com.m4coding.ide/files/0/home/test/.gradle/caches/transforms-2/files-2.1/d06fc1aedfd9f32c4ea1d8b81a11f56e/appcompat-1.4.1-api.jar
7a740ae000-7a740c3000 r--s 0015c000 fe:4c 3257501                        /data/data/com.m4coding.ide/files/0/home/test/.gradle/caches/transforms-2/files-2.1/d2a4578cba051b18813322e279371552/jetified-kotlin-stdlib-1.6.10.jar
7a740c3000-7a741f0000 r--s 018b5000 fe:4c 1292906                        /data/data/com.m4coding.ide/files/0/opt/android_sdk/platforms/android-33/android.jar
7a741f0000-7a743f0000 rw-p 00000000 00:00 0 
7a743f0000-7a78000000 rw-p 00000000 00:00 0 
7a78000000-7a78021000 rw-p 00000000 00:00 0 
7a78021000-7a7c000000 ---p 00000000 00:00 0 
7a7c000000-7a7c021000 rw-p 00000000 00:00 0 
7a7c021000-7a80000000 ---p 00000000 00:00 0 
7a80000000-7a80021000 rw-p 00000000 00:00 0 
7a80021000-7a84000000 ---p 00000000 00:00 0 
7a84000000-7a84021000 rw-p 00000000 00:00 0 
7a84021000-7a88000000 ---p 00000000 00:00 0 
7a88000000-7a88021000 rw-p 00000000 00:00 0 
7a88021000-7a8c000000 ---p 00000000 00:00 0 
7a8c000000-7a8c021000 rw-p 00000000 00:00 0 
7a8c021000-7a90000000 ---p 00000000 00:00 0 
7a90000000-7a90021000 rw-p 00000000 00:00 0 
7a90021000-7a94000000 ---p 00000000 00:00 0 
7a94000000-7a94002000 r--s 00012000 fe:4c 3258966                        /data/data/com.m4coding.ide/files/0/home/test/.gradle/caches/transforms-2/files-2.1/eacacf83e429a7b01e630f41c24036c4/drawerlayout-1.1.1-api.jar
7a94002000-7a94004000 r--s 00006000 fe:4c 3214485                        /data/data/com.m4coding.ide/files/0/home/test/.gradle/caches/modules-2/files-2.1/androidx.annotation/annotation/1.3.0/21f49f5f9b85fc49de712539f79123119740595/annotation-1.3.0.jar
7a94004000-7a94006000 r--s 00004000 fe:4c 3259017                        /data/data/com.m4coding.ide/files/0/home/test/.gradle/caches/transforms-2/files-2.1/04747761ee1b58791064a66dd8d90d79/jetified-savedstate-1.1.0-api.jar
7a94006000-7a94007000 r--s 00005000 fe:4c 3259030                        /data/data/com.m4coding.ide/files/0/home/test/.gradle/caches/transforms-2/files-2.1/f11ecf4727875866808d5afa2e1dddc5/lifecycle-viewmodel-2.3.1-api.jar
7a94007000-7a9400a000 r--s 00024000 fe:4c 3258971                        /data/data/com.m4coding.ide/files/0/home/test/.gradle/caches/transforms-2/files-2.1/ec2d28095094cf428abf485fcc436ec3/jetified-activity-1.2.4-api.jar
7a9400a000-7a94012000 r--s 00029000 fe:4c 3257457                        /data/data/com.m4coding.ide/files/0/home/test/.gradle/caches/transforms-2/files-2.1/c4930067e1f52a10ace1fdcba3988286/jetified-kotlin-stdlib-common-1.6.10.jar
7a94012000-7a94017000 r--s 00099000 fe:4c 3258969                        /data/data/com.m4coding.ide/files/0/home/test/.gradle/caches/transforms-2/files-2.1/8640f39bad4866853a0c151268275a41/fragment-1.3.6-api.jar
7a94017000-7a94018000 r--s 00002000 fe:4c 3259034                        /data/data/com.m4coding.ide/files/0/home/test/.gradle/caches/transforms-2/files-2.1/9841b258e7386adc54537f8f54aa6067/jetified-annotation-experimental-1.1.0-api.jar
7a94018000-7a9401c000 r--s 0005f000 fe:4c 3258975                        /data/data/com.m4coding.ide/files/0/home/test/.gradle/caches/transforms-2/files-2.1/f983677aba979e4b0f500ff66928db6a/jetified-core-ktx-1.7.0-api.jar
7a9401c000-7a9401d000 r--s 00003000 fe:4c 3257454                        /data/data/com.m4coding.ide/files/0/home/test/.gradle/caches/transforms-2/files-2.1/a3dc0f9925757dea6e590cd02ad837bc/jetified-kotlin-stdlib-jdk8-1.6.10.jar
7a9401d000-7a9401f000 r--s 00003000 fe:4c 3241535                        /data/data/com.m4coding.ide/files/0/opt/android_sdk/build-tools/30.0.2/core-lambda-stubs.jar
7a9401f000-7a94021000 r--s 00005000 fe:4c 3272007                        /data/data/com.m4coding.ide/files/0/home/test/.gradle/caches/transforms-2/files-2.1/3ef137d8441a332f7c8b9bef38c528f2/jetified-image-1.0.0-beta1-api.jar
7a94021000-7a94022000 r--s 00005000 fe:4c 3214516                        /data/data/com.m4coding.ide/files/0/home/test/.gradle/caches/modules-2/files-2.1/androidx.lifecycle/lifecycle-common/2.4.0/1fdb7349701e9cf2f0a69fc10642b6fef6bb3e12/lifecycle-common-2.4.0.jar
7a94022000-7a94023000 r--s 00005000 fe:4c 3257470                        /data/data/com.m4coding.ide/files/0/home/test/.gradle/caches/transforms-2/files-2.1/49174759b7d01aab624e86fe4528b17b/jetified-kotlin-stdlib-jdk7-1.6.10.jar
7a94023000-7a941e4000 rw-p 00000000 00:00 0 
7a941e4000-7a941f8000 r-xp 00000000 fe:4c 3132982                        /data/data/com.m4coding.ide/files/0/opt/java/jdk1.8.0_212/jre/lib/aarch64/libnet.so
7a941f8000-7a94207000 ---p 00014000 fe:4c 3132982                        /data/data/com.m4coding.ide/files/0/opt/java/jdk1.8.0_212/jre/lib/aarch64/libnet.so
7a94207000-7a94208000 r--p 00013000 fe:4c 3132982                        /data/data/com.m4coding.ide/files/0/opt/java/jdk1.8.0_212/jre/lib/aarch64/libnet.so
7a94208000-7a94209000 rw-p 00014000 fe:4c 3132982                        /data/data/com.m4coding.ide/files/0/opt/java/jdk1.8.0_212/jre/lib/aarch64/libnet.so
7a94209000-7a94217000 r-xp 00000000 fe:4c 3132994                        /data/data/com.m4coding.ide/files/0/opt/java/jdk1.8.0_212/jre/lib/aarch64/libnio.so
7a94217000-7a94227000 ---p 0000e000 fe:4c 3132994                        /data/data/com.m4coding.ide/files/0/opt/java/jdk1.8.0_212/jre/lib/aarch64/libnio.so
7a94227000-7a94228000 r--p 0000e000 fe:4c 3132994                        /data/data/com.m4coding.ide/files/0/opt/java/jdk1.8.0_212/jre/lib/aarch64/libnio.so
7a94228000-7a94229000 rw-p 0000f000 fe:4c 3132994                        /data/data/com.m4coding.ide/files/0/opt/java/jdk1.8.0_212/jre/lib/aarch64/libnio.so
7a94229000-7a9422e000 r--s 000a3000 fe:4c 3133017                        /data/data/com.m4coding.ide/files/0/opt/java/jdk1.8.0_212/jre/lib/jsse.jar
7a9422e000-7a942a8000 r--s 010fd000 fe:4c 3133072                        /data/data/com.m4coding.ide/files/0/opt/java/jdk1.8.0_212/lib/tools.jar
7a942a8000-7a942b0000 r--s 00029000 fe:4c 3257142                        /data/data/com.m4coding.ide/files/0/home/test/.gradle/caches/modules-2/files-2.1/org.jetbrains.kotlin/kotlin-stdlib-common/1.6.10/c118700e3a33c8a0d9adc920e9dec0831171925/kotlin-stdlib-common-1.6.10.jar
7a942b0000-7a942bb000 r--s 00081000 fe:4c 3149391                        /data/data/com.m4coding.ide/files/0/home/test/.gradle/caches/modules-2/files-2.1/org.jetbrains.intellij.deps/trove4j/1.0.20181211/216c2e14b070f334479d800987affe4054cd563f/trove4j-1.0.20181211.jar
7a942bb000-7a942c8000 r--s 000a5000 fe:4c 3105238                        /data/data/com.m4coding.ide/files/0/home/test/.gradle/caches/modules-2/files-2.1/org.jetbrains.kotlin/kotlin-daemon-embeddable/1.6.10/a56d79bcbea411fa6058e4ecffc2de73e742bd2a/kotlin-daemon-embeddable-1.6.10.jar
7a942c8000-7a942dd000 r--s 0015c000 fe:4c 3257143                        /data/data/com.m4coding.ide/files/0/home/test/.gradle/caches/modules-2/files-2.1/org.jetbrains.kotlin/kotlin-stdlib/1.6.10/b8af3fe6f1ca88526914929add63cf5e7c5049af/kotlin-stdlib-1.6.10.jar
7a942dd000-7a9431a000 r--s 002a9000 fe:4c 3259089                        /data/data/com.m4coding.ide/files/0/home/test/.gradle/caches/modules-2/files-2.1/org.jetbrains.kotlin/kotlin-reflect/1.6.10/1cbe9c92c12a94eea200d23c2bbaedaf3daf5132/kotlin-reflect-1.6.10.jar
7a9431a000-7a9437a000 rw-p 00000000 00:00 0 
7a9437a000-7a94651000 r--s 02cd5000 fe:4c 3150451                        /data/data/com.m4coding.ide/files/0/home/test/.gradle/caches/modules-2/files-2.1/org.jetbrains.kotlin/kotlin-compiler-embeddable/1.6.10/88f2073f4020cdb83132cfe940ceb9a60aba54ea/kotlin-compiler-embeddable-1.6.10.jar
7a94651000-7a94652000 ---p 00000000 00:00 0 
7a94652000-7a94752000 rw-p 00000000 00:00 0 
7a94752000-7a94755000 ---p 00000000 00:00 0 
7a94755000-7a94852000 rw-p 00000000 00:00 0 
7a94852000-7a94853000 ---p 00000000 00:00 0 
7a94853000-7a94856000 ---p 00000000 00:00 0 
7a94856000-7a94953000 rw-p 00000000 00:00 0 
7a94953000-7a94954000 ---p 00000000 00:00 0 
7a94954000-7a94957000 ---p 00000000 00:00 0 
7a94957000-7a94a54000 rw-p 00000000 00:00 0 
7a94a54000-7a94a57000 ---p 00000000 00:00 0 
7a94a57000-7a94b54000 rw-p 00000000 00:00 0 
7a94b54000-7a94b57000 ---p 00000000 00:00 0 
7a94b57000-7a94c54000 rw-p 00000000 00:00 0 
7a94c54000-7a94c57000 ---p 00000000 00:00 0 
7a94c57000-7a94d54000 rw-p 00000000 00:00 0 
7a94d54000-7a94d55000 ---p 00000000 00:00 0 
7a94d55000-7a96ae8000 rw-p 00000000 00:00 0 
7a96ae8000-7a96cc2000 r--s 03d6d000 fe:4c 3133022                        /data/data/com.m4coding.ide/files/0/opt/java/jdk1.8.0_212/jre/lib/rt.jar
7a96cc2000-7a978f9000 rw-p 00000000 00:00 0 
7a978f9000-7a978fa000 ---p 00000000 00:00 0 
7a978fa000-7a979fa000 rw-p 00000000 00:00 0 
7a979fa000-7a979fb000 ---p 00000000 00:00 0 
7a979fb000-7a97afb000 rw-p 00000000 00:00 0 
7a97afb000-7a97afc000 ---p 00000000 00:00 0 
7a97afc000-7a97bfc000 rw-p 00000000 00:00 0 
7a97bfc000-7a97bfd000 ---p 00000000 00:00 0 
7a97bfd000-7a97cfd000 rw-p 00000000 00:00 0 
7a97cfd000-7a97cfe000 ---p 00000000 00:00 0 
7a97cfe000-7a97dfe000 rw-p 00000000 00:00 0 
7a97dfe000-7a97dff000 ---p 00000000 00:00 0 
7a97dff000-7a97eff000 rw-p 00000000 00:00 0 
7a97eff000-7a97f00000 ---p 00000000 00:00 0 
7a97f00000-7a98000000 rw-p 00000000 00:00 0 
7a98000000-7a99375000 rw-p 00000000 00:00 0 
7a99375000-7a9c000000 ---p 00000000 00:00 0 
7a9c000000-7a9c001000 r--s 00000000 fe:4c 3270843                        /data/data/com.m4coding.ide/files/0/home/test/.gradle/caches/transforms-2/files-2.1/8e3506833ef0eb76546cdbe33d23659b/jetified-firebase-annotations-16.0.0.jar
7a9c001000-7a9c0aa000 rw-p 00000000 00:00 0 
7a9c0aa000-7a9c0ab000 ---p 00000000 00:00 0 
7a9c0ab000-7a9c1e3000 rw-p 00000000 00:00 0 
7a9c1e3000-7a9c42c000 ---p 00000000 00:00 0 
7a9c42c000-7a9c464000 rw-p 00000000 00:00 0 
7a9c464000-7a9c6ac000 ---p 00000000 00:00 0 
7a9c6ac000-7a9c71d000 rw-p 00000000 00:00 0 
7a9c71d000-7a9c7ed000 ---p 00000000 00:00 0 
7a9c7ed000-7a9c7f9000 rw-p 00000000 00:00 0 
7a9c7f9000-7a9c8ae000 ---p 00000000 00:00 0 
7a9c8ae000-7a9cb4e000 rwxp 00000000 00:00 0 
7a9cb4e000-7a9f8ae000 ---p 00000000 00:00 0 
7a9f8ae000-7a9f8c5000 r-xp 00000000 fe:4c 3133000                        /data/data/com.m4coding.ide/files/0/opt/java/jdk1.8.0_212/jre/lib/aarch64/libzip.so
7a9f8c5000-7a9f8d4000 ---p 00017000 fe:4c 3133000                        /data/data/com.m4coding.ide/files/0/opt/java/jdk1.8.0_212/jre/lib/aarch64/libzip.so
7a9f8d4000-7a9f8d5000 r--p 00016000 fe:4c 3133000                        /data/data/com.m4coding.ide/files/0/opt/java/jdk1.8.0_212/jre/lib/aarch64/libzip.so
7a9f8d5000-7a9f8d6000 rw-p 00017000 fe:4c 3133000                        /data/data/com.m4coding.ide/files/0/opt/java/jdk1.8.0_212/jre/lib/aarch64/libzip.so
7a9f8d6000-7a9f8de000 rw-s 00000000 fe:4c 3281402                        /data/data/com.m4coding.ide/files/0/tmp/hsperfdata_test/15972
7a9f8de000-7a9f8e8000 r-xp 00000000 fe:4c 3132263                        /data/data/com.m4coding.ide/files/0/lib/aarch64-linux-gnu/libnss_files-2.27.so
7a9f8e8000-7a9f8f7000 ---p 0000a000 fe:4c 3132263                        /data/data/com.m4coding.ide/files/0/lib/aarch64-linux-gnu/libnss_files-2.27.so
7a9f8f7000-7a9f8f8000 r--p 00009000 fe:4c 3132263                        /data/data/com.m4coding.ide/files/0/lib/aarch64-linux-gnu/libnss_files-2.27.so
7a9f8f8000-7a9f8f9000 rw-p 0000a000 fe:4c 3132263                        /data/data/com.m4coding.ide/files/0/lib/aarch64-linux-gnu/libnss_files-2.27.so
7a9f8f9000-7a9f8ff000 rw-p 00000000 00:00 0 
7a9f8ff000-7a9f911000 r-xp 00000000 fe:4c 3132292                        /data/data/com.m4coding.ide/files/0/lib/aarch64-linux-gnu/libnsl-2.27.so
7a9f911000-7a9f920000 ---p 00012000 fe:4c 3132292                        /data/data/com.m4coding.ide/files/0/lib/aarch64-linux-gnu/libnsl-2.27.so
7a9f920000-7a9f921000 r--p 00011000 fe:4c 3132292                        /data/data/com.m4coding.ide/files/0/lib/aarch64-linux-gnu/libnsl-2.27.so
7a9f921000-7a9f922000 rw-p 00012000 fe:4c 3132292                        /data/data/com.m4coding.ide/files/0/lib/aarch64-linux-gnu/libnsl-2.27.so
7a9f922000-7a9f924000 rw-p 00000000 00:00 0 
7a9f924000-7a9f92e000 r-xp 00000000 fe:4c 3132370                        /data/data/com.m4coding.ide/files/0/lib/aarch64-linux-gnu/libnss_nis-2.27.so
7a9f92e000-7a9f93d000 ---p 0000a000 fe:4c 3132370                        /data/data/com.m4coding.ide/files/0/lib/aarch64-linux-gnu/libnss_nis-2.27.so
7a9f93d000-7a9f93e000 r--p 00009000 fe:4c 3132370                        /data/data/com.m4coding.ide/files/0/lib/aarch64-linux-gnu/libnss_nis-2.27.so
7a9f93e000-7a9f93f000 rw-p 0000a000 fe:4c 3132370                        /data/data/com.m4coding.ide/files/0/lib/aarch64-linux-gnu/libnss_nis-2.27.so
7a9f93f000-7a9f946000 r-xp 00000000 fe:4c 3132366                        /data/data/com.m4coding.ide/files/0/lib/aarch64-linux-gnu/libnss_compat-2.27.so
7a9f946000-7a9f955000 ---p 00007000 fe:4c 3132366                        /data/data/com.m4coding.ide/files/0/lib/aarch64-linux-gnu/libnss_compat-2.27.so
7a9f955000-7a9f956000 r--p 00006000 fe:4c 3132366                        /data/data/com.m4coding.ide/files/0/lib/aarch64-linux-gnu/libnss_compat-2.27.so
7a9f956000-7a9f957000 rw-p 00007000 fe:4c 3132366                        /data/data/com.m4coding.ide/files/0/lib/aarch64-linux-gnu/libnss_compat-2.27.so
7a9f957000-7a9f958000 r--s 00010000 fe:4c 3132924                        /data/data/com.m4coding.ide/files/0/opt/java/jdk1.8.0_212/jre/lib/ext/zipfs.jar
7a9f958000-7a9f95c000 r--s 0016d000 fe:4c 3126599                        /data/data/com.m4coding.ide/files/0/home/test/.gradle/caches/modules-2/files-2.1/net.java.dev.jna/jna/5.6.0/330f2244e9030119ab3030fc3fededc86713d9cc/jna-5.6.0.jar
7a9f95c000-7a9f985000 r-xp 00000000 fe:4c 3132983                        /data/data/com.m4coding.ide/files/0/opt/java/jdk1.8.0_212/jre/lib/aarch64/libjava.so
7a9f985000-7a9f995000 ---p 00029000 fe:4c 3132983                        /data/data/com.m4coding.ide/files/0/opt/java/jdk1.8.0_212/jre/lib/aarch64/libjava.so
7a9f995000-7a9f996000 r--p 00029000 fe:4c 3132983                        /data/data/com.m4coding.ide/files/0/opt/java/jdk1.8.0_212/jre/lib/aarch64/libjava.so
7a9f996000-7a9f998000 rw-p 0002a000 fe:4c 3132983                        /data/data/com.m4coding.ide/files/0/opt/java/jdk1.8.0_212/jre/lib/aarch64/libjava.so
7a9f998000-7a9f9a4000 r-xp 00000000 fe:4c 3132962                        /data/data/com.m4coding.ide/files/0/opt/java/jdk1.8.0_212/jre/lib/aarch64/libverify.so
7a9f9a4000-7a9f9b3000 ---p 0000c000 fe:4c 3132962                        /data/data/com.m4coding.ide/files/0/opt/java/jdk1.8.0_212/jre/lib/aarch64/libverify.so
7a9f9b3000-7a9f9b5000 r--p 0000b000 fe:4c 3132962                        /data/data/com.m4coding.ide/files/0/opt/java/jdk1.8.0_212/jre/lib/aarch64/libverify.so
7a9f9b5000-7a9f9b6000 rw-p 0000d000 fe:4c 3132962                        /data/data/com.m4coding.ide/files/0/opt/java/jdk1.8.0_212/jre/lib/aarch64/libverify.so
7a9f9b6000-7a9f9bc000 r-xp 00000000 fe:4c 3132258                        /data/data/com.m4coding.ide/files/0/lib/aarch64-linux-gnu/librt-2.27.so
7a9f9bc000-7a9f9cb000 ---p 00006000 fe:4c 3132258                        /data/data/com.m4coding.ide/files/0/lib/aarch64-linux-gnu/librt-2.27.so
7a9f9cb000-7a9f9cc000 r--p 00005000 fe:4c 3132258                        /data/data/com.m4coding.ide/files/0/lib/aarch64-linux-gnu/librt-2.27.so
7a9f9cc000-7a9f9cd000 rw-p 00006000 fe:4c 3132258                        /data/data/com.m4coding.ide/files/0/lib/aarch64-linux-gnu/librt-2.27.so
7a9f9cd000-7a9f9ce000 ---p 00000000 00:00 0 
7a9f9ce000-7a9f9d1000 ---p 00000000 00:00 0 
7a9f9d1000-7a9face000 rw-p 00000000 00:00 0 
7a9face000-7a9fb77000 r-xp 00000000 fe:4c 3132362                        /data/data/com.m4coding.ide/files/0/lib/aarch64-linux-gnu/libm-2.27.so
7a9fb77000-7a9fb86000 ---p 000a9000 fe:4c 3132362                        /data/data/com.m4coding.ide/files/0/lib/aarch64-linux-gnu/libm-2.27.so
7a9fb86000-7a9fb87000 r--p 000a8000 fe:4c 3132362                        /data/data/com.m4coding.ide/files/0/lib/aarch64-linux-gnu/libm-2.27.so
7a9fb87000-7a9fb88000 rw-p 000a9000 fe:4c 3132362                        /data/data/com.m4coding.ide/files/0/lib/aarch64-linux-gnu/libm-2.27.so
7a9fb88000-7aa04b5000 r-xp 00000000 fe:4c 3132972                        /data/data/com.m4coding.ide/files/0/opt/java/jdk1.8.0_212/jre/lib/aarch64/server/libjvm.so
7aa04b5000-7aa04c5000 ---p 0092d000 fe:4c 3132972                        /data/data/com.m4coding.ide/files/0/opt/java/jdk1.8.0_212/jre/lib/aarch64/server/libjvm.so
7aa04c5000-7aa053b000 r--p 0092d000 fe:4c 3132972                        /data/data/com.m4coding.ide/files/0/opt/java/jdk1.8.0_212/jre/lib/aarch64/server/libjvm.so
7aa053b000-7aa056b000 rw-p 009a3000 fe:4c 3132972                        /data/data/com.m4coding.ide/files/0/opt/java/jdk1.8.0_212/jre/lib/aarch64/server/libjvm.so
7aa056b000-7aa05bb000 rw-p 00000000 00:00 0 
7aa05bb000-7aa06fb000 r-xp 00000000 fe:4c 3132371                        /data/data/com.m4coding.ide/files/0/lib/aarch64-linux-gnu/libc-2.27.so
7aa06fb000-7aa070a000 ---p 00140000 fe:4c 3132371                        /data/data/com.m4coding.ide/files/0/lib/aarch64-linux-gnu/libc-2.27.so
7aa070a000-7aa070e000 r--p 0013f000 fe:4c 3132371                        /data/data/com.m4coding.ide/files/0/lib/aarch64-linux-gnu/libc-2.27.so
7aa070e000-7aa0710000 rw-p 00143000 fe:4c 3132371                        /data/data/com.m4coding.ide/files/0/lib/aarch64-linux-gnu/libc-2.27.so
7aa0710000-7aa0714000 rw-p 00000000 00:00 0 
7aa0714000-7aa0717000 r-xp 00000000 fe:4c 3132241                        /data/data/com.m4coding.ide/files/0/lib/aarch64-linux-gnu/libdl-2.27.so
7aa0717000-7aa0727000 ---p 00003000 fe:4c 3132241                        /data/data/com.m4coding.ide/files/0/lib/aarch64-linux-gnu/libdl-2.27.so
7aa0727000-7aa0728000 r--p 00003000 fe:4c 3132241                        /data/data/com.m4coding.ide/files/0/lib/aarch64-linux-gnu/libdl-2.27.so
7aa0728000-7aa0729000 rw-p 00004000 fe:4c 3132241                        /data/data/com.m4coding.ide/files/0/lib/aarch64-linux-gnu/libdl-2.27.so
7aa0729000-7aa073e000 r-xp 00000000 fe:4c 3132966                        /data/data/com.m4coding.ide/files/0/opt/java/jdk1.8.0_212/jre/lib/aarch64/jli/libjli.so
7aa073e000-7aa074d000 ---p 00015000 fe:4c 3132966                        /data/data/com.m4coding.ide/files/0/opt/java/jdk1.8.0_212/jre/lib/aarch64/jli/libjli.so
7aa074d000-7aa074e000 r--p 00014000 fe:4c 3132966                        /data/data/com.m4coding.ide/files/0/opt/java/jdk1.8.0_212/jre/lib/aarch64/jli/libjli.so
7aa074e000-7aa074f000 rw-p 00015000 fe:4c 3132966                        /data/data/com.m4coding.ide/files/0/opt/java/jdk1.8.0_212/jre/lib/aarch64/jli/libjli.so
7aa074f000-7aa0766000 r-xp 00000000 fe:4c 3132280                        /data/data/com.m4coding.ide/files/0/lib/aarch64-linux-gnu/libpthread-2.27.so
7aa0766000-7aa0775000 ---p 00017000 fe:4c 3132280                        /data/data/com.m4coding.ide/files/0/lib/aarch64-linux-gnu/libpthread-2.27.so
7aa0775000-7aa0776000 r--p 00016000 fe:4c 3132280                        /data/data/com.m4coding.ide/files/0/lib/aarch64-linux-gnu/libpthread-2.27.so
7aa0776000-7aa0777000 rw-p 00017000 fe:4c 3132280                        /data/data/com.m4coding.ide/files/0/lib/aarch64-linux-gnu/libpthread-2.27.so
7aa0777000-7aa077d000 rw-p 00000000 00:00 0 
7aa077d000-7aa077f000 r--s 00003000 fe:4c 3149406                        /data/data/com.m4coding.ide/files/0/home/test/.gradle/caches/modules-2/files-2.1/org.jetbrains/annotations/13.0/919f0dfe192fb4e063e7dacadee7f8bb9a2672a9/annotations-13.0.jar
7aa077f000-7aa0781000 r--s 00009000 fe:4c 3259090                        /data/data/com.m4coding.ide/files/0/home/test/.gradle/caches/modules-2/files-2.1/org.jetbrains.kotlin/kotlin-script-runtime/1.6.10/d0a7ff2e2500ef497ed0214ae40ad3c8387a6164/kotlin-script-runtime-1.6.10.jar
7aa0781000-7aa0782000 r--p 00000000 00:00 0 
7aa0782000-7aa0784000 r--p 00000000 00:00 0                              [vvar]
7aa0784000-7aa0785000 r-xp 00000000 00:00 0                              [vdso]
7fe34ed000-7fe350e000 rw-p 00000000 00:00 0                              [stack]

VM Arguments:
java_command: org.jetbrains.kotlin.cli.jvm.K2JVMCompiler @/storage/internal_new/project/TranslateKomik/app/build/20260524_5550998456634478446.compiler.options
java_class_path (initial): /home/test/.gradle/caches/modules-2/files-2.1/org.jetbrains.kotlin/kotlin-compiler-embeddable/1.6.10/88f2073f4020cdb83132cfe940ceb9a60aba54ea/kotlin-compiler-embeddable-1.6.10.jar:/home/test/.gradle/caches/modules-2/files-2.1/org.jetbrains.kotlin/kotlin-reflect/1.6.10/1cbe9c92c12a94eea200d23c2bbaedaf3daf5132/kotlin-reflect-1.6.10.jar:/home/test/.gradle/caches/modules-2/files-2.1/org.jetbrains.kotlin/kotlin-stdlib/1.6.10/b8af3fe6f1ca88526914929add63cf5e7c5049af/kotlin-stdlib-1.6.10.jar:/home/test/.gradle/caches/modules-2/files-2.1/org.jetbrains.kotlin/kotlin-script-runtime/1.6.10/d0a7ff2e2500ef497ed0214ae40ad3c8387a6164/kotlin-script-runtime-1.6.10.jar:/home/test/.gradle/caches/modules-2/files-2.1/org.jetbrains.kotlin/kotlin-daemon-embeddable/1.6.10/a56d79bcbea411fa6058e4ecffc2de73e742bd2a/kotlin-daemon-embeddable-1.6.10.jar:/home/test/.gradle/caches/modules-2/files-2.1/org.jetbrains.intellij.deps/trove4j/1.0.20181211/216c2e14b070f334479d800987affe4054cd563f/trove4j-1.0.20181211.jar:/home/test/.gradle/caches/modules-2/files-2.1/net.java.dev.jna/jna/5.6.0/330f2244e9030119ab3030fc3fededc86713d9cc/jna-5.6.0.jar:/home/test/.gradle/caches/modules-2/files-2.1/org.jetbrains/annotations/13.0/919f0dfe192fb4e063e7dacadee7f8bb9a2672a9/annotations-13.0.jar:/home/test/.gradle/caches/modules-2/files-2.1/org.jetbrains.kotlin/kotlin-stdlib-common/1.6.10/c118700e3a33c8a0d9adc920e9dec0831171925/kotlin-stdlib-common-1.6.10.jar:/opt/java/jdk1.8.0_212/lib/tools.jar
Launcher Type: SUN_STANDARD

Environment Variables:
JAVA_HOME=/opt/java/jdk1.8.0_212
PATH=/opt/android_sdk/platform-tools:/opt/android_sdk/tools/bin:/opt/android_sdk/tools:/opt/java/jdk1.8.0_212/bin:/opt/gradle/gradle-6.1.1/bin:/usr/local/sbin:/usr/local/bin:/usr/sbin:/usr/bin:/sbin:/bin:/usr/games:/usr/local/games
SHELL=/bin/bash

Signal Handlers:
SIGSEGV: [libjvm.so+0x88d8b8], sa_mask[0]=11111111011111111101111111111110, sa_flags=SA_RESTART|SA_SIGINFO
SIGBUS: [libjvm.so+0x88d8b8], sa_mask[0]=11111111011111111101111111111110, sa_flags=SA_RESTART|SA_SIGINFO
SIGFPE: [libjvm.so+0x715108], sa_mask[0]=11111111011111111101111111111110, sa_flags=SA_RESTART|SA_SIGINFO
SIGPIPE: [libjvm.so+0x715108], sa_mask[0]=11111111011111111101111111111110, sa_flags=SA_RESTART|SA_SIGINFO
SIGXFSZ: [libjvm.so+0x715108], sa_mask[0]=11111111011111111101111111111110, sa_flags=SA_RESTART|SA_SIGINFO
SIGILL: [libjvm.so+0x715108], sa_mask[0]=11111111011111111101111111111110, sa_flags=SA_RESTART|SA_SIGINFO
SIGUSR1: SIG_DFL, sa_mask[0]=00000000000000000000000000000000, sa_flags=none
SIGUSR2: [libjvm.so+0x714fe4], sa_mask[0]=00100000010010000000000000000000, sa_flags=SA_RESTART|SA_SIGINFO
SIGHUP: [libjvm.so+0x7151d0], sa_mask[0]=11111111011111111101111111111110, sa_flags=SA_RESTART|SA_SIGINFO
SIGINT: [libjvm.so+0x7151d0], sa_mask[0]=11111111011111111101111111111110, sa_flags=SA_RESTART|SA_SIGINFO
SIGTERM: [libjvm.so+0x7151d0], sa_mask[0]=11111111011111111101111111111110, sa_flags=SA_RESTART|SA_SIGINFO
SIGQUIT: [libjvm.so+0x7151d0], sa_mask[0]=11111111011111111101111111111110, sa_flags=SA_RESTART|SA_SIGINFO


---------------  S Y S T E M  ---------------

OS:DISTRIB_ID=Ubuntu
DISTRIB_RELEASE=18.04
DISTRIB_CODENAME=bionic
DISTRIB_DESCRIPTION="Ubuntu 18.04.2 LTS"

uname:Linux 5.10.237-android12-9-00014-gf82f7360927e-ab14119954 #1 SMP PREEMPT Wed Sep 17 09:13:52 UTC 2025 aarch64
libc:glibc 2.27 NPTL 2.27 
rlimit: STACK 8192k, CORE 0k, NPROC 27984, NOFILE 32768, AS infinity
load average:0.00 0.00 -nan

/proc/meminfo:
MemTotal:        7866536 kB
MemFree:          104432 kB
MemAvailable:    2774392 kB
Buffers:            3580 kB
Cached:          2829316 kB
SwapCached:       233812 kB
Active:          1563612 kB
Inactive:        3551684 kB
Active(anon):     556472 kB
Inactive(anon):  1937756 kB
Active(file):    1007140 kB
Inactive(file):  1613928 kB
Unevictable:      202420 kB
Mlocked:          202420 kB
SwapTotal:       7866532 kB
SwapFree:        5926460 kB
Dirty:              2092 kB
Writeback:             0 kB
AnonPages:       2369588 kB
Mapped:          1074448 kB
Shmem:             19440 kB
KReclaimable:     296128 kB
Slab:             613768 kB
SReclaimable:     257216 kB
SUnreclaim:       356552 kB
KernelStack:       93168 kB
ShadowCallStack:   23324 kB
PageTables:       170676 kB
NFS_Unstable:          0 kB
Bounce:                0 kB
WritebackTmp:          0 kB
CommitLimit:    11799800 kB
Committed_AS:   277464484 kB
VmallocTotal:   263061440 kB
VmallocUsed:      347556 kB
VmallocChunk:          0 kB
Percpu:            17632 kB
AnonHugePages:         0 kB
ShmemHugePages:        0 kB
ShmemPmdMapped:        0 kB
FileHugePages:         0 kB
FilePmdMapped:         0 kB
CmaTotal:         638976 kB
CmaFree:               0 kB


CPU:total 8 (initial active 8) AArch64

/proc/cpuinfo:
processor	: 0
BogoMIPS	: 26.00
Features	: fp asimd evtstrm aes pmull sha1 sha2 crc32 atomics fphp asimdhp cpuid asimdrdm lrcpc dcpop asimddp
CPU implementer	: 0x41
CPU architecture: 8
CPU variant	: 0x2
CPU part	: 0xd05
CPU revision	: 0

processor	: 1
BogoMIPS	: 26.00
Features	: fp asimd evtstrm aes pmull sha1 sha2 crc32 atomics fphp asimdhp cpuid asimdrdm lrcpc dcpop asimddp
CPU implementer	: 0x41
CPU architecture: 8
CPU variant	: 0x2
CPU part	: 0xd05
CPU revision	: 0

processor	: 2
BogoMIPS	: 26.00
Features	: fp asimd evtstrm aes pmull sha1 sha2 crc32 atomics fphp asimdhp cpuid asimdrdm lrcpc dcpop asimddp
CPU implementer	: 0x41
CPU architecture: 8
CPU variant	: 0x2
CPU part	: 0xd05
CPU revision	: 0

processor	: 3
BogoMIPS	: 26.00
Features	: fp asimd evtstrm aes pmull sha1 sha2 crc32 atomics fphp asimdhp cpuid asimdrdm lrcpc dcpop asimddp
CPU implementer	: 0x41
CPU architecture: 8
CPU variant	: 0x2
CPU part	: 0xd05
CPU revision	: 0

processor	: 4
BogoMIPS	: 26.00
Features	: fp asimd evtstrm aes pmull sha1 sha2 crc32 atomics fphp asimdhp cpuid asimdrdm lrcpc dcpop asimddp
CPU implementer	: 0x41
CPU architecture: 8
CPU variant	: 0x2
CPU part	: 0xd05
CPU revision	: 0

processor	: 5
BogoMIPS	: 26.00
Features	: fp asimd evtstrm aes pmull sha1 sha2 crc32 atomics fphp asimdhp cpuid asimdrdm lrcpc dcpop asimddp
CPU implementer	: 0x41
CPU architecture: 8
CPU variant	: 0x2
CPU part	: 0xd05
CPU revision	: 0

processor	: 6
BogoMIPS	: 26.00
Features	: fp asimd evtstrm aes pmull sha1 sha2 crc32 atomics fphp asimdhp cpuid asimdrdm lrcpc dcpop asimddp
CPU implementer	: 0x41
CPU architecture: 8
CPU variant	: 0x4
CPU part	: 0xd0b
CPU revision	: 0

processor	: 7
BogoMIPS	: 26.00
Features	: fp asimd evtstrm aes pmull sha1 sha2 crc32 atomics fphp asimdhp cpuid asimdrdm lrcpc dcpop asimddp
CPU implementer	: 0x41
CPU architecture: 8
CPU variant	: 0x4
CPU part	: 0xd0b
CPU revision	: 0



Memory: 4k page, physical 7866536k(104432k free), swap 7866532k(5926460k free)

vm_info: Java HotSpot(TM) 64-Bit Server VM (25.212-b10) for linux-aarch64 JRE (1.8.0_212-b10), built on Apr  1 2019 22:39:45 by "fedora" with gcc 4.8.3 20131111 (prerelease)

time: Sun May 24 04:57:15 2026
timezone: UTC
elapsed time: 19 seconds (0d 0h 0m 19s)

